New log file opened at Sun Apr 19 22:12:00 CEST 2015 by 20788@Sergio-PC
Taking next connection to: 20072
New client attempting to connect on port: 20073-20072
  Address = /192.168.0.10:20072
This client on port 20073 has uuid ffa04875-c951-4614-aa2b-7bc986fea1c2 configName play-fork-run humanReadableName Play Fork Run protocolVersion 1 featureTags Vector()
Connected Clients: play-fork-run-ffa04875-c951-4614-aa2b-7bc986fea1c2
Taking next connection to: 20072
Checking to see if clients are empty...
We have 1 non-daemon clients, continuing serving connections.
Taking next connection to: 20072
New client attempting to connect on port: 20088-20072
  Address = /192.168.0.10:20072
Handshake exception on socket: 20088
sbt.impl.ipc.HandshakeException: Unable to perform handshake
	at sbt.impl.ipc.Peer.handshake(IPC.scala:46)
	at sbt.impl.ipc.MultiClientServer.<init>(IPC.scala:150)
	at sbt.server.SbtServerSocketHandler$$anon$1.run(SbtServerSocketHandler.scala:43)
Caused by: java.net.SocketException: Software caused connection abort: recv failed
	at java.net.SocketInputStream.socketRead0(Native Method)
	at java.net.SocketInputStream.socketRead(SocketInputStream.java:116)
	at java.net.SocketInputStream.read(SocketInputStream.java:170)
	at java.net.SocketInputStream.read(SocketInputStream.java:141)
	at java.io.BufferedInputStream.fill(BufferedInputStream.java:246)
	at java.io.BufferedInputStream.read(BufferedInputStream.java:265)
	at java.io.DataInputStream.readInt(DataInputStream.java:387)
	at sbt.impl.ipc.Peer.receive(IPC.scala:95)
	at sbt.impl.ipc.Peer.handshake(IPC.scala:49)
	... 2 more
Taking next connection to: 20072
New client attempting to connect on port: 20089-20072
  Address = /192.168.0.10:20072
This client on port 20089 has uuid 81731293-b170-4078-9f88-ded0cfaf21e2 configName play-fork-run humanReadableName Play Fork Run protocolVersion 1 featureTags Vector()
Connected Clients: play-fork-run-81731293-b170-4078-9f88-ded0cfaf21e2
Taking next connection to: 20072
