New log file opened at Wed Apr 22 12:17:36 CEST 2015 by 44424@Sergio-PC
Sending msg to client play-fork-run-77c0e330-96ba-44fb-a741-c5c6975315fa: DetachedLogEvent(LogMessage(debug,sbt server socket logs are in: C:\Users\Sergio\workspace\Trivial4b\web\.sbtserver\connections\master.log))
Sending msg to client play-fork-run-77c0e330-96ba-44fb-a741-c5c6975315fa: DetachedLogEvent(LogMessage(debug,sbt client logs are in: C:\Users\Sergio\workspace\Trivial4b\web\.sbtserver\connections\play-fork-run-77c0e330-96ba-44fb-a741-c5c6975315fa.log))
Sending msg to client play-fork-run-77c0e330-96ba-44fb-a741-c5c6975315fa: DetachedLogEvent(LogMessage(debug,sbt general server logs are in: C:\Users\Sergio\workspace\Trivial4b\web\.sbtserver\master.log))
Reading next message from client.
Got request: DaemonRequest(true)
Reading next message from client.
Sending msg to client play-fork-run-77c0e330-96ba-44fb-a741-c5c6975315fa: (3,ReceivedResponse())
Got request: ListenToEvents()
Reading next message from client.
Sending msg to client play-fork-run-77c0e330-96ba-44fb-a741-c5c6975315fa: BackgroundJobStarted(32,BackgroundJobInfo(5,backgroundRun,AttributeKey[sbt.BackgroundJobHandle]("backgroundRun") in Scope(Build: file:/C:/Users/Sergio/workspace/Trivial4b/web/, , Project: ProjectReference(file:/C:/Users/Sergio/workspace/Trivial4b/web/,root), Config: echo)))
Sending msg to client play-fork-run-77c0e330-96ba-44fb-a741-c5c6975315fa: BackgroundJobStarted(27,BackgroundJobInfo(4,backgroundRun,AttributeKey[sbt.BackgroundJobHandle]("backgroundRun") in Scope(Build: file:/C:/Users/Sergio/workspace/Trivial4b/web/, , Project: ProjectReference(file:/C:/Users/Sergio/workspace/Trivial4b/web/,root), Config: echo)))
Sending msg to client play-fork-run-77c0e330-96ba-44fb-a741-c5c6975315fa: (4,ReceivedResponse())
Got request: KeyLookupRequest(root/echo:playForkConfig)
Reading next message from client.
Sending msg to client play-fork-run-77c0e330-96ba-44fb-a741-c5c6975315fa: (5,KeyLookupResponse(root/echo:playForkConfig,Vector(AttributeKey[play.forkrun.protocol.ForkConfig]("playForkConfig") in Scope(Build: file:/C:/Users/Sergio/workspace/Trivial4b/web/, , Project: ProjectReference(file:/C:/Users/Sergio/workspace/Trivial4b/web/,root), Config: echo))))
Got request: ListenToValue(AttributeKey[play.forkrun.protocol.ForkConfig]("playForkConfig") in Scope(Build: file:/C:/Users/Sergio/workspace/Trivial4b/web/, , Project: ProjectReference(file:/C:/Users/Sergio/workspace/Trivial4b/web/,root), Config: echo))
Reading next message from client.
Sending msg to client play-fork-run-77c0e330-96ba-44fb-a741-c5c6975315fa: (6,ReceivedResponse())
Got request: KeyExecutionRequest(AttributeKey[play.forkrun.protocol.ForkConfig]("playForkConfig") in Scope(Build: file:/C:/Users/Sergio/workspace/Trivial4b/web/, , Project: ProjectReference(file:/C:/Users/Sergio/workspace/Trivial4b/web/,root), Config: echo))
Reading next message from client.
Sending msg to client play-fork-run-77c0e330-96ba-44fb-a741-c5c6975315fa: (7,ExecutionRequestReceived(33))
Sending msg to client play-fork-run-77c0e330-96ba-44fb-a741-c5c6975315fa: ExecutionWaiting(33,{file:/C:/Users/Sergio/workspace/Trivial4b/web/}root/echo:playForkConfig,ClientInfo(77c0e330-96ba-44fb-a741-c5c6975315fa,play-fork-run,Play Fork Run,1,Vector()))
Sending msg to client play-fork-run-77c0e330-96ba-44fb-a741-c5c6975315fa: ExecutionStarting(33)
Sending msg to client play-fork-run-77c0e330-96ba-44fb-a741-c5c6975315fa: DetachedLogEvent(LogMessage(debug,> {file:/C:/Users/Sergio/workspace/Trivial4b/web/}root/echo:playForkConfig))
Sending msg to client play-fork-run-77c0e330-96ba-44fb-a741-c5c6975315fa: DetachedLogEvent(LogMessage(debug,Evaluating tasks: echo:playForkConfig))
Sending msg to client play-fork-run-77c0e330-96ba-44fb-a741-c5c6975315fa: DetachedLogEvent(LogMessage(debug,Running task... Cancel: sbt.server.ServerTaskCancellation@86698b7, check cycles: false))
Sending msg to client play-fork-run-77c0e330-96ba-44fb-a741-c5c6975315fa: DetachedLogEvent(LogMessage(debug,cancel strategy start enabled=true lastCommand=Some(LastCommand(CommandExecutionWork(ExecutionId(33),{file:/C:/Users/Sergio/workspace/Trivial4b/web/}root/echo:playForkConfig,Set(LiveClient(play-fork-run 77c0e330-96ba-44fb-a741-c5c6975315fa)),sbt.server.WorkCancellationStatus$$anon$1@250890a1)))))
Sending msg to client play-fork-run-77c0e330-96ba-44fb-a741-c5c6975315fa: TaskStarted(33,2406,Some(AttributeKey[scala.Tuple2[java.lang.String,java.io.File]]("playPrefixAndAssets") in Scope(Build: file:/C:/Users/Sergio/workspace/Trivial4b/web/, , Project: ProjectReference(file:/C:/Users/Sergio/workspace/Trivial4b/web/,root))))
Sending msg to client play-fork-run-77c0e330-96ba-44fb-a741-c5c6975315fa: TaskStarted(33,2410,None)
Sending msg to client play-fork-run-77c0e330-96ba-44fb-a741-c5c6975315fa: TaskStarted(33,2411,Some(AttributeKey[scala.collection.Seq[java.lang.String]]("javaOptions") in Scope(Global)))
Sending msg to client play-fork-run-77c0e330-96ba-44fb-a741-c5c6975315fa: TaskStarted(33,2414,None)
Sending msg to client play-fork-run-77c0e330-96ba-44fb-a741-c5c6975315fa: TaskStarted(33,2435,Some(AttributeKey[scala.Option[java.lang.String]]("echoTraceAkkaVersion") in Scope(Build: file:/C:/Users/Sergio/workspace/Trivial4b/web/, , Project: ProjectReference(file:/C:/Users/Sergio/workspace/Trivial4b/web/,root), Config: echo)))
Sending msg to client play-fork-run-77c0e330-96ba-44fb-a741-c5c6975315fa: TaskStarted(33,2437,Some(AttributeKey[scala.Option[java.lang.String]]("echoTracePlayVersion") in Scope(Build: file:/C:/Users/Sergio/workspace/Trivial4b/web/, , Project: ProjectReference(file:/C:/Users/Sergio/workspace/Trivial4b/web/,root), Config: echo)))
Sending msg to client play-fork-run-77c0e330-96ba-44fb-a741-c5c6975315fa: TaskStarted(33,2444,Some(AttributeKey[scala.collection.Seq[sbt.Resolver]]("externalResolvers") in Scope(Build: file:/C:/Users/Sergio/workspace/Trivial4b/web/, , Project: ProjectReference(file:/C:/Users/Sergio/workspace/Trivial4b/web/,root))))
Sending msg to client play-fork-run-77c0e330-96ba-44fb-a741-c5c6975315fa: TaskStarted(33,2445,Some(AttributeKey[scala.Option[scala.collection.Seq[sbt.Resolver]]]("bootResolvers") in Scope(Build: file:/C:/Users/Sergio/workspace/Trivial4b/web/, , Project: ProjectReference(file:/C:/Users/Sergio/workspace/Trivial4b/web/,root))))
Sending msg to client play-fork-run-77c0e330-96ba-44fb-a741-c5c6975315fa: TaskStarted(33,2447,Some(AttributeKey[scala.collection.Seq[sbt.Credentials]]("credentials") in Scope(Global)))
Sending msg to client play-fork-run-77c0e330-96ba-44fb-a741-c5c6975315fa: TaskStarted(33,2449,Some(AttributeKey[java.lang.String]("updateCacheName") in Scope(Build: file:/C:/Users/Sergio/workspace/Trivial4b/web/, , Project: ProjectReference(file:/C:/Users/Sergio/workspace/Trivial4b/web/,root))))
Sending msg to client play-fork-run-77c0e330-96ba-44fb-a741-c5c6975315fa: TaskStarted(33,2451,None)
Sending msg to client play-fork-run-77c0e330-96ba-44fb-a741-c5c6975315fa: TaskStarted(33,2452,None)
Sending msg to client play-fork-run-77c0e330-96ba-44fb-a741-c5c6975315fa: TaskStarted(33,2455,None)
Sending msg to client play-fork-run-77c0e330-96ba-44fb-a741-c5c6975315fa: TaskStarted(33,2456,None)
Sending msg to client play-fork-run-77c0e330-96ba-44fb-a741-c5c6975315fa: TaskStarted(33,2460,Some(AttributeKey[boolean]("skip") in Scope(Global)))
Sending msg to client play-fork-run-77c0e330-96ba-44fb-a741-c5c6975315fa: TaskStarted(33,2463,None)
Sending msg to client play-fork-run-77c0e330-96ba-44fb-a741-c5c6975315fa: TaskStarted(33,2471,Some(AttributeKey[scala.collection.Seq[java.lang.String]]("echoIncludeConfig") in Scope(Build: file:/C:/Users/Sergio/workspace/Trivial4b/web/, , Project: ProjectReference(file:/C:/Users/Sergio/workspace/Trivial4b/web/,root), Config: echo)))
Sending msg to client play-fork-run-77c0e330-96ba-44fb-a741-c5c6975315fa: TaskStarted(33,2473,Some(AttributeKey[int]("echoTracePort") in Scope(Build: file:/C:/Users/Sergio/workspace/Trivial4b/web/, , Project: ProjectReference(file:/C:/Users/Sergio/workspace/Trivial4b/web/,root), Config: echo)))
Sending msg to client play-fork-run-77c0e330-96ba-44fb-a741-c5c6975315fa: TaskFinished(33,2406,Some(AttributeKey[scala.Tuple2[java.lang.String,java.io.File]]("playPrefixAndAssets") in Scope(Build: file:/C:/Users/Sergio/workspace/Trivial4b/web/, , Project: ProjectReference(file:/C:/Users/Sergio/workspace/Trivial4b/web/,root))),true,None)
Sending msg to client play-fork-run-77c0e330-96ba-44fb-a741-c5c6975315fa: TaskStarted(33,2408,None)
Sending msg to client play-fork-run-77c0e330-96ba-44fb-a741-c5c6975315fa: TaskFinished(33,2410,None,true,None)
Sending msg to client play-fork-run-77c0e330-96ba-44fb-a741-c5c6975315fa: TaskStarted(33,2409,Some(AttributeKey[scala.collection.Seq[java.lang.String]]("playMonitoredFiles") in Scope(Build: file:/C:/Users/Sergio/workspace/Trivial4b/web/, , Project: ProjectReference(file:/C:/Users/Sergio/workspace/Trivial4b/web/,root))))
Sending msg to client play-fork-run-77c0e330-96ba-44fb-a741-c5c6975315fa: TaskStarted(33,2419,Some(AttributeKey[sbt.BuildStructure]("buildStructure") in Scope(Global)))
Sending msg to client play-fork-run-77c0e330-96ba-44fb-a741-c5c6975315fa: TaskStarted(33,2453,Some(AttributeKey[java.io.File]("dependencyCacheDirectory") in Scope(Build: file:/C:/Users/Sergio/workspace/Trivial4b/web/, , Project: ProjectReference(file:/C:/Users/Sergio/workspace/Trivial4b/web/,root))))
Sending msg to client play-fork-run-77c0e330-96ba-44fb-a741-c5c6975315fa: TaskFinished(33,2411,Some(AttributeKey[scala.collection.Seq[java.lang.String]]("javaOptions") in Scope(Global)),true,None)
Sending msg to client play-fork-run-77c0e330-96ba-44fb-a741-c5c6975315fa: TaskFinished(33,2414,None,true,None)
Sending msg to client play-fork-run-77c0e330-96ba-44fb-a741-c5c6975315fa: TaskStarted(33,2413,None)
Sending msg to client play-fork-run-77c0e330-96ba-44fb-a741-c5c6975315fa: TaskStarted(33,2420,None)
Sending msg to client play-fork-run-77c0e330-96ba-44fb-a741-c5c6975315fa: TaskStarted(33,2425,None)
Sending msg to client play-fork-run-77c0e330-96ba-44fb-a741-c5c6975315fa: TaskStarted(33,2443,None)
Sending msg to client play-fork-run-77c0e330-96ba-44fb-a741-c5c6975315fa: TaskStarted(33,2446,None)
Sending msg to client play-fork-run-77c0e330-96ba-44fb-a741-c5c6975315fa: TaskStarted(33,2448,None)
Sending msg to client play-fork-run-77c0e330-96ba-44fb-a741-c5c6975315fa: TaskStarted(33,2459,None)
Sending msg to client play-fork-run-77c0e330-96ba-44fb-a741-c5c6975315fa: TaskStarted(33,2464,None)
Sending msg to client play-fork-run-77c0e330-96ba-44fb-a741-c5c6975315fa: TaskStarted(33,2475,None)
Sending msg to client play-fork-run-77c0e330-96ba-44fb-a741-c5c6975315fa: TaskFinished(33,2435,Some(AttributeKey[scala.Option[java.lang.String]]("echoTraceAkkaVersion") in Scope(Build: file:/C:/Users/Sergio/workspace/Trivial4b/web/, , Project: ProjectReference(file:/C:/Users/Sergio/workspace/Trivial4b/web/,root), Config: echo)),true,None)
Sending msg to client play-fork-run-77c0e330-96ba-44fb-a741-c5c6975315fa: TaskStarted(33,2434,Some(AttributeKey[scala.collection.Seq[sbt.ModuleID]]("echoTraceDependencies") in Scope(Build: file:/C:/Users/Sergio/workspace/Trivial4b/web/, , Project: ProjectReference(file:/C:/Users/Sergio/workspace/Trivial4b/web/,root), Config: echo)))
Sending msg to client play-fork-run-77c0e330-96ba-44fb-a741-c5c6975315fa: TaskFinished(33,2444,Some(AttributeKey[scala.collection.Seq[sbt.Resolver]]("externalResolvers") in Scope(Build: file:/C:/Users/Sergio/workspace/Trivial4b/web/, , Project: ProjectReference(file:/C:/Users/Sergio/workspace/Trivial4b/web/,root))),true,None)
Sending msg to client play-fork-run-77c0e330-96ba-44fb-a741-c5c6975315fa: TaskFinished(33,2445,Some(AttributeKey[scala.Option[scala.collection.Seq[sbt.Resolver]]]("bootResolvers") in Scope(Build: file:/C:/Users/Sergio/workspace/Trivial4b/web/, , Project: ProjectReference(file:/C:/Users/Sergio/workspace/Trivial4b/web/,root))),true,None)
Sending msg to client play-fork-run-77c0e330-96ba-44fb-a741-c5c6975315fa: TaskFinished(33,2449,Some(AttributeKey[java.lang.String]("updateCacheName") in Scope(Build: file:/C:/Users/Sergio/workspace/Trivial4b/web/, , Project: ProjectReference(file:/C:/Users/Sergio/workspace/Trivial4b/web/,root))),true,None)
Sending msg to client play-fork-run-77c0e330-96ba-44fb-a741-c5c6975315fa: TaskFinished(33,2452,None,true,None)
Sending msg to client play-fork-run-77c0e330-96ba-44fb-a741-c5c6975315fa: TaskFinished(33,2437,Some(AttributeKey[scala.Option[java.lang.String]]("echoTracePlayVersion") in Scope(Build: file:/C:/Users/Sergio/workspace/Trivial4b/web/, , Project: ProjectReference(file:/C:/Users/Sergio/workspace/Trivial4b/web/,root), Config: echo)),true,None)
Sending msg to client play-fork-run-77c0e330-96ba-44fb-a741-c5c6975315fa: TaskStarted(33,2436,None)
Sending msg to client play-fork-run-77c0e330-96ba-44fb-a741-c5c6975315fa: TaskFinished(33,2456,None,true,None)
Sending msg to client play-fork-run-77c0e330-96ba-44fb-a741-c5c6975315fa: TaskFinished(33,2460,Some(AttributeKey[boolean]("skip") in Scope(Global)),true,None)
Sending msg to client play-fork-run-77c0e330-96ba-44fb-a741-c5c6975315fa: TaskFinished(33,2463,None,true,None)
Sending msg to client play-fork-run-77c0e330-96ba-44fb-a741-c5c6975315fa: TaskFinished(33,2419,Some(AttributeKey[sbt.BuildStructure]("buildStructure") in Scope(Global)),true,None)
Sending msg to client play-fork-run-77c0e330-96ba-44fb-a741-c5c6975315fa: TaskStarted(33,2418,Some(AttributeKey[sbt.Settings[sbt.Scope]]("settingsData") in Scope(Global)))
Sending msg to client play-fork-run-77c0e330-96ba-44fb-a741-c5c6975315fa: TaskFinished(33,2413,None,true,None)
Sending msg to client play-fork-run-77c0e330-96ba-44fb-a741-c5c6975315fa: TaskFinished(33,2447,Some(AttributeKey[scala.collection.Seq[sbt.Credentials]]("credentials") in Scope(Global)),true,None)
Sending msg to client play-fork-run-77c0e330-96ba-44fb-a741-c5c6975315fa: TaskFinished(33,2473,Some(AttributeKey[int]("echoTracePort") in Scope(Build: file:/C:/Users/Sergio/workspace/Trivial4b/web/, , Project: ProjectReference(file:/C:/Users/Sergio/workspace/Trivial4b/web/,root), Config: echo)),true,None)
Sending msg to client play-fork-run-77c0e330-96ba-44fb-a741-c5c6975315fa: TaskStarted(33,2472,Some(AttributeKey[java.lang.String]("echoTraceConfigString") in Scope(Build: file:/C:/Users/Sergio/workspace/Trivial4b/web/, , Project: ProjectReference(file:/C:/Users/Sergio/workspace/Trivial4b/web/,root), Config: echo)))
Sending msg to client play-fork-run-77c0e330-96ba-44fb-a741-c5c6975315fa: TaskFinished(33,2451,None,true,None)
Sending msg to client play-fork-run-77c0e330-96ba-44fb-a741-c5c6975315fa: TaskStarted(33,2450,Some(AttributeKey[scala.collection.Seq[sbt.UpdateReport]]("transitiveUpdate") in Scope(Build: file:/C:/Users/Sergio/workspace/Trivial4b/web/, , Project: ProjectReference(file:/C:/Users/Sergio/workspace/Trivial4b/web/,root))))
Sending msg to client play-fork-run-77c0e330-96ba-44fb-a741-c5c6975315fa: TaskFinished(33,2455,None,true,None)
Sending msg to client play-fork-run-77c0e330-96ba-44fb-a741-c5c6975315fa: TaskFinished(33,2408,None,true,None)
Sending msg to client play-fork-run-77c0e330-96ba-44fb-a741-c5c6975315fa: TaskStarted(33,2407,None)
Sending msg to client play-fork-run-77c0e330-96ba-44fb-a741-c5c6975315fa: TaskFinished(33,2446,None,true,None)
Sending msg to client play-fork-run-77c0e330-96ba-44fb-a741-c5c6975315fa: TaskFinished(33,2448,None,true,None)
Sending msg to client play-fork-run-77c0e330-96ba-44fb-a741-c5c6975315fa: TaskFinished(33,2453,Some(AttributeKey[java.io.File]("dependencyCacheDirectory") in Scope(Build: file:/C:/Users/Sergio/workspace/Trivial4b/web/, , Project: ProjectReference(file:/C:/Users/Sergio/workspace/Trivial4b/web/,root))),true,None)
Sending msg to client play-fork-run-77c0e330-96ba-44fb-a741-c5c6975315fa: TaskFinished(33,2459,None,true,None)
Sending msg to client play-fork-run-77c0e330-96ba-44fb-a741-c5c6975315fa: TaskStarted(33,2458,Some(AttributeKey[scala.collection.immutable.Map[sbt.ModuleID,sbt.SourcePosition]]("dependencyPositions") in Scope(Build: file:/C:/Users/Sergio/workspace/Trivial4b/web/, , Project: ProjectReference(file:/C:/Users/Sergio/workspace/Trivial4b/web/,root))))
Sending msg to client play-fork-run-77c0e330-96ba-44fb-a741-c5c6975315fa: TaskFinished(33,2464,None,true,None)
Sending msg to client play-fork-run-77c0e330-96ba-44fb-a741-c5c6975315fa: TaskFinished(33,2475,None,true,None)
Sending msg to client play-fork-run-77c0e330-96ba-44fb-a741-c5c6975315fa: TaskFinished(33,2434,Some(AttributeKey[scala.collection.Seq[sbt.ModuleID]]("echoTraceDependencies") in Scope(Build: file:/C:/Users/Sergio/workspace/Trivial4b/web/, , Project: ProjectReference(file:/C:/Users/Sergio/workspace/Trivial4b/web/,root), Config: echo)),true,None)
Sending msg to client play-fork-run-77c0e330-96ba-44fb-a741-c5c6975315fa: TaskFinished(33,2425,None,true,None)
Sending msg to client play-fork-run-77c0e330-96ba-44fb-a741-c5c6975315fa: TaskFinished(33,2471,Some(AttributeKey[scala.collection.Seq[java.lang.String]]("echoIncludeConfig") in Scope(Build: file:/C:/Users/Sergio/workspace/Trivial4b/web/, , Project: ProjectReference(file:/C:/Users/Sergio/workspace/Trivial4b/web/,root), Config: echo)),true,None)
Sending msg to client play-fork-run-77c0e330-96ba-44fb-a741-c5c6975315fa: TaskStarted(33,2470,Some(AttributeKey[java.lang.String]("echoTraceConfigIncludes") in Scope(Build: file:/C:/Users/Sergio/workspace/Trivial4b/web/, , Project: ProjectReference(file:/C:/Users/Sergio/workspace/Trivial4b/web/,root), Config: echo)))
Sending msg to client play-fork-run-77c0e330-96ba-44fb-a741-c5c6975315fa: TaskFinished(33,2409,Some(AttributeKey[scala.collection.Seq[java.lang.String]]("playMonitoredFiles") in Scope(Build: file:/C:/Users/Sergio/workspace/Trivial4b/web/, , Project: ProjectReference(file:/C:/Users/Sergio/workspace/Trivial4b/web/,root))),true,None)
Sending msg to client play-fork-run-77c0e330-96ba-44fb-a741-c5c6975315fa: TaskFinished(33,2420,None,true,None)
Sending msg to client play-fork-run-77c0e330-96ba-44fb-a741-c5c6975315fa: TaskFinished(33,2443,None,true,None)
Sending msg to client play-fork-run-77c0e330-96ba-44fb-a741-c5c6975315fa: TaskFinished(33,2436,None,true,None)
Sending msg to client play-fork-run-77c0e330-96ba-44fb-a741-c5c6975315fa: TaskStarted(33,2433,Some(AttributeKey[scala.collection.Seq[sbt.ModuleID]]("echoTraceDependencies") in Scope(Build: file:/C:/Users/Sergio/workspace/Trivial4b/web/, , Project: ProjectReference(file:/C:/Users/Sergio/workspace/Trivial4b/web/,root), Config: echo)))
Sending msg to client play-fork-run-77c0e330-96ba-44fb-a741-c5c6975315fa: TaskFinished(33,2418,Some(AttributeKey[sbt.Settings[sbt.Scope]]("settingsData") in Scope(Global)),true,None)
Sending msg to client play-fork-run-77c0e330-96ba-44fb-a741-c5c6975315fa: TaskStarted(33,2417,None)
Sending msg to client play-fork-run-77c0e330-96ba-44fb-a741-c5c6975315fa: TaskStarted(33,2432,Some(AttributeKey[scala.collection.Seq[sbt.ModuleID]]("projectDependencies") in Scope(Build: file:/C:/Users/Sergio/workspace/Trivial4b/web/, , Project: ProjectReference(file:/C:/Users/Sergio/workspace/Trivial4b/web/,root))))
Sending msg to client play-fork-run-77c0e330-96ba-44fb-a741-c5c6975315fa: TaskStarted(33,2442,Some(AttributeKey[scala.collection.immutable.Map[org.apache.ivy.core.module.id.ModuleRevisionId,org.apache.ivy.core.module.descriptor.ModuleDescriptor]]("projectDescriptors") in Scope(Build: file:/C:/Users/Sergio/workspace/Trivial4b/web/, , Project: ProjectReference(file:/C:/Users/Sergio/workspace/Trivial4b/web/,root))))
Sending msg to client play-fork-run-77c0e330-96ba-44fb-a741-c5c6975315fa: TaskStarted(33,2454,None)
Sending msg to client play-fork-run-77c0e330-96ba-44fb-a741-c5c6975315fa: TaskFinished(33,2407,None,true,None)
Sending msg to client play-fork-run-77c0e330-96ba-44fb-a741-c5c6975315fa: TaskStarted(33,2405,Some(AttributeKey[scala.collection.Seq[scala.Tuple2[java.lang.String,java.io.File]]]("playAllAssets") in Scope(Build: file:/C:/Users/Sergio/workspace/Trivial4b/web/, , Project: ProjectReference(file:/C:/Users/Sergio/workspace/Trivial4b/web/,root))))
Sending msg to client play-fork-run-77c0e330-96ba-44fb-a741-c5c6975315fa: TaskFinished(33,2472,Some(AttributeKey[java.lang.String]("echoTraceConfigString") in Scope(Build: file:/C:/Users/Sergio/workspace/Trivial4b/web/, , Project: ProjectReference(file:/C:/Users/Sergio/workspace/Trivial4b/web/,root), Config: echo)),true,None)
Sending msg to client play-fork-run-77c0e330-96ba-44fb-a741-c5c6975315fa: TaskFinished(33,2450,Some(AttributeKey[scala.collection.Seq[sbt.UpdateReport]]("transitiveUpdate") in Scope(Build: file:/C:/Users/Sergio/workspace/Trivial4b/web/, , Project: ProjectReference(file:/C:/Users/Sergio/workspace/Trivial4b/web/,root))),true,None)
Sending msg to client play-fork-run-77c0e330-96ba-44fb-a741-c5c6975315fa: TaskFinished(33,2433,Some(AttributeKey[scala.collection.Seq[sbt.ModuleID]]("echoTraceDependencies") in Scope(Build: file:/C:/Users/Sergio/workspace/Trivial4b/web/, , Project: ProjectReference(file:/C:/Users/Sergio/workspace/Trivial4b/web/,root), Config: echo)),true,None)
Sending msg to client play-fork-run-77c0e330-96ba-44fb-a741-c5c6975315fa: TaskStarted(33,2481,None)
Sending msg to client play-fork-run-77c0e330-96ba-44fb-a741-c5c6975315fa: TaskStarted(33,2482,None)
Sending msg to client play-fork-run-77c0e330-96ba-44fb-a741-c5c6975315fa: TaskStarted(33,2484,None)
Sending msg to client play-fork-run-77c0e330-96ba-44fb-a741-c5c6975315fa: TaskStarted(33,2486,None)
Sending msg to client play-fork-run-77c0e330-96ba-44fb-a741-c5c6975315fa: TaskStarted(33,2487,None)
Sending msg to client play-fork-run-77c0e330-96ba-44fb-a741-c5c6975315fa: TaskFinished(33,2432,Some(AttributeKey[scala.collection.Seq[sbt.ModuleID]]("projectDependencies") in Scope(Build: file:/C:/Users/Sergio/workspace/Trivial4b/web/, , Project: ProjectReference(file:/C:/Users/Sergio/workspace/Trivial4b/web/,root))),true,None)
Sending msg to client play-fork-run-77c0e330-96ba-44fb-a741-c5c6975315fa: TaskStarted(33,2431,Some(AttributeKey[scala.collection.Seq[sbt.ModuleID]]("allDependencies") in Scope(Build: file:/C:/Users/Sergio/workspace/Trivial4b/web/, , Project: ProjectReference(file:/C:/Users/Sergio/workspace/Trivial4b/web/,root))))
Sending msg to client play-fork-run-77c0e330-96ba-44fb-a741-c5c6975315fa: TaskFinished(33,2470,Some(AttributeKey[java.lang.String]("echoTraceConfigIncludes") in Scope(Build: file:/C:/Users/Sergio/workspace/Trivial4b/web/, , Project: ProjectReference(file:/C:/Users/Sergio/workspace/Trivial4b/web/,root), Config: echo)),true,None)
Sending msg to client play-fork-run-77c0e330-96ba-44fb-a741-c5c6975315fa: TaskStarted(33,2469,Some(AttributeKey[java.io.File]("echoTraceConfig") in Scope(Build: file:/C:/Users/Sergio/workspace/Trivial4b/web/, , Project: ProjectReference(file:/C:/Users/Sergio/workspace/Trivial4b/web/,root), Config: echo)))
Sending msg to client play-fork-run-77c0e330-96ba-44fb-a741-c5c6975315fa: TaskStarted(33,2488,None)
Sending msg to client play-fork-run-77c0e330-96ba-44fb-a741-c5c6975315fa: TaskStarted(33,2490,None)
Sending msg to client play-fork-run-77c0e330-96ba-44fb-a741-c5c6975315fa: TaskFinished(33,2481,None,true,None)
Sending msg to client play-fork-run-77c0e330-96ba-44fb-a741-c5c6975315fa: TaskFinished(33,2405,Some(AttributeKey[scala.collection.Seq[scala.Tuple2[java.lang.String,java.io.File]]]("playAllAssets") in Scope(Build: file:/C:/Users/Sergio/workspace/Trivial4b/web/, , Project: ProjectReference(file:/C:/Users/Sergio/workspace/Trivial4b/web/,root))),true,None)
Sending msg to client play-fork-run-77c0e330-96ba-44fb-a741-c5c6975315fa: TaskFinished(33,2482,None,true,None)
Sending msg to client play-fork-run-77c0e330-96ba-44fb-a741-c5c6975315fa: TaskStarted(33,2480,Some(AttributeKey[scala.collection.Seq[sbt.Attributed[java.io.File]]]("unmanagedJars") in Scope(Build: file:/C:/Users/Sergio/workspace/Trivial4b/web/, , Project: ProjectReference(file:/C:/Users/Sergio/workspace/Trivial4b/web/,root), Config: compile)))
Sending msg to client play-fork-run-77c0e330-96ba-44fb-a741-c5c6975315fa: TaskFinished(33,2484,None,true,None)
Sending msg to client play-fork-run-77c0e330-96ba-44fb-a741-c5c6975315fa: TaskStarted(33,2483,None)
Sending msg to client play-fork-run-77c0e330-96ba-44fb-a741-c5c6975315fa: TaskFinished(33,2486,None,true,None)
Sending msg to client play-fork-run-77c0e330-96ba-44fb-a741-c5c6975315fa: TaskFinished(33,2487,None,true,None)
Sending msg to client play-fork-run-77c0e330-96ba-44fb-a741-c5c6975315fa: TaskStarted(33,2485,Some(AttributeKey[scala.collection.Seq[sbt.Attributed[java.io.File]]]("unmanagedJars") in Scope(Build: file:/C:/Users/Sergio/workspace/Trivial4b/web/, , Project: ProjectReference(file:/C:/Users/Sergio/workspace/Trivial4b/web/,root), Config: runtime)))
Sending msg to client play-fork-run-77c0e330-96ba-44fb-a741-c5c6975315fa: TaskFinished(33,2431,Some(AttributeKey[scala.collection.Seq[sbt.ModuleID]]("allDependencies") in Scope(Build: file:/C:/Users/Sergio/workspace/Trivial4b/web/, , Project: ProjectReference(file:/C:/Users/Sergio/workspace/Trivial4b/web/,root))),true,None)
Sending msg to client play-fork-run-77c0e330-96ba-44fb-a741-c5c6975315fa: TaskStarted(33,2430,Some(AttributeKey[scala.collection.Seq[sbt.ModuleID]]("allDependencies") in Scope(Build: file:/C:/Users/Sergio/workspace/Trivial4b/web/, , Project: ProjectReference(file:/C:/Users/Sergio/workspace/Trivial4b/web/,root))))
Sending msg to client play-fork-run-77c0e330-96ba-44fb-a741-c5c6975315fa: TaskFinished(33,2488,None,true,None)
Sending msg to client play-fork-run-77c0e330-96ba-44fb-a741-c5c6975315fa: TaskFinished(33,2454,None,true,None)
Sending msg to client play-fork-run-77c0e330-96ba-44fb-a741-c5c6975315fa: TaskStarted(33,2491,None)
Sending msg to client play-fork-run-77c0e330-96ba-44fb-a741-c5c6975315fa: TaskFinished(33,2490,None,true,None)
Sending msg to client play-fork-run-77c0e330-96ba-44fb-a741-c5c6975315fa: TaskStarted(33,2489,None)
Sending msg to client play-fork-run-77c0e330-96ba-44fb-a741-c5c6975315fa: TaskFinished(33,2430,Some(AttributeKey[scala.collection.Seq[sbt.ModuleID]]("allDependencies") in Scope(Build: file:/C:/Users/Sergio/workspace/Trivial4b/web/, , Project: ProjectReference(file:/C:/Users/Sergio/workspace/Trivial4b/web/,root))),true,None)
Sending msg to client play-fork-run-77c0e330-96ba-44fb-a741-c5c6975315fa: TaskStarted(33,2429,Some(AttributeKey[scala.collection.Seq[sbt.ModuleID]]("allDependencies") in Scope(Build: file:/C:/Users/Sergio/workspace/Trivial4b/web/, , Project: ProjectReference(file:/C:/Users/Sergio/workspace/Trivial4b/web/,root))))
Sending msg to client play-fork-run-77c0e330-96ba-44fb-a741-c5c6975315fa: TaskFinished(33,2491,None,true,None)
Sending msg to client play-fork-run-77c0e330-96ba-44fb-a741-c5c6975315fa: TaskFinished(33,2483,None,true,None)
Sending msg to client play-fork-run-77c0e330-96ba-44fb-a741-c5c6975315fa: TaskFinished(33,2489,None,true,None)
Sending msg to client play-fork-run-77c0e330-96ba-44fb-a741-c5c6975315fa: TaskFinished(33,2442,Some(AttributeKey[scala.collection.immutable.Map[org.apache.ivy.core.module.id.ModuleRevisionId,org.apache.ivy.core.module.descriptor.ModuleDescriptor]]("projectDescriptors") in Scope(Build: file:/C:/Users/Sergio/workspace/Trivial4b/web/, , Project: ProjectReference(file:/C:/Users/Sergio/workspace/Trivial4b/web/,root))),true,None)
Sending msg to client play-fork-run-77c0e330-96ba-44fb-a741-c5c6975315fa: TaskStarted(33,2441,Some(AttributeKey[sbt.Resolver]("projectResolver") in Scope(Build: file:/C:/Users/Sergio/workspace/Trivial4b/web/, , Project: ProjectReference(file:/C:/Users/Sergio/workspace/Trivial4b/web/,root))))
Sending msg to client play-fork-run-77c0e330-96ba-44fb-a741-c5c6975315fa: TaskFinished(33,2429,Some(AttributeKey[scala.collection.Seq[sbt.ModuleID]]("allDependencies") in Scope(Build: file:/C:/Users/Sergio/workspace/Trivial4b/web/, , Project: ProjectReference(file:/C:/Users/Sergio/workspace/Trivial4b/web/,root))),true,None)
Sending msg to client play-fork-run-77c0e330-96ba-44fb-a741-c5c6975315fa: TaskStarted(33,2428,Some(AttributeKey[sbt.ModuleSettings]("moduleSettings") in Scope(Build: file:/C:/Users/Sergio/workspace/Trivial4b/web/, , Project: ProjectReference(file:/C:/Users/Sergio/workspace/Trivial4b/web/,root))))
Sending msg to client play-fork-run-77c0e330-96ba-44fb-a741-c5c6975315fa: TaskFinished(33,2441,Some(AttributeKey[sbt.Resolver]("projectResolver") in Scope(Build: file:/C:/Users/Sergio/workspace/Trivial4b/web/, , Project: ProjectReference(file:/C:/Users/Sergio/workspace/Trivial4b/web/,root))),true,None)
Sending msg to client play-fork-run-77c0e330-96ba-44fb-a741-c5c6975315fa: TaskStarted(33,2440,Some(AttributeKey[scala.collection.Seq[sbt.Resolver]]("fullResolvers") in Scope(Build: file:/C:/Users/Sergio/workspace/Trivial4b/web/, , Project: ProjectReference(file:/C:/Users/Sergio/workspace/Trivial4b/web/,root))))
Sending msg to client play-fork-run-77c0e330-96ba-44fb-a741-c5c6975315fa: TaskFinished(33,2428,Some(AttributeKey[sbt.ModuleSettings]("moduleSettings") in Scope(Build: file:/C:/Users/Sergio/workspace/Trivial4b/web/, , Project: ProjectReference(file:/C:/Users/Sergio/workspace/Trivial4b/web/,root))),true,None)
Sending msg to client play-fork-run-77c0e330-96ba-44fb-a741-c5c6975315fa: TaskFinished(33,2440,Some(AttributeKey[scala.collection.Seq[sbt.Resolver]]("fullResolvers") in Scope(Build: file:/C:/Users/Sergio/workspace/Trivial4b/web/, , Project: ProjectReference(file:/C:/Users/Sergio/workspace/Trivial4b/web/,root))),true,None)
Sending msg to client play-fork-run-77c0e330-96ba-44fb-a741-c5c6975315fa: TaskStarted(33,2439,Some(AttributeKey[sbt.IvyConfiguration]("ivyConfiguration") in Scope(Build: file:/C:/Users/Sergio/workspace/Trivial4b/web/, , Project: ProjectReference(file:/C:/Users/Sergio/workspace/Trivial4b/web/,root))))
Sending msg to client play-fork-run-77c0e330-96ba-44fb-a741-c5c6975315fa: TaskFinished(33,2439,Some(AttributeKey[sbt.IvyConfiguration]("ivyConfiguration") in Scope(Build: file:/C:/Users/Sergio/workspace/Trivial4b/web/, , Project: ProjectReference(file:/C:/Users/Sergio/workspace/Trivial4b/web/,root))),true,None)
Sending msg to client play-fork-run-77c0e330-96ba-44fb-a741-c5c6975315fa: TaskStarted(33,2438,Some(AttributeKey[sbt.IvySbt]("ivySbt") in Scope(Build: file:/C:/Users/Sergio/workspace/Trivial4b/web/, , Project: ProjectReference(file:/C:/Users/Sergio/workspace/Trivial4b/web/,root))))
Sending msg to client play-fork-run-77c0e330-96ba-44fb-a741-c5c6975315fa: TaskFinished(33,2458,Some(AttributeKey[scala.collection.immutable.Map[sbt.ModuleID,sbt.SourcePosition]]("dependencyPositions") in Scope(Build: file:/C:/Users/Sergio/workspace/Trivial4b/web/, , Project: ProjectReference(file:/C:/Users/Sergio/workspace/Trivial4b/web/,root))),true,None)
Sending msg to client play-fork-run-77c0e330-96ba-44fb-a741-c5c6975315fa: TaskStarted(33,2457,Some(AttributeKey[sbt.UnresolvedWarningConfiguration]("unresolvedWarningConfiguration") in Scope(Build: file:/C:/Users/Sergio/workspace/Trivial4b/web/, , Project: ProjectReference(file:/C:/Users/Sergio/workspace/Trivial4b/web/,root), Task: AttributeKey[sbt.UpdateReport]("update"))))
Sending msg to client play-fork-run-77c0e330-96ba-44fb-a741-c5c6975315fa: TaskFinished(33,2438,Some(AttributeKey[sbt.IvySbt]("ivySbt") in Scope(Build: file:/C:/Users/Sergio/workspace/Trivial4b/web/, , Project: ProjectReference(file:/C:/Users/Sergio/workspace/Trivial4b/web/,root))),true,None)
Sending msg to client play-fork-run-77c0e330-96ba-44fb-a741-c5c6975315fa: TaskStarted(33,2427,Some(AttributeKey[sbt.IvySbt$Module]("ivyModule") in Scope(Build: file:/C:/Users/Sergio/workspace/Trivial4b/web/, , Project: ProjectReference(file:/C:/Users/Sergio/workspace/Trivial4b/web/,root))))
Sending msg to client play-fork-run-77c0e330-96ba-44fb-a741-c5c6975315fa: TaskFinished(33,2457,Some(AttributeKey[sbt.UnresolvedWarningConfiguration]("unresolvedWarningConfiguration") in Scope(Build: file:/C:/Users/Sergio/workspace/Trivial4b/web/, , Project: ProjectReference(file:/C:/Users/Sergio/workspace/Trivial4b/web/,root), Task: AttributeKey[sbt.UpdateReport]("update"))),true,None)
Sending msg to client play-fork-run-77c0e330-96ba-44fb-a741-c5c6975315fa: TaskFinished(33,2427,Some(AttributeKey[sbt.IvySbt$Module]("ivyModule") in Scope(Build: file:/C:/Users/Sergio/workspace/Trivial4b/web/, , Project: ProjectReference(file:/C:/Users/Sergio/workspace/Trivial4b/web/,root))),true,None)
Sending msg to client play-fork-run-77c0e330-96ba-44fb-a741-c5c6975315fa: TaskStarted(33,2426,Some(AttributeKey[sbt.UpdateReport]("update") in Scope(Build: file:/C:/Users/Sergio/workspace/Trivial4b/web/, , Project: ProjectReference(file:/C:/Users/Sergio/workspace/Trivial4b/web/,root))))
Sending msg to client play-fork-run-77c0e330-96ba-44fb-a741-c5c6975315fa: TaskFinished(33,2485,Some(AttributeKey[scala.collection.Seq[sbt.Attributed[java.io.File]]]("unmanagedJars") in Scope(Build: file:/C:/Users/Sergio/workspace/Trivial4b/web/, , Project: ProjectReference(file:/C:/Users/Sergio/workspace/Trivial4b/web/,root), Config: runtime)),true,None)
Sending msg to client play-fork-run-77c0e330-96ba-44fb-a741-c5c6975315fa: TaskFinished(33,2480,Some(AttributeKey[scala.collection.Seq[sbt.Attributed[java.io.File]]]("unmanagedJars") in Scope(Build: file:/C:/Users/Sergio/workspace/Trivial4b/web/, , Project: ProjectReference(file:/C:/Users/Sergio/workspace/Trivial4b/web/,root), Config: compile)),true,None)
Sending msg to client play-fork-run-77c0e330-96ba-44fb-a741-c5c6975315fa: TaskStarted(33,2479,Some(AttributeKey[scala.collection.Seq[sbt.Attributed[java.io.File]]]("unmanagedJars") in Scope(Build: file:/C:/Users/Sergio/workspace/Trivial4b/web/, , Project: ProjectReference(file:/C:/Users/Sergio/workspace/Trivial4b/web/,root), Config: compile)))
Sending msg to client play-fork-run-77c0e330-96ba-44fb-a741-c5c6975315fa: TaskFinished(33,2479,Some(AttributeKey[scala.collection.Seq[sbt.Attributed[java.io.File]]]("unmanagedJars") in Scope(Build: file:/C:/Users/Sergio/workspace/Trivial4b/web/, , Project: ProjectReference(file:/C:/Users/Sergio/workspace/Trivial4b/web/,root), Config: compile)),true,None)
Sending msg to client play-fork-run-77c0e330-96ba-44fb-a741-c5c6975315fa: TaskStarted(33,2478,None)
Sending msg to client play-fork-run-77c0e330-96ba-44fb-a741-c5c6975315fa: TaskFinished(33,2478,None,true,None)
Sending msg to client play-fork-run-77c0e330-96ba-44fb-a741-c5c6975315fa: TaskStarted(33,2477,None)
Sending msg to client play-fork-run-77c0e330-96ba-44fb-a741-c5c6975315fa: TaskFinished(33,2477,None,true,None)
Sending msg to client play-fork-run-77c0e330-96ba-44fb-a741-c5c6975315fa: TaskFinished(33,2417,None,true,None)
Sending msg to client play-fork-run-77c0e330-96ba-44fb-a741-c5c6975315fa: TaskStarted(33,2416,Some(AttributeKey[scala.collection.Seq[sbt.Attributed[java.io.File]]]("unmanagedClasspath") in Scope(Build: file:/C:/Users/Sergio/workspace/Trivial4b/web/, , Project: ProjectReference(file:/C:/Users/Sergio/workspace/Trivial4b/web/,root), Config: runtime)))
Sending msg to client play-fork-run-77c0e330-96ba-44fb-a741-c5c6975315fa: TaskStarted(33,2476,Some(AttributeKey[scala.collection.Seq[sbt.Attributed[java.io.File]]]("unmanagedClasspath") in Scope(Build: file:/C:/Users/Sergio/workspace/Trivial4b/web/, , Project: ProjectReference(file:/C:/Users/Sergio/workspace/Trivial4b/web/,root), Config: echo)))
Sending msg to client play-fork-run-77c0e330-96ba-44fb-a741-c5c6975315fa: TaskFinished(33,2416,Some(AttributeKey[scala.collection.Seq[sbt.Attributed[java.io.File]]]("unmanagedClasspath") in Scope(Build: file:/C:/Users/Sergio/workspace/Trivial4b/web/, , Project: ProjectReference(file:/C:/Users/Sergio/workspace/Trivial4b/web/,root), Config: runtime)),true,None)
Sending msg to client play-fork-run-77c0e330-96ba-44fb-a741-c5c6975315fa: TaskFinished(33,2476,Some(AttributeKey[scala.collection.Seq[sbt.Attributed[java.io.File]]]("unmanagedClasspath") in Scope(Build: file:/C:/Users/Sergio/workspace/Trivial4b/web/, , Project: ProjectReference(file:/C:/Users/Sergio/workspace/Trivial4b/web/,root), Config: echo)),true,None)
Sending msg to client play-fork-run-77c0e330-96ba-44fb-a741-c5c6975315fa: TaskFinished(33,2469,Some(AttributeKey[java.io.File]("echoTraceConfig") in Scope(Build: file:/C:/Users/Sergio/workspace/Trivial4b/web/, , Project: ProjectReference(file:/C:/Users/Sergio/workspace/Trivial4b/web/,root), Config: echo)),true,None)
Sending msg to client play-fork-run-77c0e330-96ba-44fb-a741-c5c6975315fa: TaskStarted(33,2468,Some(AttributeKey[scala.collection.Seq[sbt.Attributed[java.io.File]]]("echoTraceConfigClasspath") in Scope(Build: file:/C:/Users/Sergio/workspace/Trivial4b/web/, , Project: ProjectReference(file:/C:/Users/Sergio/workspace/Trivial4b/web/,root), Config: echo)))
Sending msg to client play-fork-run-77c0e330-96ba-44fb-a741-c5c6975315fa: TaskFinished(33,2468,Some(AttributeKey[scala.collection.Seq[sbt.Attributed[java.io.File]]]("echoTraceConfigClasspath") in Scope(Build: file:/C:/Users/Sergio/workspace/Trivial4b/web/, , Project: ProjectReference(file:/C:/Users/Sergio/workspace/Trivial4b/web/,root), Config: echo)),true,None)
Sending msg to client play-fork-run-77c0e330-96ba-44fb-a741-c5c6975315fa: TaskFinished(33,2426,Some(AttributeKey[sbt.UpdateReport]("update") in Scope(Build: file:/C:/Users/Sergio/workspace/Trivial4b/web/, , Project: ProjectReference(file:/C:/Users/Sergio/workspace/Trivial4b/web/,root))),true,None)
Sending msg to client play-fork-run-77c0e330-96ba-44fb-a741-c5c6975315fa: TaskStarted(33,2424,Some(AttributeKey[sbt.UpdateReport]("update") in Scope(Build: file:/C:/Users/Sergio/workspace/Trivial4b/web/, , Project: ProjectReference(file:/C:/Users/Sergio/workspace/Trivial4b/web/,root))))
Sending msg to client play-fork-run-77c0e330-96ba-44fb-a741-c5c6975315fa: TaskFinished(33,2424,Some(AttributeKey[sbt.UpdateReport]("update") in Scope(Build: file:/C:/Users/Sergio/workspace/Trivial4b/web/, , Project: ProjectReference(file:/C:/Users/Sergio/workspace/Trivial4b/web/,root))),true,None)
Sending msg to client play-fork-run-77c0e330-96ba-44fb-a741-c5c6975315fa: TaskStarted(33,2462,Some(AttributeKey[sbt.Configuration]("classpathConfiguration") in Scope(Build: file:/C:/Users/Sergio/workspace/Trivial4b/web/, , Project: ProjectReference(file:/C:/Users/Sergio/workspace/Trivial4b/web/,root), Config: compile)))
Sending msg to client play-fork-run-77c0e330-96ba-44fb-a741-c5c6975315fa: TaskStarted(33,2465,Some(AttributeKey[scala.collection.Seq[sbt.Attributed[java.io.File]]]("managedClasspath") in Scope(Build: file:/C:/Users/Sergio/workspace/Trivial4b/web/, , Project: ProjectReference(file:/C:/Users/Sergio/workspace/Trivial4b/web/,root), Config: docs)))
Sending msg to client play-fork-run-77c0e330-96ba-44fb-a741-c5c6975315fa: TaskStarted(33,2474,Some(AttributeKey[scala.collection.Seq[sbt.Attributed[java.io.File]]]("managedClasspath") in Scope(Build: file:/C:/Users/Sergio/workspace/Trivial4b/web/, , Project: ProjectReference(file:/C:/Users/Sergio/workspace/Trivial4b/web/,root), Config: echo)))
Sending msg to client play-fork-run-77c0e330-96ba-44fb-a741-c5c6975315fa: TaskFinished(33,2462,Some(AttributeKey[sbt.Configuration]("classpathConfiguration") in Scope(Build: file:/C:/Users/Sergio/workspace/Trivial4b/web/, , Project: ProjectReference(file:/C:/Users/Sergio/workspace/Trivial4b/web/,root), Config: compile)),true,None)
Sending msg to client play-fork-run-77c0e330-96ba-44fb-a741-c5c6975315fa: TaskStarted(33,2461,None)
Sending msg to client play-fork-run-77c0e330-96ba-44fb-a741-c5c6975315fa: TaskFinished(33,2465,Some(AttributeKey[scala.collection.Seq[sbt.Attributed[java.io.File]]]("managedClasspath") in Scope(Build: file:/C:/Users/Sergio/workspace/Trivial4b/web/, , Project: ProjectReference(file:/C:/Users/Sergio/workspace/Trivial4b/web/,root), Config: docs)),true,None)
Sending msg to client play-fork-run-77c0e330-96ba-44fb-a741-c5c6975315fa: TaskFinished(33,2461,None,true,None)
Sending msg to client play-fork-run-77c0e330-96ba-44fb-a741-c5c6975315fa: TaskStarted(33,2423,Some(AttributeKey[sbt.Configuration]("classpathConfiguration") in Scope(Build: file:/C:/Users/Sergio/workspace/Trivial4b/web/, , Project: ProjectReference(file:/C:/Users/Sergio/workspace/Trivial4b/web/,root), Config: runtime)))
Sending msg to client play-fork-run-77c0e330-96ba-44fb-a741-c5c6975315fa: TaskLogEvent(2474,LogMessage(info,Read from stdout: echo-trace-akka jar for Inspect is on the echo:run classpath com.typesafe.trace:echo-trace-akka-2.3.9_2.11:0.1.14))
Sending msg to client play-fork-run-77c0e330-96ba-44fb-a741-c5c6975315fa: TaskLogEvent(2474,LogMessage(info,echo-trace-akka jar for Inspect is on the echo:run classpath com.typesafe.trace:echo-trace-akka-2.3.9_2.11:0.1.14))
Sending msg to client play-fork-run-77c0e330-96ba-44fb-a741-c5c6975315fa: TaskLogEvent(2474,LogMessage(info,Read from stdout: echo-trace-play jar for Inspect is on the echo:run classpath com.typesafe.trace:echo-trace-play-2.3.8_2.11:0.1.14))
Sending msg to client play-fork-run-77c0e330-96ba-44fb-a741-c5c6975315fa: TaskLogEvent(2474,LogMessage(info,echo-trace-play jar for Inspect is on the echo:run classpath com.typesafe.trace:echo-trace-play-2.3.8_2.11:0.1.14))
Sending msg to client play-fork-run-77c0e330-96ba-44fb-a741-c5c6975315fa: TaskFinished(33,2423,Some(AttributeKey[sbt.Configuration]("classpathConfiguration") in Scope(Build: file:/C:/Users/Sergio/workspace/Trivial4b/web/, , Project: ProjectReference(file:/C:/Users/Sergio/workspace/Trivial4b/web/,root), Config: runtime)),true,None)
Sending msg to client play-fork-run-77c0e330-96ba-44fb-a741-c5c6975315fa: TaskStarted(33,2422,None)
Sending msg to client play-fork-run-77c0e330-96ba-44fb-a741-c5c6975315fa: TaskFinished(33,2474,Some(AttributeKey[scala.collection.Seq[sbt.Attributed[java.io.File]]]("managedClasspath") in Scope(Build: file:/C:/Users/Sergio/workspace/Trivial4b/web/, , Project: ProjectReference(file:/C:/Users/Sergio/workspace/Trivial4b/web/,root), Config: echo)),true,None)
Sending msg to client play-fork-run-77c0e330-96ba-44fb-a741-c5c6975315fa: TaskStarted(33,2467,Some(AttributeKey[scala.collection.Seq[sbt.Attributed[java.io.File]]]("managedClasspath") in Scope(Build: file:/C:/Users/Sergio/workspace/Trivial4b/web/, , Project: ProjectReference(file:/C:/Users/Sergio/workspace/Trivial4b/web/,root), Config: echo)))
Sending msg to client play-fork-run-77c0e330-96ba-44fb-a741-c5c6975315fa: TaskFinished(33,2467,Some(AttributeKey[scala.collection.Seq[sbt.Attributed[java.io.File]]]("managedClasspath") in Scope(Build: file:/C:/Users/Sergio/workspace/Trivial4b/web/, , Project: ProjectReference(file:/C:/Users/Sergio/workspace/Trivial4b/web/,root), Config: echo)),true,None)
Sending msg to client play-fork-run-77c0e330-96ba-44fb-a741-c5c6975315fa: TaskStarted(33,2466,Some(AttributeKey[scala.collection.Seq[sbt.Attributed[java.io.File]]]("externalDependencyClasspath") in Scope(Build: file:/C:/Users/Sergio/workspace/Trivial4b/web/, , Project: ProjectReference(file:/C:/Users/Sergio/workspace/Trivial4b/web/,root), Config: echo)))
Sending msg to client play-fork-run-77c0e330-96ba-44fb-a741-c5c6975315fa: TaskFinished(33,2422,None,true,None)
Sending msg to client play-fork-run-77c0e330-96ba-44fb-a741-c5c6975315fa: TaskStarted(33,2421,Some(AttributeKey[scala.collection.Seq[sbt.Attributed[java.io.File]]]("managedClasspath") in Scope(Build: file:/C:/Users/Sergio/workspace/Trivial4b/web/, , Project: ProjectReference(file:/C:/Users/Sergio/workspace/Trivial4b/web/,root), Config: runtime)))
Sending msg to client play-fork-run-77c0e330-96ba-44fb-a741-c5c6975315fa: BackgroundJobLogEvent(5,LogMessage(info,echo-trace-akka jar for Inspect is on the echo:run classpath com.typesafe.trace:echo-trace-akka-2.3.9_2.11:0.1.14))
Sending msg to client play-fork-run-77c0e330-96ba-44fb-a741-c5c6975315fa: BackgroundJobLogEvent(5,LogMessage(info,echo-trace-play jar for Inspect is on the echo:run classpath com.typesafe.trace:echo-trace-play-2.3.8_2.11:0.1.14))
Sending msg to client play-fork-run-77c0e330-96ba-44fb-a741-c5c6975315fa: TaskFinished(33,2421,Some(AttributeKey[scala.collection.Seq[sbt.Attributed[java.io.File]]]("managedClasspath") in Scope(Build: file:/C:/Users/Sergio/workspace/Trivial4b/web/, , Project: ProjectReference(file:/C:/Users/Sergio/workspace/Trivial4b/web/,root), Config: runtime)),true,None)
Sending msg to client play-fork-run-77c0e330-96ba-44fb-a741-c5c6975315fa: TaskStarted(33,2415,None)
Sending msg to client play-fork-run-77c0e330-96ba-44fb-a741-c5c6975315fa: TaskFinished(33,2466,Some(AttributeKey[scala.collection.Seq[sbt.Attributed[java.io.File]]]("externalDependencyClasspath") in Scope(Build: file:/C:/Users/Sergio/workspace/Trivial4b/web/, , Project: ProjectReference(file:/C:/Users/Sergio/workspace/Trivial4b/web/,root), Config: echo)),true,None)
Sending msg to client play-fork-run-77c0e330-96ba-44fb-a741-c5c6975315fa: TaskFinished(33,2415,None,true,None)
Sending msg to client play-fork-run-77c0e330-96ba-44fb-a741-c5c6975315fa: TaskStarted(33,2412,Some(AttributeKey[scala.collection.Seq[sbt.Attributed[java.io.File]]]("playDependencyClasspath") in Scope(Build: file:/C:/Users/Sergio/workspace/Trivial4b/web/, , Project: ProjectReference(file:/C:/Users/Sergio/workspace/Trivial4b/web/,root))))
Sending msg to client play-fork-run-77c0e330-96ba-44fb-a741-c5c6975315fa: TaskFinished(33,2412,Some(AttributeKey[scala.collection.Seq[sbt.Attributed[java.io.File]]]("playDependencyClasspath") in Scope(Build: file:/C:/Users/Sergio/workspace/Trivial4b/web/, , Project: ProjectReference(file:/C:/Users/Sergio/workspace/Trivial4b/web/,root))),true,None)
Sending msg to client play-fork-run-77c0e330-96ba-44fb-a741-c5c6975315fa: TaskStarted(33,2404,Some(AttributeKey[play.forkrun.protocol.ForkConfig]("playForkConfig") in Scope(Build: file:/C:/Users/Sergio/workspace/Trivial4b/web/, , Project: ProjectReference(file:/C:/Users/Sergio/workspace/Trivial4b/web/,root))))
Sending msg to client play-fork-run-77c0e330-96ba-44fb-a741-c5c6975315fa: TaskFinished(33,2404,Some(AttributeKey[play.forkrun.protocol.ForkConfig]("playForkConfig") in Scope(Build: file:/C:/Users/Sergio/workspace/Trivial4b/web/, , Project: ProjectReference(file:/C:/Users/Sergio/workspace/Trivial4b/web/,root))),true,None)
Sending msg to client play-fork-run-77c0e330-96ba-44fb-a741-c5c6975315fa: TaskStarted(33,2403,Some(AttributeKey[play.forkrun.protocol.ForkConfig]("playForkConfig") in Scope(Build: file:/C:/Users/Sergio/workspace/Trivial4b/web/, , Project: ProjectReference(file:/C:/Users/Sergio/workspace/Trivial4b/web/,root), Config: echo)))
Sending msg to client play-fork-run-77c0e330-96ba-44fb-a741-c5c6975315fa: TaskFinished(33,2403,Some(AttributeKey[play.forkrun.protocol.ForkConfig]("playForkConfig") in Scope(Build: file:/C:/Users/Sergio/workspace/Trivial4b/web/, , Project: ProjectReference(file:/C:/Users/Sergio/workspace/Trivial4b/web/,root), Config: echo)),true,None)
Sending msg to client play-fork-run-77c0e330-96ba-44fb-a741-c5c6975315fa: ValueChanged(AttributeKey[play.forkrun.protocol.ForkConfig]("playForkConfig") in Scope(Build: file:/C:/Users/Sergio/workspace/Trivial4b/web/, , Project: ProjectReference(file:/C:/Users/Sergio/workspace/Trivial4b/web/,root), Config: echo),TaskSuccess(BuildValue(LazyValue(ForkConfig(C:\Users\Sergio\workspace\Trivial4b\web,List(),List(C:\Users\Sergio\workspace\Trivial4b\web\lib\hsqldb.jar, C:\Users\Sergio\workspace\Trivial4b\web\lib\mongo-java-driver-2.13.1.jar, C:\Users\Sergio\.ivy2\cache\com.typesafe.play\twirl-api_2.11\jars\twirl-api_2.11-1.0.2.jar, C:\Users\Sergio\.ivy2\cache\org.apache.commons\commons-lang3\jars\commons-lang3-3.1.jar, C:\Users\Sergio\.ivy2\cache\org.scala-lang.modules\scala-xml_2.11\bundles\scala-xml_2.11-1.0.1.jar, C:\Users\Sergio\.ivy2\cache\com.typesafe.play\play_2.11\jars\play_2.11-2.3.8.jar, C:\Users\Sergio\.ivy2\cache\com.typesafe.play\build-link\jars\build-link-2.3.8.jar, C:\Users\Sergio\.ivy2\cache\com.typesafe.play\play-exceptions\jars\play-exceptions-2.3.8.jar, C:\Users\Sergio\.ivy2\cache\com.typesafe.play\play-iteratees_2.11\jars\play-iteratees_2.11-2.3.8.jar, C:\Users\Sergio\.ivy2\cache\org.scala-stm\scala-stm_2.11\jars\scala-stm_2.11-0.7.jar, C:\Users\Sergio\.ivy2\cache\com.typesafe\config\bundles\config-1.2.1.jar, C:\Users\Sergio\.ivy2\cache\com.typesafe.play\play-json_2.11\jars\play-json_2.11-2.3.8.jar, C:\Users\Sergio\.ivy2\cache\com.typesafe.play\play-functional_2.11\jars\play-functional_2.11-2.3.8.jar, C:\Users\Sergio\.ivy2\cache\com.typesafe.play\play-datacommons_2.11\jars\play-datacommons_2.11-2.3.8.jar, C:\Users\Sergio\.ivy2\cache\joda-time\joda-time\jars\joda-time-2.3.jar, C:\Users\Sergio\.ivy2\cache\org.joda\joda-convert\jars\joda-convert-1.6.jar, C:\Users\Sergio\.ivy2\cache\com.fasterxml.jackson.core\jackson-annotations\bundles\jackson-annotations-2.3.2.jar, C:\Users\Sergio\.ivy2\cache\com.fasterxml.jackson.core\jackson-core\bundles\jackson-core-2.3.2.jar, C:\Users\Sergio\.ivy2\cache\com.fasterxml.jackson.core\jackson-databind\bundles\jackson-databind-2.3.2.jar, C:\Users\Sergio\.ivy2\cache\org.scala-lang\scala-reflect\jars\scala-reflect-2.11.1.jar, C:\Users\Sergio\.ivy2\cache\org.scala-lang.modules\scala-parser-combinators_2.11\bundles\scala-parser-combinators_2.11-1.0.1.jar, C:\Users\Sergio\.ivy2\cache\io.netty\netty\bundles\netty-3.9.3.Final.jar, C:\Users\Sergio\.ivy2\cache\com.typesafe.netty\netty-http-pipelining\jars\netty-http-pipelining-1.1.2.jar, C:\Users\Sergio\.ivy2\cache\org.slf4j\slf4j-api\jars\slf4j-api-1.7.6.jar, C:\Users\Sergio\.ivy2\cache\org.slf4j\jul-to-slf4j\jars\jul-to-slf4j-1.7.6.jar, C:\Users\Sergio\.ivy2\cache\org.slf4j\jcl-over-slf4j\jars\jcl-over-slf4j-1.7.6.jar, C:\Users\Sergio\.ivy2\cache\ch.qos.logback\logback-core\jars\logback-core-1.1.1.jar, C:\Users\Sergio\.ivy2\cache\ch.qos.logback\logback-classic\jars\logback-classic-1.1.1.jar, C:\Users\Sergio\.ivy2\cache\commons-codec\commons-codec\jars\commons-codec-1.9.jar, C:\Users\Sergio\.ivy2\cache\xerces\xercesImpl\jars\xercesImpl-2.11.0.jar, C:\Users\Sergio\.ivy2\cache\xml-apis\xml-apis\jars\xml-apis-1.4.01.jar, C:\Users\Sergio\.ivy2\cache\javax.transaction\jta\jars\jta-1.1.jar, C:\Users\Sergio\.ivy2\cache\com.typesafe.play\play-java_2.11\jars\play-java_2.11-2.3.8.jar, C:\Users\Sergio\.ivy2\cache\org.yaml\snakeyaml\bundles\snakeyaml-1.13.jar, C:\Users\Sergio\.ivy2\cache\org.hibernate\hibernate-validator\jars\hibernate-validator-5.0.3.Final.jar, C:\Users\Sergio\.ivy2\cache\javax.validation\validation-api\jars\validation-api-1.1.0.Final.jar, C:\Users\Sergio\.ivy2\cache\com.fasterxml\classmate\bundles\classmate-1.0.0.jar, C:\Users\Sergio\.ivy2\cache\org.jboss.logging\jboss-logging\jars\jboss-logging-3.2.0.Final.jar, C:\Users\Sergio\.ivy2\cache\org.springframework\spring-context\jars\spring-context-4.0.3.RELEASE.jar, C:\Users\Sergio\.ivy2\cache\org.springframework\spring-core\jars\spring-core-4.0.3.RELEASE.jar, C:\Users\Sergio\.ivy2\cache\org.springframework\spring-beans\jars\spring-beans-4.0.3.RELEASE.jar, C:\Users\Sergio\.ivy2\cache\org.javassist\javassist\bundles\javassist-3.19.0-GA.jar, C:\Users\Sergio\.ivy2\cache\org.reflections\reflections\jars\reflections-0.9.8.jar, C:\Users\Sergio\.ivy2\cache\com.google.guava\guava\bundles\guava-16.0.1.jar, C:\Users\Sergio\.ivy2\cache\dom4j\dom4j\jars\dom4j-1.6.1.jar, C:\Users\Sergio\.ivy2\cache\com.google.code.findbugs\jsr305\jars\jsr305-2.0.3.jar, C:\Users\Sergio\.ivy2\cache\org.apache.tomcat\tomcat-servlet-api\jars\tomcat-servlet-api-8.0.5.jar, C:\Users\Sergio\.ivy2\cache\com.typesafe.play\play-java-jdbc_2.11\jars\play-java-jdbc_2.11-2.3.8.jar, C:\Users\Sergio\.ivy2\cache\com.typesafe.play\play-jdbc_2.11\jars\play-jdbc_2.11-2.3.8.jar, C:\Users\Sergio\.ivy2\cache\com.jolbox\bonecp\bundles\bonecp-0.8.0.RELEASE.jar, C:\Users\Sergio\.ivy2\cache\com.h2database\h2\jars\h2-1.3.175.jar, C:\Users\Sergio\.ivy2\cache\tyrex\tyrex\jars\tyrex-1.0.1.jar, C:\Users\Sergio\.ivy2\cache\com.typesafe.play\play-java-ebean_2.11\jars\play-java-ebean_2.11-2.3.8.jar, C:\Users\Sergio\.ivy2\cache\org.avaje.ebeanorm\avaje-ebeanorm\jars\avaje-ebeanorm-3.3.4.jar, C:\Users\Sergio\.ivy2\cache\org.avaje.ebeanorm\avaje-ebeanorm-agent\jars\avaje-ebeanorm-agent-3.2.2.jar, C:\Users\Sergio\.ivy2\cache\org.hibernate.javax.persistence\hibernate-jpa-2.0-api\jars\hibernate-jpa-2.0-api-1.0.1.Final.jar, C:\Users\Sergio\.ivy2\cache\com.typesafe.play\play-cache_2.11\jars\play-cache_2.11-2.3.8.jar, C:\Users\Sergio\.ivy2\cache\net.sf.ehcache\ehcache-core\jars\ehcache-core-2.6.8.jar, C:\Users\Sergio\.ivy2\cache\com.typesafe.play\play-java-ws_2.11\jars\play-java-ws_2.11-2.3.8.jar, C:\Users\Sergio\.ivy2\cache\com.typesafe.play\play-ws_2.11\jars\play-ws_2.11-2.3.8.jar, C:\Users\Sergio\.ivy2\cache\com.ning\async-http-client\jars\async-http-client-1.8.15.jar, C:\Users\Sergio\.ivy2\cache\oauth.signpost\signpost-core\jars\signpost-core-1.2.1.2.jar, C:\Users\Sergio\.ivy2\cache\oauth.signpost\signpost-commonshttp4\jars\signpost-commonshttp4-1.2.1.2.jar, C:\Users\Sergio\.ivy2\cache\org.apache.httpcomponents\httpcore\jars\httpcore-4.0.1.jar, C:\Users\Sergio\.ivy2\cache\org.apache.httpcomponents\httpclient\jars\httpclient-4.0.1.jar, C:\Users\Sergio\.ivy2\cache\commons-logging\commons-logging\jars\commons-logging-1.1.1.jar, C:\Users\Sergio\.ivy2\cache\com.typesafe.play\play-java-jpa_2.11\jars\play-java-jpa_2.11-2.3.8.jar, C:\Users\Sergio\.ivy2\cache\org.hibernate\hibernate-entitymanager\jars\hibernate-entitymanager-4.3.8.Final.jar, C:\Users\Sergio\.ivy2\cache\org.jboss.logging\jboss-logging-annotations\jars\jboss-logging-annotations-1.2.0.Beta1.jar, C:\Users\Sergio\.ivy2\cache\org.hibernate\hibernate-core\jars\hibernate-core-4.3.8.Final.jar, C:\Users\Sergio\.ivy2\cache\org.jboss.spec.javax.transaction\jboss-transaction-api_1.2_spec\jars\jboss-transaction-api_1.2_spec-1.0.0.Final.jar, C:\Users\Sergio\.ivy2\cache\org.hibernate.common\hibernate-commons-annotations\jars\hibernate-commons-annotations-4.0.5.Final.jar, C:\Users\Sergio\.ivy2\cache\org.hibernate.javax.persistence\hibernate-jpa-2.1-api\jars\hibernate-jpa-2.1-api-1.0.0.Final.jar, C:\Users\Sergio\.ivy2\cache\antlr\antlr\jars\antlr-2.7.7.jar, C:\Users\Sergio\.ivy2\cache\org.jboss\jandex\jars\jandex-1.1.0.Final.jar, C:\Users\Sergio\.ivy2\cache\com.typesafe.trace\echo-trace-play-2.3.8_2.11\jars\echo-trace-play-2.3.8_2.11-0.1.14.jar, C:\Users\Sergio\.ivy2\cache\org.scala-lang\scala-library\jars\scala-library-2.11.5.jar, C:\Users\Sergio\.ivy2\cache\com.typesafe.trace\echo-trace-akka-2.3.9_2.11\jars\echo-trace-akka-2.3.9_2.11-0.1.14.jar, C:\Users\Sergio\.ivy2\cache\com.typesafe.trace\echo-trace-scala-protobuf25-2.11\jars\echo-trace-scala-protobuf25-2.11-0.1.14.jar, C:\Users\Sergio\.ivy2\cache\com.typesafe.trace\echo-trace211-protobuf25_2.11\jars\echo-trace211-protobuf25_2.11-0.1.14.jar, C:\Users\Sergio\.ivy2\cache\com.typesafe.trace\echo-event211-protobuf25_2.11\jars\echo-event211-protobuf25_2.11-0.1.14.jar, C:\Users\Sergio\.ivy2\cache\com.typesafe.trace\echo-trace-protocol-protobuf25\jars\echo-trace-protocol-protobuf25-0.1.14.jar, C:\Users\Sergio\.ivy2\cache\com.google.protobuf\protobuf-java\bundles\protobuf-java-2.5.0.jar, C:\Users\Sergio\.ivy2\cache\org.aspectj\aspectjrt\jars\aspectjrt-1.8.4.jar, C:\Users\Sergio\.ivy2\cache\com.typesafe.akka\akka-actor_2.11\jars\akka-actor_2.11-2.3.9.jar, C:\Users\Sergio\.ivy2\cache\com.typesafe.akka\akka-remote_2.11\jars\akka-remote_2.11-2.3.9.jar, C:\Users\Sergio\.ivy2\cache\org.uncommons.maths\uncommons-maths\jars\uncommons-maths-1.2.2a.jar, C:\Users\Sergio\.ivy2\cache\com.typesafe.akka\akka-slf4j_2.11\jars\akka-slf4j_2.11-2.3.9.jar, C:\Users\Sergio\.ivy2\cache\org.fusesource\sigar\jars\sigar-1.6.4.jar, C:\Users\Sergio\.ivy2\cache\log4j\log4j\jars\log4j-1.2.15.jar, C:\Users\Sergio\.ivy2\cache\com.typesafe.trace\echo-trace-play-common\jars\echo-trace-play-common-0.1.14.jar, C:\Users\Sergio\workspace\Trivial4b\web\target\echo\conf\trace),List((public/,C:\Users\Sergio\workspace\Trivial4b\web\target\web\public\main)),List(C:\Users\Sergio\.ivy2\cache\com.typesafe.play\play-docs_2.11\jars\play-docs_2.11-2.3.8.jar, C:\Users\Sergio\.ivy2\cache\org.scala-lang\scala-library\jars\scala-library-2.11.1.jar, C:\Users\Sergio\.ivy2\cache\com.typesafe.play\play_2.11\jars\play_2.11-2.3.8.jar, C:\Users\Sergio\.ivy2\cache\com.typesafe.play\build-link\jars\build-link-2.3.8.jar, C:\Users\Sergio\.ivy2\cache\com.typesafe.play\play-exceptions\jars\play-exceptions-2.3.8.jar, C:\Users\Sergio\.ivy2\cache\org.javassist\javassist\bundles\javassist-3.18.2-GA.jar, C:\Users\Sergio\.ivy2\cache\com.typesafe.play\play-iteratees_2.11\jars\play-iteratees_2.11-2.3.8.jar, C:\Users\Sergio\.ivy2\cache\org.scala-stm\scala-stm_2.11\jars\scala-stm_2.11-0.7.jar, C:\Users\Sergio\.ivy2\cache\com.typesafe\config\bundles\config-1.2.1.jar, C:\Users\Sergio\.ivy2\cache\com.typesafe.play\play-json_2.11\jars\play-json_2.11-2.3.8.jar, C:\Users\Sergio\.ivy2\cache\com.typesafe.play\play-functional_2.11\jars\play-functional_2.11-2.3.8.jar, C:\Users\Sergio\.ivy2\cache\com.typesafe.play\play-datacommons_2.11\jars\play-datacommons_2.11-2.3.8.jar, C:\Users\Sergio\.ivy2\cache\joda-time\joda-time\jars\joda-time-2.3.jar, C:\Users\Sergio\.ivy2\cache\org.joda\joda-convert\jars\joda-convert-1.6.jar, C:\Users\Sergio\.ivy2\cache\com.fasterxml.jackson.core\jackson-annotations\bundles\jackson-annotations-2.3.2.jar, C:\Users\Sergio\.ivy2\cache\com.fasterxml.jackson.core\jackson-core\bundles\jackson-core-2.3.2.jar, C:\Users\Sergio\.ivy2\cache\com.fasterxml.jackson.core\jackson-databind\bundles\jackson-databind-2.3.2.jar, C:\Users\Sergio\.ivy2\cache\org.scala-lang\scala-reflect\jars\scala-reflect-2.11.1.jar, C:\Users\Sergio\.ivy2\cache\com.typesafe.play\twirl-api_2.11\jars\twirl-api_2.11-1.0.2.jar, C:\Users\Sergio\.ivy2\cache\org.apache.commons\commons-lang3\jars\commons-lang3-3.1.jar, C:\Users\Sergio\.ivy2\cache\org.scala-lang.modules\scala-xml_2.11\bundles\scala-xml_2.11-1.0.1.jar, C:\Users\Sergio\.ivy2\cache\org.scala-lang.modules\scala-parser-combinators_2.11\bundles\scala-parser-combinators_2.11-1.0.1.jar, C:\Users\Sergio\.ivy2\cache\io.netty\netty\bundles\netty-3.9.3.Final.jar, C:\Users\Sergio\.ivy2\cache\com.typesafe.netty\netty-http-pipelining\jars\netty-http-pipelining-1.1.2.jar, C:\Users\Sergio\.ivy2\cache\org.slf4j\slf4j-api\jars\slf4j-api-1.7.6.jar, C:\Users\Sergio\.ivy2\cache\org.slf4j\jul-to-slf4j\jars\jul-to-slf4j-1.7.6.jar, C:\Users\Sergio\.ivy2\cache\org.slf4j\jcl-over-slf4j\jars\jcl-over-slf4j-1.7.6.jar, C:\Users\Sergio\.ivy2\cache\ch.qos.logback\logback-core\jars\logback-core-1.1.1.jar, C:\Users\Sergio\.ivy2\cache\ch.qos.logback\logback-classic\jars\logback-classic-1.1.1.jar, C:\Users\Sergio\.ivy2\cache\com.typesafe.akka\akka-actor_2.11\jars\akka-actor_2.11-2.3.4.jar, C:\Users\Sergio\.ivy2\cache\com.typesafe.akka\akka-slf4j_2.11\jars\akka-slf4j_2.11-2.3.4.jar, C:\Users\Sergio\.ivy2\cache\commons-codec\commons-codec\jars\commons-codec-1.9.jar, C:\Users\Sergio\.ivy2\cache\xerces\xercesImpl\jars\xercesImpl-2.11.0.jar, C:\Users\Sergio\.ivy2\cache\xml-apis\xml-apis\jars\xml-apis-1.4.01.jar, C:\Users\Sergio\.ivy2\cache\javax.transaction\jta\jars\jta-1.1.jar, C:\Users\Sergio\.ivy2\cache\com.typesafe.play\play-doc_2.11\jars\play-doc_2.11-1.1.0.jar, C:\Users\Sergio\.ivy2\cache\org.pegdown\pegdown\jars\pegdown-1.4.0.jar, C:\Users\Sergio\.ivy2\cache\org.parboiled\parboiled-java\bundles\parboiled-java-1.1.5.jar, C:\Users\Sergio\.ivy2\cache\org.parboiled\parboiled-core\bundles\parboiled-core-1.1.5.jar, C:\Users\Sergio\.ivy2\cache\org.ow2.asm\asm\jars\asm-4.1.jar, C:\Users\Sergio\.ivy2\cache\org.ow2.asm\asm-tree\jars\asm-tree-4.1.jar, C:\Users\Sergio\.ivy2\cache\org.ow2.asm\asm-analysis\jars\asm-analysis-4.1.jar, C:\Users\Sergio\.ivy2\cache\org.ow2.asm\asm-util\jars\asm-util-4.1.jar, C:\Users\Sergio\.ivy2\cache\commons-io\commons-io\jars\commons-io-2.4.jar),List(),9000,DefaultWatchService,List(C:\Users\Sergio\workspace\Trivial4b\web\app-2.11, C:\Users\Sergio\workspace\Trivial4b\web\app, C:\Users\Sergio\workspace\Trivial4b\web\conf, C:\Users\Sergio\workspace\Trivial4b\web\app\assets, C:\Users\Sergio\workspace\Trivial4b\web\public),C:\Users\Sergio\workspace\Trivial4b\web\target,500,root/playForkNotifyStart,root/playForkReload,300000),scala.pickling.PicklerUnpickler$DelegatingPicklerUnpickler@4cbb3d30),ForkConfig(C:\Users\Sergio\workspace\Trivial4b\web,List(),List(C:\Users\Sergio\workspace\Trivial4b\web\lib\hsqldb.jar, C:\Users\Sergio\workspace\Trivial4b\web\lib\mongo-java-driver-2.13.1.jar, C:\Users\Sergio\.ivy2\cache\com.typesafe.play\twirl-api_2.11\jars\twirl-api_2.11-1.0.2.jar, C:\Users\Sergio\.ivy2\cache\org.apache.commons\commons-lang3\jars\commons-lang3-3.1.jar, C:\Users\Sergio\.ivy2\cache\org.scala-lang.modules\scala-xml_2.11\bundles\scala-xml_2.11-1.0.1.jar, C:\Users\Sergio\.ivy2\cache\com.typesafe.play\play_2.11\jars\play_2.11-2.3.8.jar, C:\Users\Sergio\.ivy2\cache\com.typesafe.play\build-link\jars\build-link-2.3.8.jar, C:\Users\Sergio\.ivy2\cache\com.typesafe.play\play-exceptions\jars\play-exceptions-2.3.8.jar, C:\Users\Sergio\.ivy2\cache\com.typesafe.play\play-iteratees_2.11\jars\play-iteratees_2.11-2.3.8.jar, C:\Users\Sergio\.ivy2\cache\org.scala-stm\scala-stm_2.11\jars\scala-stm_2.11-0.7.jar, C:\Users\Sergio\.ivy2\cache\com.typesafe\config\bundles\config-1.2.1.jar, C:\Users\Sergio\.ivy2\cache\com.typesafe.play\play-json_2.11\jars\play-json_2.11-2.3.8.jar, C:\Users\Sergio\.ivy2\cache\com.typesafe.play\play-functional_2.11\jars\play-functional_2.11-2.3.8.jar, C:\Users\Sergio\.ivy2\cache\com.typesafe.play\play-datacommons_2.11\jars\play-datacommons_2.11-2.3.8.jar, C:\Users\Sergio\.ivy2\cache\joda-time\joda-time\jars\joda-time-2.3.jar, C:\Users\Sergio\.ivy2\cache\org.joda\joda-convert\jars\joda-convert-1.6.jar, C:\Users\Sergio\.ivy2\cache\com.fasterxml.jackson.core\jackson-annotations\bundles\jackson-annotations-2.3.2.jar, C:\Users\Sergio\.ivy2\cache\com.fasterxml.jackson.core\jackson-core\bundles\jackson-core-2.3.2.jar, C:\Users\Sergio\.ivy2\cache\com.fasterxml.jackson.core\jackson-databind\bundles\jackson-databind-2.3.2.jar, C:\Users\Sergio\.ivy2\cache\org.scala-lang\scala-reflect\jars\scala-reflect-2.11.1.jar, C:\Users\Sergio\.ivy2\cache\org.scala-lang.modules\scala-parser-combinators_2.11\bundles\scala-parser-combinators_2.11-1.0.1.jar, C:\Users\Sergio\.ivy2\cache\io.netty\netty\bundles\netty-3.9.3.Final.jar, C:\Users\Sergio\.ivy2\cache\com.typesafe.netty\netty-http-pipelining\jars\netty-http-pipelining-1.1.2.jar, C:\Users\Sergio\.ivy2\cache\org.slf4j\slf4j-api\jars\slf4j-api-1.7.6.jar, C:\Users\Sergio\.ivy2\cache\org.slf4j\jul-to-slf4j\jars\jul-to-slf4j-1.7.6.jar, C:\Users\Sergio\.ivy2\cache\org.slf4j\jcl-over-slf4j\jars\jcl-over-slf4j-1.7.6.jar, C:\Users\Sergio\.ivy2\cache\ch.qos.logback\logback-core\jars\logback-core-1.1.1.jar, C:\Users\Sergio\.ivy2\cache\ch.qos.logback\logback-classic\jars\logback-classic-1.1.1.jar, C:\Users\Sergio\.ivy2\cache\commons-codec\commons-codec\jars\commons-codec-1.9.jar, C:\Users\Sergio\.ivy2\cache\xerces\xercesImpl\jars\xercesImpl-2.11.0.jar, C:\Users\Sergio\.ivy2\cache\xml-apis\xml-apis\jars\xml-apis-1.4.01.jar, C:\Users\Sergio\.ivy2\cache\javax.transaction\jta\jars\jta-1.1.jar, C:\Users\Sergio\.ivy2\cache\com.typesafe.play\play-java_2.11\jars\play-java_2.11-2.3.8.jar, C:\Users\Sergio\.ivy2\cache\org.yaml\snakeyaml\bundles\snakeyaml-1.13.jar, C:\Users\Sergio\.ivy2\cache\org.hibernate\hibernate-validator\jars\hibernate-validator-5.0.3.Final.jar, C:\Users\Sergio\.ivy2\cache\javax.validation\validation-api\jars\validation-api-1.1.0.Final.jar, C:\Users\Sergio\.ivy2\cache\com.fasterxml\classmate\bundles\classmate-1.0.0.jar, C:\Users\Sergio\.ivy2\cache\org.jboss.logging\jboss-logging\jars\jboss-logging-3.2.0.Final.jar, C:\Users\Sergio\.ivy2\cache\org.springframework\spring-context\jars\spring-context-4.0.3.RELEASE.jar, C:\Users\Sergio\.ivy2\cache\org.springframework\spring-core\jars\spring-core-4.0.3.RELEASE.jar, C:\Users\Sergio\.ivy2\cache\org.springframework\spring-beans\jars\spring-beans-4.0.3.RELEASE.jar, C:\Users\Sergio\.ivy2\cache\org.javassist\javassist\bundles\javassist-3.19.0-GA.jar, C:\Users\Sergio\.ivy2\cache\org.reflections\reflections\jars\reflections-0.9.8.jar, C:\Users\Sergio\.ivy2\cache\com.google.guava\guava\bundles\guava-16.0.1.jar, C:\Users\Sergio\.ivy2\cache\dom4j\dom4j\jars\dom4j-1.6.1.jar, C:\Users\Sergio\.ivy2\cache\com.google.code.findbugs\jsr305\jars\jsr305-2.0.3.jar, C:\Users\Sergio\.ivy2\cache\org.apache.tomcat\tomcat-servlet-api\jars\tomcat-servlet-api-8.0.5.jar, C:\Users\Sergio\.ivy2\cache\com.typesafe.play\play-java-jdbc_2.11\jars\play-java-jdbc_2.11-2.3.8.jar, C:\Users\Sergio\.ivy2\cache\com.typesafe.play\play-jdbc_2.11\jars\play-jdbc_2.11-2.3.8.jar, C:\Users\Sergio\.ivy2\cache\com.jolbox\bonecp\bundles\bonecp-0.8.0.RELEASE.jar, C:\Users\Sergio\.ivy2\cache\com.h2database\h2\jars\h2-1.3.175.jar, C:\Users\Sergio\.ivy2\cache\tyrex\tyrex\jars\tyrex-1.0.1.jar, C:\Users\Sergio\.ivy2\cache\com.typesafe.play\play-java-ebean_2.11\jars\play-java-ebean_2.11-2.3.8.jar, C:\Users\Sergio\.ivy2\cache\org.avaje.ebeanorm\avaje-ebeanorm\jars\avaje-ebeanorm-3.3.4.jar, C:\Users\Sergio\.ivy2\cache\org.avaje.ebeanorm\avaje-ebeanorm-agent\jars\avaje-ebeanorm-agent-3.2.2.jar, C:\Users\Sergio\.ivy2\cache\org.hibernate.javax.persistence\hibernate-jpa-2.0-api\jars\hibernate-jpa-2.0-api-1.0.1.Final.jar, C:\Users\Sergio\.ivy2\cache\com.typesafe.play\play-cache_2.11\jars\play-cache_2.11-2.3.8.jar, C:\Users\Sergio\.ivy2\cache\net.sf.ehcache\ehcache-core\jars\ehcache-core-2.6.8.jar, C:\Users\Sergio\.ivy2\cache\com.typesafe.play\play-java-ws_2.11\jars\play-java-ws_2.11-2.3.8.jar, C:\Users\Sergio\.ivy2\cache\com.typesafe.play\play-ws_2.11\jars\play-ws_2.11-2.3.8.jar, C:\Users\Sergio\.ivy2\cache\com.ning\async-http-client\jars\async-http-client-1.8.15.jar, C:\Users\Sergio\.ivy2\cache\oauth.signpost\signpost-core\jars\signpost-core-1.2.1.2.jar, C:\Users\Sergio\.ivy2\cache\oauth.signpost\signpost-commonshttp4\jars\signpost-commonshttp4-1.2.1.2.jar, C:\Users\Sergio\.ivy2\cache\org.apache.httpcomponents\httpcore\jars\httpcore-4.0.1.jar, C:\Users\Sergio\.ivy2\cache\org.apache.httpcomponents\httpclient\jars\httpclient-4.0.1.jar, C:\Users\Sergio\.ivy2\cache\commons-logging\commons-logging\jars\commons-logging-1.1.1.jar, C:\Users\Sergio\.ivy2\cache\com.typesafe.play\play-java-jpa_2.11\jars\play-java-jpa_2.11-2.3.8.jar, C:\Users\Sergio\.ivy2\cache\org.hibernate\hibernate-entitymanager\jars\hibernate-entitymanager-4.3.8.Final.jar, C:\Users\Sergio\.ivy2\cache\org.jboss.logging\jboss-logging-annotations\jars\jboss-logging-annotations-1.2.0.Beta1.jar, C:\Users\Sergio\.ivy2\cache\org.hibernate\hibernate-core\jars\hibernate-core-4.3.8.Final.jar, C:\Users\Sergio\.ivy2\cache\org.jboss.spec.javax.transaction\jboss-transaction-api_1.2_spec\jars\jboss-transaction-api_1.2_spec-1.0.0.Final.jar, C:\Users\Sergio\.ivy2\cache\org.hibernate.common\hibernate-commons-annotations\jars\hibernate-commons-annotations-4.0.5.Final.jar, C:\Users\Sergio\.ivy2\cache\org.hibernate.javax.persistence\hibernate-jpa-2.1-api\jars\hibernate-jpa-2.1-api-1.0.0.Final.jar, C:\Users\Sergio\.ivy2\cache\antlr\antlr\jars\antlr-2.7.7.jar, C:\Users\Sergio\.ivy2\cache\org.jboss\jandex\jars\jandex-1.1.0.Final.jar, C:\Users\Sergio\.ivy2\cache\com.typesafe.trace\echo-trace-play-2.3.8_2.11\jars\echo-trace-play-2.3.8_2.11-0.1.14.jar, C:\Users\Sergio\.ivy2\cache\org.scala-lang\scala-library\jars\scala-library-2.11.5.jar, C:\Users\Sergio\.ivy2\cache\com.typesafe.trace\echo-trace-akka-2.3.9_2.11\jars\echo-trace-akka-2.3.9_2.11-0.1.14.jar, C:\Users\Sergio\.ivy2\cache\com.typesafe.trace\echo-trace-scala-protobuf25-2.11\jars\echo-trace-scala-protobuf25-2.11-0.1.14.jar, C:\Users\Sergio\.ivy2\cache\com.typesafe.trace\echo-trace211-protobuf25_2.11\jars\echo-trace211-protobuf25_2.11-0.1.14.jar, C:\Users\Sergio\.ivy2\cache\com.typesafe.trace\echo-event211-protobuf25_2.11\jars\echo-event211-protobuf25_2.11-0.1.14.jar, C:\Users\Sergio\.ivy2\cache\com.typesafe.trace\echo-trace-protocol-protobuf25\jars\echo-trace-protocol-protobuf25-0.1.14.jar, C:\Users\Sergio\.ivy2\cache\com.google.protobuf\protobuf-java\bundles\protobuf-java-2.5.0.jar, C:\Users\Sergio\.ivy2\cache\org.aspectj\aspectjrt\jars\aspectjrt-1.8.4.jar, C:\Users\Sergio\.ivy2\cache\com.typesafe.akka\akka-actor_2.11\jars\akka-actor_2.11-2.3.9.jar, C:\Users\Sergio\.ivy2\cache\com.typesafe.akka\akka-remote_2.11\jars\akka-remote_2.11-2.3.9.jar, C:\Users\Sergio\.ivy2\cache\org.uncommons.maths\uncommons-maths\jars\uncommons-maths-1.2.2a.jar, C:\Users\Sergio\.ivy2\cache\com.typesafe.akka\akka-slf4j_2.11\jars\akka-slf4j_2.11-2.3.9.jar, C:\Users\Sergio\.ivy2\cache\org.fusesource\sigar\jars\sigar-1.6.4.jar, C:\Users\Sergio\.ivy2\cache\log4j\log4j\jars\log4j-1.2.15.jar, C:\Users\Sergio\.ivy2\cache\com.typesafe.trace\echo-trace-play-common\jars\echo-trace-play-common-0.1.14.jar, C:\Users\Sergio\workspace\Trivial4b\web\target\echo\conf\trace),List((public/,C:\Users\Sergio\workspace\Trivial4b\web\target\web\public\main)),List(C:\Users\Sergio\.ivy2\cache\com.typesafe.play\play-docs_2.11\jars\play-docs_2.11-2.3.8.jar, C:\Users\Sergio\.ivy2\cache\org.scala-lang\scala-library\jars\scala-library-2.11.1.jar, C:\Users\Sergio\.ivy2\cache\com.typesafe.play\play_2.11\jars\play_2.11-2.3.8.jar, C:\Users\Sergio\.ivy2\cache\com.typesafe.play\build-link\jars\build-link-2.3.8.jar, C:\Users\Sergio\.ivy2\cache\com.typesafe.play\play-exceptions\jars\play-exceptions-2.3.8.jar, C:\Users\Sergio\.ivy2\cache\org.javassist\javassist\bundles\javassist-3.18.2-GA.jar, C:\Users\Sergio\.ivy2\cache\com.typesafe.play\play-iteratees_2.11\jars\play-iteratees_2.11-2.3.8.jar, C:\Users\Sergio\.ivy2\cache\org.scala-stm\scala-stm_2.11\jars\scala-stm_2.11-0.7.jar, C:\Users\Sergio\.ivy2\cache\com.typesafe\config\bundles\config-1.2.1.jar, C:\Users\Sergio\.ivy2\cache\com.typesafe.play\play-json_2.11\jars\play-json_2.11-2.3.8.jar, C:\Users\Sergio\.ivy2\cache\com.typesafe.play\play-functional_2.11\jars\play-functional_2.11-2.3.8.jar, C:\Users\Sergio\.ivy2\cache\com.typesafe.play\play-datacommons_2.11\jars\play-datacommons_2.11-2.3.8.jar, C:\Users\Sergio\.ivy2\cache\joda-time\joda-time\jars\joda-time-2.3.jar, C:\Users\Sergio\.ivy2\cache\org.joda\joda-convert\jars\joda-convert-1.6.jar, C:\Users\Sergio\.ivy2\cache\com.fasterxml.jackson.core\jackson-annotations\bundles\jackson-annotations-2.3.2.jar, C:\Users\Sergio\.ivy2\cache\com.fasterxml.jackson.core\jackson-core\bundles\jackson-core-2.3.2.jar, C:\Users\Sergio\.ivy2\cache\com.fasterxml.jackson.core\jackson-databind\bundles\jackson-databind-2.3.2.jar, C:\Users\Sergio\.ivy2\cache\org.scala-lang\scala-reflect\jars\scala-reflect-2.11.1.jar, C:\Users\Sergio\.ivy2\cache\com.typesafe.play\twirl-api_2.11\jars\twirl-api_2.11-1.0.2.jar, C:\Users\Sergio\.ivy2\cache\org.apache.commons\commons-lang3\jars\commons-lang3-3.1.jar, C:\Users\Sergio\.ivy2\cache\org.scala-lang.modules\scala-xml_2.11\bundles\scala-xml_2.11-1.0.1.jar, C:\Users\Sergio\.ivy2\cache\org.scala-lang.modules\scala-parser-combinators_2.11\bundles\scala-parser-combinators_2.11-1.0.1.jar, C:\Users\Sergio\.ivy2\cache\io.netty\netty\bundles\netty-3.9.3.Final.jar, C:\Users\Sergio\.ivy2\cache\com.typesafe.netty\netty-http-pipelining\jars\netty-http-pipelining-1.1.2.jar, C:\Users\Sergio\.ivy2\cache\org.slf4j\slf4j-api\jars\slf4j-api-1.7.6.jar, C:\Users\Sergio\.ivy2\cache\org.slf4j\jul-to-slf4j\jars\jul-to-slf4j-1.7.6.jar, C:\Users\Sergio\.ivy2\cache\org.slf4j\jcl-over-slf4j\jars\jcl-over-slf4j-1.7.6.jar, C:\Users\Sergio\.ivy2\cache\ch.qos.logback\logback-core\jars\logback-core-1.1.1.jar, C:\Users\Sergio\.ivy2\cache\ch.qos.logback\logback-classic\jars\logback-classic-1.1.1.jar, C:\Users\Sergio\.ivy2\cache\com.typesafe.akka\akka-actor_2.11\jars\akka-actor_2.11-2.3.4.jar, C:\Users\Sergio\.ivy2\cache\com.typesafe.akka\akka-slf4j_2.11\jars\akka-slf4j_2.11-2.3.4.jar, C:\Users\Sergio\.ivy2\cache\commons-codec\commons-codec\jars\commons-codec-1.9.jar, C:\Users\Sergio\.ivy2\cache\xerces\xercesImpl\jars\xercesImpl-2.11.0.jar, C:\Users\Sergio\.ivy2\cache\xml-apis\xml-apis\jars\xml-apis-1.4.01.jar, C:\Users\Sergio\.ivy2\cache\javax.transaction\jta\jars\jta-1.1.jar, C:\Users\Sergio\.ivy2\cache\com.typesafe.play\play-doc_2.11\jars\play-doc_2.11-1.1.0.jar, C:\Users\Sergio\.ivy2\cache\org.pegdown\pegdown\jars\pegdown-1.4.0.jar, C:\Users\Sergio\.ivy2\cache\org.parboiled\parboiled-java\bundles\parboiled-java-1.1.5.jar, C:\Users\Sergio\.ivy2\cache\org.parboiled\parboiled-core\bundles\parboiled-core-1.1.5.jar, C:\Users\Sergio\.ivy2\cache\org.ow2.asm\asm\jars\asm-4.1.jar, C:\Users\Sergio\.ivy2\cache\org.ow2.asm\asm-tree\jars\asm-tree-4.1.jar, C:\Users\Sergio\.ivy2\cache\org.ow2.asm\asm-analysis\jars\asm-analysis-4.1.jar, C:\Users\Sergio\.ivy2\cache\org.ow2.asm\asm-util\jars\asm-util-4.1.jar, C:\Users\Sergio\.ivy2\cache\commons-io\commons-io\jars\commons-io-2.4.jar),List(),9000,DefaultWatchService,List(C:\Users\Sergio\workspace\Trivial4b\web\app-2.11, C:\Users\Sergio\workspace\Trivial4b\web\app, C:\Users\Sergio\workspace\Trivial4b\web\conf, C:\Users\Sergio\workspace\Trivial4b\web\app\assets, C:\Users\Sergio\workspace\Trivial4b\web\public),C:\Users\Sergio\workspace\Trivial4b\web\target,500,root/playForkNotifyStart,root/playForkReload,300000))))
Sending msg to client play-fork-run-77c0e330-96ba-44fb-a741-c5c6975315fa: TaskStarted(33,2402,None)
Sending msg to client play-fork-run-77c0e330-96ba-44fb-a741-c5c6975315fa: TaskFinished(33,2402,None,true,None)
Sending msg to client play-fork-run-77c0e330-96ba-44fb-a741-c5c6975315fa: TaskStarted(33,2401,None)
Sending msg to client play-fork-run-77c0e330-96ba-44fb-a741-c5c6975315fa: TaskFinished(33,2401,None,true,None)
Sending msg to client play-fork-run-77c0e330-96ba-44fb-a741-c5c6975315fa: DetachedLogEvent(LogMessage(debug,cancel strategy finish enabled=false lastCommand=Some(LastCommand(CommandExecutionWork(ExecutionId(33),{file:/C:/Users/Sergio/workspace/Trivial4b/web/}root/echo:playForkConfig,Set(LiveClient(play-fork-run 77c0e330-96ba-44fb-a741-c5c6975315fa)),sbt.server.WorkCancellationStatus$$anon$1@250890a1)))))
Sending msg to client play-fork-run-77c0e330-96ba-44fb-a741-c5c6975315fa: DetachedLogEvent(LogSuccess(Total time: 0 s, completed 22-abr-2015 12:17:36))
Sending msg to client play-fork-run-77c0e330-96ba-44fb-a741-c5c6975315fa: DetachedLogEvent(LogMessage(debug,> server-post-command-cleanup))
Sending msg to client play-fork-run-77c0e330-96ba-44fb-a741-c5c6975315fa: ExecutionSuccess(33)
Sending msg to client play-fork-run-77c0e330-96ba-44fb-a741-c5c6975315fa: DetachedLogEvent(LogMessage(debug,> server-handle-next-server-request))
Sending msg to client play-fork-run-77c0e330-96ba-44fb-a741-c5c6975315fa: BackgroundJobLogEvent(5,LogMessage(info,))
Sending msg to client play-fork-run-77c0e330-96ba-44fb-a741-c5c6975315fa: BackgroundJobLogEvent(5,LogMessage(info,--- (Running the application, auto-reloading is enabled) ---))
Sending msg to client play-fork-run-77c0e330-96ba-44fb-a741-c5c6975315fa: BackgroundJobLogEvent(5,LogMessage(info,))
Sending msg to client play-fork-run-77c0e330-96ba-44fb-a741-c5c6975315fa: BackgroundJobLogEvent(5,LogMessage(info,play - Listening for HTTP on /0:0:0:0:0:0:0:0:9000))
Sending msg to client play-fork-run-77c0e330-96ba-44fb-a741-c5c6975315fa: BackgroundJobLogEvent(5,LogMessage(info,))
Sending msg to client play-fork-run-77c0e330-96ba-44fb-a741-c5c6975315fa: BackgroundJobLogEvent(5,LogMessage(info,(Server started, use Ctrl+D to stop and go back to the console...)))
Sending msg to client play-fork-run-77c0e330-96ba-44fb-a741-c5c6975315fa: BackgroundJobLogEvent(5,LogMessage(info,))
Got request: ExecutionRequest(root/playForkNotifyStart http://localhost:9000)
Reading next message from client.
Sending msg to client play-fork-run-77c0e330-96ba-44fb-a741-c5c6975315fa: (8,ExecutionRequestReceived(34))
Sending msg to client play-fork-run-77c0e330-96ba-44fb-a741-c5c6975315fa: ExecutionWaiting(34,root/playForkNotifyStart http://localhost:9000,ClientInfo(77c0e330-96ba-44fb-a741-c5c6975315fa,play-fork-run,Play Fork Run,1,Vector()))
Sending msg to client play-fork-run-77c0e330-96ba-44fb-a741-c5c6975315fa: ExecutionStarting(34)
Sending msg to client play-fork-run-77c0e330-96ba-44fb-a741-c5c6975315fa: DetachedLogEvent(LogMessage(debug,> root/playForkNotifyStart http://localhost:9000))
Sending msg to client play-fork-run-77c0e330-96ba-44fb-a741-c5c6975315fa: DetachedLogEvent(LogMessage(debug,Evaluating tasks: *:playForkNotifyStart))
Sending msg to client play-fork-run-77c0e330-96ba-44fb-a741-c5c6975315fa: DetachedLogEvent(LogMessage(debug,Running task... Cancel: sbt.server.ServerTaskCancellation@3c6e6149, check cycles: false))
Sending msg to client play-fork-run-77c0e330-96ba-44fb-a741-c5c6975315fa: DetachedLogEvent(LogMessage(debug,cancel strategy start enabled=true lastCommand=Some(LastCommand(CommandExecutionWork(ExecutionId(34),root/playForkNotifyStart http://localhost:9000,Set(LiveClient(play-fork-run 77c0e330-96ba-44fb-a741-c5c6975315fa)),sbt.server.WorkCancellationStatus$$anon$1@55390771)))))
Sending msg to client play-fork-run-77c0e330-96ba-44fb-a741-c5c6975315fa: TaskStarted(34,2496,Some(AttributeKey[sbt.SendEventService]("sendEventService") in Scope(Global)))
Sending msg to client play-fork-run-77c0e330-96ba-44fb-a741-c5c6975315fa: TaskFinished(34,2496,Some(AttributeKey[sbt.SendEventService]("sendEventService") in Scope(Global)),true,None)
Sending msg to client play-fork-run-77c0e330-96ba-44fb-a741-c5c6975315fa: TaskStarted(34,2495,Some(AttributeKey[scala.Function1[java.lang.String,void]]("playForkStarted") in Scope(Build: file:/C:/Users/Sergio/workspace/Trivial4b/web/, , Project: ProjectReference(file:/C:/Users/Sergio/workspace/Trivial4b/web/,root))))
Sending msg to client play-fork-run-77c0e330-96ba-44fb-a741-c5c6975315fa: TaskFinished(34,2495,Some(AttributeKey[scala.Function1[java.lang.String,void]]("playForkStarted") in Scope(Build: file:/C:/Users/Sergio/workspace/Trivial4b/web/, , Project: ProjectReference(file:/C:/Users/Sergio/workspace/Trivial4b/web/,root))),true,None)
Sending msg to client play-fork-run-77c0e330-96ba-44fb-a741-c5c6975315fa: TaskStarted(34,2494,Some(AttributeKey[void]("playForkNotifyStart") in Scope(Build: file:/C:/Users/Sergio/workspace/Trivial4b/web/, , Project: ProjectReference(file:/C:/Users/Sergio/workspace/Trivial4b/web/,root))))
Sending msg to client play-fork-run-77c0e330-96ba-44fb-a741-c5c6975315fa: TaskEvent(2494,LazyValue(PlayServerStarted(http://localhost:9000),play.forkrun.protocol.Serializers$PlayForkrunProtocolPlayServerStartedPickler1$2$@638aa3eb))
Sending msg to client play-fork-run-77c0e330-96ba-44fb-a741-c5c6975315fa: TaskFinished(34,2494,Some(AttributeKey[void]("playForkNotifyStart") in Scope(Build: file:/C:/Users/Sergio/workspace/Trivial4b/web/, , Project: ProjectReference(file:/C:/Users/Sergio/workspace/Trivial4b/web/,root))),true,None)
Sending msg to client play-fork-run-77c0e330-96ba-44fb-a741-c5c6975315fa: TaskStarted(34,2493,None)
Sending msg to client play-fork-run-77c0e330-96ba-44fb-a741-c5c6975315fa: TaskFinished(34,2493,None,true,None)
Sending msg to client play-fork-run-77c0e330-96ba-44fb-a741-c5c6975315fa: TaskStarted(34,2492,None)
Sending msg to client play-fork-run-77c0e330-96ba-44fb-a741-c5c6975315fa: TaskFinished(34,2492,None,true,None)
Sending msg to client play-fork-run-77c0e330-96ba-44fb-a741-c5c6975315fa: DetachedLogEvent(LogMessage(debug,cancel strategy finish enabled=false lastCommand=Some(LastCommand(CommandExecutionWork(ExecutionId(34),root/playForkNotifyStart http://localhost:9000,Set(LiveClient(play-fork-run 77c0e330-96ba-44fb-a741-c5c6975315fa)),sbt.server.WorkCancellationStatus$$anon$1@55390771)))))
Sending msg to client play-fork-run-77c0e330-96ba-44fb-a741-c5c6975315fa: DetachedLogEvent(LogSuccess(Total time: 0 s, completed 22-abr-2015 12:17:38))
Sending msg to client play-fork-run-77c0e330-96ba-44fb-a741-c5c6975315fa: DetachedLogEvent(LogMessage(debug,> server-post-command-cleanup))
Sending msg to client play-fork-run-77c0e330-96ba-44fb-a741-c5c6975315fa: ExecutionSuccess(34)
Sending msg to client play-fork-run-77c0e330-96ba-44fb-a741-c5c6975315fa: DetachedLogEvent(LogMessage(debug,> server-handle-next-server-request))
Sending msg to client play-fork-run-77c0e330-96ba-44fb-a741-c5c6975315fa: BackgroundJobLogEvent(4,LogMessage(info,JVM exiting, shutting down Play fork run ...))
Sending msg to client play-fork-run-77c0e330-96ba-44fb-a741-c5c6975315fa: BackgroundJobLogEvent(4,LogMessage(info,Play fork run already stopped ...))
Sending msg to client play-fork-run-77c0e330-96ba-44fb-a741-c5c6975315fa: BackgroundJobLogEvent(4,LogMessage(info,Forked Play process exited with status 0))
Sending msg to client play-fork-run-77c0e330-96ba-44fb-a741-c5c6975315fa: BackgroundJobFinished(27,4)
