New log file opened at Tue Apr 21 12:29:58 CEST 2015 by 33764@Sergio-PC
Sending msg to client play-fork-run-fc0ea8b4-8ee0-4b47-8b82-269928019709: DetachedLogEvent(LogMessage(debug,sbt server socket logs are in: C:\Users\Sergio\workspace\Trivial4b\web\.sbtserver\connections\master.log))
Sending msg to client play-fork-run-fc0ea8b4-8ee0-4b47-8b82-269928019709: DetachedLogEvent(LogMessage(debug,sbt client logs are in: C:\Users\Sergio\workspace\Trivial4b\web\.sbtserver\connections\play-fork-run-fc0ea8b4-8ee0-4b47-8b82-269928019709.log))
Sending msg to client play-fork-run-fc0ea8b4-8ee0-4b47-8b82-269928019709: DetachedLogEvent(LogMessage(debug,sbt general server logs are in: C:\Users\Sergio\workspace\Trivial4b\web\.sbtserver\master.log))
Reading next message from client.
Got request: DaemonRequest(true)
Reading next message from client.
Sending msg to client play-fork-run-fc0ea8b4-8ee0-4b47-8b82-269928019709: (3,ReceivedResponse())
Got request: ListenToEvents()
Reading next message from client.
Sending msg to client play-fork-run-fc0ea8b4-8ee0-4b47-8b82-269928019709: ExecutionWaiting(105,compile,ClientInfo(48865315-148b-4ec1-987b-ae96aaa4e871,activator,Activator,1,Vector()))
Sending msg to client play-fork-run-fc0ea8b4-8ee0-4b47-8b82-269928019709: ExecutionStarting(105)
Sending msg to client play-fork-run-fc0ea8b4-8ee0-4b47-8b82-269928019709: TaskStarted(105,14208,Some(AttributeKey[sbt.compiler.IC$Result]("compileIncremental") in Scope(Build: file:/C:/Users/Sergio/workspace/Trivial4b/web/, , Project: ProjectReference(file:/C:/Users/Sergio/workspace/Trivial4b/web/,root), Config: compile)))
Sending msg to client play-fork-run-fc0ea8b4-8ee0-4b47-8b82-269928019709: BackgroundJobStarted(104,BackgroundJobInfo(7,backgroundRun,AttributeKey[sbt.BackgroundJobHandle]("backgroundRun") in Scope(Build: file:/C:/Users/Sergio/workspace/Trivial4b/web/, , Project: ProjectReference(file:/C:/Users/Sergio/workspace/Trivial4b/web/,root), Config: echo)))
Sending msg to client play-fork-run-fc0ea8b4-8ee0-4b47-8b82-269928019709: BackgroundJobStarted(97,BackgroundJobInfo(6,backgroundRun,AttributeKey[sbt.BackgroundJobHandle]("backgroundRun") in Scope(Build: file:/C:/Users/Sergio/workspace/Trivial4b/web/, , Project: ProjectReference(file:/C:/Users/Sergio/workspace/Trivial4b/web/,root), Config: echo)))
Sending msg to client play-fork-run-fc0ea8b4-8ee0-4b47-8b82-269928019709: (4,ReceivedResponse())
Got request: KeyLookupRequest(root/echo:playForkConfig)
Reading next message from client.
Sending msg to client play-fork-run-fc0ea8b4-8ee0-4b47-8b82-269928019709: (5,KeyLookupResponse(root/echo:playForkConfig,Vector(AttributeKey[play.forkrun.protocol.ForkConfig]("playForkConfig") in Scope(Build: file:/C:/Users/Sergio/workspace/Trivial4b/web/, , Project: ProjectReference(file:/C:/Users/Sergio/workspace/Trivial4b/web/,root), Config: echo))))
Got request: ListenToValue(AttributeKey[play.forkrun.protocol.ForkConfig]("playForkConfig") in Scope(Build: file:/C:/Users/Sergio/workspace/Trivial4b/web/, , Project: ProjectReference(file:/C:/Users/Sergio/workspace/Trivial4b/web/,root), Config: echo))
Reading next message from client.
Sending msg to client play-fork-run-fc0ea8b4-8ee0-4b47-8b82-269928019709: (6,ReceivedResponse())
Got request: KeyExecutionRequest(AttributeKey[play.forkrun.protocol.ForkConfig]("playForkConfig") in Scope(Build: file:/C:/Users/Sergio/workspace/Trivial4b/web/, , Project: ProjectReference(file:/C:/Users/Sergio/workspace/Trivial4b/web/,root), Config: echo))
Reading next message from client.
Sending msg to client play-fork-run-fc0ea8b4-8ee0-4b47-8b82-269928019709: (7,ExecutionRequestReceived(106))
Sending msg to client play-fork-run-fc0ea8b4-8ee0-4b47-8b82-269928019709: ExecutionWaiting(106,{file:/C:/Users/Sergio/workspace/Trivial4b/web/}root/echo:playForkConfig,ClientInfo(fc0ea8b4-8ee0-4b47-8b82-269928019709,play-fork-run,Play Fork Run,1,Vector()))
Sending msg to client play-fork-run-fc0ea8b4-8ee0-4b47-8b82-269928019709: TaskLogEvent(14208,LogMessage(debug,Java compilation took 0.138011445 s))
Sending msg to client play-fork-run-fc0ea8b4-8ee0-4b47-8b82-269928019709: TaskLogEvent(14208,LogMessage(debug,Java analysis took 0.049884387 s))
Sending msg to client play-fork-run-fc0ea8b4-8ee0-4b47-8b82-269928019709: TaskLogEvent(14208,LogMessage(debug,Java compile + analysis took 0.202696136 s))
Sending msg to client play-fork-run-fc0ea8b4-8ee0-4b47-8b82-269928019709: TaskLogEvent(14208,LogMessage(debug,New invalidations:
	Set()))
Sending msg to client play-fork-run-fc0ea8b4-8ee0-4b47-8b82-269928019709: TaskLogEvent(14208,LogMessage(debug,Initial set of included nodes: Set()))
Sending msg to client play-fork-run-fc0ea8b4-8ee0-4b47-8b82-269928019709: TaskLogEvent(14208,LogMessage(debug,Previously invalidated, but (transitively) depend on new invalidations:
	Set()))
Sending msg to client play-fork-run-fc0ea8b4-8ee0-4b47-8b82-269928019709: TaskLogEvent(14208,LogMessage(debug,All newly invalidated sources after taking into account (previously) recompiled sources:Set()))
Sending msg to client play-fork-run-fc0ea8b4-8ee0-4b47-8b82-269928019709: TaskFinished(105,14208,Some(AttributeKey[sbt.compiler.IC$Result]("compileIncremental") in Scope(Build: file:/C:/Users/Sergio/workspace/Trivial4b/web/, , Project: ProjectReference(file:/C:/Users/Sergio/workspace/Trivial4b/web/,root), Config: compile)),true,None)
Sending msg to client play-fork-run-fc0ea8b4-8ee0-4b47-8b82-269928019709: TaskStarted(105,14207,Some(AttributeKey[sbt.compiler.IC$Result]("manipulateBytecode") in Scope(Build: file:/C:/Users/Sergio/workspace/Trivial4b/web/, , Project: ProjectReference(file:/C:/Users/Sergio/workspace/Trivial4b/web/,root), Config: compile)))
Sending msg to client play-fork-run-fc0ea8b4-8ee0-4b47-8b82-269928019709: TaskFinished(105,14207,Some(AttributeKey[sbt.compiler.IC$Result]("manipulateBytecode") in Scope(Build: file:/C:/Users/Sergio/workspace/Trivial4b/web/, , Project: ProjectReference(file:/C:/Users/Sergio/workspace/Trivial4b/web/,root), Config: compile)),true,None)
Sending msg to client play-fork-run-fc0ea8b4-8ee0-4b47-8b82-269928019709: TaskStarted(105,14206,Some(AttributeKey[sbt.inc.Analysis]("compile") in Scope(Build: file:/C:/Users/Sergio/workspace/Trivial4b/web/, , Project: ProjectReference(file:/C:/Users/Sergio/workspace/Trivial4b/web/,root), Config: compile)))
Sending msg to client play-fork-run-fc0ea8b4-8ee0-4b47-8b82-269928019709: TaskFinished(105,14206,Some(AttributeKey[sbt.inc.Analysis]("compile") in Scope(Build: file:/C:/Users/Sergio/workspace/Trivial4b/web/, , Project: ProjectReference(file:/C:/Users/Sergio/workspace/Trivial4b/web/,root), Config: compile)),true,None)
Sending msg to client play-fork-run-fc0ea8b4-8ee0-4b47-8b82-269928019709: TaskStarted(105,14205,Some(AttributeKey[sbt.inc.Analysis]("compile") in Scope(Build: file:/C:/Users/Sergio/workspace/Trivial4b/web/, , Project: ProjectReference(file:/C:/Users/Sergio/workspace/Trivial4b/web/,root), Config: compile)))
Sending msg to client play-fork-run-fc0ea8b4-8ee0-4b47-8b82-269928019709: TaskFinished(105,14205,Some(AttributeKey[sbt.inc.Analysis]("compile") in Scope(Build: file:/C:/Users/Sergio/workspace/Trivial4b/web/, , Project: ProjectReference(file:/C:/Users/Sergio/workspace/Trivial4b/web/,root), Config: compile)),true,None)
Sending msg to client play-fork-run-fc0ea8b4-8ee0-4b47-8b82-269928019709: TaskStarted(105,14204,None)
Sending msg to client play-fork-run-fc0ea8b4-8ee0-4b47-8b82-269928019709: TaskStarted(105,14327,Some(AttributeKey[scala.collection.Seq[java.lang.String]]("discoveredMainClasses") in Scope(Build: file:/C:/Users/Sergio/workspace/Trivial4b/web/, , Project: ProjectReference(file:/C:/Users/Sergio/workspace/Trivial4b/web/,root), Config: compile)))
Sending msg to client play-fork-run-fc0ea8b4-8ee0-4b47-8b82-269928019709: TaskFinished(105,14204,None,true,None)
Sending msg to client play-fork-run-fc0ea8b4-8ee0-4b47-8b82-269928019709: TaskStarted(105,14203,None)
Sending msg to client play-fork-run-fc0ea8b4-8ee0-4b47-8b82-269928019709: TaskFinished(105,14327,Some(AttributeKey[scala.collection.Seq[java.lang.String]]("discoveredMainClasses") in Scope(Build: file:/C:/Users/Sergio/workspace/Trivial4b/web/, , Project: ProjectReference(file:/C:/Users/Sergio/workspace/Trivial4b/web/,root), Config: compile)),true,None)
Sending msg to client play-fork-run-fc0ea8b4-8ee0-4b47-8b82-269928019709: TaskFinished(105,14203,None,true,None)
Sending msg to client play-fork-run-fc0ea8b4-8ee0-4b47-8b82-269928019709: DetachedLogEvent(LogMessage(debug,cancel strategy finish enabled=false lastCommand=Some(LastCommand(CommandExecutionWork(ExecutionId(105),compile,Set(LiveClient(activator 48865315-148b-4ec1-987b-ae96aaa4e871)),sbt.server.WorkCancellationStatus$$anon$1@15bf6bea)))))
Sending msg to client play-fork-run-fc0ea8b4-8ee0-4b47-8b82-269928019709: DetachedLogEvent(LogSuccess(Total time: 0 s, completed 21-abr-2015 12:29:58))
Sending msg to client play-fork-run-fc0ea8b4-8ee0-4b47-8b82-269928019709: DetachedLogEvent(LogMessage(debug,> server-post-command-cleanup))
Sending msg to client play-fork-run-fc0ea8b4-8ee0-4b47-8b82-269928019709: ExecutionSuccess(105)
Sending msg to client play-fork-run-fc0ea8b4-8ee0-4b47-8b82-269928019709: DetachedLogEvent(LogMessage(debug,> server-handle-next-server-request))
Sending msg to client play-fork-run-fc0ea8b4-8ee0-4b47-8b82-269928019709: ExecutionStarting(106)
Sending msg to client play-fork-run-fc0ea8b4-8ee0-4b47-8b82-269928019709: DetachedLogEvent(LogMessage(debug,> {file:/C:/Users/Sergio/workspace/Trivial4b/web/}root/echo:playForkConfig))
Sending msg to client play-fork-run-fc0ea8b4-8ee0-4b47-8b82-269928019709: ExecutionWaiting(107,jobStop 6,ClientInfo(48865315-148b-4ec1-987b-ae96aaa4e871,activator,Activator,1,Vector()))
Sending msg to client play-fork-run-fc0ea8b4-8ee0-4b47-8b82-269928019709: ExecutionWaiting(108,jobStop 7,ClientInfo(48865315-148b-4ec1-987b-ae96aaa4e871,activator,Activator,1,Vector()))
Sending msg to client play-fork-run-fc0ea8b4-8ee0-4b47-8b82-269928019709: DetachedLogEvent(LogMessage(debug,Evaluating tasks: echo:playForkConfig))
Sending msg to client play-fork-run-fc0ea8b4-8ee0-4b47-8b82-269928019709: ExecutionWaiting(109,echo:backgroundRun,ClientInfo(48865315-148b-4ec1-987b-ae96aaa4e871,activator,Activator,1,Vector()))
Sending msg to client play-fork-run-fc0ea8b4-8ee0-4b47-8b82-269928019709: DetachedLogEvent(LogMessage(debug,Running task... Cancel: sbt.server.ServerTaskCancellation@431fc6da, check cycles: false))
Sending msg to client play-fork-run-fc0ea8b4-8ee0-4b47-8b82-269928019709: DetachedLogEvent(LogMessage(debug,cancel strategy start enabled=true lastCommand=Some(LastCommand(CommandExecutionWork(ExecutionId(106),{file:/C:/Users/Sergio/workspace/Trivial4b/web/}root/echo:playForkConfig,Set(LiveClient(play-fork-run fc0ea8b4-8ee0-4b47-8b82-269928019709)),sbt.server.WorkCancellationStatus$$anon$1@35e77691)))))
Sending msg to client play-fork-run-fc0ea8b4-8ee0-4b47-8b82-269928019709: DetachedLogEvent(LogMessage(debug,cancel strategy cancel() with enabled=true lastCommand=Some(LastCommand(CommandExecutionWork(ExecutionId(106),{file:/C:/Users/Sergio/workspace/Trivial4b/web/}root/echo:playForkConfig,Set(LiveClient(play-fork-run fc0ea8b4-8ee0-4b47-8b82-269928019709)),sbt.server.WorkCancellationStatus$$anon$1@35e77691)))))
Sending msg to client play-fork-run-fc0ea8b4-8ee0-4b47-8b82-269928019709: DetachedLogEvent(LogStdOut())
Sending msg to client play-fork-run-fc0ea8b4-8ee0-4b47-8b82-269928019709: DetachedLogEvent(LogMessage(warn,Canceling execution...))
Sending msg to client play-fork-run-fc0ea8b4-8ee0-4b47-8b82-269928019709: TaskStarted(106,14333,Some(AttributeKey[scala.Tuple2[java.lang.String,java.io.File]]("playPrefixAndAssets") in Scope(Build: file:/C:/Users/Sergio/workspace/Trivial4b/web/, , Project: ProjectReference(file:/C:/Users/Sergio/workspace/Trivial4b/web/,root))))
Sending msg to client play-fork-run-fc0ea8b4-8ee0-4b47-8b82-269928019709: DetachedLogEvent(LogMessage(debug,cancel strategy finish enabled=false lastCommand=Some(LastCommand(CommandExecutionWork(ExecutionId(106),{file:/C:/Users/Sergio/workspace/Trivial4b/web/}root/echo:playForkConfig,Set(LiveClient(play-fork-run fc0ea8b4-8ee0-4b47-8b82-269928019709)),sbt.server.WorkCancellationStatus$$anon$1@35e77691)))))
Sending msg to client play-fork-run-fc0ea8b4-8ee0-4b47-8b82-269928019709: DetachedLogEvent(LogTrace(RejectedExecutionException,Task java.util.concurrent.ExecutorCompletionService$QueueingFuture@6979cca9 rejected from java.util.concurrent.ThreadPoolExecutor@a5ff3da[Terminated, pool size = 0, active threads = 0, queued tasks = 0, completed tasks = 0]))
Sending msg to client play-fork-run-fc0ea8b4-8ee0-4b47-8b82-269928019709: DetachedLogEvent(LogMessage(error,java.util.concurrent.RejectedExecutionException: Task java.util.concurrent.ExecutorCompletionService$QueueingFuture@6979cca9 rejected from java.util.concurrent.ThreadPoolExecutor@a5ff3da[Terminated, pool size = 0, active threads = 0, queued tasks = 0, completed tasks = 0]))
Sending msg to client play-fork-run-fc0ea8b4-8ee0-4b47-8b82-269928019709: DetachedLogEvent(LogMessage(error,Use 'last' for the full log.))
Sending msg to client play-fork-run-fc0ea8b4-8ee0-4b47-8b82-269928019709: DetachedLogEvent(LogMessage(debug,> server-post-command-error-handler))
Sending msg to client play-fork-run-fc0ea8b4-8ee0-4b47-8b82-269928019709: ExecutionFailure(106)
Sending msg to client play-fork-run-fc0ea8b4-8ee0-4b47-8b82-269928019709: DetachedLogEvent(LogMessage(debug,> server-post-command-cleanup))
Sending msg to client play-fork-run-fc0ea8b4-8ee0-4b47-8b82-269928019709: DetachedLogEvent(LogMessage(debug,> server-handle-next-server-request))
Sending msg to client play-fork-run-fc0ea8b4-8ee0-4b47-8b82-269928019709: ExecutionStarting(107)
Sending msg to client play-fork-run-fc0ea8b4-8ee0-4b47-8b82-269928019709: DetachedLogEvent(LogMessage(debug,> jobStop 6))
Sending msg to client play-fork-run-fc0ea8b4-8ee0-4b47-8b82-269928019709: DetachedLogEvent(LogMessage(debug,Evaluating tasks: *:jobStop))
Sending msg to client play-fork-run-fc0ea8b4-8ee0-4b47-8b82-269928019709: DetachedLogEvent(LogMessage(debug,Running task... Cancel: sbt.server.ServerTaskCancellation@500ae424, check cycles: false))
Sending msg to client play-fork-run-fc0ea8b4-8ee0-4b47-8b82-269928019709: DetachedLogEvent(LogMessage(debug,cancel strategy start enabled=true lastCommand=Some(LastCommand(CommandExecutionWork(ExecutionId(107),jobStop 6,Set(LiveClient(activator 48865315-148b-4ec1-987b-ae96aaa4e871)),sbt.server.WorkCancellationStatus$$anon$1@6413039c)))))
Sending msg to client play-fork-run-fc0ea8b4-8ee0-4b47-8b82-269928019709: TaskStarted(107,14336,Some(AttributeKey[void]("jobStop") in Scope(Global)))
Sending msg to client play-fork-run-fc0ea8b4-8ee0-4b47-8b82-269928019709: TaskFinished(107,14336,Some(AttributeKey[void]("jobStop") in Scope(Global)),true,None)
Sending msg to client play-fork-run-fc0ea8b4-8ee0-4b47-8b82-269928019709: BackgroundJobFinished(97,6)
Sending msg to client play-fork-run-fc0ea8b4-8ee0-4b47-8b82-269928019709: DetachedLogEvent(LogStdErr(Exception in thread "sbt-bg-threads-6" java.lang.Error: java.lang.InterruptedException: sleep interrupted))
Sending msg to client play-fork-run-fc0ea8b4-8ee0-4b47-8b82-269928019709: DetachedLogEvent(LogStdErr(	at java.util.concurrent.ThreadPoolExecutor.runWorker(ThreadPoolExecutor.java:1148)))
Sending msg to client play-fork-run-fc0ea8b4-8ee0-4b47-8b82-269928019709: DetachedLogEvent(LogStdErr(	at java.util.concurrent.ThreadPoolExecutor$Worker.run(ThreadPoolExecutor.java:617)))
Sending msg to client play-fork-run-fc0ea8b4-8ee0-4b47-8b82-269928019709: DetachedLogEvent(LogStdErr(	at java.lang.Thread.run(Thread.java:745)))
Sending msg to client play-fork-run-fc0ea8b4-8ee0-4b47-8b82-269928019709: DetachedLogEvent(LogStdErr(Caused by: java.lang.InterruptedException: sleep interrupted))
Sending msg to client play-fork-run-fc0ea8b4-8ee0-4b47-8b82-269928019709: DetachedLogEvent(LogStdErr(	at java.lang.Thread.sleep(Native Method)))
Sending msg to client play-fork-run-fc0ea8b4-8ee0-4b47-8b82-269928019709: DetachedLogEvent(LogStdErr(	at play.sbt.forkrun.PlayForkProcess$.timedWaitFor$1(PlayForkProcess.scala:57)))
Sending msg to client play-fork-run-fc0ea8b4-8ee0-4b47-8b82-269928019709: DetachedLogEvent(LogStdErr(	at play.sbt.forkrun.PlayForkProcess$.play$sbt$forkrun$PlayForkProcess$$stop$1(PlayForkProcess.scala:64)))
Sending msg to client play-fork-run-fc0ea8b4-8ee0-4b47-8b82-269928019709: DetachedLogEvent(LogStdErr(	at play.sbt.forkrun.PlayForkProcess$.run(PlayForkProcess.scala:82)))
Sending msg to client play-fork-run-fc0ea8b4-8ee0-4b47-8b82-269928019709: DetachedLogEvent(LogStdErr(	at play.sbt.forkrun.PlayForkProcess$.apply(PlayForkProcess.scala:34)))
Sending msg to client play-fork-run-fc0ea8b4-8ee0-4b47-8b82-269928019709: DetachedLogEvent(LogStdErr(	at play.sbt.forkrun.PlayForkRun$$anonfun$backgroundForkRunTask$1$$anonfun$apply$7$$anonfun$apply$8$$anonfun$apply$9.apply(PlayForkRun.scala:108)))
Sending msg to client play-fork-run-fc0ea8b4-8ee0-4b47-8b82-269928019709: DetachedLogEvent(LogStdErr(	at play.sbt.forkrun.PlayForkRun$$anonfun$backgroundForkRunTask$1$$anonfun$apply$7$$anonfun$apply$8$$anonfun$apply$9.apply(PlayForkRun.scala:107)))
Sending msg to client play-fork-run-fc0ea8b4-8ee0-4b47-8b82-269928019709: DetachedLogEvent(LogStdErr(	at sbt.BackgroundThreadPool$$anonfun$1.apply$mcV$sp(AbstractBackgroundJobService.scala:134)))
Sending msg to client play-fork-run-fc0ea8b4-8ee0-4b47-8b82-269928019709: DetachedLogEvent(LogStdErr(	at sbt.BackgroundThreadPool$BackgroundRunnable.run(AbstractBackgroundJobService.scala:68)))
Sending msg to client play-fork-run-fc0ea8b4-8ee0-4b47-8b82-269928019709: DetachedLogEvent(LogStdErr(	at java.util.concurrent.ThreadPoolExecutor.runWorker(ThreadPoolExecutor.java:1142)))
Sending msg to client play-fork-run-fc0ea8b4-8ee0-4b47-8b82-269928019709: DetachedLogEvent(LogStdErr(	... 2 more))
Sending msg to client play-fork-run-fc0ea8b4-8ee0-4b47-8b82-269928019709: TaskStarted(107,14335,None)
Sending msg to client play-fork-run-fc0ea8b4-8ee0-4b47-8b82-269928019709: TaskFinished(107,14335,None,true,None)
Sending msg to client play-fork-run-fc0ea8b4-8ee0-4b47-8b82-269928019709: TaskStarted(107,14334,None)
Sending msg to client play-fork-run-fc0ea8b4-8ee0-4b47-8b82-269928019709: TaskFinished(107,14334,None,true,None)
Sending msg to client play-fork-run-fc0ea8b4-8ee0-4b47-8b82-269928019709: DetachedLogEvent(LogMessage(debug,cancel strategy finish enabled=false lastCommand=Some(LastCommand(CommandExecutionWork(ExecutionId(107),jobStop 6,Set(LiveClient(activator 48865315-148b-4ec1-987b-ae96aaa4e871)),sbt.server.WorkCancellationStatus$$anon$1@6413039c)))))
Sending msg to client play-fork-run-fc0ea8b4-8ee0-4b47-8b82-269928019709: DetachedLogEvent(LogSuccess(Total time: 0 s, completed 21-abr-2015 12:29:58))
Sending msg to client play-fork-run-fc0ea8b4-8ee0-4b47-8b82-269928019709: DetachedLogEvent(LogMessage(debug,> server-post-command-cleanup))
Sending msg to client play-fork-run-fc0ea8b4-8ee0-4b47-8b82-269928019709: ExecutionSuccess(107)
Sending msg to client play-fork-run-fc0ea8b4-8ee0-4b47-8b82-269928019709: DetachedLogEvent(LogMessage(debug,> server-handle-next-server-request))
Sending msg to client play-fork-run-fc0ea8b4-8ee0-4b47-8b82-269928019709: ExecutionStarting(108)
Sending msg to client play-fork-run-fc0ea8b4-8ee0-4b47-8b82-269928019709: DetachedLogEvent(LogMessage(debug,> jobStop 7))
Sending msg to client play-fork-run-fc0ea8b4-8ee0-4b47-8b82-269928019709: DetachedLogEvent(LogMessage(debug,Evaluating tasks: *:jobStop))
Sending msg to client play-fork-run-fc0ea8b4-8ee0-4b47-8b82-269928019709: DetachedLogEvent(LogMessage(debug,Running task... Cancel: sbt.server.ServerTaskCancellation@1b268fe8, check cycles: false))
Sending msg to client play-fork-run-fc0ea8b4-8ee0-4b47-8b82-269928019709: DetachedLogEvent(LogMessage(debug,cancel strategy start enabled=true lastCommand=Some(LastCommand(CommandExecutionWork(ExecutionId(108),jobStop 7,Set(LiveClient(activator 48865315-148b-4ec1-987b-ae96aaa4e871)),sbt.server.WorkCancellationStatus$$anon$1@33c30255)))))
Sending msg to client play-fork-run-fc0ea8b4-8ee0-4b47-8b82-269928019709: TaskStarted(108,14339,Some(AttributeKey[void]("jobStop") in Scope(Global)))
Sending msg to client play-fork-run-fc0ea8b4-8ee0-4b47-8b82-269928019709: BackgroundJobLogEvent(7,LogMessage(info,Stopping Play fork run ...))
Sending msg to client play-fork-run-fc0ea8b4-8ee0-4b47-8b82-269928019709: TaskFinished(108,14339,Some(AttributeKey[void]("jobStop") in Scope(Global)),true,None)
Sending msg to client play-fork-run-fc0ea8b4-8ee0-4b47-8b82-269928019709: TaskStarted(108,14338,None)
Sending msg to client play-fork-run-fc0ea8b4-8ee0-4b47-8b82-269928019709: TaskFinished(108,14338,None,true,None)
Sending msg to client play-fork-run-fc0ea8b4-8ee0-4b47-8b82-269928019709: TaskStarted(108,14337,None)
Sending msg to client play-fork-run-fc0ea8b4-8ee0-4b47-8b82-269928019709: TaskFinished(108,14337,None,true,None)
Sending msg to client play-fork-run-fc0ea8b4-8ee0-4b47-8b82-269928019709: DetachedLogEvent(LogMessage(debug,cancel strategy finish enabled=false lastCommand=Some(LastCommand(CommandExecutionWork(ExecutionId(108),jobStop 7,Set(LiveClient(activator 48865315-148b-4ec1-987b-ae96aaa4e871)),sbt.server.WorkCancellationStatus$$anon$1@33c30255)))))
Sending msg to client play-fork-run-fc0ea8b4-8ee0-4b47-8b82-269928019709: DetachedLogEvent(LogSuccess(Total time: 0 s, completed 21-abr-2015 12:29:58))
Sending msg to client play-fork-run-fc0ea8b4-8ee0-4b47-8b82-269928019709: DetachedLogEvent(LogMessage(debug,> server-post-command-cleanup))
Sending msg to client play-fork-run-fc0ea8b4-8ee0-4b47-8b82-269928019709: ExecutionSuccess(108)
Sending msg to client play-fork-run-fc0ea8b4-8ee0-4b47-8b82-269928019709: DetachedLogEvent(LogMessage(debug,> server-handle-next-server-request))
Sending msg to client play-fork-run-fc0ea8b4-8ee0-4b47-8b82-269928019709: ExecutionStarting(109)
Sending msg to client play-fork-run-fc0ea8b4-8ee0-4b47-8b82-269928019709: DetachedLogEvent(LogMessage(debug,> echo:backgroundRun))
Got request: UnlistenToEvents()
Reading next message from client.
Sending msg to client play-fork-run-fc0ea8b4-8ee0-4b47-8b82-269928019709: (8,ReceivedResponse())
Got request: UnlistenToValue(AttributeKey[play.forkrun.protocol.ForkConfig]("playForkConfig") in Scope(Build: file:/C:/Users/Sergio/workspace/Trivial4b/web/, , Project: ProjectReference(file:/C:/Users/Sergio/workspace/Trivial4b/web/,root), Config: echo))
Reading next message from client.
Client play-fork-run-fc0ea8b4-8ee0-4b47-8b82-269928019709 EOF, shutting down.
Stopping client.
Client play-fork-run-fc0ea8b4-8ee0-4b47-8b82-269928019709 thread exiting.
Dropping message (9,ReceivedResponse()) to dead client play-fork-run-fc0ea8b4-8ee0-4b47-8b82-269928019709
Dropping message (0,ReceivedResponse()) to dead client play-fork-run-fc0ea8b4-8ee0-4b47-8b82-269928019709
