New log file opened at Sat May 02 00:57:29 CEST 2015 by 7052@Smooth-PC
Sending msg to client play-fork-run-53fa0396-a118-4dd0-ba6f-f1f4a037885a: DetachedLogEvent(LogMessage(debug,sbt server socket logs are in: C:\Users\Smooth\Trivial4b\web\.sbtserver\connections\master.log))
Sending msg to client play-fork-run-53fa0396-a118-4dd0-ba6f-f1f4a037885a: DetachedLogEvent(LogMessage(debug,sbt client logs are in: C:\Users\Smooth\Trivial4b\web\.sbtserver\connections\play-fork-run-53fa0396-a118-4dd0-ba6f-f1f4a037885a.log))
Sending msg to client play-fork-run-53fa0396-a118-4dd0-ba6f-f1f4a037885a: DetachedLogEvent(LogMessage(debug,sbt general server logs are in: C:\Users\Smooth\Trivial4b\web\.sbtserver\master.log))
Reading next message from client.
Got request: DaemonRequest(true)
Reading next message from client.
Sending msg to client play-fork-run-53fa0396-a118-4dd0-ba6f-f1f4a037885a: (3,ReceivedResponse())
Got request: ListenToEvents()
Reading next message from client.
Sending msg to client play-fork-run-53fa0396-a118-4dd0-ba6f-f1f4a037885a: BackgroundJobStarted(22,BackgroundJobInfo(3,backgroundRun,AttributeKey[sbt.BackgroundJobHandle]("backgroundRun") in Scope(Build: file:/C:/Users/Smooth/Trivial4b/web/, , Project: ProjectReference(file:/C:/Users/Smooth/Trivial4b/web/,root), Config: compile)))
Sending msg to client play-fork-run-53fa0396-a118-4dd0-ba6f-f1f4a037885a: (4,ReceivedResponse())
Got request: KeyLookupRequest(root/playForkConfig)
Reading next message from client.
Sending msg to client play-fork-run-53fa0396-a118-4dd0-ba6f-f1f4a037885a: (5,KeyLookupResponse(root/playForkConfig,Vector(AttributeKey[play.forkrun.protocol.ForkConfig]("playForkConfig") in Scope(Build: file:/C:/Users/Smooth/Trivial4b/web/, , Project: ProjectReference(file:/C:/Users/Smooth/Trivial4b/web/,root)))))
Got request: ListenToValue(AttributeKey[play.forkrun.protocol.ForkConfig]("playForkConfig") in Scope(Build: file:/C:/Users/Smooth/Trivial4b/web/, , Project: ProjectReference(file:/C:/Users/Smooth/Trivial4b/web/,root)))
Reading next message from client.
Sending msg to client play-fork-run-53fa0396-a118-4dd0-ba6f-f1f4a037885a: (6,ReceivedResponse())
Got request: KeyExecutionRequest(AttributeKey[play.forkrun.protocol.ForkConfig]("playForkConfig") in Scope(Build: file:/C:/Users/Smooth/Trivial4b/web/, , Project: ProjectReference(file:/C:/Users/Smooth/Trivial4b/web/,root)))
Reading next message from client.
Sending msg to client play-fork-run-53fa0396-a118-4dd0-ba6f-f1f4a037885a: (7,ExecutionRequestReceived(23))
Sending msg to client play-fork-run-53fa0396-a118-4dd0-ba6f-f1f4a037885a: ExecutionWaiting(23,{file:/C:/Users/Smooth/Trivial4b/web/}root/*:playForkConfig,ClientInfo(53fa0396-a118-4dd0-ba6f-f1f4a037885a,play-fork-run,Play Fork Run,1,Vector()))
Sending msg to client play-fork-run-53fa0396-a118-4dd0-ba6f-f1f4a037885a: ExecutionStarting(23)
Sending msg to client play-fork-run-53fa0396-a118-4dd0-ba6f-f1f4a037885a: DetachedLogEvent(LogMessage(debug,> {file:/C:/Users/Smooth/Trivial4b/web/}root/*:playForkConfig))
Sending msg to client play-fork-run-53fa0396-a118-4dd0-ba6f-f1f4a037885a: DetachedLogEvent(LogMessage(debug,Evaluating tasks: *:playForkConfig))
Sending msg to client play-fork-run-53fa0396-a118-4dd0-ba6f-f1f4a037885a: DetachedLogEvent(LogMessage(debug,Running task... Cancel: sbt.server.ServerTaskCancellation@2ccb7fa6, check cycles: false))
Sending msg to client play-fork-run-53fa0396-a118-4dd0-ba6f-f1f4a037885a: DetachedLogEvent(LogMessage(debug,cancel strategy start enabled=true lastCommand=Some(LastCommand(CommandExecutionWork(ExecutionId(23),{file:/C:/Users/Smooth/Trivial4b/web/}root/*:playForkConfig,Set(LiveClient(play-fork-run 53fa0396-a118-4dd0-ba6f-f1f4a037885a)),sbt.server.WorkCancellationStatus$$anon$1@4d61bc88)))))
Sending msg to client play-fork-run-53fa0396-a118-4dd0-ba6f-f1f4a037885a: TaskStarted(23,1176,None)
Sending msg to client play-fork-run-53fa0396-a118-4dd0-ba6f-f1f4a037885a: TaskStarted(23,1178,None)
Sending msg to client play-fork-run-53fa0396-a118-4dd0-ba6f-f1f4a037885a: TaskStarted(23,1180,None)
Sending msg to client play-fork-run-53fa0396-a118-4dd0-ba6f-f1f4a037885a: TaskStarted(23,1181,None)
Sending msg to client play-fork-run-53fa0396-a118-4dd0-ba6f-f1f4a037885a: TaskStarted(23,1182,None)
Sending msg to client play-fork-run-53fa0396-a118-4dd0-ba6f-f1f4a037885a: TaskStarted(23,1183,Some(AttributeKey[boolean]("skip") in Scope(Global)))
Sending msg to client play-fork-run-53fa0396-a118-4dd0-ba6f-f1f4a037885a: TaskStarted(23,1188,None)
Sending msg to client play-fork-run-53fa0396-a118-4dd0-ba6f-f1f4a037885a: TaskStarted(23,1189,Some(AttributeKey[java.lang.String]("updateCacheName") in Scope(Build: file:/C:/Users/Smooth/Trivial4b/web/, , Project: ProjectReference(file:/C:/Users/Smooth/Trivial4b/web/,root))))
Sending msg to client play-fork-run-53fa0396-a118-4dd0-ba6f-f1f4a037885a: TaskStarted(23,1192,Some(AttributeKey[scala.collection.Seq[sbt.Credentials]]("credentials") in Scope(Global)))
Sending msg to client play-fork-run-53fa0396-a118-4dd0-ba6f-f1f4a037885a: TaskStarted(23,1197,Some(AttributeKey[scala.collection.Seq[sbt.Resolver]]("externalResolvers") in Scope(Build: file:/C:/Users/Smooth/Trivial4b/web/, , Project: ProjectReference(file:/C:/Users/Smooth/Trivial4b/web/,root))))
Sending msg to client play-fork-run-53fa0396-a118-4dd0-ba6f-f1f4a037885a: TaskStarted(23,1201,Some(AttributeKey[scala.Option[scala.collection.Seq[sbt.Resolver]]]("bootResolvers") in Scope(Build: file:/C:/Users/Smooth/Trivial4b/web/, , Project: ProjectReference(file:/C:/Users/Smooth/Trivial4b/web/,root))))
Sending msg to client play-fork-run-53fa0396-a118-4dd0-ba6f-f1f4a037885a: TaskStarted(23,1205,Some(AttributeKey[scala.Option[java.lang.String]]("echoTraceAkkaVersion") in Scope(Build: file:/C:/Users/Smooth/Trivial4b/web/, , Project: ProjectReference(file:/C:/Users/Smooth/Trivial4b/web/,root), Config: echo)))
Sending msg to client play-fork-run-53fa0396-a118-4dd0-ba6f-f1f4a037885a: TaskStarted(23,1213,Some(AttributeKey[scala.Tuple2[java.lang.String,java.io.File]]("playPrefixAndAssets") in Scope(Build: file:/C:/Users/Smooth/Trivial4b/web/, , Project: ProjectReference(file:/C:/Users/Smooth/Trivial4b/web/,root))))
Sending msg to client play-fork-run-53fa0396-a118-4dd0-ba6f-f1f4a037885a: TaskStarted(23,1226,None)
Sending msg to client play-fork-run-53fa0396-a118-4dd0-ba6f-f1f4a037885a: TaskStarted(23,1229,Some(AttributeKey[scala.collection.Seq[java.lang.String]]("javaOptions") in Scope(Global)))
Sending msg to client play-fork-run-53fa0396-a118-4dd0-ba6f-f1f4a037885a: TaskFinished(23,1181,None,true,None)
Sending msg to client play-fork-run-53fa0396-a118-4dd0-ba6f-f1f4a037885a: TaskFinished(23,1176,None,true,None)
Sending msg to client play-fork-run-53fa0396-a118-4dd0-ba6f-f1f4a037885a: TaskStarted(23,1175,None)
Sending msg to client play-fork-run-53fa0396-a118-4dd0-ba6f-f1f4a037885a: TaskStarted(23,1193,None)
Sending msg to client play-fork-run-53fa0396-a118-4dd0-ba6f-f1f4a037885a: TaskStarted(23,1195,None)
Sending msg to client play-fork-run-53fa0396-a118-4dd0-ba6f-f1f4a037885a: TaskStarted(23,1200,None)
Sending msg to client play-fork-run-53fa0396-a118-4dd0-ba6f-f1f4a037885a: TaskStarted(23,1210,None)
Sending msg to client play-fork-run-53fa0396-a118-4dd0-ba6f-f1f4a037885a: TaskStarted(23,1219,None)
Sending msg to client play-fork-run-53fa0396-a118-4dd0-ba6f-f1f4a037885a: TaskStarted(23,1227,None)
Sending msg to client play-fork-run-53fa0396-a118-4dd0-ba6f-f1f4a037885a: TaskStarted(23,1228,None)
Sending msg to client play-fork-run-53fa0396-a118-4dd0-ba6f-f1f4a037885a: TaskFinished(23,1178,None,true,None)
Sending msg to client play-fork-run-53fa0396-a118-4dd0-ba6f-f1f4a037885a: TaskStarted(23,1184,Some(AttributeKey[java.io.File]("dependencyCacheDirectory") in Scope(Build: file:/C:/Users/Smooth/Trivial4b/web/, , Project: ProjectReference(file:/C:/Users/Smooth/Trivial4b/web/,root))))
Sending msg to client play-fork-run-53fa0396-a118-4dd0-ba6f-f1f4a037885a: TaskStarted(23,1187,Some(AttributeKey[sbt.BuildStructure]("buildStructure") in Scope(Global)))
Sending msg to client play-fork-run-53fa0396-a118-4dd0-ba6f-f1f4a037885a: TaskStarted(23,1211,Some(AttributeKey[scala.collection.Seq[java.lang.String]]("playMonitoredFiles") in Scope(Build: file:/C:/Users/Smooth/Trivial4b/web/, , Project: ProjectReference(file:/C:/Users/Smooth/Trivial4b/web/,root))))
Sending msg to client play-fork-run-53fa0396-a118-4dd0-ba6f-f1f4a037885a: TaskFinished(23,1180,None,true,None)
Sending msg to client play-fork-run-53fa0396-a118-4dd0-ba6f-f1f4a037885a: TaskStarted(23,1179,Some(AttributeKey[scala.collection.Seq[sbt.UpdateReport]]("transitiveUpdate") in Scope(Build: file:/C:/Users/Smooth/Trivial4b/web/, , Project: ProjectReference(file:/C:/Users/Smooth/Trivial4b/web/,root))))
Sending msg to client play-fork-run-53fa0396-a118-4dd0-ba6f-f1f4a037885a: TaskFinished(23,1182,None,true,None)
Sending msg to client play-fork-run-53fa0396-a118-4dd0-ba6f-f1f4a037885a: TaskFinished(23,1183,Some(AttributeKey[boolean]("skip") in Scope(Global)),true,None)
Sending msg to client play-fork-run-53fa0396-a118-4dd0-ba6f-f1f4a037885a: TaskFinished(23,1188,None,true,None)
Sending msg to client play-fork-run-53fa0396-a118-4dd0-ba6f-f1f4a037885a: TaskFinished(23,1189,Some(AttributeKey[java.lang.String]("updateCacheName") in Scope(Build: file:/C:/Users/Smooth/Trivial4b/web/, , Project: ProjectReference(file:/C:/Users/Smooth/Trivial4b/web/,root))),true,None)
Sending msg to client play-fork-run-53fa0396-a118-4dd0-ba6f-f1f4a037885a: TaskFinished(23,1192,Some(AttributeKey[scala.collection.Seq[sbt.Credentials]]("credentials") in Scope(Global)),true,None)
Sending msg to client play-fork-run-53fa0396-a118-4dd0-ba6f-f1f4a037885a: TaskFinished(23,1197,Some(AttributeKey[scala.collection.Seq[sbt.Resolver]]("externalResolvers") in Scope(Build: file:/C:/Users/Smooth/Trivial4b/web/, , Project: ProjectReference(file:/C:/Users/Smooth/Trivial4b/web/,root))),true,None)
Sending msg to client play-fork-run-53fa0396-a118-4dd0-ba6f-f1f4a037885a: TaskFinished(23,1201,Some(AttributeKey[scala.Option[scala.collection.Seq[sbt.Resolver]]]("bootResolvers") in Scope(Build: file:/C:/Users/Smooth/Trivial4b/web/, , Project: ProjectReference(file:/C:/Users/Smooth/Trivial4b/web/,root))),true,None)
Sending msg to client play-fork-run-53fa0396-a118-4dd0-ba6f-f1f4a037885a: TaskFinished(23,1205,Some(AttributeKey[scala.Option[java.lang.String]]("echoTraceAkkaVersion") in Scope(Build: file:/C:/Users/Smooth/Trivial4b/web/, , Project: ProjectReference(file:/C:/Users/Smooth/Trivial4b/web/,root), Config: echo)),true,None)
Sending msg to client play-fork-run-53fa0396-a118-4dd0-ba6f-f1f4a037885a: TaskStarted(23,1204,Some(AttributeKey[scala.collection.Seq[sbt.ModuleID]]("echoTraceDependencies") in Scope(Build: file:/C:/Users/Smooth/Trivial4b/web/, , Project: ProjectReference(file:/C:/Users/Smooth/Trivial4b/web/,root), Config: echo)))
Sending msg to client play-fork-run-53fa0396-a118-4dd0-ba6f-f1f4a037885a: TaskFinished(23,1213,Some(AttributeKey[scala.Tuple2[java.lang.String,java.io.File]]("playPrefixAndAssets") in Scope(Build: file:/C:/Users/Smooth/Trivial4b/web/, , Project: ProjectReference(file:/C:/Users/Smooth/Trivial4b/web/,root))),true,None)
Sending msg to client play-fork-run-53fa0396-a118-4dd0-ba6f-f1f4a037885a: TaskStarted(23,1215,None)
Sending msg to client play-fork-run-53fa0396-a118-4dd0-ba6f-f1f4a037885a: TaskFinished(23,1226,None,true,None)
Sending msg to client play-fork-run-53fa0396-a118-4dd0-ba6f-f1f4a037885a: TaskFinished(23,1229,Some(AttributeKey[scala.collection.Seq[java.lang.String]]("javaOptions") in Scope(Global)),true,None)
Sending msg to client play-fork-run-53fa0396-a118-4dd0-ba6f-f1f4a037885a: TaskFinished(23,1175,None,true,None)
Sending msg to client play-fork-run-53fa0396-a118-4dd0-ba6f-f1f4a037885a: TaskFinished(23,1193,None,true,None)
Sending msg to client play-fork-run-53fa0396-a118-4dd0-ba6f-f1f4a037885a: TaskFinished(23,1210,None,true,None)
Sending msg to client play-fork-run-53fa0396-a118-4dd0-ba6f-f1f4a037885a: TaskStarted(23,1209,Some(AttributeKey[scala.collection.immutable.Map[sbt.ModuleID,sbt.SourcePosition]]("dependencyPositions") in Scope(Build: file:/C:/Users/Smooth/Trivial4b/web/, , Project: ProjectReference(file:/C:/Users/Smooth/Trivial4b/web/,root))))
Sending msg to client play-fork-run-53fa0396-a118-4dd0-ba6f-f1f4a037885a: TaskFinished(23,1228,None,true,None)
Sending msg to client play-fork-run-53fa0396-a118-4dd0-ba6f-f1f4a037885a: TaskFinished(23,1195,None,true,None)
Sending msg to client play-fork-run-53fa0396-a118-4dd0-ba6f-f1f4a037885a: TaskFinished(23,1227,None,true,None)
Sending msg to client play-fork-run-53fa0396-a118-4dd0-ba6f-f1f4a037885a: TaskFinished(23,1184,Some(AttributeKey[java.io.File]("dependencyCacheDirectory") in Scope(Build: file:/C:/Users/Smooth/Trivial4b/web/, , Project: ProjectReference(file:/C:/Users/Smooth/Trivial4b/web/,root))),true,None)
Sending msg to client play-fork-run-53fa0396-a118-4dd0-ba6f-f1f4a037885a: TaskFinished(23,1219,None,true,None)
Sending msg to client play-fork-run-53fa0396-a118-4dd0-ba6f-f1f4a037885a: TaskFinished(23,1187,Some(AttributeKey[sbt.BuildStructure]("buildStructure") in Scope(Global)),true,None)
Sending msg to client play-fork-run-53fa0396-a118-4dd0-ba6f-f1f4a037885a: TaskStarted(23,1186,Some(AttributeKey[sbt.Settings[sbt.Scope]]("settingsData") in Scope(Global)))
Sending msg to client play-fork-run-53fa0396-a118-4dd0-ba6f-f1f4a037885a: TaskFinished(23,1179,Some(AttributeKey[scala.collection.Seq[sbt.UpdateReport]]("transitiveUpdate") in Scope(Build: file:/C:/Users/Smooth/Trivial4b/web/, , Project: ProjectReference(file:/C:/Users/Smooth/Trivial4b/web/,root))),true,None)
Sending msg to client play-fork-run-53fa0396-a118-4dd0-ba6f-f1f4a037885a: TaskFinished(23,1211,Some(AttributeKey[scala.collection.Seq[java.lang.String]]("playMonitoredFiles") in Scope(Build: file:/C:/Users/Smooth/Trivial4b/web/, , Project: ProjectReference(file:/C:/Users/Smooth/Trivial4b/web/,root))),true,None)
Sending msg to client play-fork-run-53fa0396-a118-4dd0-ba6f-f1f4a037885a: TaskFinished(23,1204,Some(AttributeKey[scala.collection.Seq[sbt.ModuleID]]("echoTraceDependencies") in Scope(Build: file:/C:/Users/Smooth/Trivial4b/web/, , Project: ProjectReference(file:/C:/Users/Smooth/Trivial4b/web/,root), Config: echo)),true,None)
Sending msg to client play-fork-run-53fa0396-a118-4dd0-ba6f-f1f4a037885a: TaskFinished(23,1215,None,true,None)
Sending msg to client play-fork-run-53fa0396-a118-4dd0-ba6f-f1f4a037885a: TaskStarted(23,1214,None)
Sending msg to client play-fork-run-53fa0396-a118-4dd0-ba6f-f1f4a037885a: TaskFinished(23,1214,None,true,None)
Sending msg to client play-fork-run-53fa0396-a118-4dd0-ba6f-f1f4a037885a: TaskStarted(23,1212,Some(AttributeKey[scala.collection.Seq[scala.Tuple2[java.lang.String,java.io.File]]]("playAllAssets") in Scope(Build: file:/C:/Users/Smooth/Trivial4b/web/, , Project: ProjectReference(file:/C:/Users/Smooth/Trivial4b/web/,root))))
Sending msg to client play-fork-run-53fa0396-a118-4dd0-ba6f-f1f4a037885a: TaskFinished(23,1212,Some(AttributeKey[scala.collection.Seq[scala.Tuple2[java.lang.String,java.io.File]]]("playAllAssets") in Scope(Build: file:/C:/Users/Smooth/Trivial4b/web/, , Project: ProjectReference(file:/C:/Users/Smooth/Trivial4b/web/,root))),true,None)
Sending msg to client play-fork-run-53fa0396-a118-4dd0-ba6f-f1f4a037885a: TaskFinished(23,1186,Some(AttributeKey[sbt.Settings[sbt.Scope]]("settingsData") in Scope(Global)),true,None)
Sending msg to client play-fork-run-53fa0396-a118-4dd0-ba6f-f1f4a037885a: TaskStarted(23,1185,None)
Sending msg to client play-fork-run-53fa0396-a118-4dd0-ba6f-f1f4a037885a: TaskStarted(23,1207,Some(AttributeKey[scala.collection.Seq[sbt.ModuleID]]("projectDependencies") in Scope(Build: file:/C:/Users/Smooth/Trivial4b/web/, , Project: ProjectReference(file:/C:/Users/Smooth/Trivial4b/web/,root))))
Sending msg to client play-fork-run-53fa0396-a118-4dd0-ba6f-f1f4a037885a: TaskStarted(23,1220,None)
Sending msg to client play-fork-run-53fa0396-a118-4dd0-ba6f-f1f4a037885a: TaskFinished(23,1209,Some(AttributeKey[scala.collection.immutable.Map[sbt.ModuleID,sbt.SourcePosition]]("dependencyPositions") in Scope(Build: file:/C:/Users/Smooth/Trivial4b/web/, , Project: ProjectReference(file:/C:/Users/Smooth/Trivial4b/web/,root))),true,None)
Sending msg to client play-fork-run-53fa0396-a118-4dd0-ba6f-f1f4a037885a: TaskStarted(23,1208,Some(AttributeKey[sbt.UnresolvedWarningConfiguration]("unresolvedWarningConfiguration") in Scope(Build: file:/C:/Users/Smooth/Trivial4b/web/, , Project: ProjectReference(file:/C:/Users/Smooth/Trivial4b/web/,root), Task: AttributeKey[sbt.UpdateReport]("update"))))
Sending msg to client play-fork-run-53fa0396-a118-4dd0-ba6f-f1f4a037885a: TaskFinished(23,1207,Some(AttributeKey[scala.collection.Seq[sbt.ModuleID]]("projectDependencies") in Scope(Build: file:/C:/Users/Smooth/Trivial4b/web/, , Project: ProjectReference(file:/C:/Users/Smooth/Trivial4b/web/,root))),true,None)
Sending msg to client play-fork-run-53fa0396-a118-4dd0-ba6f-f1f4a037885a: TaskStarted(23,1206,Some(AttributeKey[scala.collection.Seq[sbt.ModuleID]]("allDependencies") in Scope(Build: file:/C:/Users/Smooth/Trivial4b/web/, , Project: ProjectReference(file:/C:/Users/Smooth/Trivial4b/web/,root))))
Sending msg to client play-fork-run-53fa0396-a118-4dd0-ba6f-f1f4a037885a: TaskStarted(23,1233,None)
Sending msg to client play-fork-run-53fa0396-a118-4dd0-ba6f-f1f4a037885a: TaskStarted(23,1234,None)
Sending msg to client play-fork-run-53fa0396-a118-4dd0-ba6f-f1f4a037885a: TaskStarted(23,1237,None)
Sending msg to client play-fork-run-53fa0396-a118-4dd0-ba6f-f1f4a037885a: TaskStarted(23,1238,None)
Sending msg to client play-fork-run-53fa0396-a118-4dd0-ba6f-f1f4a037885a: TaskStarted(23,1240,None)
Sending msg to client play-fork-run-53fa0396-a118-4dd0-ba6f-f1f4a037885a: TaskFinished(23,1208,Some(AttributeKey[sbt.UnresolvedWarningConfiguration]("unresolvedWarningConfiguration") in Scope(Build: file:/C:/Users/Smooth/Trivial4b/web/, , Project: ProjectReference(file:/C:/Users/Smooth/Trivial4b/web/,root), Task: AttributeKey[sbt.UpdateReport]("update"))),true,None)
Sending msg to client play-fork-run-53fa0396-a118-4dd0-ba6f-f1f4a037885a: TaskFinished(23,1233,None,true,None)
Sending msg to client play-fork-run-53fa0396-a118-4dd0-ba6f-f1f4a037885a: TaskFinished(23,1206,Some(AttributeKey[scala.collection.Seq[sbt.ModuleID]]("allDependencies") in Scope(Build: file:/C:/Users/Smooth/Trivial4b/web/, , Project: ProjectReference(file:/C:/Users/Smooth/Trivial4b/web/,root))),true,None)
Sending msg to client play-fork-run-53fa0396-a118-4dd0-ba6f-f1f4a037885a: TaskStarted(23,1203,Some(AttributeKey[scala.collection.Seq[sbt.ModuleID]]("allDependencies") in Scope(Build: file:/C:/Users/Smooth/Trivial4b/web/, , Project: ProjectReference(file:/C:/Users/Smooth/Trivial4b/web/,root))))
Sending msg to client play-fork-run-53fa0396-a118-4dd0-ba6f-f1f4a037885a: TaskFinished(23,1240,None,true,None)
Sending msg to client play-fork-run-53fa0396-a118-4dd0-ba6f-f1f4a037885a: TaskStarted(23,1239,None)
Sending msg to client play-fork-run-53fa0396-a118-4dd0-ba6f-f1f4a037885a: TaskFinished(23,1238,None,true,None)
Sending msg to client play-fork-run-53fa0396-a118-4dd0-ba6f-f1f4a037885a: TaskFinished(23,1237,None,true,None)
Sending msg to client play-fork-run-53fa0396-a118-4dd0-ba6f-f1f4a037885a: TaskStarted(23,1236,Some(AttributeKey[scala.collection.Seq[sbt.Attributed[java.io.File]]]("unmanagedJars") in Scope(Build: file:/C:/Users/Smooth/Trivial4b/web/, , Project: ProjectReference(file:/C:/Users/Smooth/Trivial4b/web/,root), Config: compile)))
Sending msg to client play-fork-run-53fa0396-a118-4dd0-ba6f-f1f4a037885a: TaskStarted(23,1241,None)
Sending msg to client play-fork-run-53fa0396-a118-4dd0-ba6f-f1f4a037885a: TaskStarted(23,1242,None)
Sending msg to client play-fork-run-53fa0396-a118-4dd0-ba6f-f1f4a037885a: TaskFinished(23,1203,Some(AttributeKey[scala.collection.Seq[sbt.ModuleID]]("allDependencies") in Scope(Build: file:/C:/Users/Smooth/Trivial4b/web/, , Project: ProjectReference(file:/C:/Users/Smooth/Trivial4b/web/,root))),true,None)
Sending msg to client play-fork-run-53fa0396-a118-4dd0-ba6f-f1f4a037885a: TaskStarted(23,1202,Some(AttributeKey[sbt.ModuleSettings]("moduleSettings") in Scope(Build: file:/C:/Users/Smooth/Trivial4b/web/, , Project: ProjectReference(file:/C:/Users/Smooth/Trivial4b/web/,root))))
Sending msg to client play-fork-run-53fa0396-a118-4dd0-ba6f-f1f4a037885a: TaskFinished(23,1234,None,true,None)
Sending msg to client play-fork-run-53fa0396-a118-4dd0-ba6f-f1f4a037885a: TaskStarted(23,1232,Some(AttributeKey[scala.collection.Seq[sbt.Attributed[java.io.File]]]("unmanagedJars") in Scope(Build: file:/C:/Users/Smooth/Trivial4b/web/, , Project: ProjectReference(file:/C:/Users/Smooth/Trivial4b/web/,root), Config: runtime)))
Sending msg to client play-fork-run-53fa0396-a118-4dd0-ba6f-f1f4a037885a: TaskFinished(23,1202,Some(AttributeKey[sbt.ModuleSettings]("moduleSettings") in Scope(Build: file:/C:/Users/Smooth/Trivial4b/web/, , Project: ProjectReference(file:/C:/Users/Smooth/Trivial4b/web/,root))),true,None)
Sending msg to client play-fork-run-53fa0396-a118-4dd0-ba6f-f1f4a037885a: TaskFinished(23,1242,None,true,None)
Sending msg to client play-fork-run-53fa0396-a118-4dd0-ba6f-f1f4a037885a: TaskFinished(23,1239,None,true,None)
Sending msg to client play-fork-run-53fa0396-a118-4dd0-ba6f-f1f4a037885a: TaskFinished(23,1241,None,true,None)
Sending msg to client play-fork-run-53fa0396-a118-4dd0-ba6f-f1f4a037885a: TaskFinished(23,1185,None,true,None)
Sending msg to client play-fork-run-53fa0396-a118-4dd0-ba6f-f1f4a037885a: TaskFinished(23,1236,Some(AttributeKey[scala.collection.Seq[sbt.Attributed[java.io.File]]]("unmanagedJars") in Scope(Build: file:/C:/Users/Smooth/Trivial4b/web/, , Project: ProjectReference(file:/C:/Users/Smooth/Trivial4b/web/,root), Config: compile)),true,None)
Sending msg to client play-fork-run-53fa0396-a118-4dd0-ba6f-f1f4a037885a: TaskStarted(23,1235,Some(AttributeKey[scala.collection.Seq[sbt.Attributed[java.io.File]]]("unmanagedJars") in Scope(Build: file:/C:/Users/Smooth/Trivial4b/web/, , Project: ProjectReference(file:/C:/Users/Smooth/Trivial4b/web/,root), Config: compile)))
Sending msg to client play-fork-run-53fa0396-a118-4dd0-ba6f-f1f4a037885a: TaskFinished(23,1232,Some(AttributeKey[scala.collection.Seq[sbt.Attributed[java.io.File]]]("unmanagedJars") in Scope(Build: file:/C:/Users/Smooth/Trivial4b/web/, , Project: ProjectReference(file:/C:/Users/Smooth/Trivial4b/web/,root), Config: runtime)),true,None)
Sending msg to client play-fork-run-53fa0396-a118-4dd0-ba6f-f1f4a037885a: TaskFinished(23,1235,Some(AttributeKey[scala.collection.Seq[sbt.Attributed[java.io.File]]]("unmanagedJars") in Scope(Build: file:/C:/Users/Smooth/Trivial4b/web/, , Project: ProjectReference(file:/C:/Users/Smooth/Trivial4b/web/,root), Config: compile)),true,None)
Sending msg to client play-fork-run-53fa0396-a118-4dd0-ba6f-f1f4a037885a: TaskStarted(23,1231,None)
Sending msg to client play-fork-run-53fa0396-a118-4dd0-ba6f-f1f4a037885a: TaskFinished(23,1231,None,true,None)
Sending msg to client play-fork-run-53fa0396-a118-4dd0-ba6f-f1f4a037885a: TaskStarted(23,1230,None)
Sending msg to client play-fork-run-53fa0396-a118-4dd0-ba6f-f1f4a037885a: TaskFinished(23,1230,None,true,None)
Sending msg to client play-fork-run-53fa0396-a118-4dd0-ba6f-f1f4a037885a: TaskFinished(23,1220,None,true,None)
Sending msg to client play-fork-run-53fa0396-a118-4dd0-ba6f-f1f4a037885a: TaskStarted(23,1218,Some(AttributeKey[scala.collection.Seq[sbt.Attributed[java.io.File]]]("unmanagedClasspath") in Scope(Build: file:/C:/Users/Smooth/Trivial4b/web/, , Project: ProjectReference(file:/C:/Users/Smooth/Trivial4b/web/,root), Config: runtime)))
Sending msg to client play-fork-run-53fa0396-a118-4dd0-ba6f-f1f4a037885a: TaskFinished(23,1200,None,true,None)
Sending msg to client play-fork-run-53fa0396-a118-4dd0-ba6f-f1f4a037885a: TaskStarted(23,1199,Some(AttributeKey[scala.collection.immutable.Map[org.apache.ivy.core.module.id.ModuleRevisionId,org.apache.ivy.core.module.descriptor.ModuleDescriptor]]("projectDescriptors") in Scope(Build: file:/C:/Users/Smooth/Trivial4b/web/, , Project: ProjectReference(file:/C:/Users/Smooth/Trivial4b/web/,root))))
Sending msg to client play-fork-run-53fa0396-a118-4dd0-ba6f-f1f4a037885a: TaskStarted(23,1244,None)
Sending msg to client play-fork-run-53fa0396-a118-4dd0-ba6f-f1f4a037885a: TaskFinished(23,1244,None,true,None)
Sending msg to client play-fork-run-53fa0396-a118-4dd0-ba6f-f1f4a037885a: TaskStarted(23,1243,None)
Sending msg to client play-fork-run-53fa0396-a118-4dd0-ba6f-f1f4a037885a: TaskFinished(23,1243,None,true,None)
Sending msg to client play-fork-run-53fa0396-a118-4dd0-ba6f-f1f4a037885a: TaskFinished(23,1199,Some(AttributeKey[scala.collection.immutable.Map[org.apache.ivy.core.module.id.ModuleRevisionId,org.apache.ivy.core.module.descriptor.ModuleDescriptor]]("projectDescriptors") in Scope(Build: file:/C:/Users/Smooth/Trivial4b/web/, , Project: ProjectReference(file:/C:/Users/Smooth/Trivial4b/web/,root))),true,None)
Sending msg to client play-fork-run-53fa0396-a118-4dd0-ba6f-f1f4a037885a: TaskStarted(23,1198,Some(AttributeKey[sbt.Resolver]("projectResolver") in Scope(Build: file:/C:/Users/Smooth/Trivial4b/web/, , Project: ProjectReference(file:/C:/Users/Smooth/Trivial4b/web/,root))))
Sending msg to client play-fork-run-53fa0396-a118-4dd0-ba6f-f1f4a037885a: TaskFinished(23,1198,Some(AttributeKey[sbt.Resolver]("projectResolver") in Scope(Build: file:/C:/Users/Smooth/Trivial4b/web/, , Project: ProjectReference(file:/C:/Users/Smooth/Trivial4b/web/,root))),true,None)
Sending msg to client play-fork-run-53fa0396-a118-4dd0-ba6f-f1f4a037885a: TaskStarted(23,1196,Some(AttributeKey[scala.collection.Seq[sbt.Resolver]]("fullResolvers") in Scope(Build: file:/C:/Users/Smooth/Trivial4b/web/, , Project: ProjectReference(file:/C:/Users/Smooth/Trivial4b/web/,root))))
Sending msg to client play-fork-run-53fa0396-a118-4dd0-ba6f-f1f4a037885a: TaskFinished(23,1196,Some(AttributeKey[scala.collection.Seq[sbt.Resolver]]("fullResolvers") in Scope(Build: file:/C:/Users/Smooth/Trivial4b/web/, , Project: ProjectReference(file:/C:/Users/Smooth/Trivial4b/web/,root))),true,None)
Sending msg to client play-fork-run-53fa0396-a118-4dd0-ba6f-f1f4a037885a: TaskStarted(23,1194,Some(AttributeKey[sbt.IvyConfiguration]("ivyConfiguration") in Scope(Build: file:/C:/Users/Smooth/Trivial4b/web/, , Project: ProjectReference(file:/C:/Users/Smooth/Trivial4b/web/,root))))
Sending msg to client play-fork-run-53fa0396-a118-4dd0-ba6f-f1f4a037885a: TaskFinished(23,1218,Some(AttributeKey[scala.collection.Seq[sbt.Attributed[java.io.File]]]("unmanagedClasspath") in Scope(Build: file:/C:/Users/Smooth/Trivial4b/web/, , Project: ProjectReference(file:/C:/Users/Smooth/Trivial4b/web/,root), Config: runtime)),true,None)
Sending msg to client play-fork-run-53fa0396-a118-4dd0-ba6f-f1f4a037885a: TaskFinished(23,1194,Some(AttributeKey[sbt.IvyConfiguration]("ivyConfiguration") in Scope(Build: file:/C:/Users/Smooth/Trivial4b/web/, , Project: ProjectReference(file:/C:/Users/Smooth/Trivial4b/web/,root))),true,None)
Sending msg to client play-fork-run-53fa0396-a118-4dd0-ba6f-f1f4a037885a: TaskStarted(23,1191,Some(AttributeKey[sbt.IvySbt]("ivySbt") in Scope(Build: file:/C:/Users/Smooth/Trivial4b/web/, , Project: ProjectReference(file:/C:/Users/Smooth/Trivial4b/web/,root))))
Sending msg to client play-fork-run-53fa0396-a118-4dd0-ba6f-f1f4a037885a: TaskFinished(23,1191,Some(AttributeKey[sbt.IvySbt]("ivySbt") in Scope(Build: file:/C:/Users/Smooth/Trivial4b/web/, , Project: ProjectReference(file:/C:/Users/Smooth/Trivial4b/web/,root))),true,None)
Sending msg to client play-fork-run-53fa0396-a118-4dd0-ba6f-f1f4a037885a: TaskStarted(23,1190,Some(AttributeKey[sbt.IvySbt$Module]("ivyModule") in Scope(Build: file:/C:/Users/Smooth/Trivial4b/web/, , Project: ProjectReference(file:/C:/Users/Smooth/Trivial4b/web/,root))))
Sending msg to client play-fork-run-53fa0396-a118-4dd0-ba6f-f1f4a037885a: TaskFinished(23,1190,Some(AttributeKey[sbt.IvySbt$Module]("ivyModule") in Scope(Build: file:/C:/Users/Smooth/Trivial4b/web/, , Project: ProjectReference(file:/C:/Users/Smooth/Trivial4b/web/,root))),true,None)
Sending msg to client play-fork-run-53fa0396-a118-4dd0-ba6f-f1f4a037885a: TaskStarted(23,1177,Some(AttributeKey[sbt.UpdateReport]("update") in Scope(Build: file:/C:/Users/Smooth/Trivial4b/web/, , Project: ProjectReference(file:/C:/Users/Smooth/Trivial4b/web/,root))))
Sending msg to client play-fork-run-53fa0396-a118-4dd0-ba6f-f1f4a037885a: TaskFinished(23,1177,Some(AttributeKey[sbt.UpdateReport]("update") in Scope(Build: file:/C:/Users/Smooth/Trivial4b/web/, , Project: ProjectReference(file:/C:/Users/Smooth/Trivial4b/web/,root))),true,None)
Sending msg to client play-fork-run-53fa0396-a118-4dd0-ba6f-f1f4a037885a: TaskStarted(23,1174,Some(AttributeKey[sbt.UpdateReport]("update") in Scope(Build: file:/C:/Users/Smooth/Trivial4b/web/, , Project: ProjectReference(file:/C:/Users/Smooth/Trivial4b/web/,root))))
Sending msg to client play-fork-run-53fa0396-a118-4dd0-ba6f-f1f4a037885a: TaskFinished(23,1174,Some(AttributeKey[sbt.UpdateReport]("update") in Scope(Build: file:/C:/Users/Smooth/Trivial4b/web/, , Project: ProjectReference(file:/C:/Users/Smooth/Trivial4b/web/,root))),true,None)
Sending msg to client play-fork-run-53fa0396-a118-4dd0-ba6f-f1f4a037885a: TaskStarted(23,1173,Some(AttributeKey[scala.collection.Seq[sbt.Attributed[java.io.File]]]("managedClasspath") in Scope(Build: file:/C:/Users/Smooth/Trivial4b/web/, , Project: ProjectReference(file:/C:/Users/Smooth/Trivial4b/web/,root), Config: docs)))
Sending msg to client play-fork-run-53fa0396-a118-4dd0-ba6f-f1f4a037885a: TaskStarted(23,1225,Some(AttributeKey[sbt.Configuration]("classpathConfiguration") in Scope(Build: file:/C:/Users/Smooth/Trivial4b/web/, , Project: ProjectReference(file:/C:/Users/Smooth/Trivial4b/web/,root), Config: compile)))
Sending msg to client play-fork-run-53fa0396-a118-4dd0-ba6f-f1f4a037885a: TaskFinished(23,1225,Some(AttributeKey[sbt.Configuration]("classpathConfiguration") in Scope(Build: file:/C:/Users/Smooth/Trivial4b/web/, , Project: ProjectReference(file:/C:/Users/Smooth/Trivial4b/web/,root), Config: compile)),true,None)
Sending msg to client play-fork-run-53fa0396-a118-4dd0-ba6f-f1f4a037885a: TaskStarted(23,1224,None)
Sending msg to client play-fork-run-53fa0396-a118-4dd0-ba6f-f1f4a037885a: TaskFinished(23,1173,Some(AttributeKey[scala.collection.Seq[sbt.Attributed[java.io.File]]]("managedClasspath") in Scope(Build: file:/C:/Users/Smooth/Trivial4b/web/, , Project: ProjectReference(file:/C:/Users/Smooth/Trivial4b/web/,root), Config: docs)),true,None)
Sending msg to client play-fork-run-53fa0396-a118-4dd0-ba6f-f1f4a037885a: TaskFinished(23,1224,None,true,None)
Sending msg to client play-fork-run-53fa0396-a118-4dd0-ba6f-f1f4a037885a: TaskStarted(23,1223,Some(AttributeKey[sbt.Configuration]("classpathConfiguration") in Scope(Build: file:/C:/Users/Smooth/Trivial4b/web/, , Project: ProjectReference(file:/C:/Users/Smooth/Trivial4b/web/,root), Config: runtime)))
Sending msg to client play-fork-run-53fa0396-a118-4dd0-ba6f-f1f4a037885a: TaskFinished(23,1223,Some(AttributeKey[sbt.Configuration]("classpathConfiguration") in Scope(Build: file:/C:/Users/Smooth/Trivial4b/web/, , Project: ProjectReference(file:/C:/Users/Smooth/Trivial4b/web/,root), Config: runtime)),true,None)
Sending msg to client play-fork-run-53fa0396-a118-4dd0-ba6f-f1f4a037885a: TaskStarted(23,1222,None)
Sending msg to client play-fork-run-53fa0396-a118-4dd0-ba6f-f1f4a037885a: TaskFinished(23,1222,None,true,None)
Sending msg to client play-fork-run-53fa0396-a118-4dd0-ba6f-f1f4a037885a: TaskStarted(23,1221,Some(AttributeKey[scala.collection.Seq[sbt.Attributed[java.io.File]]]("managedClasspath") in Scope(Build: file:/C:/Users/Smooth/Trivial4b/web/, , Project: ProjectReference(file:/C:/Users/Smooth/Trivial4b/web/,root), Config: runtime)))
Sending msg to client play-fork-run-53fa0396-a118-4dd0-ba6f-f1f4a037885a: TaskFinished(23,1221,Some(AttributeKey[scala.collection.Seq[sbt.Attributed[java.io.File]]]("managedClasspath") in Scope(Build: file:/C:/Users/Smooth/Trivial4b/web/, , Project: ProjectReference(file:/C:/Users/Smooth/Trivial4b/web/,root), Config: runtime)),true,None)
Sending msg to client play-fork-run-53fa0396-a118-4dd0-ba6f-f1f4a037885a: TaskStarted(23,1217,None)
Sending msg to client play-fork-run-53fa0396-a118-4dd0-ba6f-f1f4a037885a: TaskFinished(23,1217,None,true,None)
Sending msg to client play-fork-run-53fa0396-a118-4dd0-ba6f-f1f4a037885a: TaskStarted(23,1216,Some(AttributeKey[scala.collection.Seq[sbt.Attributed[java.io.File]]]("playDependencyClasspath") in Scope(Build: file:/C:/Users/Smooth/Trivial4b/web/, , Project: ProjectReference(file:/C:/Users/Smooth/Trivial4b/web/,root))))
Sending msg to client play-fork-run-53fa0396-a118-4dd0-ba6f-f1f4a037885a: TaskFinished(23,1216,Some(AttributeKey[scala.collection.Seq[sbt.Attributed[java.io.File]]]("playDependencyClasspath") in Scope(Build: file:/C:/Users/Smooth/Trivial4b/web/, , Project: ProjectReference(file:/C:/Users/Smooth/Trivial4b/web/,root))),true,None)
Sending msg to client play-fork-run-53fa0396-a118-4dd0-ba6f-f1f4a037885a: TaskStarted(23,1172,Some(AttributeKey[play.forkrun.protocol.ForkConfig]("playForkConfig") in Scope(Build: file:/C:/Users/Smooth/Trivial4b/web/, , Project: ProjectReference(file:/C:/Users/Smooth/Trivial4b/web/,root))))
Sending msg to client play-fork-run-53fa0396-a118-4dd0-ba6f-f1f4a037885a: TaskFinished(23,1172,Some(AttributeKey[play.forkrun.protocol.ForkConfig]("playForkConfig") in Scope(Build: file:/C:/Users/Smooth/Trivial4b/web/, , Project: ProjectReference(file:/C:/Users/Smooth/Trivial4b/web/,root))),true,None)
Sending msg to client play-fork-run-53fa0396-a118-4dd0-ba6f-f1f4a037885a: ValueChanged(AttributeKey[play.forkrun.protocol.ForkConfig]("playForkConfig") in Scope(Build: file:/C:/Users/Smooth/Trivial4b/web/, , Project: ProjectReference(file:/C:/Users/Smooth/Trivial4b/web/,root)),TaskSuccess(BuildValue(LazyValue(ForkConfig(C:\Users\Smooth\Trivial4b\web,List(),List(C:\Users\Smooth\Trivial4b\web\lib\hsqldb.jar, C:\Users\Smooth\Trivial4b\web\lib\jgraph-5.13.0.0.jar, C:\Users\Smooth\Trivial4b\web\lib\jgrapht-core-0.9.1.jar, C:\Users\Smooth\Trivial4b\web\lib\mongo-java-driver-2.13.1.jar, C:\Users\Smooth\.ivy2\cache\org.scala-lang\scala-library\jars\scala-library-2.11.1.jar, C:\Users\Smooth\.ivy2\cache\com.typesafe.play\twirl-api_2.11\jars\twirl-api_2.11-1.0.2.jar, C:\Users\Smooth\.ivy2\cache\org.apache.commons\commons-lang3\jars\commons-lang3-3.1.jar, C:\Users\Smooth\.ivy2\cache\org.scala-lang.modules\scala-xml_2.11\bundles\scala-xml_2.11-1.0.1.jar, C:\Users\Smooth\.ivy2\cache\com.typesafe.play\play_2.11\jars\play_2.11-2.3.8.jar, C:\Users\Smooth\.ivy2\cache\com.typesafe.play\build-link\jars\build-link-2.3.8.jar, C:\Users\Smooth\.ivy2\cache\com.typesafe.play\play-exceptions\jars\play-exceptions-2.3.8.jar, C:\Users\Smooth\.ivy2\cache\com.typesafe.play\play-iteratees_2.11\jars\play-iteratees_2.11-2.3.8.jar, C:\Users\Smooth\.ivy2\cache\org.scala-stm\scala-stm_2.11\jars\scala-stm_2.11-0.7.jar, C:\Users\Smooth\.ivy2\cache\com.typesafe\config\bundles\config-1.2.1.jar, C:\Users\Smooth\.ivy2\cache\com.typesafe.play\play-json_2.11\jars\play-json_2.11-2.3.8.jar, C:\Users\Smooth\.ivy2\cache\com.typesafe.play\play-functional_2.11\jars\play-functional_2.11-2.3.8.jar, C:\Users\Smooth\.ivy2\cache\com.typesafe.play\play-datacommons_2.11\jars\play-datacommons_2.11-2.3.8.jar, C:\Users\Smooth\.ivy2\cache\joda-time\joda-time\jars\joda-time-2.3.jar, C:\Users\Smooth\.ivy2\cache\org.joda\joda-convert\jars\joda-convert-1.6.jar, C:\Users\Smooth\.ivy2\cache\com.fasterxml.jackson.core\jackson-annotations\bundles\jackson-annotations-2.3.2.jar, C:\Users\Smooth\.ivy2\cache\com.fasterxml.jackson.core\jackson-core\bundles\jackson-core-2.3.2.jar, C:\Users\Smooth\.ivy2\cache\com.fasterxml.jackson.core\jackson-databind\bundles\jackson-databind-2.3.2.jar, C:\Users\Smooth\.ivy2\cache\org.scala-lang\scala-reflect\jars\scala-reflect-2.11.1.jar, C:\Users\Smooth\.ivy2\cache\org.scala-lang.modules\scala-parser-combinators_2.11\bundles\scala-parser-combinators_2.11-1.0.1.jar, C:\Users\Smooth\.ivy2\cache\io.netty\netty\bundles\netty-3.9.3.Final.jar, C:\Users\Smooth\.ivy2\cache\com.typesafe.netty\netty-http-pipelining\jars\netty-http-pipelining-1.1.2.jar, C:\Users\Smooth\.ivy2\cache\org.slf4j\slf4j-api\jars\slf4j-api-1.7.6.jar, C:\Users\Smooth\.ivy2\cache\org.slf4j\jul-to-slf4j\jars\jul-to-slf4j-1.7.6.jar, C:\Users\Smooth\.ivy2\cache\org.slf4j\jcl-over-slf4j\jars\jcl-over-slf4j-1.7.6.jar, C:\Users\Smooth\.ivy2\cache\ch.qos.logback\logback-core\jars\logback-core-1.1.1.jar, C:\Users\Smooth\.ivy2\cache\ch.qos.logback\logback-classic\jars\logback-classic-1.1.1.jar, C:\Users\Smooth\.ivy2\cache\com.typesafe.akka\akka-actor_2.11\jars\akka-actor_2.11-2.3.4.jar, C:\Users\Smooth\.ivy2\cache\com.typesafe.akka\akka-slf4j_2.11\jars\akka-slf4j_2.11-2.3.4.jar, C:\Users\Smooth\.ivy2\cache\commons-codec\commons-codec\jars\commons-codec-1.9.jar, C:\Users\Smooth\.ivy2\cache\xerces\xercesImpl\jars\xercesImpl-2.11.0.jar, C:\Users\Smooth\.ivy2\cache\xml-apis\xml-apis\jars\xml-apis-1.4.01.jar, C:\Users\Smooth\.ivy2\cache\javax.transaction\jta\jars\jta-1.1.jar, C:\Users\Smooth\.ivy2\cache\com.typesafe.play\play-java_2.11\jars\play-java_2.11-2.3.8.jar, C:\Users\Smooth\.ivy2\cache\org.yaml\snakeyaml\bundles\snakeyaml-1.13.jar, C:\Users\Smooth\.ivy2\cache\org.hibernate\hibernate-validator\jars\hibernate-validator-5.0.3.Final.jar, C:\Users\Smooth\.ivy2\cache\javax.validation\validation-api\jars\validation-api-1.1.0.Final.jar, C:\Users\Smooth\.ivy2\cache\com.fasterxml\classmate\bundles\classmate-1.0.0.jar, C:\Users\Smooth\.ivy2\cache\org.jboss.logging\jboss-logging\jars\jboss-logging-3.2.0.Final.jar, C:\Users\Smooth\.ivy2\cache\org.springframework\spring-context\jars\spring-context-4.0.3.RELEASE.jar, C:\Users\Smooth\.ivy2\cache\org.springframework\spring-core\jars\spring-core-4.0.3.RELEASE.jar, C:\Users\Smooth\.ivy2\cache\org.springframework\spring-beans\jars\spring-beans-4.0.3.RELEASE.jar, C:\Users\Smooth\.ivy2\cache\org.javassist\javassist\bundles\javassist-3.19.0-GA.jar, C:\Users\Smooth\.ivy2\cache\org.reflections\reflections\jars\reflections-0.9.8.jar, C:\Users\Smooth\.ivy2\cache\com.google.guava\guava\bundles\guava-16.0.1.jar, C:\Users\Smooth\.ivy2\cache\dom4j\dom4j\jars\dom4j-1.6.1.jar, C:\Users\Smooth\.ivy2\cache\com.google.code.findbugs\jsr305\jars\jsr305-2.0.3.jar, C:\Users\Smooth\.ivy2\cache\org.apache.tomcat\tomcat-servlet-api\jars\tomcat-servlet-api-8.0.5.jar, C:\Users\Smooth\.ivy2\cache\com.typesafe.play\play-java-jdbc_2.11\jars\play-java-jdbc_2.11-2.3.8.jar, C:\Users\Smooth\.ivy2\cache\com.typesafe.play\play-jdbc_2.11\jars\play-jdbc_2.11-2.3.8.jar, C:\Users\Smooth\.ivy2\cache\com.jolbox\bonecp\bundles\bonecp-0.8.0.RELEASE.jar, C:\Users\Smooth\.ivy2\cache\com.h2database\h2\jars\h2-1.3.175.jar, C:\Users\Smooth\.ivy2\cache\tyrex\tyrex\jars\tyrex-1.0.1.jar, C:\Users\Smooth\.ivy2\cache\com.typesafe.play\play-java-ebean_2.11\jars\play-java-ebean_2.11-2.3.8.jar, C:\Users\Smooth\.ivy2\cache\org.avaje.ebeanorm\avaje-ebeanorm\jars\avaje-ebeanorm-3.3.4.jar, C:\Users\Smooth\.ivy2\cache\org.avaje.ebeanorm\avaje-ebeanorm-agent\jars\avaje-ebeanorm-agent-3.2.2.jar, C:\Users\Smooth\.ivy2\cache\org.hibernate.javax.persistence\hibernate-jpa-2.0-api\jars\hibernate-jpa-2.0-api-1.0.1.Final.jar, C:\Users\Smooth\.ivy2\cache\com.typesafe.play\play-cache_2.11\jars\play-cache_2.11-2.3.8.jar, C:\Users\Smooth\.ivy2\cache\net.sf.ehcache\ehcache-core\jars\ehcache-core-2.6.8.jar, C:\Users\Smooth\.ivy2\cache\com.typesafe.play\play-java-ws_2.11\jars\play-java-ws_2.11-2.3.8.jar, C:\Users\Smooth\.ivy2\cache\com.typesafe.play\play-ws_2.11\jars\play-ws_2.11-2.3.8.jar, C:\Users\Smooth\.ivy2\cache\com.ning\async-http-client\jars\async-http-client-1.8.15.jar, C:\Users\Smooth\.ivy2\cache\oauth.signpost\signpost-core\jars\signpost-core-1.2.1.2.jar, C:\Users\Smooth\.ivy2\cache\oauth.signpost\signpost-commonshttp4\jars\signpost-commonshttp4-1.2.1.2.jar, C:\Users\Smooth\.ivy2\cache\org.apache.httpcomponents\httpcore\jars\httpcore-4.0.1.jar, C:\Users\Smooth\.ivy2\cache\org.apache.httpcomponents\httpclient\jars\httpclient-4.0.1.jar, C:\Users\Smooth\.ivy2\cache\commons-logging\commons-logging\jars\commons-logging-1.1.1.jar, C:\Users\Smooth\.ivy2\cache\com.typesafe.play\play-java-jpa_2.11\jars\play-java-jpa_2.11-2.3.8.jar, C:\Users\Smooth\.ivy2\cache\org.hibernate\hibernate-entitymanager\jars\hibernate-entitymanager-4.3.8.Final.jar, C:\Users\Smooth\.ivy2\cache\org.jboss.logging\jboss-logging-annotations\jars\jboss-logging-annotations-1.2.0.Beta1.jar, C:\Users\Smooth\.ivy2\cache\org.hibernate\hibernate-core\jars\hibernate-core-4.3.8.Final.jar, C:\Users\Smooth\.ivy2\cache\org.jboss.spec.javax.transaction\jboss-transaction-api_1.2_spec\jars\jboss-transaction-api_1.2_spec-1.0.0.Final.jar, C:\Users\Smooth\.ivy2\cache\org.hibernate.common\hibernate-commons-annotations\jars\hibernate-commons-annotations-4.0.5.Final.jar, C:\Users\Smooth\.ivy2\cache\org.hibernate.javax.persistence\hibernate-jpa-2.1-api\jars\hibernate-jpa-2.1-api-1.0.0.Final.jar, C:\Users\Smooth\.ivy2\cache\antlr\antlr\jars\antlr-2.7.7.jar, C:\Users\Smooth\.ivy2\cache\org.jboss\jandex\jars\jandex-1.1.0.Final.jar),List((public/,C:\Users\Smooth\Trivial4b\web\target\web\public\main)),List(C:\Users\Smooth\.ivy2\cache\com.typesafe.play\play-docs_2.11\jars\play-docs_2.11-2.3.8.jar, C:\Users\Smooth\.ivy2\cache\org.scala-lang\scala-library\jars\scala-library-2.11.1.jar, C:\Users\Smooth\.ivy2\cache\com.typesafe.play\play_2.11\jars\play_2.11-2.3.8.jar, C:\Users\Smooth\.ivy2\cache\com.typesafe.play\build-link\jars\build-link-2.3.8.jar, C:\Users\Smooth\.ivy2\cache\com.typesafe.play\play-exceptions\jars\play-exceptions-2.3.8.jar, C:\Users\Smooth\.ivy2\cache\org.javassist\javassist\bundles\javassist-3.18.2-GA.jar, C:\Users\Smooth\.ivy2\cache\com.typesafe.play\play-iteratees_2.11\jars\play-iteratees_2.11-2.3.8.jar, C:\Users\Smooth\.ivy2\cache\org.scala-stm\scala-stm_2.11\jars\scala-stm_2.11-0.7.jar, C:\Users\Smooth\.ivy2\cache\com.typesafe\config\bundles\config-1.2.1.jar, C:\Users\Smooth\.ivy2\cache\com.typesafe.play\play-json_2.11\jars\play-json_2.11-2.3.8.jar, C:\Users\Smooth\.ivy2\cache\com.typesafe.play\play-functional_2.11\jars\play-functional_2.11-2.3.8.jar, C:\Users\Smooth\.ivy2\cache\com.typesafe.play\play-datacommons_2.11\jars\play-datacommons_2.11-2.3.8.jar, C:\Users\Smooth\.ivy2\cache\joda-time\joda-time\jars\joda-time-2.3.jar, C:\Users\Smooth\.ivy2\cache\org.joda\joda-convert\jars\joda-convert-1.6.jar, C:\Users\Smooth\.ivy2\cache\com.fasterxml.jackson.core\jackson-annotations\bundles\jackson-annotations-2.3.2.jar, C:\Users\Smooth\.ivy2\cache\com.fasterxml.jackson.core\jackson-core\bundles\jackson-core-2.3.2.jar, C:\Users\Smooth\.ivy2\cache\com.fasterxml.jackson.core\jackson-databind\bundles\jackson-databind-2.3.2.jar, C:\Users\Smooth\.ivy2\cache\org.scala-lang\scala-reflect\jars\scala-reflect-2.11.1.jar, C:\Users\Smooth\.ivy2\cache\com.typesafe.play\twirl-api_2.11\jars\twirl-api_2.11-1.0.2.jar, C:\Users\Smooth\.ivy2\cache\org.apache.commons\commons-lang3\jars\commons-lang3-3.1.jar, C:\Users\Smooth\.ivy2\cache\org.scala-lang.modules\scala-xml_2.11\bundles\scala-xml_2.11-1.0.1.jar, C:\Users\Smooth\.ivy2\cache\org.scala-lang.modules\scala-parser-combinators_2.11\bundles\scala-parser-combinators_2.11-1.0.1.jar, C:\Users\Smooth\.ivy2\cache\io.netty\netty\bundles\netty-3.9.3.Final.jar, C:\Users\Smooth\.ivy2\cache\com.typesafe.netty\netty-http-pipelining\jars\netty-http-pipelining-1.1.2.jar, C:\Users\Smooth\.ivy2\cache\org.slf4j\slf4j-api\jars\slf4j-api-1.7.6.jar, C:\Users\Smooth\.ivy2\cache\org.slf4j\jul-to-slf4j\jars\jul-to-slf4j-1.7.6.jar, C:\Users\Smooth\.ivy2\cache\org.slf4j\jcl-over-slf4j\jars\jcl-over-slf4j-1.7.6.jar, C:\Users\Smooth\.ivy2\cache\ch.qos.logback\logback-core\jars\logback-core-1.1.1.jar, C:\Users\Smooth\.ivy2\cache\ch.qos.logback\logback-classic\jars\logback-classic-1.1.1.jar, C:\Users\Smooth\.ivy2\cache\com.typesafe.akka\akka-actor_2.11\jars\akka-actor_2.11-2.3.4.jar, C:\Users\Smooth\.ivy2\cache\com.typesafe.akka\akka-slf4j_2.11\jars\akka-slf4j_2.11-2.3.4.jar, C:\Users\Smooth\.ivy2\cache\commons-codec\commons-codec\jars\commons-codec-1.9.jar, C:\Users\Smooth\.ivy2\cache\xerces\xercesImpl\jars\xercesImpl-2.11.0.jar, C:\Users\Smooth\.ivy2\cache\xml-apis\xml-apis\jars\xml-apis-1.4.01.jar, C:\Users\Smooth\.ivy2\cache\javax.transaction\jta\jars\jta-1.1.jar, C:\Users\Smooth\.ivy2\cache\com.typesafe.play\play-doc_2.11\jars\play-doc_2.11-1.1.0.jar, C:\Users\Smooth\.ivy2\cache\org.pegdown\pegdown\jars\pegdown-1.4.0.jar, C:\Users\Smooth\.ivy2\cache\org.parboiled\parboiled-java\bundles\parboiled-java-1.1.5.jar, C:\Users\Smooth\.ivy2\cache\org.parboiled\parboiled-core\bundles\parboiled-core-1.1.5.jar, C:\Users\Smooth\.ivy2\cache\org.ow2.asm\asm\jars\asm-4.1.jar, C:\Users\Smooth\.ivy2\cache\org.ow2.asm\asm-tree\jars\asm-tree-4.1.jar, C:\Users\Smooth\.ivy2\cache\org.ow2.asm\asm-analysis\jars\asm-analysis-4.1.jar, C:\Users\Smooth\.ivy2\cache\org.ow2.asm\asm-util\jars\asm-util-4.1.jar, C:\Users\Smooth\.ivy2\cache\commons-io\commons-io\jars\commons-io-2.4.jar),List(),9000,DefaultWatchService,List(C:\Users\Smooth\Trivial4b\web\app-2.11, C:\Users\Smooth\Trivial4b\web\app, C:\Users\Smooth\Trivial4b\web\conf, C:\Users\Smooth\Trivial4b\web\app\assets, C:\Users\Smooth\Trivial4b\web\public),C:\Users\Smooth\Trivial4b\web\target,500,root/playForkNotifyStart,root/playForkReload,300000),scala.pickling.PicklerUnpickler$DelegatingPicklerUnpickler@715951b8),ForkConfig(C:\Users\Smooth\Trivial4b\web,List(),List(C:\Users\Smooth\Trivial4b\web\lib\hsqldb.jar, C:\Users\Smooth\Trivial4b\web\lib\jgraph-5.13.0.0.jar, C:\Users\Smooth\Trivial4b\web\lib\jgrapht-core-0.9.1.jar, C:\Users\Smooth\Trivial4b\web\lib\mongo-java-driver-2.13.1.jar, C:\Users\Smooth\.ivy2\cache\org.scala-lang\scala-library\jars\scala-library-2.11.1.jar, C:\Users\Smooth\.ivy2\cache\com.typesafe.play\twirl-api_2.11\jars\twirl-api_2.11-1.0.2.jar, C:\Users\Smooth\.ivy2\cache\org.apache.commons\commons-lang3\jars\commons-lang3-3.1.jar, C:\Users\Smooth\.ivy2\cache\org.scala-lang.modules\scala-xml_2.11\bundles\scala-xml_2.11-1.0.1.jar, C:\Users\Smooth\.ivy2\cache\com.typesafe.play\play_2.11\jars\play_2.11-2.3.8.jar, C:\Users\Smooth\.ivy2\cache\com.typesafe.play\build-link\jars\build-link-2.3.8.jar, C:\Users\Smooth\.ivy2\cache\com.typesafe.play\play-exceptions\jars\play-exceptions-2.3.8.jar, C:\Users\Smooth\.ivy2\cache\com.typesafe.play\play-iteratees_2.11\jars\play-iteratees_2.11-2.3.8.jar, C:\Users\Smooth\.ivy2\cache\org.scala-stm\scala-stm_2.11\jars\scala-stm_2.11-0.7.jar, C:\Users\Smooth\.ivy2\cache\com.typesafe\config\bundles\config-1.2.1.jar, C:\Users\Smooth\.ivy2\cache\com.typesafe.play\play-json_2.11\jars\play-json_2.11-2.3.8.jar, C:\Users\Smooth\.ivy2\cache\com.typesafe.play\play-functional_2.11\jars\play-functional_2.11-2.3.8.jar, C:\Users\Smooth\.ivy2\cache\com.typesafe.play\play-datacommons_2.11\jars\play-datacommons_2.11-2.3.8.jar, C:\Users\Smooth\.ivy2\cache\joda-time\joda-time\jars\joda-time-2.3.jar, C:\Users\Smooth\.ivy2\cache\org.joda\joda-convert\jars\joda-convert-1.6.jar, C:\Users\Smooth\.ivy2\cache\com.fasterxml.jackson.core\jackson-annotations\bundles\jackson-annotations-2.3.2.jar, C:\Users\Smooth\.ivy2\cache\com.fasterxml.jackson.core\jackson-core\bundles\jackson-core-2.3.2.jar, C:\Users\Smooth\.ivy2\cache\com.fasterxml.jackson.core\jackson-databind\bundles\jackson-databind-2.3.2.jar, C:\Users\Smooth\.ivy2\cache\org.scala-lang\scala-reflect\jars\scala-reflect-2.11.1.jar, C:\Users\Smooth\.ivy2\cache\org.scala-lang.modules\scala-parser-combinators_2.11\bundles\scala-parser-combinators_2.11-1.0.1.jar, C:\Users\Smooth\.ivy2\cache\io.netty\netty\bundles\netty-3.9.3.Final.jar, C:\Users\Smooth\.ivy2\cache\com.typesafe.netty\netty-http-pipelining\jars\netty-http-pipelining-1.1.2.jar, C:\Users\Smooth\.ivy2\cache\org.slf4j\slf4j-api\jars\slf4j-api-1.7.6.jar, C:\Users\Smooth\.ivy2\cache\org.slf4j\jul-to-slf4j\jars\jul-to-slf4j-1.7.6.jar, C:\Users\Smooth\.ivy2\cache\org.slf4j\jcl-over-slf4j\jars\jcl-over-slf4j-1.7.6.jar, C:\Users\Smooth\.ivy2\cache\ch.qos.logback\logback-core\jars\logback-core-1.1.1.jar, C:\Users\Smooth\.ivy2\cache\ch.qos.logback\logback-classic\jars\logback-classic-1.1.1.jar, C:\Users\Smooth\.ivy2\cache\com.typesafe.akka\akka-actor_2.11\jars\akka-actor_2.11-2.3.4.jar, C:\Users\Smooth\.ivy2\cache\com.typesafe.akka\akka-slf4j_2.11\jars\akka-slf4j_2.11-2.3.4.jar, C:\Users\Smooth\.ivy2\cache\commons-codec\commons-codec\jars\commons-codec-1.9.jar, C:\Users\Smooth\.ivy2\cache\xerces\xercesImpl\jars\xercesImpl-2.11.0.jar, C:\Users\Smooth\.ivy2\cache\xml-apis\xml-apis\jars\xml-apis-1.4.01.jar, C:\Users\Smooth\.ivy2\cache\javax.transaction\jta\jars\jta-1.1.jar, C:\Users\Smooth\.ivy2\cache\com.typesafe.play\play-java_2.11\jars\play-java_2.11-2.3.8.jar, C:\Users\Smooth\.ivy2\cache\org.yaml\snakeyaml\bundles\snakeyaml-1.13.jar, C:\Users\Smooth\.ivy2\cache\org.hibernate\hibernate-validator\jars\hibernate-validator-5.0.3.Final.jar, C:\Users\Smooth\.ivy2\cache\javax.validation\validation-api\jars\validation-api-1.1.0.Final.jar, C:\Users\Smooth\.ivy2\cache\com.fasterxml\classmate\bundles\classmate-1.0.0.jar, C:\Users\Smooth\.ivy2\cache\org.jboss.logging\jboss-logging\jars\jboss-logging-3.2.0.Final.jar, C:\Users\Smooth\.ivy2\cache\org.springframework\spring-context\jars\spring-context-4.0.3.RELEASE.jar, C:\Users\Smooth\.ivy2\cache\org.springframework\spring-core\jars\spring-core-4.0.3.RELEASE.jar, C:\Users\Smooth\.ivy2\cache\org.springframework\spring-beans\jars\spring-beans-4.0.3.RELEASE.jar, C:\Users\Smooth\.ivy2\cache\org.javassist\javassist\bundles\javassist-3.19.0-GA.jar, C:\Users\Smooth\.ivy2\cache\org.reflections\reflections\jars\reflections-0.9.8.jar, C:\Users\Smooth\.ivy2\cache\com.google.guava\guava\bundles\guava-16.0.1.jar, C:\Users\Smooth\.ivy2\cache\dom4j\dom4j\jars\dom4j-1.6.1.jar, C:\Users\Smooth\.ivy2\cache\com.google.code.findbugs\jsr305\jars\jsr305-2.0.3.jar, C:\Users\Smooth\.ivy2\cache\org.apache.tomcat\tomcat-servlet-api\jars\tomcat-servlet-api-8.0.5.jar, C:\Users\Smooth\.ivy2\cache\com.typesafe.play\play-java-jdbc_2.11\jars\play-java-jdbc_2.11-2.3.8.jar, C:\Users\Smooth\.ivy2\cache\com.typesafe.play\play-jdbc_2.11\jars\play-jdbc_2.11-2.3.8.jar, C:\Users\Smooth\.ivy2\cache\com.jolbox\bonecp\bundles\bonecp-0.8.0.RELEASE.jar, C:\Users\Smooth\.ivy2\cache\com.h2database\h2\jars\h2-1.3.175.jar, C:\Users\Smooth\.ivy2\cache\tyrex\tyrex\jars\tyrex-1.0.1.jar, C:\Users\Smooth\.ivy2\cache\com.typesafe.play\play-java-ebean_2.11\jars\play-java-ebean_2.11-2.3.8.jar, C:\Users\Smooth\.ivy2\cache\org.avaje.ebeanorm\avaje-ebeanorm\jars\avaje-ebeanorm-3.3.4.jar, C:\Users\Smooth\.ivy2\cache\org.avaje.ebeanorm\avaje-ebeanorm-agent\jars\avaje-ebeanorm-agent-3.2.2.jar, C:\Users\Smooth\.ivy2\cache\org.hibernate.javax.persistence\hibernate-jpa-2.0-api\jars\hibernate-jpa-2.0-api-1.0.1.Final.jar, C:\Users\Smooth\.ivy2\cache\com.typesafe.play\play-cache_2.11\jars\play-cache_2.11-2.3.8.jar, C:\Users\Smooth\.ivy2\cache\net.sf.ehcache\ehcache-core\jars\ehcache-core-2.6.8.jar, C:\Users\Smooth\.ivy2\cache\com.typesafe.play\play-java-ws_2.11\jars\play-java-ws_2.11-2.3.8.jar, C:\Users\Smooth\.ivy2\cache\com.typesafe.play\play-ws_2.11\jars\play-ws_2.11-2.3.8.jar, C:\Users\Smooth\.ivy2\cache\com.ning\async-http-client\jars\async-http-client-1.8.15.jar, C:\Users\Smooth\.ivy2\cache\oauth.signpost\signpost-core\jars\signpost-core-1.2.1.2.jar, C:\Users\Smooth\.ivy2\cache\oauth.signpost\signpost-commonshttp4\jars\signpost-commonshttp4-1.2.1.2.jar, C:\Users\Smooth\.ivy2\cache\org.apache.httpcomponents\httpcore\jars\httpcore-4.0.1.jar, C:\Users\Smooth\.ivy2\cache\org.apache.httpcomponents\httpclient\jars\httpclient-4.0.1.jar, C:\Users\Smooth\.ivy2\cache\commons-logging\commons-logging\jars\commons-logging-1.1.1.jar, C:\Users\Smooth\.ivy2\cache\com.typesafe.play\play-java-jpa_2.11\jars\play-java-jpa_2.11-2.3.8.jar, C:\Users\Smooth\.ivy2\cache\org.hibernate\hibernate-entitymanager\jars\hibernate-entitymanager-4.3.8.Final.jar, C:\Users\Smooth\.ivy2\cache\org.jboss.logging\jboss-logging-annotations\jars\jboss-logging-annotations-1.2.0.Beta1.jar, C:\Users\Smooth\.ivy2\cache\org.hibernate\hibernate-core\jars\hibernate-core-4.3.8.Final.jar, C:\Users\Smooth\.ivy2\cache\org.jboss.spec.javax.transaction\jboss-transaction-api_1.2_spec\jars\jboss-transaction-api_1.2_spec-1.0.0.Final.jar, C:\Users\Smooth\.ivy2\cache\org.hibernate.common\hibernate-commons-annotations\jars\hibernate-commons-annotations-4.0.5.Final.jar, C:\Users\Smooth\.ivy2\cache\org.hibernate.javax.persistence\hibernate-jpa-2.1-api\jars\hibernate-jpa-2.1-api-1.0.0.Final.jar, C:\Users\Smooth\.ivy2\cache\antlr\antlr\jars\antlr-2.7.7.jar, C:\Users\Smooth\.ivy2\cache\org.jboss\jandex\jars\jandex-1.1.0.Final.jar),List((public/,C:\Users\Smooth\Trivial4b\web\target\web\public\main)),List(C:\Users\Smooth\.ivy2\cache\com.typesafe.play\play-docs_2.11\jars\play-docs_2.11-2.3.8.jar, C:\Users\Smooth\.ivy2\cache\org.scala-lang\scala-library\jars\scala-library-2.11.1.jar, C:\Users\Smooth\.ivy2\cache\com.typesafe.play\play_2.11\jars\play_2.11-2.3.8.jar, C:\Users\Smooth\.ivy2\cache\com.typesafe.play\build-link\jars\build-link-2.3.8.jar, C:\Users\Smooth\.ivy2\cache\com.typesafe.play\play-exceptions\jars\play-exceptions-2.3.8.jar, C:\Users\Smooth\.ivy2\cache\org.javassist\javassist\bundles\javassist-3.18.2-GA.jar, C:\Users\Smooth\.ivy2\cache\com.typesafe.play\play-iteratees_2.11\jars\play-iteratees_2.11-2.3.8.jar, C:\Users\Smooth\.ivy2\cache\org.scala-stm\scala-stm_2.11\jars\scala-stm_2.11-0.7.jar, C:\Users\Smooth\.ivy2\cache\com.typesafe\config\bundles\config-1.2.1.jar, C:\Users\Smooth\.ivy2\cache\com.typesafe.play\play-json_2.11\jars\play-json_2.11-2.3.8.jar, C:\Users\Smooth\.ivy2\cache\com.typesafe.play\play-functional_2.11\jars\play-functional_2.11-2.3.8.jar, C:\Users\Smooth\.ivy2\cache\com.typesafe.play\play-datacommons_2.11\jars\play-datacommons_2.11-2.3.8.jar, C:\Users\Smooth\.ivy2\cache\joda-time\joda-time\jars\joda-time-2.3.jar, C:\Users\Smooth\.ivy2\cache\org.joda\joda-convert\jars\joda-convert-1.6.jar, C:\Users\Smooth\.ivy2\cache\com.fasterxml.jackson.core\jackson-annotations\bundles\jackson-annotations-2.3.2.jar, C:\Users\Smooth\.ivy2\cache\com.fasterxml.jackson.core\jackson-core\bundles\jackson-core-2.3.2.jar, C:\Users\Smooth\.ivy2\cache\com.fasterxml.jackson.core\jackson-databind\bundles\jackson-databind-2.3.2.jar, C:\Users\Smooth\.ivy2\cache\org.scala-lang\scala-reflect\jars\scala-reflect-2.11.1.jar, C:\Users\Smooth\.ivy2\cache\com.typesafe.play\twirl-api_2.11\jars\twirl-api_2.11-1.0.2.jar, C:\Users\Smooth\.ivy2\cache\org.apache.commons\commons-lang3\jars\commons-lang3-3.1.jar, C:\Users\Smooth\.ivy2\cache\org.scala-lang.modules\scala-xml_2.11\bundles\scala-xml_2.11-1.0.1.jar, C:\Users\Smooth\.ivy2\cache\org.scala-lang.modules\scala-parser-combinators_2.11\bundles\scala-parser-combinators_2.11-1.0.1.jar, C:\Users\Smooth\.ivy2\cache\io.netty\netty\bundles\netty-3.9.3.Final.jar, C:\Users\Smooth\.ivy2\cache\com.typesafe.netty\netty-http-pipelining\jars\netty-http-pipelining-1.1.2.jar, C:\Users\Smooth\.ivy2\cache\org.slf4j\slf4j-api\jars\slf4j-api-1.7.6.jar, C:\Users\Smooth\.ivy2\cache\org.slf4j\jul-to-slf4j\jars\jul-to-slf4j-1.7.6.jar, C:\Users\Smooth\.ivy2\cache\org.slf4j\jcl-over-slf4j\jars\jcl-over-slf4j-1.7.6.jar, C:\Users\Smooth\.ivy2\cache\ch.qos.logback\logback-core\jars\logback-core-1.1.1.jar, C:\Users\Smooth\.ivy2\cache\ch.qos.logback\logback-classic\jars\logback-classic-1.1.1.jar, C:\Users\Smooth\.ivy2\cache\com.typesafe.akka\akka-actor_2.11\jars\akka-actor_2.11-2.3.4.jar, C:\Users\Smooth\.ivy2\cache\com.typesafe.akka\akka-slf4j_2.11\jars\akka-slf4j_2.11-2.3.4.jar, C:\Users\Smooth\.ivy2\cache\commons-codec\commons-codec\jars\commons-codec-1.9.jar, C:\Users\Smooth\.ivy2\cache\xerces\xercesImpl\jars\xercesImpl-2.11.0.jar, C:\Users\Smooth\.ivy2\cache\xml-apis\xml-apis\jars\xml-apis-1.4.01.jar, C:\Users\Smooth\.ivy2\cache\javax.transaction\jta\jars\jta-1.1.jar, C:\Users\Smooth\.ivy2\cache\com.typesafe.play\play-doc_2.11\jars\play-doc_2.11-1.1.0.jar, C:\Users\Smooth\.ivy2\cache\org.pegdown\pegdown\jars\pegdown-1.4.0.jar, C:\Users\Smooth\.ivy2\cache\org.parboiled\parboiled-java\bundles\parboiled-java-1.1.5.jar, C:\Users\Smooth\.ivy2\cache\org.parboiled\parboiled-core\bundles\parboiled-core-1.1.5.jar, C:\Users\Smooth\.ivy2\cache\org.ow2.asm\asm\jars\asm-4.1.jar, C:\Users\Smooth\.ivy2\cache\org.ow2.asm\asm-tree\jars\asm-tree-4.1.jar, C:\Users\Smooth\.ivy2\cache\org.ow2.asm\asm-analysis\jars\asm-analysis-4.1.jar, C:\Users\Smooth\.ivy2\cache\org.ow2.asm\asm-util\jars\asm-util-4.1.jar, C:\Users\Smooth\.ivy2\cache\commons-io\commons-io\jars\commons-io-2.4.jar),List(),9000,DefaultWatchService,List(C:\Users\Smooth\Trivial4b\web\app-2.11, C:\Users\Smooth\Trivial4b\web\app, C:\Users\Smooth\Trivial4b\web\conf, C:\Users\Smooth\Trivial4b\web\app\assets, C:\Users\Smooth\Trivial4b\web\public),C:\Users\Smooth\Trivial4b\web\target,500,root/playForkNotifyStart,root/playForkReload,300000))))
Sending msg to client play-fork-run-53fa0396-a118-4dd0-ba6f-f1f4a037885a: TaskStarted(23,1171,None)
Sending msg to client play-fork-run-53fa0396-a118-4dd0-ba6f-f1f4a037885a: TaskFinished(23,1171,None,true,None)
Sending msg to client play-fork-run-53fa0396-a118-4dd0-ba6f-f1f4a037885a: TaskStarted(23,1170,None)
Sending msg to client play-fork-run-53fa0396-a118-4dd0-ba6f-f1f4a037885a: TaskFinished(23,1170,None,true,None)
Sending msg to client play-fork-run-53fa0396-a118-4dd0-ba6f-f1f4a037885a: DetachedLogEvent(LogMessage(debug,cancel strategy finish enabled=false lastCommand=Some(LastCommand(CommandExecutionWork(ExecutionId(23),{file:/C:/Users/Smooth/Trivial4b/web/}root/*:playForkConfig,Set(LiveClient(play-fork-run 53fa0396-a118-4dd0-ba6f-f1f4a037885a)),sbt.server.WorkCancellationStatus$$anon$1@4d61bc88)))))
Sending msg to client play-fork-run-53fa0396-a118-4dd0-ba6f-f1f4a037885a: DetachedLogEvent(LogSuccess(Total time: 0 s, completed 02-may-2015 0:57:29))
Sending msg to client play-fork-run-53fa0396-a118-4dd0-ba6f-f1f4a037885a: DetachedLogEvent(LogMessage(debug,> server-post-command-cleanup))
Sending msg to client play-fork-run-53fa0396-a118-4dd0-ba6f-f1f4a037885a: ExecutionSuccess(23)
Sending msg to client play-fork-run-53fa0396-a118-4dd0-ba6f-f1f4a037885a: DetachedLogEvent(LogMessage(debug,> server-handle-next-server-request))
Sending msg to client play-fork-run-53fa0396-a118-4dd0-ba6f-f1f4a037885a: BackgroundJobLogEvent(3,LogMessage(info,))
Sending msg to client play-fork-run-53fa0396-a118-4dd0-ba6f-f1f4a037885a: BackgroundJobLogEvent(3,LogMessage(info,--- (Running the application, auto-reloading is enabled) ---))
Sending msg to client play-fork-run-53fa0396-a118-4dd0-ba6f-f1f4a037885a: BackgroundJobLogEvent(3,LogMessage(info,))
Sending msg to client play-fork-run-53fa0396-a118-4dd0-ba6f-f1f4a037885a: BackgroundJobLogEvent(3,LogMessage(info,play - Listening for HTTP on /0:0:0:0:0:0:0:0:9000))
Sending msg to client play-fork-run-53fa0396-a118-4dd0-ba6f-f1f4a037885a: BackgroundJobLogEvent(3,LogMessage(info,))
Sending msg to client play-fork-run-53fa0396-a118-4dd0-ba6f-f1f4a037885a: BackgroundJobLogEvent(3,LogMessage(info,(Server started, use Ctrl+D to stop and go back to the console...)))
Sending msg to client play-fork-run-53fa0396-a118-4dd0-ba6f-f1f4a037885a: BackgroundJobLogEvent(3,LogMessage(info,))
Got request: ExecutionRequest(root/playForkNotifyStart http://localhost:9000)
Reading next message from client.
Sending msg to client play-fork-run-53fa0396-a118-4dd0-ba6f-f1f4a037885a: (8,ExecutionRequestReceived(24))
Sending msg to client play-fork-run-53fa0396-a118-4dd0-ba6f-f1f4a037885a: ExecutionWaiting(24,root/playForkNotifyStart http://localhost:9000,ClientInfo(53fa0396-a118-4dd0-ba6f-f1f4a037885a,play-fork-run,Play Fork Run,1,Vector()))
Sending msg to client play-fork-run-53fa0396-a118-4dd0-ba6f-f1f4a037885a: ExecutionStarting(24)
Sending msg to client play-fork-run-53fa0396-a118-4dd0-ba6f-f1f4a037885a: DetachedLogEvent(LogMessage(debug,> root/playForkNotifyStart http://localhost:9000))
Sending msg to client play-fork-run-53fa0396-a118-4dd0-ba6f-f1f4a037885a: ExecutionWaiting(25,jobStop 3,ClientInfo(6f6cc783-58e5-453a-acb6-2168d2f83e85,activator,Activator,1,Vector()))
Sending msg to client play-fork-run-53fa0396-a118-4dd0-ba6f-f1f4a037885a: DetachedLogEvent(LogMessage(debug,Evaluating tasks: *:playForkNotifyStart))
Sending msg to client play-fork-run-53fa0396-a118-4dd0-ba6f-f1f4a037885a: DetachedLogEvent(LogMessage(debug,Running task... Cancel: sbt.server.ServerTaskCancellation@6d76f14, check cycles: false))
Sending msg to client play-fork-run-53fa0396-a118-4dd0-ba6f-f1f4a037885a: DetachedLogEvent(LogMessage(debug,cancel strategy start enabled=true lastCommand=Some(LastCommand(CommandExecutionWork(ExecutionId(24),root/playForkNotifyStart http://localhost:9000,Set(LiveClient(play-fork-run 53fa0396-a118-4dd0-ba6f-f1f4a037885a)),sbt.server.WorkCancellationStatus$$anon$1@599dd240)))))
Sending msg to client play-fork-run-53fa0396-a118-4dd0-ba6f-f1f4a037885a: TaskStarted(24,1249,Some(AttributeKey[sbt.SendEventService]("sendEventService") in Scope(Global)))
Sending msg to client play-fork-run-53fa0396-a118-4dd0-ba6f-f1f4a037885a: TaskFinished(24,1249,Some(AttributeKey[sbt.SendEventService]("sendEventService") in Scope(Global)),true,None)
Sending msg to client play-fork-run-53fa0396-a118-4dd0-ba6f-f1f4a037885a: TaskStarted(24,1248,Some(AttributeKey[scala.Function1[java.lang.String,void]]("playForkStarted") in Scope(Build: file:/C:/Users/Smooth/Trivial4b/web/, , Project: ProjectReference(file:/C:/Users/Smooth/Trivial4b/web/,root))))
Sending msg to client play-fork-run-53fa0396-a118-4dd0-ba6f-f1f4a037885a: TaskFinished(24,1248,Some(AttributeKey[scala.Function1[java.lang.String,void]]("playForkStarted") in Scope(Build: file:/C:/Users/Smooth/Trivial4b/web/, , Project: ProjectReference(file:/C:/Users/Smooth/Trivial4b/web/,root))),true,None)
Sending msg to client play-fork-run-53fa0396-a118-4dd0-ba6f-f1f4a037885a: TaskStarted(24,1247,Some(AttributeKey[void]("playForkNotifyStart") in Scope(Build: file:/C:/Users/Smooth/Trivial4b/web/, , Project: ProjectReference(file:/C:/Users/Smooth/Trivial4b/web/,root))))
Sending msg to client play-fork-run-53fa0396-a118-4dd0-ba6f-f1f4a037885a: TaskEvent(1247,LazyValue(PlayServerStarted(http://localhost:9000),play.forkrun.protocol.Serializers$PlayForkrunProtocolPlayServerStartedPickler1$2$@39aa3bd3))
Sending msg to client play-fork-run-53fa0396-a118-4dd0-ba6f-f1f4a037885a: TaskFinished(24,1247,Some(AttributeKey[void]("playForkNotifyStart") in Scope(Build: file:/C:/Users/Smooth/Trivial4b/web/, , Project: ProjectReference(file:/C:/Users/Smooth/Trivial4b/web/,root))),true,None)
Sending msg to client play-fork-run-53fa0396-a118-4dd0-ba6f-f1f4a037885a: TaskStarted(24,1246,None)
Sending msg to client play-fork-run-53fa0396-a118-4dd0-ba6f-f1f4a037885a: TaskFinished(24,1246,None,true,None)
Sending msg to client play-fork-run-53fa0396-a118-4dd0-ba6f-f1f4a037885a: TaskStarted(24,1245,None)
Sending msg to client play-fork-run-53fa0396-a118-4dd0-ba6f-f1f4a037885a: TaskFinished(24,1245,None,true,None)
Sending msg to client play-fork-run-53fa0396-a118-4dd0-ba6f-f1f4a037885a: DetachedLogEvent(LogMessage(debug,cancel strategy finish enabled=false lastCommand=Some(LastCommand(CommandExecutionWork(ExecutionId(24),root/playForkNotifyStart http://localhost:9000,Set(LiveClient(play-fork-run 53fa0396-a118-4dd0-ba6f-f1f4a037885a)),sbt.server.WorkCancellationStatus$$anon$1@599dd240)))))
Sending msg to client play-fork-run-53fa0396-a118-4dd0-ba6f-f1f4a037885a: DetachedLogEvent(LogSuccess(Total time: 0 s, completed 02-may-2015 0:57:30))
Sending msg to client play-fork-run-53fa0396-a118-4dd0-ba6f-f1f4a037885a: DetachedLogEvent(LogMessage(debug,> server-post-command-cleanup))
Sending msg to client play-fork-run-53fa0396-a118-4dd0-ba6f-f1f4a037885a: ExecutionSuccess(24)
Sending msg to client play-fork-run-53fa0396-a118-4dd0-ba6f-f1f4a037885a: DetachedLogEvent(LogMessage(debug,> server-handle-next-server-request))
Sending msg to client play-fork-run-53fa0396-a118-4dd0-ba6f-f1f4a037885a: ExecutionStarting(25)
Sending msg to client play-fork-run-53fa0396-a118-4dd0-ba6f-f1f4a037885a: DetachedLogEvent(LogMessage(debug,> jobStop 3))
Sending msg to client play-fork-run-53fa0396-a118-4dd0-ba6f-f1f4a037885a: DetachedLogEvent(LogMessage(debug,Evaluating tasks: *:jobStop))
Sending msg to client play-fork-run-53fa0396-a118-4dd0-ba6f-f1f4a037885a: DetachedLogEvent(LogMessage(debug,Running task... Cancel: sbt.server.ServerTaskCancellation@4f17e1b0, check cycles: false))
Sending msg to client play-fork-run-53fa0396-a118-4dd0-ba6f-f1f4a037885a: DetachedLogEvent(LogMessage(debug,cancel strategy start enabled=true lastCommand=Some(LastCommand(CommandExecutionWork(ExecutionId(25),jobStop 3,Set(LiveClient(activator 6f6cc783-58e5-453a-acb6-2168d2f83e85)),sbt.server.WorkCancellationStatus$$anon$1@17b1569d)))))
Sending msg to client play-fork-run-53fa0396-a118-4dd0-ba6f-f1f4a037885a: TaskStarted(25,1252,Some(AttributeKey[void]("jobStop") in Scope(Global)))
Sending msg to client play-fork-run-53fa0396-a118-4dd0-ba6f-f1f4a037885a: TaskFinished(25,1252,Some(AttributeKey[void]("jobStop") in Scope(Global)),true,None)
Sending msg to client play-fork-run-53fa0396-a118-4dd0-ba6f-f1f4a037885a: TaskStarted(25,1251,None)
Sending msg to client play-fork-run-53fa0396-a118-4dd0-ba6f-f1f4a037885a: TaskFinished(25,1251,None,true,None)
Sending msg to client play-fork-run-53fa0396-a118-4dd0-ba6f-f1f4a037885a: TaskStarted(25,1250,None)
Sending msg to client play-fork-run-53fa0396-a118-4dd0-ba6f-f1f4a037885a: TaskFinished(25,1250,None,true,None)
Sending msg to client play-fork-run-53fa0396-a118-4dd0-ba6f-f1f4a037885a: DetachedLogEvent(LogMessage(debug,cancel strategy finish enabled=false lastCommand=Some(LastCommand(CommandExecutionWork(ExecutionId(25),jobStop 3,Set(LiveClient(activator 6f6cc783-58e5-453a-acb6-2168d2f83e85)),sbt.server.WorkCancellationStatus$$anon$1@17b1569d)))))
Sending msg to client play-fork-run-53fa0396-a118-4dd0-ba6f-f1f4a037885a: BackgroundJobLogEvent(3,LogMessage(info,Stopping Play fork run ...))
Sending msg to client play-fork-run-53fa0396-a118-4dd0-ba6f-f1f4a037885a: DetachedLogEvent(LogSuccess(Total time: 0 s, completed 02-may-2015 0:57:30))
Sending msg to client play-fork-run-53fa0396-a118-4dd0-ba6f-f1f4a037885a: DetachedLogEvent(LogMessage(debug,> server-post-command-cleanup))
Sending msg to client play-fork-run-53fa0396-a118-4dd0-ba6f-f1f4a037885a: ExecutionSuccess(25)
Sending msg to client play-fork-run-53fa0396-a118-4dd0-ba6f-f1f4a037885a: DetachedLogEvent(LogMessage(debug,> server-handle-next-server-request))
Got request: UnlistenToEvents()
Reading next message from client.
Sending msg to client play-fork-run-53fa0396-a118-4dd0-ba6f-f1f4a037885a: (9,ReceivedResponse())
Got request: UnlistenToValue(AttributeKey[play.forkrun.protocol.ForkConfig]("playForkConfig") in Scope(Build: file:/C:/Users/Smooth/Trivial4b/web/, , Project: ProjectReference(file:/C:/Users/Smooth/Trivial4b/web/,root)))
Reading next message from client.
Client play-fork-run-53fa0396-a118-4dd0-ba6f-f1f4a037885a EOF, shutting down.
Stopping client.
Client play-fork-run-53fa0396-a118-4dd0-ba6f-f1f4a037885a thread exiting.
Dropping message (10,ReceivedResponse()) to dead client play-fork-run-53fa0396-a118-4dd0-ba6f-f1f4a037885a
Dropping message (0,ReceivedResponse()) to dead client play-fork-run-53fa0396-a118-4dd0-ba6f-f1f4a037885a
