New log file opened at Sat May 02 00:46:56 CEST 2015 by 7052@Smooth-PC
Sending msg to client play-fork-run-3c192617-1b1f-49f0-9cc4-80119e27b59c: DetachedLogEvent(LogMessage(debug,sbt server socket logs are in: C:\Users\Smooth\Trivial4b\web\.sbtserver\connections\master.log))
Sending msg to client play-fork-run-3c192617-1b1f-49f0-9cc4-80119e27b59c: DetachedLogEvent(LogMessage(debug,sbt client logs are in: C:\Users\Smooth\Trivial4b\web\.sbtserver\connections\play-fork-run-3c192617-1b1f-49f0-9cc4-80119e27b59c.log))
Sending msg to client play-fork-run-3c192617-1b1f-49f0-9cc4-80119e27b59c: DetachedLogEvent(LogMessage(debug,sbt general server logs are in: C:\Users\Smooth\Trivial4b\web\.sbtserver\master.log))
Reading next message from client.
Got request: DaemonRequest(true)
Reading next message from client.
Sending msg to client play-fork-run-3c192617-1b1f-49f0-9cc4-80119e27b59c: (3,ReceivedResponse())
Got request: ListenToEvents()
Reading next message from client.
Sending msg to client play-fork-run-3c192617-1b1f-49f0-9cc4-80119e27b59c: BackgroundJobStarted(11,BackgroundJobInfo(1,backgroundRun,AttributeKey[sbt.BackgroundJobHandle]("backgroundRun") in Scope(Build: file:/C:/Users/Smooth/Trivial4b/web/, , Project: ProjectReference(file:/C:/Users/Smooth/Trivial4b/web/,root), Config: compile)))
Sending msg to client play-fork-run-3c192617-1b1f-49f0-9cc4-80119e27b59c: (4,ReceivedResponse())
Got request: KeyLookupRequest(root/playForkConfig)
Reading next message from client.
Sending msg to client play-fork-run-3c192617-1b1f-49f0-9cc4-80119e27b59c: (5,KeyLookupResponse(root/playForkConfig,Vector(AttributeKey[play.forkrun.protocol.ForkConfig]("playForkConfig") in Scope(Build: file:/C:/Users/Smooth/Trivial4b/web/, , Project: ProjectReference(file:/C:/Users/Smooth/Trivial4b/web/,root)))))
Got request: ListenToValue(AttributeKey[play.forkrun.protocol.ForkConfig]("playForkConfig") in Scope(Build: file:/C:/Users/Smooth/Trivial4b/web/, , Project: ProjectReference(file:/C:/Users/Smooth/Trivial4b/web/,root)))
Reading next message from client.
Sending msg to client play-fork-run-3c192617-1b1f-49f0-9cc4-80119e27b59c: (6,ReceivedResponse())
Got request: KeyExecutionRequest(AttributeKey[play.forkrun.protocol.ForkConfig]("playForkConfig") in Scope(Build: file:/C:/Users/Smooth/Trivial4b/web/, , Project: ProjectReference(file:/C:/Users/Smooth/Trivial4b/web/,root)))
Reading next message from client.
Sending msg to client play-fork-run-3c192617-1b1f-49f0-9cc4-80119e27b59c: (7,ExecutionRequestReceived(12))
Sending msg to client play-fork-run-3c192617-1b1f-49f0-9cc4-80119e27b59c: ExecutionWaiting(12,{file:/C:/Users/Smooth/Trivial4b/web/}root/*:playForkConfig,ClientInfo(3c192617-1b1f-49f0-9cc4-80119e27b59c,play-fork-run,Play Fork Run,1,Vector()))
Sending msg to client play-fork-run-3c192617-1b1f-49f0-9cc4-80119e27b59c: ExecutionStarting(12)
Sending msg to client play-fork-run-3c192617-1b1f-49f0-9cc4-80119e27b59c: DetachedLogEvent(LogMessage(debug,> {file:/C:/Users/Smooth/Trivial4b/web/}root/*:playForkConfig))
Sending msg to client play-fork-run-3c192617-1b1f-49f0-9cc4-80119e27b59c: DetachedLogEvent(LogMessage(debug,Evaluating tasks: *:playForkConfig))
Sending msg to client play-fork-run-3c192617-1b1f-49f0-9cc4-80119e27b59c: DetachedLogEvent(LogMessage(debug,Running task... Cancel: sbt.server.ServerTaskCancellation@3e0180e0, check cycles: false))
Sending msg to client play-fork-run-3c192617-1b1f-49f0-9cc4-80119e27b59c: DetachedLogEvent(LogMessage(debug,cancel strategy start enabled=true lastCommand=Some(LastCommand(CommandExecutionWork(ExecutionId(12),{file:/C:/Users/Smooth/Trivial4b/web/}root/*:playForkConfig,Set(LiveClient(play-fork-run 3c192617-1b1f-49f0-9cc4-80119e27b59c)),sbt.server.WorkCancellationStatus$$anon$1@4fc2fa0f)))))
Sending msg to client play-fork-run-3c192617-1b1f-49f0-9cc4-80119e27b59c: TaskStarted(12,439,None)
Sending msg to client play-fork-run-3c192617-1b1f-49f0-9cc4-80119e27b59c: TaskStarted(12,441,None)
Sending msg to client play-fork-run-3c192617-1b1f-49f0-9cc4-80119e27b59c: TaskStarted(12,443,None)
Sending msg to client play-fork-run-3c192617-1b1f-49f0-9cc4-80119e27b59c: TaskStarted(12,444,None)
Sending msg to client play-fork-run-3c192617-1b1f-49f0-9cc4-80119e27b59c: TaskStarted(12,445,None)
Sending msg to client play-fork-run-3c192617-1b1f-49f0-9cc4-80119e27b59c: TaskStarted(12,446,Some(AttributeKey[boolean]("skip") in Scope(Global)))
Sending msg to client play-fork-run-3c192617-1b1f-49f0-9cc4-80119e27b59c: TaskStarted(12,451,None)
Sending msg to client play-fork-run-3c192617-1b1f-49f0-9cc4-80119e27b59c: TaskStarted(12,452,Some(AttributeKey[java.lang.String]("updateCacheName") in Scope(Build: file:/C:/Users/Smooth/Trivial4b/web/, , Project: ProjectReference(file:/C:/Users/Smooth/Trivial4b/web/,root))))
Sending msg to client play-fork-run-3c192617-1b1f-49f0-9cc4-80119e27b59c: TaskStarted(12,455,Some(AttributeKey[scala.collection.Seq[sbt.Credentials]]("credentials") in Scope(Global)))
Sending msg to client play-fork-run-3c192617-1b1f-49f0-9cc4-80119e27b59c: TaskStarted(12,460,Some(AttributeKey[scala.collection.Seq[sbt.Resolver]]("externalResolvers") in Scope(Build: file:/C:/Users/Smooth/Trivial4b/web/, , Project: ProjectReference(file:/C:/Users/Smooth/Trivial4b/web/,root))))
Sending msg to client play-fork-run-3c192617-1b1f-49f0-9cc4-80119e27b59c: TaskStarted(12,464,Some(AttributeKey[scala.Option[scala.collection.Seq[sbt.Resolver]]]("bootResolvers") in Scope(Build: file:/C:/Users/Smooth/Trivial4b/web/, , Project: ProjectReference(file:/C:/Users/Smooth/Trivial4b/web/,root))))
Sending msg to client play-fork-run-3c192617-1b1f-49f0-9cc4-80119e27b59c: TaskStarted(12,468,Some(AttributeKey[scala.Option[java.lang.String]]("echoTraceAkkaVersion") in Scope(Build: file:/C:/Users/Smooth/Trivial4b/web/, , Project: ProjectReference(file:/C:/Users/Smooth/Trivial4b/web/,root), Config: echo)))
Sending msg to client play-fork-run-3c192617-1b1f-49f0-9cc4-80119e27b59c: TaskStarted(12,476,Some(AttributeKey[scala.Tuple2[java.lang.String,java.io.File]]("playPrefixAndAssets") in Scope(Build: file:/C:/Users/Smooth/Trivial4b/web/, , Project: ProjectReference(file:/C:/Users/Smooth/Trivial4b/web/,root))))
Sending msg to client play-fork-run-3c192617-1b1f-49f0-9cc4-80119e27b59c: TaskStarted(12,489,None)
Sending msg to client play-fork-run-3c192617-1b1f-49f0-9cc4-80119e27b59c: TaskStarted(12,492,Some(AttributeKey[scala.collection.Seq[java.lang.String]]("javaOptions") in Scope(Global)))
Sending msg to client play-fork-run-3c192617-1b1f-49f0-9cc4-80119e27b59c: TaskFinished(12,439,None,true,None)
Sending msg to client play-fork-run-3c192617-1b1f-49f0-9cc4-80119e27b59c: TaskStarted(12,438,None)
Sending msg to client play-fork-run-3c192617-1b1f-49f0-9cc4-80119e27b59c: TaskStarted(12,456,None)
Sending msg to client play-fork-run-3c192617-1b1f-49f0-9cc4-80119e27b59c: TaskStarted(12,458,None)
Sending msg to client play-fork-run-3c192617-1b1f-49f0-9cc4-80119e27b59c: TaskStarted(12,463,None)
Sending msg to client play-fork-run-3c192617-1b1f-49f0-9cc4-80119e27b59c: TaskStarted(12,473,None)
Sending msg to client play-fork-run-3c192617-1b1f-49f0-9cc4-80119e27b59c: TaskStarted(12,482,None)
Sending msg to client play-fork-run-3c192617-1b1f-49f0-9cc4-80119e27b59c: TaskStarted(12,490,None)
Sending msg to client play-fork-run-3c192617-1b1f-49f0-9cc4-80119e27b59c: TaskStarted(12,491,None)
Sending msg to client play-fork-run-3c192617-1b1f-49f0-9cc4-80119e27b59c: TaskFinished(12,441,None,true,None)
Sending msg to client play-fork-run-3c192617-1b1f-49f0-9cc4-80119e27b59c: TaskStarted(12,447,Some(AttributeKey[java.io.File]("dependencyCacheDirectory") in Scope(Build: file:/C:/Users/Smooth/Trivial4b/web/, , Project: ProjectReference(file:/C:/Users/Smooth/Trivial4b/web/,root))))
Sending msg to client play-fork-run-3c192617-1b1f-49f0-9cc4-80119e27b59c: TaskStarted(12,450,Some(AttributeKey[sbt.BuildStructure]("buildStructure") in Scope(Global)))
Sending msg to client play-fork-run-3c192617-1b1f-49f0-9cc4-80119e27b59c: TaskStarted(12,474,Some(AttributeKey[scala.collection.Seq[java.lang.String]]("playMonitoredFiles") in Scope(Build: file:/C:/Users/Smooth/Trivial4b/web/, , Project: ProjectReference(file:/C:/Users/Smooth/Trivial4b/web/,root))))
Sending msg to client play-fork-run-3c192617-1b1f-49f0-9cc4-80119e27b59c: TaskFinished(12,444,None,true,None)
Sending msg to client play-fork-run-3c192617-1b1f-49f0-9cc4-80119e27b59c: TaskFinished(12,451,None,true,None)
Sending msg to client play-fork-run-3c192617-1b1f-49f0-9cc4-80119e27b59c: TaskFinished(12,446,Some(AttributeKey[boolean]("skip") in Scope(Global)),true,None)
Sending msg to client play-fork-run-3c192617-1b1f-49f0-9cc4-80119e27b59c: TaskFinished(12,445,None,true,None)
Sending msg to client play-fork-run-3c192617-1b1f-49f0-9cc4-80119e27b59c: TaskFinished(12,452,Some(AttributeKey[java.lang.String]("updateCacheName") in Scope(Build: file:/C:/Users/Smooth/Trivial4b/web/, , Project: ProjectReference(file:/C:/Users/Smooth/Trivial4b/web/,root))),true,None)
Sending msg to client play-fork-run-3c192617-1b1f-49f0-9cc4-80119e27b59c: TaskFinished(12,455,Some(AttributeKey[scala.collection.Seq[sbt.Credentials]]("credentials") in Scope(Global)),true,None)
Sending msg to client play-fork-run-3c192617-1b1f-49f0-9cc4-80119e27b59c: TaskFinished(12,460,Some(AttributeKey[scala.collection.Seq[sbt.Resolver]]("externalResolvers") in Scope(Build: file:/C:/Users/Smooth/Trivial4b/web/, , Project: ProjectReference(file:/C:/Users/Smooth/Trivial4b/web/,root))),true,None)
Sending msg to client play-fork-run-3c192617-1b1f-49f0-9cc4-80119e27b59c: TaskFinished(12,464,Some(AttributeKey[scala.Option[scala.collection.Seq[sbt.Resolver]]]("bootResolvers") in Scope(Build: file:/C:/Users/Smooth/Trivial4b/web/, , Project: ProjectReference(file:/C:/Users/Smooth/Trivial4b/web/,root))),true,None)
Sending msg to client play-fork-run-3c192617-1b1f-49f0-9cc4-80119e27b59c: TaskFinished(12,468,Some(AttributeKey[scala.Option[java.lang.String]]("echoTraceAkkaVersion") in Scope(Build: file:/C:/Users/Smooth/Trivial4b/web/, , Project: ProjectReference(file:/C:/Users/Smooth/Trivial4b/web/,root), Config: echo)),true,None)
Sending msg to client play-fork-run-3c192617-1b1f-49f0-9cc4-80119e27b59c: TaskStarted(12,467,Some(AttributeKey[scala.collection.Seq[sbt.ModuleID]]("echoTraceDependencies") in Scope(Build: file:/C:/Users/Smooth/Trivial4b/web/, , Project: ProjectReference(file:/C:/Users/Smooth/Trivial4b/web/,root), Config: echo)))
Sending msg to client play-fork-run-3c192617-1b1f-49f0-9cc4-80119e27b59c: TaskFinished(12,476,Some(AttributeKey[scala.Tuple2[java.lang.String,java.io.File]]("playPrefixAndAssets") in Scope(Build: file:/C:/Users/Smooth/Trivial4b/web/, , Project: ProjectReference(file:/C:/Users/Smooth/Trivial4b/web/,root))),true,None)
Sending msg to client play-fork-run-3c192617-1b1f-49f0-9cc4-80119e27b59c: TaskStarted(12,478,None)
Sending msg to client play-fork-run-3c192617-1b1f-49f0-9cc4-80119e27b59c: TaskFinished(12,489,None,true,None)
Sending msg to client play-fork-run-3c192617-1b1f-49f0-9cc4-80119e27b59c: TaskFinished(12,492,Some(AttributeKey[scala.collection.Seq[java.lang.String]]("javaOptions") in Scope(Global)),true,None)
Sending msg to client play-fork-run-3c192617-1b1f-49f0-9cc4-80119e27b59c: TaskFinished(12,438,None,true,None)
Sending msg to client play-fork-run-3c192617-1b1f-49f0-9cc4-80119e27b59c: TaskFinished(12,456,None,true,None)
Sending msg to client play-fork-run-3c192617-1b1f-49f0-9cc4-80119e27b59c: TaskFinished(12,458,None,true,None)
Sending msg to client play-fork-run-3c192617-1b1f-49f0-9cc4-80119e27b59c: TaskFinished(12,463,None,true,None)
Sending msg to client play-fork-run-3c192617-1b1f-49f0-9cc4-80119e27b59c: TaskFinished(12,482,None,true,None)
Sending msg to client play-fork-run-3c192617-1b1f-49f0-9cc4-80119e27b59c: TaskFinished(12,443,None,true,None)
Sending msg to client play-fork-run-3c192617-1b1f-49f0-9cc4-80119e27b59c: TaskStarted(12,442,Some(AttributeKey[scala.collection.Seq[sbt.UpdateReport]]("transitiveUpdate") in Scope(Build: file:/C:/Users/Smooth/Trivial4b/web/, , Project: ProjectReference(file:/C:/Users/Smooth/Trivial4b/web/,root))))
Sending msg to client play-fork-run-3c192617-1b1f-49f0-9cc4-80119e27b59c: TaskFinished(12,473,None,true,None)
Sending msg to client play-fork-run-3c192617-1b1f-49f0-9cc4-80119e27b59c: TaskStarted(12,472,Some(AttributeKey[scala.collection.immutable.Map[sbt.ModuleID,sbt.SourcePosition]]("dependencyPositions") in Scope(Build: file:/C:/Users/Smooth/Trivial4b/web/, , Project: ProjectReference(file:/C:/Users/Smooth/Trivial4b/web/,root))))
Sending msg to client play-fork-run-3c192617-1b1f-49f0-9cc4-80119e27b59c: TaskFinished(12,491,None,true,None)
Sending msg to client play-fork-run-3c192617-1b1f-49f0-9cc4-80119e27b59c: TaskFinished(12,490,None,true,None)
Sending msg to client play-fork-run-3c192617-1b1f-49f0-9cc4-80119e27b59c: TaskFinished(12,450,Some(AttributeKey[sbt.BuildStructure]("buildStructure") in Scope(Global)),true,None)
Sending msg to client play-fork-run-3c192617-1b1f-49f0-9cc4-80119e27b59c: TaskStarted(12,449,Some(AttributeKey[sbt.Settings[sbt.Scope]]("settingsData") in Scope(Global)))
Sending msg to client play-fork-run-3c192617-1b1f-49f0-9cc4-80119e27b59c: TaskFinished(12,447,Some(AttributeKey[java.io.File]("dependencyCacheDirectory") in Scope(Build: file:/C:/Users/Smooth/Trivial4b/web/, , Project: ProjectReference(file:/C:/Users/Smooth/Trivial4b/web/,root))),true,None)
Sending msg to client play-fork-run-3c192617-1b1f-49f0-9cc4-80119e27b59c: TaskFinished(12,467,Some(AttributeKey[scala.collection.Seq[sbt.ModuleID]]("echoTraceDependencies") in Scope(Build: file:/C:/Users/Smooth/Trivial4b/web/, , Project: ProjectReference(file:/C:/Users/Smooth/Trivial4b/web/,root), Config: echo)),true,None)
Sending msg to client play-fork-run-3c192617-1b1f-49f0-9cc4-80119e27b59c: TaskFinished(12,478,None,true,None)
Sending msg to client play-fork-run-3c192617-1b1f-49f0-9cc4-80119e27b59c: TaskStarted(12,477,None)
Sending msg to client play-fork-run-3c192617-1b1f-49f0-9cc4-80119e27b59c: TaskFinished(12,442,Some(AttributeKey[scala.collection.Seq[sbt.UpdateReport]]("transitiveUpdate") in Scope(Build: file:/C:/Users/Smooth/Trivial4b/web/, , Project: ProjectReference(file:/C:/Users/Smooth/Trivial4b/web/,root))),true,None)
Sending msg to client play-fork-run-3c192617-1b1f-49f0-9cc4-80119e27b59c: TaskFinished(12,477,None,true,None)
Sending msg to client play-fork-run-3c192617-1b1f-49f0-9cc4-80119e27b59c: TaskStarted(12,475,Some(AttributeKey[scala.collection.Seq[scala.Tuple2[java.lang.String,java.io.File]]]("playAllAssets") in Scope(Build: file:/C:/Users/Smooth/Trivial4b/web/, , Project: ProjectReference(file:/C:/Users/Smooth/Trivial4b/web/,root))))
Sending msg to client play-fork-run-3c192617-1b1f-49f0-9cc4-80119e27b59c: TaskFinished(12,475,Some(AttributeKey[scala.collection.Seq[scala.Tuple2[java.lang.String,java.io.File]]]("playAllAssets") in Scope(Build: file:/C:/Users/Smooth/Trivial4b/web/, , Project: ProjectReference(file:/C:/Users/Smooth/Trivial4b/web/,root))),true,None)
Sending msg to client play-fork-run-3c192617-1b1f-49f0-9cc4-80119e27b59c: TaskFinished(12,472,Some(AttributeKey[scala.collection.immutable.Map[sbt.ModuleID,sbt.SourcePosition]]("dependencyPositions") in Scope(Build: file:/C:/Users/Smooth/Trivial4b/web/, , Project: ProjectReference(file:/C:/Users/Smooth/Trivial4b/web/,root))),true,None)
Sending msg to client play-fork-run-3c192617-1b1f-49f0-9cc4-80119e27b59c: TaskStarted(12,471,Some(AttributeKey[sbt.UnresolvedWarningConfiguration]("unresolvedWarningConfiguration") in Scope(Build: file:/C:/Users/Smooth/Trivial4b/web/, , Project: ProjectReference(file:/C:/Users/Smooth/Trivial4b/web/,root), Task: AttributeKey[sbt.UpdateReport]("update"))))
Sending msg to client play-fork-run-3c192617-1b1f-49f0-9cc4-80119e27b59c: TaskFinished(12,474,Some(AttributeKey[scala.collection.Seq[java.lang.String]]("playMonitoredFiles") in Scope(Build: file:/C:/Users/Smooth/Trivial4b/web/, , Project: ProjectReference(file:/C:/Users/Smooth/Trivial4b/web/,root))),true,None)
Sending msg to client play-fork-run-3c192617-1b1f-49f0-9cc4-80119e27b59c: TaskFinished(12,449,Some(AttributeKey[sbt.Settings[sbt.Scope]]("settingsData") in Scope(Global)),true,None)
Sending msg to client play-fork-run-3c192617-1b1f-49f0-9cc4-80119e27b59c: TaskStarted(12,448,None)
Sending msg to client play-fork-run-3c192617-1b1f-49f0-9cc4-80119e27b59c: TaskStarted(12,462,Some(AttributeKey[scala.collection.immutable.Map[org.apache.ivy.core.module.id.ModuleRevisionId,org.apache.ivy.core.module.descriptor.ModuleDescriptor]]("projectDescriptors") in Scope(Build: file:/C:/Users/Smooth/Trivial4b/web/, , Project: ProjectReference(file:/C:/Users/Smooth/Trivial4b/web/,root))))
Sending msg to client play-fork-run-3c192617-1b1f-49f0-9cc4-80119e27b59c: TaskStarted(12,470,Some(AttributeKey[scala.collection.Seq[sbt.ModuleID]]("projectDependencies") in Scope(Build: file:/C:/Users/Smooth/Trivial4b/web/, , Project: ProjectReference(file:/C:/Users/Smooth/Trivial4b/web/,root))))
Sending msg to client play-fork-run-3c192617-1b1f-49f0-9cc4-80119e27b59c: TaskStarted(12,483,None)
Sending msg to client play-fork-run-3c192617-1b1f-49f0-9cc4-80119e27b59c: TaskFinished(12,470,Some(AttributeKey[scala.collection.Seq[sbt.ModuleID]]("projectDependencies") in Scope(Build: file:/C:/Users/Smooth/Trivial4b/web/, , Project: ProjectReference(file:/C:/Users/Smooth/Trivial4b/web/,root))),true,None)
Sending msg to client play-fork-run-3c192617-1b1f-49f0-9cc4-80119e27b59c: TaskStarted(12,469,Some(AttributeKey[scala.collection.Seq[sbt.ModuleID]]("allDependencies") in Scope(Build: file:/C:/Users/Smooth/Trivial4b/web/, , Project: ProjectReference(file:/C:/Users/Smooth/Trivial4b/web/,root))))
Sending msg to client play-fork-run-3c192617-1b1f-49f0-9cc4-80119e27b59c: TaskStarted(12,494,None)
Sending msg to client play-fork-run-3c192617-1b1f-49f0-9cc4-80119e27b59c: TaskStarted(12,498,None)
Sending msg to client play-fork-run-3c192617-1b1f-49f0-9cc4-80119e27b59c: TaskStarted(12,499,None)
Sending msg to client play-fork-run-3c192617-1b1f-49f0-9cc4-80119e27b59c: TaskStarted(12,502,None)
Sending msg to client play-fork-run-3c192617-1b1f-49f0-9cc4-80119e27b59c: TaskStarted(12,503,None)
Sending msg to client play-fork-run-3c192617-1b1f-49f0-9cc4-80119e27b59c: TaskStarted(12,505,None)
Sending msg to client play-fork-run-3c192617-1b1f-49f0-9cc4-80119e27b59c: TaskFinished(12,471,Some(AttributeKey[sbt.UnresolvedWarningConfiguration]("unresolvedWarningConfiguration") in Scope(Build: file:/C:/Users/Smooth/Trivial4b/web/, , Project: ProjectReference(file:/C:/Users/Smooth/Trivial4b/web/,root), Task: AttributeKey[sbt.UpdateReport]("update"))),true,None)
Sending msg to client play-fork-run-3c192617-1b1f-49f0-9cc4-80119e27b59c: TaskFinished(12,499,None,true,None)
Sending msg to client play-fork-run-3c192617-1b1f-49f0-9cc4-80119e27b59c: TaskFinished(12,494,None,true,None)
Sending msg to client play-fork-run-3c192617-1b1f-49f0-9cc4-80119e27b59c: TaskStarted(12,493,None)
Sending msg to client play-fork-run-3c192617-1b1f-49f0-9cc4-80119e27b59c: TaskFinished(12,502,None,true,None)
Sending msg to client play-fork-run-3c192617-1b1f-49f0-9cc4-80119e27b59c: TaskFinished(12,503,None,true,None)
Sending msg to client play-fork-run-3c192617-1b1f-49f0-9cc4-80119e27b59c: TaskStarted(12,501,Some(AttributeKey[scala.collection.Seq[sbt.Attributed[java.io.File]]]("unmanagedJars") in Scope(Build: file:/C:/Users/Smooth/Trivial4b/web/, , Project: ProjectReference(file:/C:/Users/Smooth/Trivial4b/web/,root), Config: compile)))
Sending msg to client play-fork-run-3c192617-1b1f-49f0-9cc4-80119e27b59c: TaskFinished(12,505,None,true,None)
Sending msg to client play-fork-run-3c192617-1b1f-49f0-9cc4-80119e27b59c: TaskStarted(12,504,None)
Sending msg to client play-fork-run-3c192617-1b1f-49f0-9cc4-80119e27b59c: TaskFinished(12,498,None,true,None)
Sending msg to client play-fork-run-3c192617-1b1f-49f0-9cc4-80119e27b59c: TaskStarted(12,497,Some(AttributeKey[scala.collection.Seq[sbt.Attributed[java.io.File]]]("unmanagedJars") in Scope(Build: file:/C:/Users/Smooth/Trivial4b/web/, , Project: ProjectReference(file:/C:/Users/Smooth/Trivial4b/web/,root), Config: runtime)))
Sending msg to client play-fork-run-3c192617-1b1f-49f0-9cc4-80119e27b59c: TaskFinished(12,469,Some(AttributeKey[scala.collection.Seq[sbt.ModuleID]]("allDependencies") in Scope(Build: file:/C:/Users/Smooth/Trivial4b/web/, , Project: ProjectReference(file:/C:/Users/Smooth/Trivial4b/web/,root))),true,None)
Sending msg to client play-fork-run-3c192617-1b1f-49f0-9cc4-80119e27b59c: TaskStarted(12,466,Some(AttributeKey[scala.collection.Seq[sbt.ModuleID]]("allDependencies") in Scope(Build: file:/C:/Users/Smooth/Trivial4b/web/, , Project: ProjectReference(file:/C:/Users/Smooth/Trivial4b/web/,root))))
Sending msg to client play-fork-run-3c192617-1b1f-49f0-9cc4-80119e27b59c: TaskFinished(12,493,None,true,None)
Sending msg to client play-fork-run-3c192617-1b1f-49f0-9cc4-80119e27b59c: TaskFinished(12,462,Some(AttributeKey[scala.collection.immutable.Map[org.apache.ivy.core.module.id.ModuleRevisionId,org.apache.ivy.core.module.descriptor.ModuleDescriptor]]("projectDescriptors") in Scope(Build: file:/C:/Users/Smooth/Trivial4b/web/, , Project: ProjectReference(file:/C:/Users/Smooth/Trivial4b/web/,root))),true,None)
Sending msg to client play-fork-run-3c192617-1b1f-49f0-9cc4-80119e27b59c: TaskStarted(12,461,Some(AttributeKey[sbt.Resolver]("projectResolver") in Scope(Build: file:/C:/Users/Smooth/Trivial4b/web/, , Project: ProjectReference(file:/C:/Users/Smooth/Trivial4b/web/,root))))
Sending msg to client play-fork-run-3c192617-1b1f-49f0-9cc4-80119e27b59c: TaskFinished(12,501,Some(AttributeKey[scala.collection.Seq[sbt.Attributed[java.io.File]]]("unmanagedJars") in Scope(Build: file:/C:/Users/Smooth/Trivial4b/web/, , Project: ProjectReference(file:/C:/Users/Smooth/Trivial4b/web/,root), Config: compile)),true,None)
Sending msg to client play-fork-run-3c192617-1b1f-49f0-9cc4-80119e27b59c: TaskStarted(12,506,None)
Sending msg to client play-fork-run-3c192617-1b1f-49f0-9cc4-80119e27b59c: TaskFinished(12,466,Some(AttributeKey[scala.collection.Seq[sbt.ModuleID]]("allDependencies") in Scope(Build: file:/C:/Users/Smooth/Trivial4b/web/, , Project: ProjectReference(file:/C:/Users/Smooth/Trivial4b/web/,root))),true,None)
Sending msg to client play-fork-run-3c192617-1b1f-49f0-9cc4-80119e27b59c: TaskStarted(12,465,Some(AttributeKey[sbt.ModuleSettings]("moduleSettings") in Scope(Build: file:/C:/Users/Smooth/Trivial4b/web/, , Project: ProjectReference(file:/C:/Users/Smooth/Trivial4b/web/,root))))
Sending msg to client play-fork-run-3c192617-1b1f-49f0-9cc4-80119e27b59c: TaskStarted(12,507,None)
Sending msg to client play-fork-run-3c192617-1b1f-49f0-9cc4-80119e27b59c: TaskFinished(12,506,None,true,None)
Sending msg to client play-fork-run-3c192617-1b1f-49f0-9cc4-80119e27b59c: TaskFinished(12,504,None,true,None)
Sending msg to client play-fork-run-3c192617-1b1f-49f0-9cc4-80119e27b59c: TaskStarted(12,500,Some(AttributeKey[scala.collection.Seq[sbt.Attributed[java.io.File]]]("unmanagedJars") in Scope(Build: file:/C:/Users/Smooth/Trivial4b/web/, , Project: ProjectReference(file:/C:/Users/Smooth/Trivial4b/web/,root), Config: compile)))
Sending msg to client play-fork-run-3c192617-1b1f-49f0-9cc4-80119e27b59c: TaskFinished(12,465,Some(AttributeKey[sbt.ModuleSettings]("moduleSettings") in Scope(Build: file:/C:/Users/Smooth/Trivial4b/web/, , Project: ProjectReference(file:/C:/Users/Smooth/Trivial4b/web/,root))),true,None)
Sending msg to client play-fork-run-3c192617-1b1f-49f0-9cc4-80119e27b59c: TaskFinished(12,507,None,true,None)
Sending msg to client play-fork-run-3c192617-1b1f-49f0-9cc4-80119e27b59c: TaskFinished(12,448,None,true,None)
Sending msg to client play-fork-run-3c192617-1b1f-49f0-9cc4-80119e27b59c: TaskFinished(12,500,Some(AttributeKey[scala.collection.Seq[sbt.Attributed[java.io.File]]]("unmanagedJars") in Scope(Build: file:/C:/Users/Smooth/Trivial4b/web/, , Project: ProjectReference(file:/C:/Users/Smooth/Trivial4b/web/,root), Config: compile)),true,None)
Sending msg to client play-fork-run-3c192617-1b1f-49f0-9cc4-80119e27b59c: TaskFinished(12,461,Some(AttributeKey[sbt.Resolver]("projectResolver") in Scope(Build: file:/C:/Users/Smooth/Trivial4b/web/, , Project: ProjectReference(file:/C:/Users/Smooth/Trivial4b/web/,root))),true,None)
Sending msg to client play-fork-run-3c192617-1b1f-49f0-9cc4-80119e27b59c: TaskStarted(12,459,Some(AttributeKey[scala.collection.Seq[sbt.Resolver]]("fullResolvers") in Scope(Build: file:/C:/Users/Smooth/Trivial4b/web/, , Project: ProjectReference(file:/C:/Users/Smooth/Trivial4b/web/,root))))
Sending msg to client play-fork-run-3c192617-1b1f-49f0-9cc4-80119e27b59c: TaskFinished(12,459,Some(AttributeKey[scala.collection.Seq[sbt.Resolver]]("fullResolvers") in Scope(Build: file:/C:/Users/Smooth/Trivial4b/web/, , Project: ProjectReference(file:/C:/Users/Smooth/Trivial4b/web/,root))),true,None)
Sending msg to client play-fork-run-3c192617-1b1f-49f0-9cc4-80119e27b59c: TaskStarted(12,457,Some(AttributeKey[sbt.IvyConfiguration]("ivyConfiguration") in Scope(Build: file:/C:/Users/Smooth/Trivial4b/web/, , Project: ProjectReference(file:/C:/Users/Smooth/Trivial4b/web/,root))))
Sending msg to client play-fork-run-3c192617-1b1f-49f0-9cc4-80119e27b59c: TaskFinished(12,457,Some(AttributeKey[sbt.IvyConfiguration]("ivyConfiguration") in Scope(Build: file:/C:/Users/Smooth/Trivial4b/web/, , Project: ProjectReference(file:/C:/Users/Smooth/Trivial4b/web/,root))),true,None)
Sending msg to client play-fork-run-3c192617-1b1f-49f0-9cc4-80119e27b59c: TaskStarted(12,454,Some(AttributeKey[sbt.IvySbt]("ivySbt") in Scope(Build: file:/C:/Users/Smooth/Trivial4b/web/, , Project: ProjectReference(file:/C:/Users/Smooth/Trivial4b/web/,root))))
Sending msg to client play-fork-run-3c192617-1b1f-49f0-9cc4-80119e27b59c: TaskFinished(12,454,Some(AttributeKey[sbt.IvySbt]("ivySbt") in Scope(Build: file:/C:/Users/Smooth/Trivial4b/web/, , Project: ProjectReference(file:/C:/Users/Smooth/Trivial4b/web/,root))),true,None)
Sending msg to client play-fork-run-3c192617-1b1f-49f0-9cc4-80119e27b59c: TaskStarted(12,453,Some(AttributeKey[sbt.IvySbt$Module]("ivyModule") in Scope(Build: file:/C:/Users/Smooth/Trivial4b/web/, , Project: ProjectReference(file:/C:/Users/Smooth/Trivial4b/web/,root))))
Sending msg to client play-fork-run-3c192617-1b1f-49f0-9cc4-80119e27b59c: TaskFinished(12,453,Some(AttributeKey[sbt.IvySbt$Module]("ivyModule") in Scope(Build: file:/C:/Users/Smooth/Trivial4b/web/, , Project: ProjectReference(file:/C:/Users/Smooth/Trivial4b/web/,root))),true,None)
Sending msg to client play-fork-run-3c192617-1b1f-49f0-9cc4-80119e27b59c: TaskStarted(12,440,Some(AttributeKey[sbt.UpdateReport]("update") in Scope(Build: file:/C:/Users/Smooth/Trivial4b/web/, , Project: ProjectReference(file:/C:/Users/Smooth/Trivial4b/web/,root))))
Sending msg to client play-fork-run-3c192617-1b1f-49f0-9cc4-80119e27b59c: TaskFinished(12,497,Some(AttributeKey[scala.collection.Seq[sbt.Attributed[java.io.File]]]("unmanagedJars") in Scope(Build: file:/C:/Users/Smooth/Trivial4b/web/, , Project: ProjectReference(file:/C:/Users/Smooth/Trivial4b/web/,root), Config: runtime)),true,None)
Sending msg to client play-fork-run-3c192617-1b1f-49f0-9cc4-80119e27b59c: TaskStarted(12,496,None)
Sending msg to client play-fork-run-3c192617-1b1f-49f0-9cc4-80119e27b59c: TaskFinished(12,496,None,true,None)
Sending msg to client play-fork-run-3c192617-1b1f-49f0-9cc4-80119e27b59c: TaskStarted(12,495,None)
Sending msg to client play-fork-run-3c192617-1b1f-49f0-9cc4-80119e27b59c: TaskFinished(12,495,None,true,None)
Sending msg to client play-fork-run-3c192617-1b1f-49f0-9cc4-80119e27b59c: TaskFinished(12,483,None,true,None)
Sending msg to client play-fork-run-3c192617-1b1f-49f0-9cc4-80119e27b59c: TaskStarted(12,481,Some(AttributeKey[scala.collection.Seq[sbt.Attributed[java.io.File]]]("unmanagedClasspath") in Scope(Build: file:/C:/Users/Smooth/Trivial4b/web/, , Project: ProjectReference(file:/C:/Users/Smooth/Trivial4b/web/,root), Config: runtime)))
Sending msg to client play-fork-run-3c192617-1b1f-49f0-9cc4-80119e27b59c: TaskFinished(12,481,Some(AttributeKey[scala.collection.Seq[sbt.Attributed[java.io.File]]]("unmanagedClasspath") in Scope(Build: file:/C:/Users/Smooth/Trivial4b/web/, , Project: ProjectReference(file:/C:/Users/Smooth/Trivial4b/web/,root), Config: runtime)),true,None)
Sending msg to client play-fork-run-3c192617-1b1f-49f0-9cc4-80119e27b59c: TaskFinished(12,440,Some(AttributeKey[sbt.UpdateReport]("update") in Scope(Build: file:/C:/Users/Smooth/Trivial4b/web/, , Project: ProjectReference(file:/C:/Users/Smooth/Trivial4b/web/,root))),true,None)
Sending msg to client play-fork-run-3c192617-1b1f-49f0-9cc4-80119e27b59c: TaskStarted(12,437,Some(AttributeKey[sbt.UpdateReport]("update") in Scope(Build: file:/C:/Users/Smooth/Trivial4b/web/, , Project: ProjectReference(file:/C:/Users/Smooth/Trivial4b/web/,root))))
Sending msg to client play-fork-run-3c192617-1b1f-49f0-9cc4-80119e27b59c: TaskFinished(12,437,Some(AttributeKey[sbt.UpdateReport]("update") in Scope(Build: file:/C:/Users/Smooth/Trivial4b/web/, , Project: ProjectReference(file:/C:/Users/Smooth/Trivial4b/web/,root))),true,None)
Sending msg to client play-fork-run-3c192617-1b1f-49f0-9cc4-80119e27b59c: TaskStarted(12,436,Some(AttributeKey[scala.collection.Seq[sbt.Attributed[java.io.File]]]("managedClasspath") in Scope(Build: file:/C:/Users/Smooth/Trivial4b/web/, , Project: ProjectReference(file:/C:/Users/Smooth/Trivial4b/web/,root), Config: docs)))
Sending msg to client play-fork-run-3c192617-1b1f-49f0-9cc4-80119e27b59c: TaskStarted(12,488,Some(AttributeKey[sbt.Configuration]("classpathConfiguration") in Scope(Build: file:/C:/Users/Smooth/Trivial4b/web/, , Project: ProjectReference(file:/C:/Users/Smooth/Trivial4b/web/,root), Config: compile)))
Sending msg to client play-fork-run-3c192617-1b1f-49f0-9cc4-80119e27b59c: TaskFinished(12,488,Some(AttributeKey[sbt.Configuration]("classpathConfiguration") in Scope(Build: file:/C:/Users/Smooth/Trivial4b/web/, , Project: ProjectReference(file:/C:/Users/Smooth/Trivial4b/web/,root), Config: compile)),true,None)
Sending msg to client play-fork-run-3c192617-1b1f-49f0-9cc4-80119e27b59c: TaskStarted(12,487,None)
Sending msg to client play-fork-run-3c192617-1b1f-49f0-9cc4-80119e27b59c: TaskFinished(12,487,None,true,None)
Sending msg to client play-fork-run-3c192617-1b1f-49f0-9cc4-80119e27b59c: TaskStarted(12,486,Some(AttributeKey[sbt.Configuration]("classpathConfiguration") in Scope(Build: file:/C:/Users/Smooth/Trivial4b/web/, , Project: ProjectReference(file:/C:/Users/Smooth/Trivial4b/web/,root), Config: runtime)))
Sending msg to client play-fork-run-3c192617-1b1f-49f0-9cc4-80119e27b59c: TaskFinished(12,436,Some(AttributeKey[scala.collection.Seq[sbt.Attributed[java.io.File]]]("managedClasspath") in Scope(Build: file:/C:/Users/Smooth/Trivial4b/web/, , Project: ProjectReference(file:/C:/Users/Smooth/Trivial4b/web/,root), Config: docs)),true,None)
Sending msg to client play-fork-run-3c192617-1b1f-49f0-9cc4-80119e27b59c: TaskFinished(12,486,Some(AttributeKey[sbt.Configuration]("classpathConfiguration") in Scope(Build: file:/C:/Users/Smooth/Trivial4b/web/, , Project: ProjectReference(file:/C:/Users/Smooth/Trivial4b/web/,root), Config: runtime)),true,None)
Sending msg to client play-fork-run-3c192617-1b1f-49f0-9cc4-80119e27b59c: TaskStarted(12,485,None)
Sending msg to client play-fork-run-3c192617-1b1f-49f0-9cc4-80119e27b59c: TaskFinished(12,485,None,true,None)
Sending msg to client play-fork-run-3c192617-1b1f-49f0-9cc4-80119e27b59c: TaskStarted(12,484,Some(AttributeKey[scala.collection.Seq[sbt.Attributed[java.io.File]]]("managedClasspath") in Scope(Build: file:/C:/Users/Smooth/Trivial4b/web/, , Project: ProjectReference(file:/C:/Users/Smooth/Trivial4b/web/,root), Config: runtime)))
Sending msg to client play-fork-run-3c192617-1b1f-49f0-9cc4-80119e27b59c: TaskFinished(12,484,Some(AttributeKey[scala.collection.Seq[sbt.Attributed[java.io.File]]]("managedClasspath") in Scope(Build: file:/C:/Users/Smooth/Trivial4b/web/, , Project: ProjectReference(file:/C:/Users/Smooth/Trivial4b/web/,root), Config: runtime)),true,None)
Sending msg to client play-fork-run-3c192617-1b1f-49f0-9cc4-80119e27b59c: TaskStarted(12,480,None)
Sending msg to client play-fork-run-3c192617-1b1f-49f0-9cc4-80119e27b59c: TaskFinished(12,480,None,true,None)
Sending msg to client play-fork-run-3c192617-1b1f-49f0-9cc4-80119e27b59c: TaskStarted(12,479,Some(AttributeKey[scala.collection.Seq[sbt.Attributed[java.io.File]]]("playDependencyClasspath") in Scope(Build: file:/C:/Users/Smooth/Trivial4b/web/, , Project: ProjectReference(file:/C:/Users/Smooth/Trivial4b/web/,root))))
Sending msg to client play-fork-run-3c192617-1b1f-49f0-9cc4-80119e27b59c: TaskFinished(12,479,Some(AttributeKey[scala.collection.Seq[sbt.Attributed[java.io.File]]]("playDependencyClasspath") in Scope(Build: file:/C:/Users/Smooth/Trivial4b/web/, , Project: ProjectReference(file:/C:/Users/Smooth/Trivial4b/web/,root))),true,None)
Sending msg to client play-fork-run-3c192617-1b1f-49f0-9cc4-80119e27b59c: TaskStarted(12,435,Some(AttributeKey[play.forkrun.protocol.ForkConfig]("playForkConfig") in Scope(Build: file:/C:/Users/Smooth/Trivial4b/web/, , Project: ProjectReference(file:/C:/Users/Smooth/Trivial4b/web/,root))))
Sending msg to client play-fork-run-3c192617-1b1f-49f0-9cc4-80119e27b59c: TaskFinished(12,435,Some(AttributeKey[play.forkrun.protocol.ForkConfig]("playForkConfig") in Scope(Build: file:/C:/Users/Smooth/Trivial4b/web/, , Project: ProjectReference(file:/C:/Users/Smooth/Trivial4b/web/,root))),true,None)
Sending msg to client play-fork-run-3c192617-1b1f-49f0-9cc4-80119e27b59c: ValueChanged(AttributeKey[play.forkrun.protocol.ForkConfig]("playForkConfig") in Scope(Build: file:/C:/Users/Smooth/Trivial4b/web/, , Project: ProjectReference(file:/C:/Users/Smooth/Trivial4b/web/,root)),TaskSuccess(BuildValue(LazyValue(ForkConfig(C:\Users\Smooth\Trivial4b\web,List(),List(C:\Users\Smooth\Trivial4b\web\lib\hsqldb.jar, C:\Users\Smooth\Trivial4b\web\lib\jgraph-5.13.0.0.jar, C:\Users\Smooth\Trivial4b\web\lib\jgrapht-core-0.9.1.jar, C:\Users\Smooth\Trivial4b\web\lib\mongo-java-driver-2.13.1.jar, C:\Users\Smooth\.ivy2\cache\org.scala-lang\scala-library\jars\scala-library-2.11.1.jar, C:\Users\Smooth\.ivy2\cache\com.typesafe.play\twirl-api_2.11\jars\twirl-api_2.11-1.0.2.jar, C:\Users\Smooth\.ivy2\cache\org.apache.commons\commons-lang3\jars\commons-lang3-3.1.jar, C:\Users\Smooth\.ivy2\cache\org.scala-lang.modules\scala-xml_2.11\bundles\scala-xml_2.11-1.0.1.jar, C:\Users\Smooth\.ivy2\cache\com.typesafe.play\play_2.11\jars\play_2.11-2.3.8.jar, C:\Users\Smooth\.ivy2\cache\com.typesafe.play\build-link\jars\build-link-2.3.8.jar, C:\Users\Smooth\.ivy2\cache\com.typesafe.play\play-exceptions\jars\play-exceptions-2.3.8.jar, C:\Users\Smooth\.ivy2\cache\com.typesafe.play\play-iteratees_2.11\jars\play-iteratees_2.11-2.3.8.jar, C:\Users\Smooth\.ivy2\cache\org.scala-stm\scala-stm_2.11\jars\scala-stm_2.11-0.7.jar, C:\Users\Smooth\.ivy2\cache\com.typesafe\config\bundles\config-1.2.1.jar, C:\Users\Smooth\.ivy2\cache\com.typesafe.play\play-json_2.11\jars\play-json_2.11-2.3.8.jar, C:\Users\Smooth\.ivy2\cache\com.typesafe.play\play-functional_2.11\jars\play-functional_2.11-2.3.8.jar, C:\Users\Smooth\.ivy2\cache\com.typesafe.play\play-datacommons_2.11\jars\play-datacommons_2.11-2.3.8.jar, C:\Users\Smooth\.ivy2\cache\joda-time\joda-time\jars\joda-time-2.3.jar, C:\Users\Smooth\.ivy2\cache\org.joda\joda-convert\jars\joda-convert-1.6.jar, C:\Users\Smooth\.ivy2\cache\com.fasterxml.jackson.core\jackson-annotations\bundles\jackson-annotations-2.3.2.jar, C:\Users\Smooth\.ivy2\cache\com.fasterxml.jackson.core\jackson-core\bundles\jackson-core-2.3.2.jar, C:\Users\Smooth\.ivy2\cache\com.fasterxml.jackson.core\jackson-databind\bundles\jackson-databind-2.3.2.jar, C:\Users\Smooth\.ivy2\cache\org.scala-lang\scala-reflect\jars\scala-reflect-2.11.1.jar, C:\Users\Smooth\.ivy2\cache\org.scala-lang.modules\scala-parser-combinators_2.11\bundles\scala-parser-combinators_2.11-1.0.1.jar, C:\Users\Smooth\.ivy2\cache\io.netty\netty\bundles\netty-3.9.3.Final.jar, C:\Users\Smooth\.ivy2\cache\com.typesafe.netty\netty-http-pipelining\jars\netty-http-pipelining-1.1.2.jar, C:\Users\Smooth\.ivy2\cache\org.slf4j\slf4j-api\jars\slf4j-api-1.7.6.jar, C:\Users\Smooth\.ivy2\cache\org.slf4j\jul-to-slf4j\jars\jul-to-slf4j-1.7.6.jar, C:\Users\Smooth\.ivy2\cache\org.slf4j\jcl-over-slf4j\jars\jcl-over-slf4j-1.7.6.jar, C:\Users\Smooth\.ivy2\cache\ch.qos.logback\logback-core\jars\logback-core-1.1.1.jar, C:\Users\Smooth\.ivy2\cache\ch.qos.logback\logback-classic\jars\logback-classic-1.1.1.jar, C:\Users\Smooth\.ivy2\cache\com.typesafe.akka\akka-actor_2.11\jars\akka-actor_2.11-2.3.4.jar, C:\Users\Smooth\.ivy2\cache\com.typesafe.akka\akka-slf4j_2.11\jars\akka-slf4j_2.11-2.3.4.jar, C:\Users\Smooth\.ivy2\cache\commons-codec\commons-codec\jars\commons-codec-1.9.jar, C:\Users\Smooth\.ivy2\cache\xerces\xercesImpl\jars\xercesImpl-2.11.0.jar, C:\Users\Smooth\.ivy2\cache\xml-apis\xml-apis\jars\xml-apis-1.4.01.jar, C:\Users\Smooth\.ivy2\cache\javax.transaction\jta\jars\jta-1.1.jar, C:\Users\Smooth\.ivy2\cache\com.typesafe.play\play-java_2.11\jars\play-java_2.11-2.3.8.jar, C:\Users\Smooth\.ivy2\cache\org.yaml\snakeyaml\bundles\snakeyaml-1.13.jar, C:\Users\Smooth\.ivy2\cache\org.hibernate\hibernate-validator\jars\hibernate-validator-5.0.3.Final.jar, C:\Users\Smooth\.ivy2\cache\javax.validation\validation-api\jars\validation-api-1.1.0.Final.jar, C:\Users\Smooth\.ivy2\cache\com.fasterxml\classmate\bundles\classmate-1.0.0.jar, C:\Users\Smooth\.ivy2\cache\org.jboss.logging\jboss-logging\jars\jboss-logging-3.2.0.Final.jar, C:\Users\Smooth\.ivy2\cache\org.springframework\spring-context\jars\spring-context-4.0.3.RELEASE.jar, C:\Users\Smooth\.ivy2\cache\org.springframework\spring-core\jars\spring-core-4.0.3.RELEASE.jar, C:\Users\Smooth\.ivy2\cache\org.springframework\spring-beans\jars\spring-beans-4.0.3.RELEASE.jar, C:\Users\Smooth\.ivy2\cache\org.javassist\javassist\bundles\javassist-3.19.0-GA.jar, C:\Users\Smooth\.ivy2\cache\org.reflections\reflections\jars\reflections-0.9.8.jar, C:\Users\Smooth\.ivy2\cache\com.google.guava\guava\bundles\guava-16.0.1.jar, C:\Users\Smooth\.ivy2\cache\dom4j\dom4j\jars\dom4j-1.6.1.jar, C:\Users\Smooth\.ivy2\cache\com.google.code.findbugs\jsr305\jars\jsr305-2.0.3.jar, C:\Users\Smooth\.ivy2\cache\org.apache.tomcat\tomcat-servlet-api\jars\tomcat-servlet-api-8.0.5.jar, C:\Users\Smooth\.ivy2\cache\com.typesafe.play\play-java-jdbc_2.11\jars\play-java-jdbc_2.11-2.3.8.jar, C:\Users\Smooth\.ivy2\cache\com.typesafe.play\play-jdbc_2.11\jars\play-jdbc_2.11-2.3.8.jar, C:\Users\Smooth\.ivy2\cache\com.jolbox\bonecp\bundles\bonecp-0.8.0.RELEASE.jar, C:\Users\Smooth\.ivy2\cache\com.h2database\h2\jars\h2-1.3.175.jar, C:\Users\Smooth\.ivy2\cache\tyrex\tyrex\jars\tyrex-1.0.1.jar, C:\Users\Smooth\.ivy2\cache\com.typesafe.play\play-java-ebean_2.11\jars\play-java-ebean_2.11-2.3.8.jar, C:\Users\Smooth\.ivy2\cache\org.avaje.ebeanorm\avaje-ebeanorm\jars\avaje-ebeanorm-3.3.4.jar, C:\Users\Smooth\.ivy2\cache\org.avaje.ebeanorm\avaje-ebeanorm-agent\jars\avaje-ebeanorm-agent-3.2.2.jar, C:\Users\Smooth\.ivy2\cache\org.hibernate.javax.persistence\hibernate-jpa-2.0-api\jars\hibernate-jpa-2.0-api-1.0.1.Final.jar, C:\Users\Smooth\.ivy2\cache\com.typesafe.play\play-cache_2.11\jars\play-cache_2.11-2.3.8.jar, C:\Users\Smooth\.ivy2\cache\net.sf.ehcache\ehcache-core\jars\ehcache-core-2.6.8.jar, C:\Users\Smooth\.ivy2\cache\com.typesafe.play\play-java-ws_2.11\jars\play-java-ws_2.11-2.3.8.jar, C:\Users\Smooth\.ivy2\cache\com.typesafe.play\play-ws_2.11\jars\play-ws_2.11-2.3.8.jar, C:\Users\Smooth\.ivy2\cache\com.ning\async-http-client\jars\async-http-client-1.8.15.jar, C:\Users\Smooth\.ivy2\cache\oauth.signpost\signpost-core\jars\signpost-core-1.2.1.2.jar, C:\Users\Smooth\.ivy2\cache\oauth.signpost\signpost-commonshttp4\jars\signpost-commonshttp4-1.2.1.2.jar, C:\Users\Smooth\.ivy2\cache\org.apache.httpcomponents\httpcore\jars\httpcore-4.0.1.jar, C:\Users\Smooth\.ivy2\cache\org.apache.httpcomponents\httpclient\jars\httpclient-4.0.1.jar, C:\Users\Smooth\.ivy2\cache\commons-logging\commons-logging\jars\commons-logging-1.1.1.jar, C:\Users\Smooth\.ivy2\cache\com.typesafe.play\play-java-jpa_2.11\jars\play-java-jpa_2.11-2.3.8.jar, C:\Users\Smooth\.ivy2\cache\org.hibernate\hibernate-entitymanager\jars\hibernate-entitymanager-4.3.8.Final.jar, C:\Users\Smooth\.ivy2\cache\org.jboss.logging\jboss-logging-annotations\jars\jboss-logging-annotations-1.2.0.Beta1.jar, C:\Users\Smooth\.ivy2\cache\org.hibernate\hibernate-core\jars\hibernate-core-4.3.8.Final.jar, C:\Users\Smooth\.ivy2\cache\org.jboss.spec.javax.transaction\jboss-transaction-api_1.2_spec\jars\jboss-transaction-api_1.2_spec-1.0.0.Final.jar, C:\Users\Smooth\.ivy2\cache\org.hibernate.common\hibernate-commons-annotations\jars\hibernate-commons-annotations-4.0.5.Final.jar, C:\Users\Smooth\.ivy2\cache\org.hibernate.javax.persistence\hibernate-jpa-2.1-api\jars\hibernate-jpa-2.1-api-1.0.0.Final.jar, C:\Users\Smooth\.ivy2\cache\antlr\antlr\jars\antlr-2.7.7.jar, C:\Users\Smooth\.ivy2\cache\org.jboss\jandex\jars\jandex-1.1.0.Final.jar),List((public/,C:\Users\Smooth\Trivial4b\web\target\web\public\main)),List(C:\Users\Smooth\.ivy2\cache\com.typesafe.play\play-docs_2.11\jars\play-docs_2.11-2.3.8.jar, C:\Users\Smooth\.ivy2\cache\org.scala-lang\scala-library\jars\scala-library-2.11.1.jar, C:\Users\Smooth\.ivy2\cache\com.typesafe.play\play_2.11\jars\play_2.11-2.3.8.jar, C:\Users\Smooth\.ivy2\cache\com.typesafe.play\build-link\jars\build-link-2.3.8.jar, C:\Users\Smooth\.ivy2\cache\com.typesafe.play\play-exceptions\jars\play-exceptions-2.3.8.jar, C:\Users\Smooth\.ivy2\cache\org.javassist\javassist\bundles\javassist-3.18.2-GA.jar, C:\Users\Smooth\.ivy2\cache\com.typesafe.play\play-iteratees_2.11\jars\play-iteratees_2.11-2.3.8.jar, C:\Users\Smooth\.ivy2\cache\org.scala-stm\scala-stm_2.11\jars\scala-stm_2.11-0.7.jar, C:\Users\Smooth\.ivy2\cache\com.typesafe\config\bundles\config-1.2.1.jar, C:\Users\Smooth\.ivy2\cache\com.typesafe.play\play-json_2.11\jars\play-json_2.11-2.3.8.jar, C:\Users\Smooth\.ivy2\cache\com.typesafe.play\play-functional_2.11\jars\play-functional_2.11-2.3.8.jar, C:\Users\Smooth\.ivy2\cache\com.typesafe.play\play-datacommons_2.11\jars\play-datacommons_2.11-2.3.8.jar, C:\Users\Smooth\.ivy2\cache\joda-time\joda-time\jars\joda-time-2.3.jar, C:\Users\Smooth\.ivy2\cache\org.joda\joda-convert\jars\joda-convert-1.6.jar, C:\Users\Smooth\.ivy2\cache\com.fasterxml.jackson.core\jackson-annotations\bundles\jackson-annotations-2.3.2.jar, C:\Users\Smooth\.ivy2\cache\com.fasterxml.jackson.core\jackson-core\bundles\jackson-core-2.3.2.jar, C:\Users\Smooth\.ivy2\cache\com.fasterxml.jackson.core\jackson-databind\bundles\jackson-databind-2.3.2.jar, C:\Users\Smooth\.ivy2\cache\org.scala-lang\scala-reflect\jars\scala-reflect-2.11.1.jar, C:\Users\Smooth\.ivy2\cache\com.typesafe.play\twirl-api_2.11\jars\twirl-api_2.11-1.0.2.jar, C:\Users\Smooth\.ivy2\cache\org.apache.commons\commons-lang3\jars\commons-lang3-3.1.jar, C:\Users\Smooth\.ivy2\cache\org.scala-lang.modules\scala-xml_2.11\bundles\scala-xml_2.11-1.0.1.jar, C:\Users\Smooth\.ivy2\cache\org.scala-lang.modules\scala-parser-combinators_2.11\bundles\scala-parser-combinators_2.11-1.0.1.jar, C:\Users\Smooth\.ivy2\cache\io.netty\netty\bundles\netty-3.9.3.Final.jar, C:\Users\Smooth\.ivy2\cache\com.typesafe.netty\netty-http-pipelining\jars\netty-http-pipelining-1.1.2.jar, C:\Users\Smooth\.ivy2\cache\org.slf4j\slf4j-api\jars\slf4j-api-1.7.6.jar, C:\Users\Smooth\.ivy2\cache\org.slf4j\jul-to-slf4j\jars\jul-to-slf4j-1.7.6.jar, C:\Users\Smooth\.ivy2\cache\org.slf4j\jcl-over-slf4j\jars\jcl-over-slf4j-1.7.6.jar, C:\Users\Smooth\.ivy2\cache\ch.qos.logback\logback-core\jars\logback-core-1.1.1.jar, C:\Users\Smooth\.ivy2\cache\ch.qos.logback\logback-classic\jars\logback-classic-1.1.1.jar, C:\Users\Smooth\.ivy2\cache\com.typesafe.akka\akka-actor_2.11\jars\akka-actor_2.11-2.3.4.jar, C:\Users\Smooth\.ivy2\cache\com.typesafe.akka\akka-slf4j_2.11\jars\akka-slf4j_2.11-2.3.4.jar, C:\Users\Smooth\.ivy2\cache\commons-codec\commons-codec\jars\commons-codec-1.9.jar, C:\Users\Smooth\.ivy2\cache\xerces\xercesImpl\jars\xercesImpl-2.11.0.jar, C:\Users\Smooth\.ivy2\cache\xml-apis\xml-apis\jars\xml-apis-1.4.01.jar, C:\Users\Smooth\.ivy2\cache\javax.transaction\jta\jars\jta-1.1.jar, C:\Users\Smooth\.ivy2\cache\com.typesafe.play\play-doc_2.11\jars\play-doc_2.11-1.1.0.jar, C:\Users\Smooth\.ivy2\cache\org.pegdown\pegdown\jars\pegdown-1.4.0.jar, C:\Users\Smooth\.ivy2\cache\org.parboiled\parboiled-java\bundles\parboiled-java-1.1.5.jar, C:\Users\Smooth\.ivy2\cache\org.parboiled\parboiled-core\bundles\parboiled-core-1.1.5.jar, C:\Users\Smooth\.ivy2\cache\org.ow2.asm\asm\jars\asm-4.1.jar, C:\Users\Smooth\.ivy2\cache\org.ow2.asm\asm-tree\jars\asm-tree-4.1.jar, C:\Users\Smooth\.ivy2\cache\org.ow2.asm\asm-analysis\jars\asm-analysis-4.1.jar, C:\Users\Smooth\.ivy2\cache\org.ow2.asm\asm-util\jars\asm-util-4.1.jar, C:\Users\Smooth\.ivy2\cache\commons-io\commons-io\jars\commons-io-2.4.jar),List(),9000,DefaultWatchService,List(C:\Users\Smooth\Trivial4b\web\app-2.11, C:\Users\Smooth\Trivial4b\web\app, C:\Users\Smooth\Trivial4b\web\conf, C:\Users\Smooth\Trivial4b\web\app\assets, C:\Users\Smooth\Trivial4b\web\public),C:\Users\Smooth\Trivial4b\web\target,500,root/playForkNotifyStart,root/playForkReload,300000),scala.pickling.PicklerUnpickler$DelegatingPicklerUnpickler@715951b8),ForkConfig(C:\Users\Smooth\Trivial4b\web,List(),List(C:\Users\Smooth\Trivial4b\web\lib\hsqldb.jar, C:\Users\Smooth\Trivial4b\web\lib\jgraph-5.13.0.0.jar, C:\Users\Smooth\Trivial4b\web\lib\jgrapht-core-0.9.1.jar, C:\Users\Smooth\Trivial4b\web\lib\mongo-java-driver-2.13.1.jar, C:\Users\Smooth\.ivy2\cache\org.scala-lang\scala-library\jars\scala-library-2.11.1.jar, C:\Users\Smooth\.ivy2\cache\com.typesafe.play\twirl-api_2.11\jars\twirl-api_2.11-1.0.2.jar, C:\Users\Smooth\.ivy2\cache\org.apache.commons\commons-lang3\jars\commons-lang3-3.1.jar, C:\Users\Smooth\.ivy2\cache\org.scala-lang.modules\scala-xml_2.11\bundles\scala-xml_2.11-1.0.1.jar, C:\Users\Smooth\.ivy2\cache\com.typesafe.play\play_2.11\jars\play_2.11-2.3.8.jar, C:\Users\Smooth\.ivy2\cache\com.typesafe.play\build-link\jars\build-link-2.3.8.jar, C:\Users\Smooth\.ivy2\cache\com.typesafe.play\play-exceptions\jars\play-exceptions-2.3.8.jar, C:\Users\Smooth\.ivy2\cache\com.typesafe.play\play-iteratees_2.11\jars\play-iteratees_2.11-2.3.8.jar, C:\Users\Smooth\.ivy2\cache\org.scala-stm\scala-stm_2.11\jars\scala-stm_2.11-0.7.jar, C:\Users\Smooth\.ivy2\cache\com.typesafe\config\bundles\config-1.2.1.jar, C:\Users\Smooth\.ivy2\cache\com.typesafe.play\play-json_2.11\jars\play-json_2.11-2.3.8.jar, C:\Users\Smooth\.ivy2\cache\com.typesafe.play\play-functional_2.11\jars\play-functional_2.11-2.3.8.jar, C:\Users\Smooth\.ivy2\cache\com.typesafe.play\play-datacommons_2.11\jars\play-datacommons_2.11-2.3.8.jar, C:\Users\Smooth\.ivy2\cache\joda-time\joda-time\jars\joda-time-2.3.jar, C:\Users\Smooth\.ivy2\cache\org.joda\joda-convert\jars\joda-convert-1.6.jar, C:\Users\Smooth\.ivy2\cache\com.fasterxml.jackson.core\jackson-annotations\bundles\jackson-annotations-2.3.2.jar, C:\Users\Smooth\.ivy2\cache\com.fasterxml.jackson.core\jackson-core\bundles\jackson-core-2.3.2.jar, C:\Users\Smooth\.ivy2\cache\com.fasterxml.jackson.core\jackson-databind\bundles\jackson-databind-2.3.2.jar, C:\Users\Smooth\.ivy2\cache\org.scala-lang\scala-reflect\jars\scala-reflect-2.11.1.jar, C:\Users\Smooth\.ivy2\cache\org.scala-lang.modules\scala-parser-combinators_2.11\bundles\scala-parser-combinators_2.11-1.0.1.jar, C:\Users\Smooth\.ivy2\cache\io.netty\netty\bundles\netty-3.9.3.Final.jar, C:\Users\Smooth\.ivy2\cache\com.typesafe.netty\netty-http-pipelining\jars\netty-http-pipelining-1.1.2.jar, C:\Users\Smooth\.ivy2\cache\org.slf4j\slf4j-api\jars\slf4j-api-1.7.6.jar, C:\Users\Smooth\.ivy2\cache\org.slf4j\jul-to-slf4j\jars\jul-to-slf4j-1.7.6.jar, C:\Users\Smooth\.ivy2\cache\org.slf4j\jcl-over-slf4j\jars\jcl-over-slf4j-1.7.6.jar, C:\Users\Smooth\.ivy2\cache\ch.qos.logback\logback-core\jars\logback-core-1.1.1.jar, C:\Users\Smooth\.ivy2\cache\ch.qos.logback\logback-classic\jars\logback-classic-1.1.1.jar, C:\Users\Smooth\.ivy2\cache\com.typesafe.akka\akka-actor_2.11\jars\akka-actor_2.11-2.3.4.jar, C:\Users\Smooth\.ivy2\cache\com.typesafe.akka\akka-slf4j_2.11\jars\akka-slf4j_2.11-2.3.4.jar, C:\Users\Smooth\.ivy2\cache\commons-codec\commons-codec\jars\commons-codec-1.9.jar, C:\Users\Smooth\.ivy2\cache\xerces\xercesImpl\jars\xercesImpl-2.11.0.jar, C:\Users\Smooth\.ivy2\cache\xml-apis\xml-apis\jars\xml-apis-1.4.01.jar, C:\Users\Smooth\.ivy2\cache\javax.transaction\jta\jars\jta-1.1.jar, C:\Users\Smooth\.ivy2\cache\com.typesafe.play\play-java_2.11\jars\play-java_2.11-2.3.8.jar, C:\Users\Smooth\.ivy2\cache\org.yaml\snakeyaml\bundles\snakeyaml-1.13.jar, C:\Users\Smooth\.ivy2\cache\org.hibernate\hibernate-validator\jars\hibernate-validator-5.0.3.Final.jar, C:\Users\Smooth\.ivy2\cache\javax.validation\validation-api\jars\validation-api-1.1.0.Final.jar, C:\Users\Smooth\.ivy2\cache\com.fasterxml\classmate\bundles\classmate-1.0.0.jar, C:\Users\Smooth\.ivy2\cache\org.jboss.logging\jboss-logging\jars\jboss-logging-3.2.0.Final.jar, C:\Users\Smooth\.ivy2\cache\org.springframework\spring-context\jars\spring-context-4.0.3.RELEASE.jar, C:\Users\Smooth\.ivy2\cache\org.springframework\spring-core\jars\spring-core-4.0.3.RELEASE.jar, C:\Users\Smooth\.ivy2\cache\org.springframework\spring-beans\jars\spring-beans-4.0.3.RELEASE.jar, C:\Users\Smooth\.ivy2\cache\org.javassist\javassist\bundles\javassist-3.19.0-GA.jar, C:\Users\Smooth\.ivy2\cache\org.reflections\reflections\jars\reflections-0.9.8.jar, C:\Users\Smooth\.ivy2\cache\com.google.guava\guava\bundles\guava-16.0.1.jar, C:\Users\Smooth\.ivy2\cache\dom4j\dom4j\jars\dom4j-1.6.1.jar, C:\Users\Smooth\.ivy2\cache\com.google.code.findbugs\jsr305\jars\jsr305-2.0.3.jar, C:\Users\Smooth\.ivy2\cache\org.apache.tomcat\tomcat-servlet-api\jars\tomcat-servlet-api-8.0.5.jar, C:\Users\Smooth\.ivy2\cache\com.typesafe.play\play-java-jdbc_2.11\jars\play-java-jdbc_2.11-2.3.8.jar, C:\Users\Smooth\.ivy2\cache\com.typesafe.play\play-jdbc_2.11\jars\play-jdbc_2.11-2.3.8.jar, C:\Users\Smooth\.ivy2\cache\com.jolbox\bonecp\bundles\bonecp-0.8.0.RELEASE.jar, C:\Users\Smooth\.ivy2\cache\com.h2database\h2\jars\h2-1.3.175.jar, C:\Users\Smooth\.ivy2\cache\tyrex\tyrex\jars\tyrex-1.0.1.jar, C:\Users\Smooth\.ivy2\cache\com.typesafe.play\play-java-ebean_2.11\jars\play-java-ebean_2.11-2.3.8.jar, C:\Users\Smooth\.ivy2\cache\org.avaje.ebeanorm\avaje-ebeanorm\jars\avaje-ebeanorm-3.3.4.jar, C:\Users\Smooth\.ivy2\cache\org.avaje.ebeanorm\avaje-ebeanorm-agent\jars\avaje-ebeanorm-agent-3.2.2.jar, C:\Users\Smooth\.ivy2\cache\org.hibernate.javax.persistence\hibernate-jpa-2.0-api\jars\hibernate-jpa-2.0-api-1.0.1.Final.jar, C:\Users\Smooth\.ivy2\cache\com.typesafe.play\play-cache_2.11\jars\play-cache_2.11-2.3.8.jar, C:\Users\Smooth\.ivy2\cache\net.sf.ehcache\ehcache-core\jars\ehcache-core-2.6.8.jar, C:\Users\Smooth\.ivy2\cache\com.typesafe.play\play-java-ws_2.11\jars\play-java-ws_2.11-2.3.8.jar, C:\Users\Smooth\.ivy2\cache\com.typesafe.play\play-ws_2.11\jars\play-ws_2.11-2.3.8.jar, C:\Users\Smooth\.ivy2\cache\com.ning\async-http-client\jars\async-http-client-1.8.15.jar, C:\Users\Smooth\.ivy2\cache\oauth.signpost\signpost-core\jars\signpost-core-1.2.1.2.jar, C:\Users\Smooth\.ivy2\cache\oauth.signpost\signpost-commonshttp4\jars\signpost-commonshttp4-1.2.1.2.jar, C:\Users\Smooth\.ivy2\cache\org.apache.httpcomponents\httpcore\jars\httpcore-4.0.1.jar, C:\Users\Smooth\.ivy2\cache\org.apache.httpcomponents\httpclient\jars\httpclient-4.0.1.jar, C:\Users\Smooth\.ivy2\cache\commons-logging\commons-logging\jars\commons-logging-1.1.1.jar, C:\Users\Smooth\.ivy2\cache\com.typesafe.play\play-java-jpa_2.11\jars\play-java-jpa_2.11-2.3.8.jar, C:\Users\Smooth\.ivy2\cache\org.hibernate\hibernate-entitymanager\jars\hibernate-entitymanager-4.3.8.Final.jar, C:\Users\Smooth\.ivy2\cache\org.jboss.logging\jboss-logging-annotations\jars\jboss-logging-annotations-1.2.0.Beta1.jar, C:\Users\Smooth\.ivy2\cache\org.hibernate\hibernate-core\jars\hibernate-core-4.3.8.Final.jar, C:\Users\Smooth\.ivy2\cache\org.jboss.spec.javax.transaction\jboss-transaction-api_1.2_spec\jars\jboss-transaction-api_1.2_spec-1.0.0.Final.jar, C:\Users\Smooth\.ivy2\cache\org.hibernate.common\hibernate-commons-annotations\jars\hibernate-commons-annotations-4.0.5.Final.jar, C:\Users\Smooth\.ivy2\cache\org.hibernate.javax.persistence\hibernate-jpa-2.1-api\jars\hibernate-jpa-2.1-api-1.0.0.Final.jar, C:\Users\Smooth\.ivy2\cache\antlr\antlr\jars\antlr-2.7.7.jar, C:\Users\Smooth\.ivy2\cache\org.jboss\jandex\jars\jandex-1.1.0.Final.jar),List((public/,C:\Users\Smooth\Trivial4b\web\target\web\public\main)),List(C:\Users\Smooth\.ivy2\cache\com.typesafe.play\play-docs_2.11\jars\play-docs_2.11-2.3.8.jar, C:\Users\Smooth\.ivy2\cache\org.scala-lang\scala-library\jars\scala-library-2.11.1.jar, C:\Users\Smooth\.ivy2\cache\com.typesafe.play\play_2.11\jars\play_2.11-2.3.8.jar, C:\Users\Smooth\.ivy2\cache\com.typesafe.play\build-link\jars\build-link-2.3.8.jar, C:\Users\Smooth\.ivy2\cache\com.typesafe.play\play-exceptions\jars\play-exceptions-2.3.8.jar, C:\Users\Smooth\.ivy2\cache\org.javassist\javassist\bundles\javassist-3.18.2-GA.jar, C:\Users\Smooth\.ivy2\cache\com.typesafe.play\play-iteratees_2.11\jars\play-iteratees_2.11-2.3.8.jar, C:\Users\Smooth\.ivy2\cache\org.scala-stm\scala-stm_2.11\jars\scala-stm_2.11-0.7.jar, C:\Users\Smooth\.ivy2\cache\com.typesafe\config\bundles\config-1.2.1.jar, C:\Users\Smooth\.ivy2\cache\com.typesafe.play\play-json_2.11\jars\play-json_2.11-2.3.8.jar, C:\Users\Smooth\.ivy2\cache\com.typesafe.play\play-functional_2.11\jars\play-functional_2.11-2.3.8.jar, C:\Users\Smooth\.ivy2\cache\com.typesafe.play\play-datacommons_2.11\jars\play-datacommons_2.11-2.3.8.jar, C:\Users\Smooth\.ivy2\cache\joda-time\joda-time\jars\joda-time-2.3.jar, C:\Users\Smooth\.ivy2\cache\org.joda\joda-convert\jars\joda-convert-1.6.jar, C:\Users\Smooth\.ivy2\cache\com.fasterxml.jackson.core\jackson-annotations\bundles\jackson-annotations-2.3.2.jar, C:\Users\Smooth\.ivy2\cache\com.fasterxml.jackson.core\jackson-core\bundles\jackson-core-2.3.2.jar, C:\Users\Smooth\.ivy2\cache\com.fasterxml.jackson.core\jackson-databind\bundles\jackson-databind-2.3.2.jar, C:\Users\Smooth\.ivy2\cache\org.scala-lang\scala-reflect\jars\scala-reflect-2.11.1.jar, C:\Users\Smooth\.ivy2\cache\com.typesafe.play\twirl-api_2.11\jars\twirl-api_2.11-1.0.2.jar, C:\Users\Smooth\.ivy2\cache\org.apache.commons\commons-lang3\jars\commons-lang3-3.1.jar, C:\Users\Smooth\.ivy2\cache\org.scala-lang.modules\scala-xml_2.11\bundles\scala-xml_2.11-1.0.1.jar, C:\Users\Smooth\.ivy2\cache\org.scala-lang.modules\scala-parser-combinators_2.11\bundles\scala-parser-combinators_2.11-1.0.1.jar, C:\Users\Smooth\.ivy2\cache\io.netty\netty\bundles\netty-3.9.3.Final.jar, C:\Users\Smooth\.ivy2\cache\com.typesafe.netty\netty-http-pipelining\jars\netty-http-pipelining-1.1.2.jar, C:\Users\Smooth\.ivy2\cache\org.slf4j\slf4j-api\jars\slf4j-api-1.7.6.jar, C:\Users\Smooth\.ivy2\cache\org.slf4j\jul-to-slf4j\jars\jul-to-slf4j-1.7.6.jar, C:\Users\Smooth\.ivy2\cache\org.slf4j\jcl-over-slf4j\jars\jcl-over-slf4j-1.7.6.jar, C:\Users\Smooth\.ivy2\cache\ch.qos.logback\logback-core\jars\logback-core-1.1.1.jar, C:\Users\Smooth\.ivy2\cache\ch.qos.logback\logback-classic\jars\logback-classic-1.1.1.jar, C:\Users\Smooth\.ivy2\cache\com.typesafe.akka\akka-actor_2.11\jars\akka-actor_2.11-2.3.4.jar, C:\Users\Smooth\.ivy2\cache\com.typesafe.akka\akka-slf4j_2.11\jars\akka-slf4j_2.11-2.3.4.jar, C:\Users\Smooth\.ivy2\cache\commons-codec\commons-codec\jars\commons-codec-1.9.jar, C:\Users\Smooth\.ivy2\cache\xerces\xercesImpl\jars\xercesImpl-2.11.0.jar, C:\Users\Smooth\.ivy2\cache\xml-apis\xml-apis\jars\xml-apis-1.4.01.jar, C:\Users\Smooth\.ivy2\cache\javax.transaction\jta\jars\jta-1.1.jar, C:\Users\Smooth\.ivy2\cache\com.typesafe.play\play-doc_2.11\jars\play-doc_2.11-1.1.0.jar, C:\Users\Smooth\.ivy2\cache\org.pegdown\pegdown\jars\pegdown-1.4.0.jar, C:\Users\Smooth\.ivy2\cache\org.parboiled\parboiled-java\bundles\parboiled-java-1.1.5.jar, C:\Users\Smooth\.ivy2\cache\org.parboiled\parboiled-core\bundles\parboiled-core-1.1.5.jar, C:\Users\Smooth\.ivy2\cache\org.ow2.asm\asm\jars\asm-4.1.jar, C:\Users\Smooth\.ivy2\cache\org.ow2.asm\asm-tree\jars\asm-tree-4.1.jar, C:\Users\Smooth\.ivy2\cache\org.ow2.asm\asm-analysis\jars\asm-analysis-4.1.jar, C:\Users\Smooth\.ivy2\cache\org.ow2.asm\asm-util\jars\asm-util-4.1.jar, C:\Users\Smooth\.ivy2\cache\commons-io\commons-io\jars\commons-io-2.4.jar),List(),9000,DefaultWatchService,List(C:\Users\Smooth\Trivial4b\web\app-2.11, C:\Users\Smooth\Trivial4b\web\app, C:\Users\Smooth\Trivial4b\web\conf, C:\Users\Smooth\Trivial4b\web\app\assets, C:\Users\Smooth\Trivial4b\web\public),C:\Users\Smooth\Trivial4b\web\target,500,root/playForkNotifyStart,root/playForkReload,300000))))
Sending msg to client play-fork-run-3c192617-1b1f-49f0-9cc4-80119e27b59c: TaskStarted(12,434,None)
Sending msg to client play-fork-run-3c192617-1b1f-49f0-9cc4-80119e27b59c: TaskFinished(12,434,None,true,None)
Sending msg to client play-fork-run-3c192617-1b1f-49f0-9cc4-80119e27b59c: TaskStarted(12,433,None)
Sending msg to client play-fork-run-3c192617-1b1f-49f0-9cc4-80119e27b59c: TaskFinished(12,433,None,true,None)
Sending msg to client play-fork-run-3c192617-1b1f-49f0-9cc4-80119e27b59c: DetachedLogEvent(LogMessage(debug,cancel strategy finish enabled=false lastCommand=Some(LastCommand(CommandExecutionWork(ExecutionId(12),{file:/C:/Users/Smooth/Trivial4b/web/}root/*:playForkConfig,Set(LiveClient(play-fork-run 3c192617-1b1f-49f0-9cc4-80119e27b59c)),sbt.server.WorkCancellationStatus$$anon$1@4fc2fa0f)))))
Sending msg to client play-fork-run-3c192617-1b1f-49f0-9cc4-80119e27b59c: DetachedLogEvent(LogSuccess(Total time: 1 s, completed 02-may-2015 0:46:57))
Sending msg to client play-fork-run-3c192617-1b1f-49f0-9cc4-80119e27b59c: DetachedLogEvent(LogMessage(debug,> server-post-command-cleanup))
Sending msg to client play-fork-run-3c192617-1b1f-49f0-9cc4-80119e27b59c: ExecutionSuccess(12)
Sending msg to client play-fork-run-3c192617-1b1f-49f0-9cc4-80119e27b59c: DetachedLogEvent(LogMessage(debug,> server-handle-next-server-request))
Sending msg to client play-fork-run-3c192617-1b1f-49f0-9cc4-80119e27b59c: BackgroundJobLogEvent(1,LogMessage(info,))
Sending msg to client play-fork-run-3c192617-1b1f-49f0-9cc4-80119e27b59c: BackgroundJobLogEvent(1,LogMessage(info,--- (Running the application, auto-reloading is enabled) ---))
Sending msg to client play-fork-run-3c192617-1b1f-49f0-9cc4-80119e27b59c: BackgroundJobLogEvent(1,LogMessage(info,))
Sending msg to client play-fork-run-3c192617-1b1f-49f0-9cc4-80119e27b59c: BackgroundJobLogEvent(1,LogMessage(info,play - Listening for HTTP on /0:0:0:0:0:0:0:0:9000))
Sending msg to client play-fork-run-3c192617-1b1f-49f0-9cc4-80119e27b59c: BackgroundJobLogEvent(1,LogMessage(info,))
Sending msg to client play-fork-run-3c192617-1b1f-49f0-9cc4-80119e27b59c: BackgroundJobLogEvent(1,LogMessage(info,(Server started, use Ctrl+D to stop and go back to the console...)))
Sending msg to client play-fork-run-3c192617-1b1f-49f0-9cc4-80119e27b59c: BackgroundJobLogEvent(1,LogMessage(info,))
Got request: ExecutionRequest(root/playForkNotifyStart http://localhost:9000)
Reading next message from client.
Sending msg to client play-fork-run-3c192617-1b1f-49f0-9cc4-80119e27b59c: (8,ExecutionRequestReceived(13))
Sending msg to client play-fork-run-3c192617-1b1f-49f0-9cc4-80119e27b59c: ExecutionWaiting(13,root/playForkNotifyStart http://localhost:9000,ClientInfo(3c192617-1b1f-49f0-9cc4-80119e27b59c,play-fork-run,Play Fork Run,1,Vector()))
Sending msg to client play-fork-run-3c192617-1b1f-49f0-9cc4-80119e27b59c: ExecutionStarting(13)
Sending msg to client play-fork-run-3c192617-1b1f-49f0-9cc4-80119e27b59c: DetachedLogEvent(LogMessage(debug,> root/playForkNotifyStart http://localhost:9000))
Sending msg to client play-fork-run-3c192617-1b1f-49f0-9cc4-80119e27b59c: DetachedLogEvent(LogMessage(debug,Evaluating tasks: *:playForkNotifyStart))
Sending msg to client play-fork-run-3c192617-1b1f-49f0-9cc4-80119e27b59c: DetachedLogEvent(LogMessage(debug,Running task... Cancel: sbt.server.ServerTaskCancellation@57529600, check cycles: false))
Sending msg to client play-fork-run-3c192617-1b1f-49f0-9cc4-80119e27b59c: DetachedLogEvent(LogMessage(debug,cancel strategy start enabled=true lastCommand=Some(LastCommand(CommandExecutionWork(ExecutionId(13),root/playForkNotifyStart http://localhost:9000,Set(LiveClient(play-fork-run 3c192617-1b1f-49f0-9cc4-80119e27b59c)),sbt.server.WorkCancellationStatus$$anon$1@789ca5fe)))))
Sending msg to client play-fork-run-3c192617-1b1f-49f0-9cc4-80119e27b59c: TaskStarted(13,512,Some(AttributeKey[sbt.SendEventService]("sendEventService") in Scope(Global)))
Sending msg to client play-fork-run-3c192617-1b1f-49f0-9cc4-80119e27b59c: TaskFinished(13,512,Some(AttributeKey[sbt.SendEventService]("sendEventService") in Scope(Global)),true,None)
Sending msg to client play-fork-run-3c192617-1b1f-49f0-9cc4-80119e27b59c: TaskStarted(13,511,Some(AttributeKey[scala.Function1[java.lang.String,void]]("playForkStarted") in Scope(Build: file:/C:/Users/Smooth/Trivial4b/web/, , Project: ProjectReference(file:/C:/Users/Smooth/Trivial4b/web/,root))))
Sending msg to client play-fork-run-3c192617-1b1f-49f0-9cc4-80119e27b59c: TaskFinished(13,511,Some(AttributeKey[scala.Function1[java.lang.String,void]]("playForkStarted") in Scope(Build: file:/C:/Users/Smooth/Trivial4b/web/, , Project: ProjectReference(file:/C:/Users/Smooth/Trivial4b/web/,root))),true,None)
Sending msg to client play-fork-run-3c192617-1b1f-49f0-9cc4-80119e27b59c: TaskStarted(13,510,Some(AttributeKey[void]("playForkNotifyStart") in Scope(Build: file:/C:/Users/Smooth/Trivial4b/web/, , Project: ProjectReference(file:/C:/Users/Smooth/Trivial4b/web/,root))))
Sending msg to client play-fork-run-3c192617-1b1f-49f0-9cc4-80119e27b59c: TaskEvent(510,LazyValue(PlayServerStarted(http://localhost:9000),play.forkrun.protocol.Serializers$PlayForkrunProtocolPlayServerStartedPickler1$2$@39aa3bd3))
Sending msg to client play-fork-run-3c192617-1b1f-49f0-9cc4-80119e27b59c: TaskFinished(13,510,Some(AttributeKey[void]("playForkNotifyStart") in Scope(Build: file:/C:/Users/Smooth/Trivial4b/web/, , Project: ProjectReference(file:/C:/Users/Smooth/Trivial4b/web/,root))),true,None)
Sending msg to client play-fork-run-3c192617-1b1f-49f0-9cc4-80119e27b59c: TaskStarted(13,509,None)
Sending msg to client play-fork-run-3c192617-1b1f-49f0-9cc4-80119e27b59c: TaskFinished(13,509,None,true,None)
Sending msg to client play-fork-run-3c192617-1b1f-49f0-9cc4-80119e27b59c: TaskStarted(13,508,None)
Sending msg to client play-fork-run-3c192617-1b1f-49f0-9cc4-80119e27b59c: TaskFinished(13,508,None,true,None)
Sending msg to client play-fork-run-3c192617-1b1f-49f0-9cc4-80119e27b59c: DetachedLogEvent(LogMessage(debug,cancel strategy finish enabled=false lastCommand=Some(LastCommand(CommandExecutionWork(ExecutionId(13),root/playForkNotifyStart http://localhost:9000,Set(LiveClient(play-fork-run 3c192617-1b1f-49f0-9cc4-80119e27b59c)),sbt.server.WorkCancellationStatus$$anon$1@789ca5fe)))))
Sending msg to client play-fork-run-3c192617-1b1f-49f0-9cc4-80119e27b59c: DetachedLogEvent(LogSuccess(Total time: 0 s, completed 02-may-2015 0:46:58))
Sending msg to client play-fork-run-3c192617-1b1f-49f0-9cc4-80119e27b59c: DetachedLogEvent(LogMessage(debug,> server-post-command-cleanup))
Sending msg to client play-fork-run-3c192617-1b1f-49f0-9cc4-80119e27b59c: ExecutionSuccess(13)
Sending msg to client play-fork-run-3c192617-1b1f-49f0-9cc4-80119e27b59c: DetachedLogEvent(LogMessage(debug,> server-handle-next-server-request))
Sending msg to client play-fork-run-3c192617-1b1f-49f0-9cc4-80119e27b59c: ExecutionWaiting(14,jobStop 1,ClientInfo(6f6cc783-58e5-453a-acb6-2168d2f83e85,activator,Activator,1,Vector()))
Sending msg to client play-fork-run-3c192617-1b1f-49f0-9cc4-80119e27b59c: ExecutionStarting(14)
Sending msg to client play-fork-run-3c192617-1b1f-49f0-9cc4-80119e27b59c: DetachedLogEvent(LogMessage(debug,> jobStop 1))
Sending msg to client play-fork-run-3c192617-1b1f-49f0-9cc4-80119e27b59c: DetachedLogEvent(LogMessage(debug,Evaluating tasks: *:jobStop))
Sending msg to client play-fork-run-3c192617-1b1f-49f0-9cc4-80119e27b59c: DetachedLogEvent(LogMessage(debug,Running task... Cancel: sbt.server.ServerTaskCancellation@6ba2a91d, check cycles: false))
Sending msg to client play-fork-run-3c192617-1b1f-49f0-9cc4-80119e27b59c: DetachedLogEvent(LogMessage(debug,cancel strategy start enabled=true lastCommand=Some(LastCommand(CommandExecutionWork(ExecutionId(14),jobStop 1,Set(LiveClient(activator 6f6cc783-58e5-453a-acb6-2168d2f83e85)),sbt.server.WorkCancellationStatus$$anon$1@22c975f3)))))
Sending msg to client play-fork-run-3c192617-1b1f-49f0-9cc4-80119e27b59c: TaskStarted(14,515,Some(AttributeKey[void]("jobStop") in Scope(Global)))
Sending msg to client play-fork-run-3c192617-1b1f-49f0-9cc4-80119e27b59c: TaskFinished(14,515,Some(AttributeKey[void]("jobStop") in Scope(Global)),true,None)
Sending msg to client play-fork-run-3c192617-1b1f-49f0-9cc4-80119e27b59c: BackgroundJobLogEvent(1,LogMessage(info,Stopping Play fork run ...))
Sending msg to client play-fork-run-3c192617-1b1f-49f0-9cc4-80119e27b59c: TaskStarted(14,514,None)
Sending msg to client play-fork-run-3c192617-1b1f-49f0-9cc4-80119e27b59c: TaskFinished(14,514,None,true,None)
Sending msg to client play-fork-run-3c192617-1b1f-49f0-9cc4-80119e27b59c: TaskStarted(14,513,None)
Sending msg to client play-fork-run-3c192617-1b1f-49f0-9cc4-80119e27b59c: TaskFinished(14,513,None,true,None)
Sending msg to client play-fork-run-3c192617-1b1f-49f0-9cc4-80119e27b59c: DetachedLogEvent(LogMessage(debug,cancel strategy finish enabled=false lastCommand=Some(LastCommand(CommandExecutionWork(ExecutionId(14),jobStop 1,Set(LiveClient(activator 6f6cc783-58e5-453a-acb6-2168d2f83e85)),sbt.server.WorkCancellationStatus$$anon$1@22c975f3)))))
Sending msg to client play-fork-run-3c192617-1b1f-49f0-9cc4-80119e27b59c: DetachedLogEvent(LogSuccess(Total time: 0 s, completed 02-may-2015 0:47:00))
Sending msg to client play-fork-run-3c192617-1b1f-49f0-9cc4-80119e27b59c: DetachedLogEvent(LogMessage(debug,> server-post-command-cleanup))
Sending msg to client play-fork-run-3c192617-1b1f-49f0-9cc4-80119e27b59c: ExecutionSuccess(14)
Sending msg to client play-fork-run-3c192617-1b1f-49f0-9cc4-80119e27b59c: DetachedLogEvent(LogMessage(debug,> server-handle-next-server-request))
Got request: UnlistenToEvents()
Reading next message from client.
Sending msg to client play-fork-run-3c192617-1b1f-49f0-9cc4-80119e27b59c: (9,ReceivedResponse())
Got request: UnlistenToValue(AttributeKey[play.forkrun.protocol.ForkConfig]("playForkConfig") in Scope(Build: file:/C:/Users/Smooth/Trivial4b/web/, , Project: ProjectReference(file:/C:/Users/Smooth/Trivial4b/web/,root)))
Reading next message from client.
Client play-fork-run-3c192617-1b1f-49f0-9cc4-80119e27b59c EOF, shutting down.
Stopping client.
Dropping message (10,ReceivedResponse()) to dead client play-fork-run-3c192617-1b1f-49f0-9cc4-80119e27b59c
Dropping message (0,ReceivedResponse()) to dead client play-fork-run-3c192617-1b1f-49f0-9cc4-80119e27b59c
Client play-fork-run-3c192617-1b1f-49f0-9cc4-80119e27b59c thread exiting.
