New log file opened at Tue Apr 21 12:44:09 CEST 2015 by 33764@Sergio-PC
Sending msg to client play-fork-run-98ffb16e-b424-4a9b-9283-e4488f2bc570: DetachedLogEvent(LogMessage(debug,sbt server socket logs are in: C:\Users\Sergio\workspace\Trivial4b\web\.sbtserver\connections\master.log))
Sending msg to client play-fork-run-98ffb16e-b424-4a9b-9283-e4488f2bc570: DetachedLogEvent(LogMessage(debug,sbt general server logs are in: C:\Users\Sergio\workspace\Trivial4b\web\.sbtserver\master.log))
Sending msg to client play-fork-run-98ffb16e-b424-4a9b-9283-e4488f2bc570: DetachedLogEvent(LogMessage(debug,sbt client logs are in: C:\Users\Sergio\workspace\Trivial4b\web\.sbtserver\connections\play-fork-run-98ffb16e-b424-4a9b-9283-e4488f2bc570.log))
Reading next message from client.
Got request: DaemonRequest(true)
Reading next message from client.
Sending msg to client play-fork-run-98ffb16e-b424-4a9b-9283-e4488f2bc570: (3,ReceivedResponse())
Got request: ListenToEvents()
Reading next message from client.
Sending msg to client play-fork-run-98ffb16e-b424-4a9b-9283-e4488f2bc570: BackgroundJobStarted(139,BackgroundJobInfo(12,backgroundRun,AttributeKey[sbt.BackgroundJobHandle]("backgroundRun") in Scope(Build: file:/C:/Users/Sergio/workspace/Trivial4b/web/, , Project: ProjectReference(file:/C:/Users/Sergio/workspace/Trivial4b/web/,root), Config: echo)))
Sending msg to client play-fork-run-98ffb16e-b424-4a9b-9283-e4488f2bc570: BackgroundJobStarted(133,BackgroundJobInfo(11,backgroundRun,AttributeKey[sbt.BackgroundJobHandle]("backgroundRun") in Scope(Build: file:/C:/Users/Sergio/workspace/Trivial4b/web/, , Project: ProjectReference(file:/C:/Users/Sergio/workspace/Trivial4b/web/,root), Config: echo)))
Sending msg to client play-fork-run-98ffb16e-b424-4a9b-9283-e4488f2bc570: (4,ReceivedResponse())
Got request: KeyLookupRequest(root/echo:playForkConfig)
Reading next message from client.
Sending msg to client play-fork-run-98ffb16e-b424-4a9b-9283-e4488f2bc570: (5,KeyLookupResponse(root/echo:playForkConfig,Vector(AttributeKey[play.forkrun.protocol.ForkConfig]("playForkConfig") in Scope(Build: file:/C:/Users/Sergio/workspace/Trivial4b/web/, , Project: ProjectReference(file:/C:/Users/Sergio/workspace/Trivial4b/web/,root), Config: echo))))
Got request: ListenToValue(AttributeKey[play.forkrun.protocol.ForkConfig]("playForkConfig") in Scope(Build: file:/C:/Users/Sergio/workspace/Trivial4b/web/, , Project: ProjectReference(file:/C:/Users/Sergio/workspace/Trivial4b/web/,root), Config: echo))
Reading next message from client.
Sending msg to client play-fork-run-98ffb16e-b424-4a9b-9283-e4488f2bc570: (6,ReceivedResponse())
Got request: KeyExecutionRequest(AttributeKey[play.forkrun.protocol.ForkConfig]("playForkConfig") in Scope(Build: file:/C:/Users/Sergio/workspace/Trivial4b/web/, , Project: ProjectReference(file:/C:/Users/Sergio/workspace/Trivial4b/web/,root), Config: echo))
Reading next message from client.
Sending msg to client play-fork-run-98ffb16e-b424-4a9b-9283-e4488f2bc570: (7,ExecutionRequestReceived(140))
Sending msg to client play-fork-run-98ffb16e-b424-4a9b-9283-e4488f2bc570: ExecutionWaiting(140,{file:/C:/Users/Sergio/workspace/Trivial4b/web/}root/echo:playForkConfig,ClientInfo(98ffb16e-b424-4a9b-9283-e4488f2bc570,play-fork-run,Play Fork Run,1,Vector()))
Sending msg to client play-fork-run-98ffb16e-b424-4a9b-9283-e4488f2bc570: ExecutionStarting(140)
Sending msg to client play-fork-run-98ffb16e-b424-4a9b-9283-e4488f2bc570: DetachedLogEvent(LogMessage(debug,> {file:/C:/Users/Sergio/workspace/Trivial4b/web/}root/echo:playForkConfig))
Sending msg to client play-fork-run-98ffb16e-b424-4a9b-9283-e4488f2bc570: DetachedLogEvent(LogMessage(debug,Evaluating tasks: echo:playForkConfig))
Sending msg to client play-fork-run-98ffb16e-b424-4a9b-9283-e4488f2bc570: DetachedLogEvent(LogMessage(debug,Running task... Cancel: sbt.server.ServerTaskCancellation@ffa0a3e, check cycles: false))
Sending msg to client play-fork-run-98ffb16e-b424-4a9b-9283-e4488f2bc570: DetachedLogEvent(LogMessage(debug,cancel strategy start enabled=true lastCommand=Some(LastCommand(CommandExecutionWork(ExecutionId(140),{file:/C:/Users/Sergio/workspace/Trivial4b/web/}root/echo:playForkConfig,Set(LiveClient(play-fork-run 98ffb16e-b424-4a9b-9283-e4488f2bc570)),sbt.server.WorkCancellationStatus$$anon$1@9ed9a1c)))))
Sending msg to client play-fork-run-98ffb16e-b424-4a9b-9283-e4488f2bc570: TaskStarted(140,17112,Some(AttributeKey[scala.Tuple2[java.lang.String,java.io.File]]("playPrefixAndAssets") in Scope(Build: file:/C:/Users/Sergio/workspace/Trivial4b/web/, , Project: ProjectReference(file:/C:/Users/Sergio/workspace/Trivial4b/web/,root))))
Sending msg to client play-fork-run-98ffb16e-b424-4a9b-9283-e4488f2bc570: TaskStarted(140,17117,None)
Sending msg to client play-fork-run-98ffb16e-b424-4a9b-9283-e4488f2bc570: TaskStarted(140,17129,Some(AttributeKey[scala.Option[java.lang.String]]("echoTraceAkkaVersion") in Scope(Build: file:/C:/Users/Sergio/workspace/Trivial4b/web/, , Project: ProjectReference(file:/C:/Users/Sergio/workspace/Trivial4b/web/,root), Config: echo)))
Sending msg to client play-fork-run-98ffb16e-b424-4a9b-9283-e4488f2bc570: TaskStarted(140,17131,Some(AttributeKey[scala.Option[java.lang.String]]("echoTracePlayVersion") in Scope(Build: file:/C:/Users/Sergio/workspace/Trivial4b/web/, , Project: ProjectReference(file:/C:/Users/Sergio/workspace/Trivial4b/web/,root), Config: echo)))
Sending msg to client play-fork-run-98ffb16e-b424-4a9b-9283-e4488f2bc570: TaskStarted(140,17137,None)
Sending msg to client play-fork-run-98ffb16e-b424-4a9b-9283-e4488f2bc570: TaskStarted(140,17145,Some(AttributeKey[scala.collection.Seq[sbt.Resolver]]("externalResolvers") in Scope(Build: file:/C:/Users/Sergio/workspace/Trivial4b/web/, , Project: ProjectReference(file:/C:/Users/Sergio/workspace/Trivial4b/web/,root))))
Sending msg to client play-fork-run-98ffb16e-b424-4a9b-9283-e4488f2bc570: TaskStarted(140,17146,Some(AttributeKey[scala.Option[scala.collection.Seq[sbt.Resolver]]]("bootResolvers") in Scope(Build: file:/C:/Users/Sergio/workspace/Trivial4b/web/, , Project: ProjectReference(file:/C:/Users/Sergio/workspace/Trivial4b/web/,root))))
Sending msg to client play-fork-run-98ffb16e-b424-4a9b-9283-e4488f2bc570: TaskStarted(140,17148,Some(AttributeKey[scala.collection.Seq[sbt.Credentials]]("credentials") in Scope(Global)))
Sending msg to client play-fork-run-98ffb16e-b424-4a9b-9283-e4488f2bc570: TaskStarted(140,17149,Some(AttributeKey[java.lang.String]("updateCacheName") in Scope(Build: file:/C:/Users/Sergio/workspace/Trivial4b/web/, , Project: ProjectReference(file:/C:/Users/Sergio/workspace/Trivial4b/web/,root))))
Sending msg to client play-fork-run-98ffb16e-b424-4a9b-9283-e4488f2bc570: TaskStarted(140,17152,None)
Sending msg to client play-fork-run-98ffb16e-b424-4a9b-9283-e4488f2bc570: TaskStarted(140,17158,None)
Sending msg to client play-fork-run-98ffb16e-b424-4a9b-9283-e4488f2bc570: TaskStarted(140,17159,None)
Sending msg to client play-fork-run-98ffb16e-b424-4a9b-9283-e4488f2bc570: TaskStarted(140,17160,Some(AttributeKey[boolean]("skip") in Scope(Global)))
Sending msg to client play-fork-run-98ffb16e-b424-4a9b-9283-e4488f2bc570: TaskStarted(140,17161,None)
Sending msg to client play-fork-run-98ffb16e-b424-4a9b-9283-e4488f2bc570: TaskStarted(140,17165,None)
Sending msg to client play-fork-run-98ffb16e-b424-4a9b-9283-e4488f2bc570: TaskStarted(140,17169,Some(AttributeKey[scala.collection.Seq[java.lang.String]]("javaOptions") in Scope(Global)))
Sending msg to client play-fork-run-98ffb16e-b424-4a9b-9283-e4488f2bc570: TaskStarted(140,17177,Some(AttributeKey[int]("echoTracePort") in Scope(Build: file:/C:/Users/Sergio/workspace/Trivial4b/web/, , Project: ProjectReference(file:/C:/Users/Sergio/workspace/Trivial4b/web/,root), Config: echo)))
Sending msg to client play-fork-run-98ffb16e-b424-4a9b-9283-e4488f2bc570: TaskStarted(140,17179,Some(AttributeKey[scala.collection.Seq[java.lang.String]]("echoIncludeConfig") in Scope(Build: file:/C:/Users/Sergio/workspace/Trivial4b/web/, , Project: ProjectReference(file:/C:/Users/Sergio/workspace/Trivial4b/web/,root), Config: echo)))
Sending msg to client play-fork-run-98ffb16e-b424-4a9b-9283-e4488f2bc570: TaskFinished(140,17112,Some(AttributeKey[scala.Tuple2[java.lang.String,java.io.File]]("playPrefixAndAssets") in Scope(Build: file:/C:/Users/Sergio/workspace/Trivial4b/web/, , Project: ProjectReference(file:/C:/Users/Sergio/workspace/Trivial4b/web/,root))),true,None)
Sending msg to client play-fork-run-98ffb16e-b424-4a9b-9283-e4488f2bc570: TaskStarted(140,17114,None)
Sending msg to client play-fork-run-98ffb16e-b424-4a9b-9283-e4488f2bc570: TaskFinished(140,17131,Some(AttributeKey[scala.Option[java.lang.String]]("echoTracePlayVersion") in Scope(Build: file:/C:/Users/Sergio/workspace/Trivial4b/web/, , Project: ProjectReference(file:/C:/Users/Sergio/workspace/Trivial4b/web/,root), Config: echo)),true,None)
Sending msg to client play-fork-run-98ffb16e-b424-4a9b-9283-e4488f2bc570: TaskStarted(140,17130,None)
Sending msg to client play-fork-run-98ffb16e-b424-4a9b-9283-e4488f2bc570: TaskFinished(140,17148,Some(AttributeKey[scala.collection.Seq[sbt.Credentials]]("credentials") in Scope(Global)),true,None)
Sending msg to client play-fork-run-98ffb16e-b424-4a9b-9283-e4488f2bc570: TaskFinished(140,17145,Some(AttributeKey[scala.collection.Seq[sbt.Resolver]]("externalResolvers") in Scope(Build: file:/C:/Users/Sergio/workspace/Trivial4b/web/, , Project: ProjectReference(file:/C:/Users/Sergio/workspace/Trivial4b/web/,root))),true,None)
Sending msg to client play-fork-run-98ffb16e-b424-4a9b-9283-e4488f2bc570: TaskFinished(140,17129,Some(AttributeKey[scala.Option[java.lang.String]]("echoTraceAkkaVersion") in Scope(Build: file:/C:/Users/Sergio/workspace/Trivial4b/web/, , Project: ProjectReference(file:/C:/Users/Sergio/workspace/Trivial4b/web/,root), Config: echo)),true,None)
Sending msg to client play-fork-run-98ffb16e-b424-4a9b-9283-e4488f2bc570: TaskStarted(140,17128,Some(AttributeKey[scala.collection.Seq[sbt.ModuleID]]("echoTraceDependencies") in Scope(Build: file:/C:/Users/Sergio/workspace/Trivial4b/web/, , Project: ProjectReference(file:/C:/Users/Sergio/workspace/Trivial4b/web/,root), Config: echo)))
Sending msg to client play-fork-run-98ffb16e-b424-4a9b-9283-e4488f2bc570: TaskFinished(140,17117,None,true,None)
Sending msg to client play-fork-run-98ffb16e-b424-4a9b-9283-e4488f2bc570: TaskStarted(140,17116,None)
Sending msg to client play-fork-run-98ffb16e-b424-4a9b-9283-e4488f2bc570: TaskStarted(140,17120,None)
Sending msg to client play-fork-run-98ffb16e-b424-4a9b-9283-e4488f2bc570: TaskStarted(140,17140,None)
Sending msg to client play-fork-run-98ffb16e-b424-4a9b-9283-e4488f2bc570: TaskStarted(140,17144,None)
Sending msg to client play-fork-run-98ffb16e-b424-4a9b-9283-e4488f2bc570: TaskStarted(140,17147,None)
Sending msg to client play-fork-run-98ffb16e-b424-4a9b-9283-e4488f2bc570: TaskStarted(140,17155,None)
Sending msg to client play-fork-run-98ffb16e-b424-4a9b-9283-e4488f2bc570: TaskStarted(140,17156,None)
Sending msg to client play-fork-run-98ffb16e-b424-4a9b-9283-e4488f2bc570: TaskStarted(140,17167,None)
Sending msg to client play-fork-run-98ffb16e-b424-4a9b-9283-e4488f2bc570: TaskStarted(140,17181,None)
Sending msg to client play-fork-run-98ffb16e-b424-4a9b-9283-e4488f2bc570: TaskFinished(140,17146,Some(AttributeKey[scala.Option[scala.collection.Seq[sbt.Resolver]]]("bootResolvers") in Scope(Build: file:/C:/Users/Sergio/workspace/Trivial4b/web/, , Project: ProjectReference(file:/C:/Users/Sergio/workspace/Trivial4b/web/,root))),true,None)
Sending msg to client play-fork-run-98ffb16e-b424-4a9b-9283-e4488f2bc570: TaskFinished(140,17137,None,true,None)
Sending msg to client play-fork-run-98ffb16e-b424-4a9b-9283-e4488f2bc570: TaskStarted(140,17136,Some(AttributeKey[sbt.BuildStructure]("buildStructure") in Scope(Global)))
Sending msg to client play-fork-run-98ffb16e-b424-4a9b-9283-e4488f2bc570: TaskStarted(140,17150,Some(AttributeKey[java.io.File]("dependencyCacheDirectory") in Scope(Build: file:/C:/Users/Sergio/workspace/Trivial4b/web/, , Project: ProjectReference(file:/C:/Users/Sergio/workspace/Trivial4b/web/,root))))
Sending msg to client play-fork-run-98ffb16e-b424-4a9b-9283-e4488f2bc570: TaskStarted(140,17170,Some(AttributeKey[scala.collection.Seq[java.lang.String]]("playMonitoredFiles") in Scope(Build: file:/C:/Users/Sergio/workspace/Trivial4b/web/, , Project: ProjectReference(file:/C:/Users/Sergio/workspace/Trivial4b/web/,root))))
Sending msg to client play-fork-run-98ffb16e-b424-4a9b-9283-e4488f2bc570: TaskFinished(140,17152,None,true,None)
Sending msg to client play-fork-run-98ffb16e-b424-4a9b-9283-e4488f2bc570: TaskFinished(140,17149,Some(AttributeKey[java.lang.String]("updateCacheName") in Scope(Build: file:/C:/Users/Sergio/workspace/Trivial4b/web/, , Project: ProjectReference(file:/C:/Users/Sergio/workspace/Trivial4b/web/,root))),true,None)
Sending msg to client play-fork-run-98ffb16e-b424-4a9b-9283-e4488f2bc570: TaskFinished(140,17158,None,true,None)
Sending msg to client play-fork-run-98ffb16e-b424-4a9b-9283-e4488f2bc570: TaskFinished(140,17159,None,true,None)
Sending msg to client play-fork-run-98ffb16e-b424-4a9b-9283-e4488f2bc570: TaskStarted(140,17157,Some(AttributeKey[scala.collection.Seq[sbt.UpdateReport]]("transitiveUpdate") in Scope(Build: file:/C:/Users/Sergio/workspace/Trivial4b/web/, , Project: ProjectReference(file:/C:/Users/Sergio/workspace/Trivial4b/web/,root))))
Sending msg to client play-fork-run-98ffb16e-b424-4a9b-9283-e4488f2bc570: TaskFinished(140,17160,Some(AttributeKey[boolean]("skip") in Scope(Global)),true,None)
Sending msg to client play-fork-run-98ffb16e-b424-4a9b-9283-e4488f2bc570: TaskFinished(140,17161,None,true,None)
Sending msg to client play-fork-run-98ffb16e-b424-4a9b-9283-e4488f2bc570: TaskFinished(140,17165,None,true,None)
Sending msg to client play-fork-run-98ffb16e-b424-4a9b-9283-e4488f2bc570: TaskFinished(140,17169,Some(AttributeKey[scala.collection.Seq[java.lang.String]]("javaOptions") in Scope(Global)),true,None)
Sending msg to client play-fork-run-98ffb16e-b424-4a9b-9283-e4488f2bc570: TaskFinished(140,17177,Some(AttributeKey[int]("echoTracePort") in Scope(Build: file:/C:/Users/Sergio/workspace/Trivial4b/web/, , Project: ProjectReference(file:/C:/Users/Sergio/workspace/Trivial4b/web/,root), Config: echo)),true,None)
Sending msg to client play-fork-run-98ffb16e-b424-4a9b-9283-e4488f2bc570: TaskStarted(140,17176,Some(AttributeKey[java.lang.String]("echoTraceConfigString") in Scope(Build: file:/C:/Users/Sergio/workspace/Trivial4b/web/, , Project: ProjectReference(file:/C:/Users/Sergio/workspace/Trivial4b/web/,root), Config: echo)))
Sending msg to client play-fork-run-98ffb16e-b424-4a9b-9283-e4488f2bc570: TaskFinished(140,17179,Some(AttributeKey[scala.collection.Seq[java.lang.String]]("echoIncludeConfig") in Scope(Build: file:/C:/Users/Sergio/workspace/Trivial4b/web/, , Project: ProjectReference(file:/C:/Users/Sergio/workspace/Trivial4b/web/,root), Config: echo)),true,None)
Sending msg to client play-fork-run-98ffb16e-b424-4a9b-9283-e4488f2bc570: TaskStarted(140,17178,Some(AttributeKey[java.lang.String]("echoTraceConfigIncludes") in Scope(Build: file:/C:/Users/Sergio/workspace/Trivial4b/web/, , Project: ProjectReference(file:/C:/Users/Sergio/workspace/Trivial4b/web/,root), Config: echo)))
Sending msg to client play-fork-run-98ffb16e-b424-4a9b-9283-e4488f2bc570: TaskFinished(140,17114,None,true,None)
Sending msg to client play-fork-run-98ffb16e-b424-4a9b-9283-e4488f2bc570: TaskStarted(140,17113,None)
Sending msg to client play-fork-run-98ffb16e-b424-4a9b-9283-e4488f2bc570: TaskFinished(140,17130,None,true,None)
Sending msg to client play-fork-run-98ffb16e-b424-4a9b-9283-e4488f2bc570: TaskFinished(140,17116,None,true,None)
Sending msg to client play-fork-run-98ffb16e-b424-4a9b-9283-e4488f2bc570: TaskFinished(140,17120,None,true,None)
Sending msg to client play-fork-run-98ffb16e-b424-4a9b-9283-e4488f2bc570: TaskFinished(140,17144,None,true,None)
Sending msg to client play-fork-run-98ffb16e-b424-4a9b-9283-e4488f2bc570: TaskFinished(140,17128,Some(AttributeKey[scala.collection.Seq[sbt.ModuleID]]("echoTraceDependencies") in Scope(Build: file:/C:/Users/Sergio/workspace/Trivial4b/web/, , Project: ProjectReference(file:/C:/Users/Sergio/workspace/Trivial4b/web/,root), Config: echo)),true,None)
Sending msg to client play-fork-run-98ffb16e-b424-4a9b-9283-e4488f2bc570: TaskStarted(140,17127,Some(AttributeKey[scala.collection.Seq[sbt.ModuleID]]("echoTraceDependencies") in Scope(Build: file:/C:/Users/Sergio/workspace/Trivial4b/web/, , Project: ProjectReference(file:/C:/Users/Sergio/workspace/Trivial4b/web/,root), Config: echo)))
Sending msg to client play-fork-run-98ffb16e-b424-4a9b-9283-e4488f2bc570: TaskFinished(140,17147,None,true,None)
Sending msg to client play-fork-run-98ffb16e-b424-4a9b-9283-e4488f2bc570: TaskFinished(140,17140,None,true,None)
Sending msg to client play-fork-run-98ffb16e-b424-4a9b-9283-e4488f2bc570: TaskFinished(140,17155,None,true,None)
Sending msg to client play-fork-run-98ffb16e-b424-4a9b-9283-e4488f2bc570: TaskStarted(140,17154,Some(AttributeKey[scala.collection.immutable.Map[sbt.ModuleID,sbt.SourcePosition]]("dependencyPositions") in Scope(Build: file:/C:/Users/Sergio/workspace/Trivial4b/web/, , Project: ProjectReference(file:/C:/Users/Sergio/workspace/Trivial4b/web/,root))))
Sending msg to client play-fork-run-98ffb16e-b424-4a9b-9283-e4488f2bc570: TaskFinished(140,17156,None,true,None)
Sending msg to client play-fork-run-98ffb16e-b424-4a9b-9283-e4488f2bc570: TaskFinished(140,17167,None,true,None)
Sending msg to client play-fork-run-98ffb16e-b424-4a9b-9283-e4488f2bc570: TaskFinished(140,17181,None,true,None)
Sending msg to client play-fork-run-98ffb16e-b424-4a9b-9283-e4488f2bc570: TaskFinished(140,17136,Some(AttributeKey[sbt.BuildStructure]("buildStructure") in Scope(Global)),true,None)
Sending msg to client play-fork-run-98ffb16e-b424-4a9b-9283-e4488f2bc570: TaskStarted(140,17135,Some(AttributeKey[sbt.Settings[sbt.Scope]]("settingsData") in Scope(Global)))
Sending msg to client play-fork-run-98ffb16e-b424-4a9b-9283-e4488f2bc570: TaskFinished(140,17150,Some(AttributeKey[java.io.File]("dependencyCacheDirectory") in Scope(Build: file:/C:/Users/Sergio/workspace/Trivial4b/web/, , Project: ProjectReference(file:/C:/Users/Sergio/workspace/Trivial4b/web/,root))),true,None)
Sending msg to client play-fork-run-98ffb16e-b424-4a9b-9283-e4488f2bc570: TaskFinished(140,17157,Some(AttributeKey[scala.collection.Seq[sbt.UpdateReport]]("transitiveUpdate") in Scope(Build: file:/C:/Users/Sergio/workspace/Trivial4b/web/, , Project: ProjectReference(file:/C:/Users/Sergio/workspace/Trivial4b/web/,root))),true,None)
Sending msg to client play-fork-run-98ffb16e-b424-4a9b-9283-e4488f2bc570: TaskFinished(140,17170,Some(AttributeKey[scala.collection.Seq[java.lang.String]]("playMonitoredFiles") in Scope(Build: file:/C:/Users/Sergio/workspace/Trivial4b/web/, , Project: ProjectReference(file:/C:/Users/Sergio/workspace/Trivial4b/web/,root))),true,None)
Sending msg to client play-fork-run-98ffb16e-b424-4a9b-9283-e4488f2bc570: TaskFinished(140,17176,Some(AttributeKey[java.lang.String]("echoTraceConfigString") in Scope(Build: file:/C:/Users/Sergio/workspace/Trivial4b/web/, , Project: ProjectReference(file:/C:/Users/Sergio/workspace/Trivial4b/web/,root), Config: echo)),true,None)
Sending msg to client play-fork-run-98ffb16e-b424-4a9b-9283-e4488f2bc570: TaskFinished(140,17178,Some(AttributeKey[java.lang.String]("echoTraceConfigIncludes") in Scope(Build: file:/C:/Users/Sergio/workspace/Trivial4b/web/, , Project: ProjectReference(file:/C:/Users/Sergio/workspace/Trivial4b/web/,root), Config: echo)),true,None)
Sending msg to client play-fork-run-98ffb16e-b424-4a9b-9283-e4488f2bc570: TaskStarted(140,17175,Some(AttributeKey[java.io.File]("echoTraceConfig") in Scope(Build: file:/C:/Users/Sergio/workspace/Trivial4b/web/, , Project: ProjectReference(file:/C:/Users/Sergio/workspace/Trivial4b/web/,root), Config: echo)))
Sending msg to client play-fork-run-98ffb16e-b424-4a9b-9283-e4488f2bc570: TaskFinished(140,17113,None,true,None)
Sending msg to client play-fork-run-98ffb16e-b424-4a9b-9283-e4488f2bc570: TaskStarted(140,17111,Some(AttributeKey[scala.collection.Seq[scala.Tuple2[java.lang.String,java.io.File]]]("playAllAssets") in Scope(Build: file:/C:/Users/Sergio/workspace/Trivial4b/web/, , Project: ProjectReference(file:/C:/Users/Sergio/workspace/Trivial4b/web/,root))))
Sending msg to client play-fork-run-98ffb16e-b424-4a9b-9283-e4488f2bc570: TaskFinished(140,17127,Some(AttributeKey[scala.collection.Seq[sbt.ModuleID]]("echoTraceDependencies") in Scope(Build: file:/C:/Users/Sergio/workspace/Trivial4b/web/, , Project: ProjectReference(file:/C:/Users/Sergio/workspace/Trivial4b/web/,root), Config: echo)),true,None)
Sending msg to client play-fork-run-98ffb16e-b424-4a9b-9283-e4488f2bc570: TaskFinished(140,17135,Some(AttributeKey[sbt.Settings[sbt.Scope]]("settingsData") in Scope(Global)),true,None)
Sending msg to client play-fork-run-98ffb16e-b424-4a9b-9283-e4488f2bc570: TaskStarted(140,17134,Some(AttributeKey[scala.collection.Seq[sbt.ModuleID]]("projectDependencies") in Scope(Build: file:/C:/Users/Sergio/workspace/Trivial4b/web/, , Project: ProjectReference(file:/C:/Users/Sergio/workspace/Trivial4b/web/,root))))
Sending msg to client play-fork-run-98ffb16e-b424-4a9b-9283-e4488f2bc570: TaskStarted(140,17143,Some(AttributeKey[scala.collection.immutable.Map[org.apache.ivy.core.module.id.ModuleRevisionId,org.apache.ivy.core.module.descriptor.ModuleDescriptor]]("projectDescriptors") in Scope(Build: file:/C:/Users/Sergio/workspace/Trivial4b/web/, , Project: ProjectReference(file:/C:/Users/Sergio/workspace/Trivial4b/web/,root))))
Sending msg to client play-fork-run-98ffb16e-b424-4a9b-9283-e4488f2bc570: TaskStarted(140,17151,None)
Sending msg to client play-fork-run-98ffb16e-b424-4a9b-9283-e4488f2bc570: TaskStarted(140,17168,None)
Sending msg to client play-fork-run-98ffb16e-b424-4a9b-9283-e4488f2bc570: TaskStarted(140,17183,None)
Sending msg to client play-fork-run-98ffb16e-b424-4a9b-9283-e4488f2bc570: TaskFinished(140,17183,None,true,None)
Sending msg to client play-fork-run-98ffb16e-b424-4a9b-9283-e4488f2bc570: TaskFinished(140,17151,None,true,None)
Sending msg to client play-fork-run-98ffb16e-b424-4a9b-9283-e4488f2bc570: TaskStarted(140,17187,None)
Sending msg to client play-fork-run-98ffb16e-b424-4a9b-9283-e4488f2bc570: TaskStarted(140,17188,None)
Sending msg to client play-fork-run-98ffb16e-b424-4a9b-9283-e4488f2bc570: TaskStarted(140,17191,None)
Sending msg to client play-fork-run-98ffb16e-b424-4a9b-9283-e4488f2bc570: TaskStarted(140,17193,None)
Sending msg to client play-fork-run-98ffb16e-b424-4a9b-9283-e4488f2bc570: TaskStarted(140,17194,None)
Sending msg to client play-fork-run-98ffb16e-b424-4a9b-9283-e4488f2bc570: TaskFinished(140,17154,Some(AttributeKey[scala.collection.immutable.Map[sbt.ModuleID,sbt.SourcePosition]]("dependencyPositions") in Scope(Build: file:/C:/Users/Sergio/workspace/Trivial4b/web/, , Project: ProjectReference(file:/C:/Users/Sergio/workspace/Trivial4b/web/,root))),true,None)
Sending msg to client play-fork-run-98ffb16e-b424-4a9b-9283-e4488f2bc570: TaskStarted(140,17153,Some(AttributeKey[sbt.UnresolvedWarningConfiguration]("unresolvedWarningConfiguration") in Scope(Build: file:/C:/Users/Sergio/workspace/Trivial4b/web/, , Project: ProjectReference(file:/C:/Users/Sergio/workspace/Trivial4b/web/,root), Task: AttributeKey[sbt.UpdateReport]("update"))))
Sending msg to client play-fork-run-98ffb16e-b424-4a9b-9283-e4488f2bc570: TaskFinished(140,17187,None,true,None)
Sending msg to client play-fork-run-98ffb16e-b424-4a9b-9283-e4488f2bc570: TaskFinished(140,17188,None,true,None)
Sending msg to client play-fork-run-98ffb16e-b424-4a9b-9283-e4488f2bc570: TaskStarted(140,17186,Some(AttributeKey[scala.collection.Seq[sbt.Attributed[java.io.File]]]("unmanagedJars") in Scope(Build: file:/C:/Users/Sergio/workspace/Trivial4b/web/, , Project: ProjectReference(file:/C:/Users/Sergio/workspace/Trivial4b/web/,root), Config: runtime)))
Sending msg to client play-fork-run-98ffb16e-b424-4a9b-9283-e4488f2bc570: TaskFinished(140,17191,None,true,None)
Sending msg to client play-fork-run-98ffb16e-b424-4a9b-9283-e4488f2bc570: TaskStarted(140,17190,None)
Sending msg to client play-fork-run-98ffb16e-b424-4a9b-9283-e4488f2bc570: TaskFinished(140,17193,None,true,None)
Sending msg to client play-fork-run-98ffb16e-b424-4a9b-9283-e4488f2bc570: TaskFinished(140,17153,Some(AttributeKey[sbt.UnresolvedWarningConfiguration]("unresolvedWarningConfiguration") in Scope(Build: file:/C:/Users/Sergio/workspace/Trivial4b/web/, , Project: ProjectReference(file:/C:/Users/Sergio/workspace/Trivial4b/web/,root), Task: AttributeKey[sbt.UpdateReport]("update"))),true,None)
Sending msg to client play-fork-run-98ffb16e-b424-4a9b-9283-e4488f2bc570: TaskFinished(140,17111,Some(AttributeKey[scala.collection.Seq[scala.Tuple2[java.lang.String,java.io.File]]]("playAllAssets") in Scope(Build: file:/C:/Users/Sergio/workspace/Trivial4b/web/, , Project: ProjectReference(file:/C:/Users/Sergio/workspace/Trivial4b/web/,root))),true,None)
Sending msg to client play-fork-run-98ffb16e-b424-4a9b-9283-e4488f2bc570: TaskFinished(140,17134,Some(AttributeKey[scala.collection.Seq[sbt.ModuleID]]("projectDependencies") in Scope(Build: file:/C:/Users/Sergio/workspace/Trivial4b/web/, , Project: ProjectReference(file:/C:/Users/Sergio/workspace/Trivial4b/web/,root))),true,None)
Sending msg to client play-fork-run-98ffb16e-b424-4a9b-9283-e4488f2bc570: TaskStarted(140,17133,Some(AttributeKey[scala.collection.Seq[sbt.ModuleID]]("allDependencies") in Scope(Build: file:/C:/Users/Sergio/workspace/Trivial4b/web/, , Project: ProjectReference(file:/C:/Users/Sergio/workspace/Trivial4b/web/,root))))
Sending msg to client play-fork-run-98ffb16e-b424-4a9b-9283-e4488f2bc570: TaskStarted(140,17196,None)
Sending msg to client play-fork-run-98ffb16e-b424-4a9b-9283-e4488f2bc570: TaskStarted(140,17197,None)
Sending msg to client play-fork-run-98ffb16e-b424-4a9b-9283-e4488f2bc570: TaskFinished(140,17196,None,true,None)
Sending msg to client play-fork-run-98ffb16e-b424-4a9b-9283-e4488f2bc570: TaskStarted(140,17195,None)
Sending msg to client play-fork-run-98ffb16e-b424-4a9b-9283-e4488f2bc570: TaskFinished(140,17133,Some(AttributeKey[scala.collection.Seq[sbt.ModuleID]]("allDependencies") in Scope(Build: file:/C:/Users/Sergio/workspace/Trivial4b/web/, , Project: ProjectReference(file:/C:/Users/Sergio/workspace/Trivial4b/web/,root))),true,None)
Sending msg to client play-fork-run-98ffb16e-b424-4a9b-9283-e4488f2bc570: TaskStarted(140,17132,Some(AttributeKey[scala.collection.Seq[sbt.ModuleID]]("allDependencies") in Scope(Build: file:/C:/Users/Sergio/workspace/Trivial4b/web/, , Project: ProjectReference(file:/C:/Users/Sergio/workspace/Trivial4b/web/,root))))
Sending msg to client play-fork-run-98ffb16e-b424-4a9b-9283-e4488f2bc570: TaskFinished(140,17186,Some(AttributeKey[scala.collection.Seq[sbt.Attributed[java.io.File]]]("unmanagedJars") in Scope(Build: file:/C:/Users/Sergio/workspace/Trivial4b/web/, , Project: ProjectReference(file:/C:/Users/Sergio/workspace/Trivial4b/web/,root), Config: runtime)),true,None)
Sending msg to client play-fork-run-98ffb16e-b424-4a9b-9283-e4488f2bc570: TaskFinished(140,17197,None,true,None)
Sending msg to client play-fork-run-98ffb16e-b424-4a9b-9283-e4488f2bc570: TaskFinished(140,17190,None,true,None)
Sending msg to client play-fork-run-98ffb16e-b424-4a9b-9283-e4488f2bc570: TaskFinished(140,17195,None,true,None)
Sending msg to client play-fork-run-98ffb16e-b424-4a9b-9283-e4488f2bc570: TaskFinished(140,17143,Some(AttributeKey[scala.collection.immutable.Map[org.apache.ivy.core.module.id.ModuleRevisionId,org.apache.ivy.core.module.descriptor.ModuleDescriptor]]("projectDescriptors") in Scope(Build: file:/C:/Users/Sergio/workspace/Trivial4b/web/, , Project: ProjectReference(file:/C:/Users/Sergio/workspace/Trivial4b/web/,root))),true,None)
Sending msg to client play-fork-run-98ffb16e-b424-4a9b-9283-e4488f2bc570: TaskStarted(140,17142,Some(AttributeKey[sbt.Resolver]("projectResolver") in Scope(Build: file:/C:/Users/Sergio/workspace/Trivial4b/web/, , Project: ProjectReference(file:/C:/Users/Sergio/workspace/Trivial4b/web/,root))))
Sending msg to client play-fork-run-98ffb16e-b424-4a9b-9283-e4488f2bc570: TaskFinished(140,17132,Some(AttributeKey[scala.collection.Seq[sbt.ModuleID]]("allDependencies") in Scope(Build: file:/C:/Users/Sergio/workspace/Trivial4b/web/, , Project: ProjectReference(file:/C:/Users/Sergio/workspace/Trivial4b/web/,root))),true,None)
Sending msg to client play-fork-run-98ffb16e-b424-4a9b-9283-e4488f2bc570: TaskStarted(140,17126,Some(AttributeKey[scala.collection.Seq[sbt.ModuleID]]("allDependencies") in Scope(Build: file:/C:/Users/Sergio/workspace/Trivial4b/web/, , Project: ProjectReference(file:/C:/Users/Sergio/workspace/Trivial4b/web/,root))))
Sending msg to client play-fork-run-98ffb16e-b424-4a9b-9283-e4488f2bc570: TaskFinished(140,17142,Some(AttributeKey[sbt.Resolver]("projectResolver") in Scope(Build: file:/C:/Users/Sergio/workspace/Trivial4b/web/, , Project: ProjectReference(file:/C:/Users/Sergio/workspace/Trivial4b/web/,root))),true,None)
Sending msg to client play-fork-run-98ffb16e-b424-4a9b-9283-e4488f2bc570: TaskStarted(140,17141,Some(AttributeKey[scala.collection.Seq[sbt.Resolver]]("fullResolvers") in Scope(Build: file:/C:/Users/Sergio/workspace/Trivial4b/web/, , Project: ProjectReference(file:/C:/Users/Sergio/workspace/Trivial4b/web/,root))))
Sending msg to client play-fork-run-98ffb16e-b424-4a9b-9283-e4488f2bc570: TaskFinished(140,17126,Some(AttributeKey[scala.collection.Seq[sbt.ModuleID]]("allDependencies") in Scope(Build: file:/C:/Users/Sergio/workspace/Trivial4b/web/, , Project: ProjectReference(file:/C:/Users/Sergio/workspace/Trivial4b/web/,root))),true,None)
Sending msg to client play-fork-run-98ffb16e-b424-4a9b-9283-e4488f2bc570: TaskStarted(140,17125,Some(AttributeKey[sbt.ModuleSettings]("moduleSettings") in Scope(Build: file:/C:/Users/Sergio/workspace/Trivial4b/web/, , Project: ProjectReference(file:/C:/Users/Sergio/workspace/Trivial4b/web/,root))))
Sending msg to client play-fork-run-98ffb16e-b424-4a9b-9283-e4488f2bc570: TaskFinished(140,17141,Some(AttributeKey[scala.collection.Seq[sbt.Resolver]]("fullResolvers") in Scope(Build: file:/C:/Users/Sergio/workspace/Trivial4b/web/, , Project: ProjectReference(file:/C:/Users/Sergio/workspace/Trivial4b/web/,root))),true,None)
Sending msg to client play-fork-run-98ffb16e-b424-4a9b-9283-e4488f2bc570: TaskStarted(140,17139,Some(AttributeKey[sbt.IvyConfiguration]("ivyConfiguration") in Scope(Build: file:/C:/Users/Sergio/workspace/Trivial4b/web/, , Project: ProjectReference(file:/C:/Users/Sergio/workspace/Trivial4b/web/,root))))
Sending msg to client play-fork-run-98ffb16e-b424-4a9b-9283-e4488f2bc570: TaskFinished(140,17125,Some(AttributeKey[sbt.ModuleSettings]("moduleSettings") in Scope(Build: file:/C:/Users/Sergio/workspace/Trivial4b/web/, , Project: ProjectReference(file:/C:/Users/Sergio/workspace/Trivial4b/web/,root))),true,None)
Sending msg to client play-fork-run-98ffb16e-b424-4a9b-9283-e4488f2bc570: TaskFinished(140,17139,Some(AttributeKey[sbt.IvyConfiguration]("ivyConfiguration") in Scope(Build: file:/C:/Users/Sergio/workspace/Trivial4b/web/, , Project: ProjectReference(file:/C:/Users/Sergio/workspace/Trivial4b/web/,root))),true,None)
Sending msg to client play-fork-run-98ffb16e-b424-4a9b-9283-e4488f2bc570: TaskStarted(140,17138,Some(AttributeKey[sbt.IvySbt]("ivySbt") in Scope(Build: file:/C:/Users/Sergio/workspace/Trivial4b/web/, , Project: ProjectReference(file:/C:/Users/Sergio/workspace/Trivial4b/web/,root))))
Sending msg to client play-fork-run-98ffb16e-b424-4a9b-9283-e4488f2bc570: TaskFinished(140,17194,None,true,None)
Sending msg to client play-fork-run-98ffb16e-b424-4a9b-9283-e4488f2bc570: TaskStarted(140,17192,Some(AttributeKey[scala.collection.Seq[sbt.Attributed[java.io.File]]]("unmanagedJars") in Scope(Build: file:/C:/Users/Sergio/workspace/Trivial4b/web/, , Project: ProjectReference(file:/C:/Users/Sergio/workspace/Trivial4b/web/,root), Config: compile)))
Sending msg to client play-fork-run-98ffb16e-b424-4a9b-9283-e4488f2bc570: TaskFinished(140,17138,Some(AttributeKey[sbt.IvySbt]("ivySbt") in Scope(Build: file:/C:/Users/Sergio/workspace/Trivial4b/web/, , Project: ProjectReference(file:/C:/Users/Sergio/workspace/Trivial4b/web/,root))),true,None)
Sending msg to client play-fork-run-98ffb16e-b424-4a9b-9283-e4488f2bc570: TaskStarted(140,17124,Some(AttributeKey[sbt.IvySbt$Module]("ivyModule") in Scope(Build: file:/C:/Users/Sergio/workspace/Trivial4b/web/, , Project: ProjectReference(file:/C:/Users/Sergio/workspace/Trivial4b/web/,root))))
Sending msg to client play-fork-run-98ffb16e-b424-4a9b-9283-e4488f2bc570: TaskFinished(140,17175,Some(AttributeKey[java.io.File]("echoTraceConfig") in Scope(Build: file:/C:/Users/Sergio/workspace/Trivial4b/web/, , Project: ProjectReference(file:/C:/Users/Sergio/workspace/Trivial4b/web/,root), Config: echo)),true,None)
Sending msg to client play-fork-run-98ffb16e-b424-4a9b-9283-e4488f2bc570: TaskStarted(140,17174,Some(AttributeKey[scala.collection.Seq[sbt.Attributed[java.io.File]]]("echoTraceConfigClasspath") in Scope(Build: file:/C:/Users/Sergio/workspace/Trivial4b/web/, , Project: ProjectReference(file:/C:/Users/Sergio/workspace/Trivial4b/web/,root), Config: echo)))
Sending msg to client play-fork-run-98ffb16e-b424-4a9b-9283-e4488f2bc570: TaskFinished(140,17174,Some(AttributeKey[scala.collection.Seq[sbt.Attributed[java.io.File]]]("echoTraceConfigClasspath") in Scope(Build: file:/C:/Users/Sergio/workspace/Trivial4b/web/, , Project: ProjectReference(file:/C:/Users/Sergio/workspace/Trivial4b/web/,root), Config: echo)),true,None)
Sending msg to client play-fork-run-98ffb16e-b424-4a9b-9283-e4488f2bc570: TaskFinished(140,17124,Some(AttributeKey[sbt.IvySbt$Module]("ivyModule") in Scope(Build: file:/C:/Users/Sergio/workspace/Trivial4b/web/, , Project: ProjectReference(file:/C:/Users/Sergio/workspace/Trivial4b/web/,root))),true,None)
Sending msg to client play-fork-run-98ffb16e-b424-4a9b-9283-e4488f2bc570: TaskStarted(140,17123,Some(AttributeKey[sbt.UpdateReport]("update") in Scope(Build: file:/C:/Users/Sergio/workspace/Trivial4b/web/, , Project: ProjectReference(file:/C:/Users/Sergio/workspace/Trivial4b/web/,root))))
Sending msg to client play-fork-run-98ffb16e-b424-4a9b-9283-e4488f2bc570: TaskFinished(140,17192,Some(AttributeKey[scala.collection.Seq[sbt.Attributed[java.io.File]]]("unmanagedJars") in Scope(Build: file:/C:/Users/Sergio/workspace/Trivial4b/web/, , Project: ProjectReference(file:/C:/Users/Sergio/workspace/Trivial4b/web/,root), Config: compile)),true,None)
Sending msg to client play-fork-run-98ffb16e-b424-4a9b-9283-e4488f2bc570: TaskStarted(140,17189,Some(AttributeKey[scala.collection.Seq[sbt.Attributed[java.io.File]]]("unmanagedJars") in Scope(Build: file:/C:/Users/Sergio/workspace/Trivial4b/web/, , Project: ProjectReference(file:/C:/Users/Sergio/workspace/Trivial4b/web/,root), Config: compile)))
Sending msg to client play-fork-run-98ffb16e-b424-4a9b-9283-e4488f2bc570: TaskFinished(140,17189,Some(AttributeKey[scala.collection.Seq[sbt.Attributed[java.io.File]]]("unmanagedJars") in Scope(Build: file:/C:/Users/Sergio/workspace/Trivial4b/web/, , Project: ProjectReference(file:/C:/Users/Sergio/workspace/Trivial4b/web/,root), Config: compile)),true,None)
Sending msg to client play-fork-run-98ffb16e-b424-4a9b-9283-e4488f2bc570: TaskStarted(140,17185,None)
Sending msg to client play-fork-run-98ffb16e-b424-4a9b-9283-e4488f2bc570: TaskFinished(140,17185,None,true,None)
Sending msg to client play-fork-run-98ffb16e-b424-4a9b-9283-e4488f2bc570: TaskStarted(140,17184,None)
Sending msg to client play-fork-run-98ffb16e-b424-4a9b-9283-e4488f2bc570: TaskFinished(140,17184,None,true,None)
Sending msg to client play-fork-run-98ffb16e-b424-4a9b-9283-e4488f2bc570: TaskFinished(140,17168,None,true,None)
Sending msg to client play-fork-run-98ffb16e-b424-4a9b-9283-e4488f2bc570: TaskStarted(140,17166,Some(AttributeKey[scala.collection.Seq[sbt.Attributed[java.io.File]]]("unmanagedClasspath") in Scope(Build: file:/C:/Users/Sergio/workspace/Trivial4b/web/, , Project: ProjectReference(file:/C:/Users/Sergio/workspace/Trivial4b/web/,root), Config: runtime)))
Sending msg to client play-fork-run-98ffb16e-b424-4a9b-9283-e4488f2bc570: TaskStarted(140,17182,Some(AttributeKey[scala.collection.Seq[sbt.Attributed[java.io.File]]]("unmanagedClasspath") in Scope(Build: file:/C:/Users/Sergio/workspace/Trivial4b/web/, , Project: ProjectReference(file:/C:/Users/Sergio/workspace/Trivial4b/web/,root), Config: echo)))
Sending msg to client play-fork-run-98ffb16e-b424-4a9b-9283-e4488f2bc570: TaskFinished(140,17182,Some(AttributeKey[scala.collection.Seq[sbt.Attributed[java.io.File]]]("unmanagedClasspath") in Scope(Build: file:/C:/Users/Sergio/workspace/Trivial4b/web/, , Project: ProjectReference(file:/C:/Users/Sergio/workspace/Trivial4b/web/,root), Config: echo)),true,None)
Sending msg to client play-fork-run-98ffb16e-b424-4a9b-9283-e4488f2bc570: TaskFinished(140,17166,Some(AttributeKey[scala.collection.Seq[sbt.Attributed[java.io.File]]]("unmanagedClasspath") in Scope(Build: file:/C:/Users/Sergio/workspace/Trivial4b/web/, , Project: ProjectReference(file:/C:/Users/Sergio/workspace/Trivial4b/web/,root), Config: runtime)),true,None)
Sending msg to client play-fork-run-98ffb16e-b424-4a9b-9283-e4488f2bc570: TaskFinished(140,17123,Some(AttributeKey[sbt.UpdateReport]("update") in Scope(Build: file:/C:/Users/Sergio/workspace/Trivial4b/web/, , Project: ProjectReference(file:/C:/Users/Sergio/workspace/Trivial4b/web/,root))),true,None)
Sending msg to client play-fork-run-98ffb16e-b424-4a9b-9283-e4488f2bc570: TaskStarted(140,17122,Some(AttributeKey[sbt.UpdateReport]("update") in Scope(Build: file:/C:/Users/Sergio/workspace/Trivial4b/web/, , Project: ProjectReference(file:/C:/Users/Sergio/workspace/Trivial4b/web/,root))))
Sending msg to client play-fork-run-98ffb16e-b424-4a9b-9283-e4488f2bc570: TaskFinished(140,17122,Some(AttributeKey[sbt.UpdateReport]("update") in Scope(Build: file:/C:/Users/Sergio/workspace/Trivial4b/web/, , Project: ProjectReference(file:/C:/Users/Sergio/workspace/Trivial4b/web/,root))),true,None)
Sending msg to client play-fork-run-98ffb16e-b424-4a9b-9283-e4488f2bc570: TaskStarted(140,17164,Some(AttributeKey[sbt.Configuration]("classpathConfiguration") in Scope(Build: file:/C:/Users/Sergio/workspace/Trivial4b/web/, , Project: ProjectReference(file:/C:/Users/Sergio/workspace/Trivial4b/web/,root), Config: compile)))
Sending msg to client play-fork-run-98ffb16e-b424-4a9b-9283-e4488f2bc570: TaskStarted(140,17171,Some(AttributeKey[scala.collection.Seq[sbt.Attributed[java.io.File]]]("managedClasspath") in Scope(Build: file:/C:/Users/Sergio/workspace/Trivial4b/web/, , Project: ProjectReference(file:/C:/Users/Sergio/workspace/Trivial4b/web/,root), Config: docs)))
Sending msg to client play-fork-run-98ffb16e-b424-4a9b-9283-e4488f2bc570: TaskStarted(140,17180,Some(AttributeKey[scala.collection.Seq[sbt.Attributed[java.io.File]]]("managedClasspath") in Scope(Build: file:/C:/Users/Sergio/workspace/Trivial4b/web/, , Project: ProjectReference(file:/C:/Users/Sergio/workspace/Trivial4b/web/,root), Config: echo)))
Sending msg to client play-fork-run-98ffb16e-b424-4a9b-9283-e4488f2bc570: TaskFinished(140,17164,Some(AttributeKey[sbt.Configuration]("classpathConfiguration") in Scope(Build: file:/C:/Users/Sergio/workspace/Trivial4b/web/, , Project: ProjectReference(file:/C:/Users/Sergio/workspace/Trivial4b/web/,root), Config: compile)),true,None)
Sending msg to client play-fork-run-98ffb16e-b424-4a9b-9283-e4488f2bc570: TaskStarted(140,17163,None)
Sending msg to client play-fork-run-98ffb16e-b424-4a9b-9283-e4488f2bc570: TaskFinished(140,17163,None,true,None)
Sending msg to client play-fork-run-98ffb16e-b424-4a9b-9283-e4488f2bc570: TaskStarted(140,17162,Some(AttributeKey[sbt.Configuration]("classpathConfiguration") in Scope(Build: file:/C:/Users/Sergio/workspace/Trivial4b/web/, , Project: ProjectReference(file:/C:/Users/Sergio/workspace/Trivial4b/web/,root), Config: runtime)))
Sending msg to client play-fork-run-98ffb16e-b424-4a9b-9283-e4488f2bc570: TaskFinished(140,17162,Some(AttributeKey[sbt.Configuration]("classpathConfiguration") in Scope(Build: file:/C:/Users/Sergio/workspace/Trivial4b/web/, , Project: ProjectReference(file:/C:/Users/Sergio/workspace/Trivial4b/web/,root), Config: runtime)),true,None)
Sending msg to client play-fork-run-98ffb16e-b424-4a9b-9283-e4488f2bc570: TaskStarted(140,17121,None)
Sending msg to client play-fork-run-98ffb16e-b424-4a9b-9283-e4488f2bc570: TaskFinished(140,17171,Some(AttributeKey[scala.collection.Seq[sbt.Attributed[java.io.File]]]("managedClasspath") in Scope(Build: file:/C:/Users/Sergio/workspace/Trivial4b/web/, , Project: ProjectReference(file:/C:/Users/Sergio/workspace/Trivial4b/web/,root), Config: docs)),true,None)
Sending msg to client play-fork-run-98ffb16e-b424-4a9b-9283-e4488f2bc570: TaskFinished(140,17121,None,true,None)
Sending msg to client play-fork-run-98ffb16e-b424-4a9b-9283-e4488f2bc570: TaskStarted(140,17119,Some(AttributeKey[scala.collection.Seq[sbt.Attributed[java.io.File]]]("managedClasspath") in Scope(Build: file:/C:/Users/Sergio/workspace/Trivial4b/web/, , Project: ProjectReference(file:/C:/Users/Sergio/workspace/Trivial4b/web/,root), Config: runtime)))
Sending msg to client play-fork-run-98ffb16e-b424-4a9b-9283-e4488f2bc570: TaskLogEvent(17180,LogMessage(info,Read from stdout: echo-trace-akka jar for Inspect is on the echo:run classpath com.typesafe.trace:echo-trace-akka-2.3.9_2.11:0.1.14))
Sending msg to client play-fork-run-98ffb16e-b424-4a9b-9283-e4488f2bc570: TaskLogEvent(17180,LogMessage(info,echo-trace-akka jar for Inspect is on the echo:run classpath com.typesafe.trace:echo-trace-akka-2.3.9_2.11:0.1.14))
Sending msg to client play-fork-run-98ffb16e-b424-4a9b-9283-e4488f2bc570: TaskLogEvent(17180,LogMessage(info,Read from stdout: echo-trace-play jar for Inspect is on the echo:run classpath com.typesafe.trace:echo-trace-play-2.3.8_2.11:0.1.14))
Sending msg to client play-fork-run-98ffb16e-b424-4a9b-9283-e4488f2bc570: TaskLogEvent(17180,LogMessage(info,echo-trace-play jar for Inspect is on the echo:run classpath com.typesafe.trace:echo-trace-play-2.3.8_2.11:0.1.14))
Sending msg to client play-fork-run-98ffb16e-b424-4a9b-9283-e4488f2bc570: TaskFinished(140,17180,Some(AttributeKey[scala.collection.Seq[sbt.Attributed[java.io.File]]]("managedClasspath") in Scope(Build: file:/C:/Users/Sergio/workspace/Trivial4b/web/, , Project: ProjectReference(file:/C:/Users/Sergio/workspace/Trivial4b/web/,root), Config: echo)),true,None)
Sending msg to client play-fork-run-98ffb16e-b424-4a9b-9283-e4488f2bc570: TaskStarted(140,17173,Some(AttributeKey[scala.collection.Seq[sbt.Attributed[java.io.File]]]("managedClasspath") in Scope(Build: file:/C:/Users/Sergio/workspace/Trivial4b/web/, , Project: ProjectReference(file:/C:/Users/Sergio/workspace/Trivial4b/web/,root), Config: echo)))
Sending msg to client play-fork-run-98ffb16e-b424-4a9b-9283-e4488f2bc570: TaskFinished(140,17173,Some(AttributeKey[scala.collection.Seq[sbt.Attributed[java.io.File]]]("managedClasspath") in Scope(Build: file:/C:/Users/Sergio/workspace/Trivial4b/web/, , Project: ProjectReference(file:/C:/Users/Sergio/workspace/Trivial4b/web/,root), Config: echo)),true,None)
Sending msg to client play-fork-run-98ffb16e-b424-4a9b-9283-e4488f2bc570: TaskStarted(140,17172,Some(AttributeKey[scala.collection.Seq[sbt.Attributed[java.io.File]]]("externalDependencyClasspath") in Scope(Build: file:/C:/Users/Sergio/workspace/Trivial4b/web/, , Project: ProjectReference(file:/C:/Users/Sergio/workspace/Trivial4b/web/,root), Config: echo)))
Sending msg to client play-fork-run-98ffb16e-b424-4a9b-9283-e4488f2bc570: TaskFinished(140,17119,Some(AttributeKey[scala.collection.Seq[sbt.Attributed[java.io.File]]]("managedClasspath") in Scope(Build: file:/C:/Users/Sergio/workspace/Trivial4b/web/, , Project: ProjectReference(file:/C:/Users/Sergio/workspace/Trivial4b/web/,root), Config: runtime)),true,None)
Sending msg to client play-fork-run-98ffb16e-b424-4a9b-9283-e4488f2bc570: TaskStarted(140,17118,None)
Sending msg to client play-fork-run-98ffb16e-b424-4a9b-9283-e4488f2bc570: TaskFinished(140,17172,Some(AttributeKey[scala.collection.Seq[sbt.Attributed[java.io.File]]]("externalDependencyClasspath") in Scope(Build: file:/C:/Users/Sergio/workspace/Trivial4b/web/, , Project: ProjectReference(file:/C:/Users/Sergio/workspace/Trivial4b/web/,root), Config: echo)),true,None)
Sending msg to client play-fork-run-98ffb16e-b424-4a9b-9283-e4488f2bc570: TaskFinished(140,17118,None,true,None)
Sending msg to client play-fork-run-98ffb16e-b424-4a9b-9283-e4488f2bc570: TaskStarted(140,17115,Some(AttributeKey[scala.collection.Seq[sbt.Attributed[java.io.File]]]("playDependencyClasspath") in Scope(Build: file:/C:/Users/Sergio/workspace/Trivial4b/web/, , Project: ProjectReference(file:/C:/Users/Sergio/workspace/Trivial4b/web/,root))))
Sending msg to client play-fork-run-98ffb16e-b424-4a9b-9283-e4488f2bc570: TaskFinished(140,17115,Some(AttributeKey[scala.collection.Seq[sbt.Attributed[java.io.File]]]("playDependencyClasspath") in Scope(Build: file:/C:/Users/Sergio/workspace/Trivial4b/web/, , Project: ProjectReference(file:/C:/Users/Sergio/workspace/Trivial4b/web/,root))),true,None)
Sending msg to client play-fork-run-98ffb16e-b424-4a9b-9283-e4488f2bc570: TaskStarted(140,17110,Some(AttributeKey[play.forkrun.protocol.ForkConfig]("playForkConfig") in Scope(Build: file:/C:/Users/Sergio/workspace/Trivial4b/web/, , Project: ProjectReference(file:/C:/Users/Sergio/workspace/Trivial4b/web/,root))))
Sending msg to client play-fork-run-98ffb16e-b424-4a9b-9283-e4488f2bc570: TaskFinished(140,17110,Some(AttributeKey[play.forkrun.protocol.ForkConfig]("playForkConfig") in Scope(Build: file:/C:/Users/Sergio/workspace/Trivial4b/web/, , Project: ProjectReference(file:/C:/Users/Sergio/workspace/Trivial4b/web/,root))),true,None)
Sending msg to client play-fork-run-98ffb16e-b424-4a9b-9283-e4488f2bc570: TaskStarted(140,17109,Some(AttributeKey[play.forkrun.protocol.ForkConfig]("playForkConfig") in Scope(Build: file:/C:/Users/Sergio/workspace/Trivial4b/web/, , Project: ProjectReference(file:/C:/Users/Sergio/workspace/Trivial4b/web/,root), Config: echo)))
Sending msg to client play-fork-run-98ffb16e-b424-4a9b-9283-e4488f2bc570: TaskFinished(140,17109,Some(AttributeKey[play.forkrun.protocol.ForkConfig]("playForkConfig") in Scope(Build: file:/C:/Users/Sergio/workspace/Trivial4b/web/, , Project: ProjectReference(file:/C:/Users/Sergio/workspace/Trivial4b/web/,root), Config: echo)),true,None)
Sending msg to client play-fork-run-98ffb16e-b424-4a9b-9283-e4488f2bc570: ValueChanged(AttributeKey[play.forkrun.protocol.ForkConfig]("playForkConfig") in Scope(Build: file:/C:/Users/Sergio/workspace/Trivial4b/web/, , Project: ProjectReference(file:/C:/Users/Sergio/workspace/Trivial4b/web/,root), Config: echo),TaskSuccess(BuildValue(LazyValue(ForkConfig(C:\Users\Sergio\workspace\Trivial4b\web,List(),List(C:\Users\Sergio\workspace\Trivial4b\web\lib\hibernate3.jar, C:\Users\Sergio\workspace\Trivial4b\web\lib\hsqldb.jar, C:\Users\Sergio\workspace\Trivial4b\web\lib\mongo-java-driver-2.13.1.jar, C:\Users\Sergio\.ivy2\cache\com.typesafe.play\twirl-api_2.11\jars\twirl-api_2.11-1.0.2.jar, C:\Users\Sergio\.ivy2\cache\org.apache.commons\commons-lang3\jars\commons-lang3-3.1.jar, C:\Users\Sergio\.ivy2\cache\org.scala-lang.modules\scala-xml_2.11\bundles\scala-xml_2.11-1.0.1.jar, C:\Users\Sergio\.ivy2\cache\com.typesafe.play\play_2.11\jars\play_2.11-2.3.8.jar, C:\Users\Sergio\.ivy2\cache\com.typesafe.play\build-link\jars\build-link-2.3.8.jar, C:\Users\Sergio\.ivy2\cache\com.typesafe.play\play-exceptions\jars\play-exceptions-2.3.8.jar, C:\Users\Sergio\.ivy2\cache\com.typesafe.play\play-iteratees_2.11\jars\play-iteratees_2.11-2.3.8.jar, C:\Users\Sergio\.ivy2\cache\org.scala-stm\scala-stm_2.11\jars\scala-stm_2.11-0.7.jar, C:\Users\Sergio\.ivy2\cache\com.typesafe\config\bundles\config-1.2.1.jar, C:\Users\Sergio\.ivy2\cache\com.typesafe.play\play-json_2.11\jars\play-json_2.11-2.3.8.jar, C:\Users\Sergio\.ivy2\cache\com.typesafe.play\play-functional_2.11\jars\play-functional_2.11-2.3.8.jar, C:\Users\Sergio\.ivy2\cache\com.typesafe.play\play-datacommons_2.11\jars\play-datacommons_2.11-2.3.8.jar, C:\Users\Sergio\.ivy2\cache\joda-time\joda-time\jars\joda-time-2.3.jar, C:\Users\Sergio\.ivy2\cache\org.joda\joda-convert\jars\joda-convert-1.6.jar, C:\Users\Sergio\.ivy2\cache\com.fasterxml.jackson.core\jackson-annotations\bundles\jackson-annotations-2.3.2.jar, C:\Users\Sergio\.ivy2\cache\com.fasterxml.jackson.core\jackson-core\bundles\jackson-core-2.3.2.jar, C:\Users\Sergio\.ivy2\cache\com.fasterxml.jackson.core\jackson-databind\bundles\jackson-databind-2.3.2.jar, C:\Users\Sergio\.ivy2\cache\org.scala-lang\scala-reflect\jars\scala-reflect-2.11.1.jar, C:\Users\Sergio\.ivy2\cache\org.scala-lang.modules\scala-parser-combinators_2.11\bundles\scala-parser-combinators_2.11-1.0.1.jar, C:\Users\Sergio\.ivy2\cache\io.netty\netty\bundles\netty-3.9.3.Final.jar, C:\Users\Sergio\.ivy2\cache\com.typesafe.netty\netty-http-pipelining\jars\netty-http-pipelining-1.1.2.jar, C:\Users\Sergio\.ivy2\cache\org.slf4j\slf4j-api\jars\slf4j-api-1.7.6.jar, C:\Users\Sergio\.ivy2\cache\org.slf4j\jul-to-slf4j\jars\jul-to-slf4j-1.7.6.jar, C:\Users\Sergio\.ivy2\cache\org.slf4j\jcl-over-slf4j\jars\jcl-over-slf4j-1.7.6.jar, C:\Users\Sergio\.ivy2\cache\ch.qos.logback\logback-core\jars\logback-core-1.1.1.jar, C:\Users\Sergio\.ivy2\cache\ch.qos.logback\logback-classic\jars\logback-classic-1.1.1.jar, C:\Users\Sergio\.ivy2\cache\commons-codec\commons-codec\jars\commons-codec-1.9.jar, C:\Users\Sergio\.ivy2\cache\xerces\xercesImpl\jars\xercesImpl-2.11.0.jar, C:\Users\Sergio\.ivy2\cache\xml-apis\xml-apis\jars\xml-apis-1.4.01.jar, C:\Users\Sergio\.ivy2\cache\javax.transaction\jta\jars\jta-1.1.jar, C:\Users\Sergio\.ivy2\cache\com.typesafe.play\play-java_2.11\jars\play-java_2.11-2.3.8.jar, C:\Users\Sergio\.ivy2\cache\org.yaml\snakeyaml\bundles\snakeyaml-1.13.jar, C:\Users\Sergio\.ivy2\cache\org.hibernate\hibernate-validator\jars\hibernate-validator-5.0.3.Final.jar, C:\Users\Sergio\.ivy2\cache\javax.validation\validation-api\jars\validation-api-1.1.0.Final.jar, C:\Users\Sergio\.ivy2\cache\com.fasterxml\classmate\bundles\classmate-1.0.0.jar, C:\Users\Sergio\.ivy2\cache\org.jboss.logging\jboss-logging\jars\jboss-logging-3.2.0.Final.jar, C:\Users\Sergio\.ivy2\cache\org.springframework\spring-context\jars\spring-context-4.0.3.RELEASE.jar, C:\Users\Sergio\.ivy2\cache\org.springframework\spring-core\jars\spring-core-4.0.3.RELEASE.jar, C:\Users\Sergio\.ivy2\cache\org.springframework\spring-beans\jars\spring-beans-4.0.3.RELEASE.jar, C:\Users\Sergio\.ivy2\cache\org.javassist\javassist\bundles\javassist-3.19.0-GA.jar, C:\Users\Sergio\.ivy2\cache\org.reflections\reflections\jars\reflections-0.9.8.jar, C:\Users\Sergio\.ivy2\cache\com.google.guava\guava\bundles\guava-16.0.1.jar, C:\Users\Sergio\.ivy2\cache\dom4j\dom4j\jars\dom4j-1.6.1.jar, C:\Users\Sergio\.ivy2\cache\com.google.code.findbugs\jsr305\jars\jsr305-2.0.3.jar, C:\Users\Sergio\.ivy2\cache\org.apache.tomcat\tomcat-servlet-api\jars\tomcat-servlet-api-8.0.5.jar, C:\Users\Sergio\.ivy2\cache\com.typesafe.play\play-java-jdbc_2.11\jars\play-java-jdbc_2.11-2.3.8.jar, C:\Users\Sergio\.ivy2\cache\com.typesafe.play\play-jdbc_2.11\jars\play-jdbc_2.11-2.3.8.jar, C:\Users\Sergio\.ivy2\cache\com.jolbox\bonecp\bundles\bonecp-0.8.0.RELEASE.jar, C:\Users\Sergio\.ivy2\cache\com.h2database\h2\jars\h2-1.3.175.jar, C:\Users\Sergio\.ivy2\cache\tyrex\tyrex\jars\tyrex-1.0.1.jar, C:\Users\Sergio\.ivy2\cache\com.typesafe.play\play-java-ebean_2.11\jars\play-java-ebean_2.11-2.3.8.jar, C:\Users\Sergio\.ivy2\cache\org.avaje.ebeanorm\avaje-ebeanorm\jars\avaje-ebeanorm-3.3.4.jar, C:\Users\Sergio\.ivy2\cache\org.avaje.ebeanorm\avaje-ebeanorm-agent\jars\avaje-ebeanorm-agent-3.2.2.jar, C:\Users\Sergio\.ivy2\cache\org.hibernate.javax.persistence\hibernate-jpa-2.0-api\jars\hibernate-jpa-2.0-api-1.0.1.Final.jar, C:\Users\Sergio\.ivy2\cache\com.typesafe.play\play-cache_2.11\jars\play-cache_2.11-2.3.8.jar, C:\Users\Sergio\.ivy2\cache\net.sf.ehcache\ehcache-core\jars\ehcache-core-2.6.8.jar, C:\Users\Sergio\.ivy2\cache\com.typesafe.play\play-java-ws_2.11\jars\play-java-ws_2.11-2.3.8.jar, C:\Users\Sergio\.ivy2\cache\com.typesafe.play\play-ws_2.11\jars\play-ws_2.11-2.3.8.jar, C:\Users\Sergio\.ivy2\cache\com.ning\async-http-client\jars\async-http-client-1.8.15.jar, C:\Users\Sergio\.ivy2\cache\oauth.signpost\signpost-core\jars\signpost-core-1.2.1.2.jar, C:\Users\Sergio\.ivy2\cache\oauth.signpost\signpost-commonshttp4\jars\signpost-commonshttp4-1.2.1.2.jar, C:\Users\Sergio\.ivy2\cache\org.apache.httpcomponents\httpcore\jars\httpcore-4.0.1.jar, C:\Users\Sergio\.ivy2\cache\org.apache.httpcomponents\httpclient\jars\httpclient-4.0.1.jar, C:\Users\Sergio\.ivy2\cache\commons-logging\commons-logging\jars\commons-logging-1.1.1.jar, C:\Users\Sergio\.ivy2\cache\com.typesafe.trace\echo-trace-play-2.3.8_2.11\jars\echo-trace-play-2.3.8_2.11-0.1.14.jar, C:\Users\Sergio\.ivy2\cache\org.scala-lang\scala-library\jars\scala-library-2.11.5.jar, C:\Users\Sergio\.ivy2\cache\com.typesafe.trace\echo-trace-akka-2.3.9_2.11\jars\echo-trace-akka-2.3.9_2.11-0.1.14.jar, C:\Users\Sergio\.ivy2\cache\com.typesafe.trace\echo-trace-scala-protobuf25-2.11\jars\echo-trace-scala-protobuf25-2.11-0.1.14.jar, C:\Users\Sergio\.ivy2\cache\com.typesafe.trace\echo-trace211-protobuf25_2.11\jars\echo-trace211-protobuf25_2.11-0.1.14.jar, C:\Users\Sergio\.ivy2\cache\com.typesafe.trace\echo-event211-protobuf25_2.11\jars\echo-event211-protobuf25_2.11-0.1.14.jar, C:\Users\Sergio\.ivy2\cache\com.typesafe.trace\echo-trace-protocol-protobuf25\jars\echo-trace-protocol-protobuf25-0.1.14.jar, C:\Users\Sergio\.ivy2\cache\com.google.protobuf\protobuf-java\bundles\protobuf-java-2.5.0.jar, C:\Users\Sergio\.ivy2\cache\org.aspectj\aspectjrt\jars\aspectjrt-1.8.4.jar, C:\Users\Sergio\.ivy2\cache\com.typesafe.akka\akka-actor_2.11\jars\akka-actor_2.11-2.3.9.jar, C:\Users\Sergio\.ivy2\cache\com.typesafe.akka\akka-remote_2.11\jars\akka-remote_2.11-2.3.9.jar, C:\Users\Sergio\.ivy2\cache\org.uncommons.maths\uncommons-maths\jars\uncommons-maths-1.2.2a.jar, C:\Users\Sergio\.ivy2\cache\com.typesafe.akka\akka-slf4j_2.11\jars\akka-slf4j_2.11-2.3.9.jar, C:\Users\Sergio\.ivy2\cache\org.fusesource\sigar\jars\sigar-1.6.4.jar, C:\Users\Sergio\.ivy2\cache\log4j\log4j\jars\log4j-1.2.15.jar, C:\Users\Sergio\.ivy2\cache\com.typesafe.trace\echo-trace-play-common\jars\echo-trace-play-common-0.1.14.jar, C:\Users\Sergio\workspace\Trivial4b\web\target\echo\conf\trace),List((public/,C:\Users\Sergio\workspace\Trivial4b\web\target\web\public\main)),List(C:\Users\Sergio\.ivy2\cache\com.typesafe.play\play-docs_2.11\jars\play-docs_2.11-2.3.8.jar, C:\Users\Sergio\.ivy2\cache\org.scala-lang\scala-library\jars\scala-library-2.11.1.jar, C:\Users\Sergio\.ivy2\cache\com.typesafe.play\play_2.11\jars\play_2.11-2.3.8.jar, C:\Users\Sergio\.ivy2\cache\com.typesafe.play\build-link\jars\build-link-2.3.8.jar, C:\Users\Sergio\.ivy2\cache\com.typesafe.play\play-exceptions\jars\play-exceptions-2.3.8.jar, C:\Users\Sergio\.ivy2\cache\org.javassist\javassist\bundles\javassist-3.18.2-GA.jar, C:\Users\Sergio\.ivy2\cache\com.typesafe.play\play-iteratees_2.11\jars\play-iteratees_2.11-2.3.8.jar, C:\Users\Sergio\.ivy2\cache\org.scala-stm\scala-stm_2.11\jars\scala-stm_2.11-0.7.jar, C:\Users\Sergio\.ivy2\cache\com.typesafe\config\bundles\config-1.2.1.jar, C:\Users\Sergio\.ivy2\cache\com.typesafe.play\play-json_2.11\jars\play-json_2.11-2.3.8.jar, C:\Users\Sergio\.ivy2\cache\com.typesafe.play\play-functional_2.11\jars\play-functional_2.11-2.3.8.jar, C:\Users\Sergio\.ivy2\cache\com.typesafe.play\play-datacommons_2.11\jars\play-datacommons_2.11-2.3.8.jar, C:\Users\Sergio\.ivy2\cache\joda-time\joda-time\jars\joda-time-2.3.jar, C:\Users\Sergio\.ivy2\cache\org.joda\joda-convert\jars\joda-convert-1.6.jar, C:\Users\Sergio\.ivy2\cache\com.fasterxml.jackson.core\jackson-annotations\bundles\jackson-annotations-2.3.2.jar, C:\Users\Sergio\.ivy2\cache\com.fasterxml.jackson.core\jackson-core\bundles\jackson-core-2.3.2.jar, C:\Users\Sergio\.ivy2\cache\com.fasterxml.jackson.core\jackson-databind\bundles\jackson-databind-2.3.2.jar, C:\Users\Sergio\.ivy2\cache\org.scala-lang\scala-reflect\jars\scala-reflect-2.11.1.jar, C:\Users\Sergio\.ivy2\cache\com.typesafe.play\twirl-api_2.11\jars\twirl-api_2.11-1.0.2.jar, C:\Users\Sergio\.ivy2\cache\org.apache.commons\commons-lang3\jars\commons-lang3-3.1.jar, C:\Users\Sergio\.ivy2\cache\org.scala-lang.modules\scala-xml_2.11\bundles\scala-xml_2.11-1.0.1.jar, C:\Users\Sergio\.ivy2\cache\org.scala-lang.modules\scala-parser-combinators_2.11\bundles\scala-parser-combinators_2.11-1.0.1.jar, C:\Users\Sergio\.ivy2\cache\io.netty\netty\bundles\netty-3.9.3.Final.jar, C:\Users\Sergio\.ivy2\cache\com.typesafe.netty\netty-http-pipelining\jars\netty-http-pipelining-1.1.2.jar, C:\Users\Sergio\.ivy2\cache\org.slf4j\slf4j-api\jars\slf4j-api-1.7.6.jar, C:\Users\Sergio\.ivy2\cache\org.slf4j\jul-to-slf4j\jars\jul-to-slf4j-1.7.6.jar, C:\Users\Sergio\.ivy2\cache\org.slf4j\jcl-over-slf4j\jars\jcl-over-slf4j-1.7.6.jar, C:\Users\Sergio\.ivy2\cache\ch.qos.logback\logback-core\jars\logback-core-1.1.1.jar, C:\Users\Sergio\.ivy2\cache\ch.qos.logback\logback-classic\jars\logback-classic-1.1.1.jar, C:\Users\Sergio\.ivy2\cache\com.typesafe.akka\akka-actor_2.11\jars\akka-actor_2.11-2.3.4.jar, C:\Users\Sergio\.ivy2\cache\com.typesafe.akka\akka-slf4j_2.11\jars\akka-slf4j_2.11-2.3.4.jar, C:\Users\Sergio\.ivy2\cache\commons-codec\commons-codec\jars\commons-codec-1.9.jar, C:\Users\Sergio\.ivy2\cache\xerces\xercesImpl\jars\xercesImpl-2.11.0.jar, C:\Users\Sergio\.ivy2\cache\xml-apis\xml-apis\jars\xml-apis-1.4.01.jar, C:\Users\Sergio\.ivy2\cache\javax.transaction\jta\jars\jta-1.1.jar, C:\Users\Sergio\.ivy2\cache\com.typesafe.play\play-doc_2.11\jars\play-doc_2.11-1.1.0.jar, C:\Users\Sergio\.ivy2\cache\org.pegdown\pegdown\jars\pegdown-1.4.0.jar, C:\Users\Sergio\.ivy2\cache\org.parboiled\parboiled-java\bundles\parboiled-java-1.1.5.jar, C:\Users\Sergio\.ivy2\cache\org.parboiled\parboiled-core\bundles\parboiled-core-1.1.5.jar, C:\Users\Sergio\.ivy2\cache\org.ow2.asm\asm\jars\asm-4.1.jar, C:\Users\Sergio\.ivy2\cache\org.ow2.asm\asm-tree\jars\asm-tree-4.1.jar, C:\Users\Sergio\.ivy2\cache\org.ow2.asm\asm-analysis\jars\asm-analysis-4.1.jar, C:\Users\Sergio\.ivy2\cache\org.ow2.asm\asm-util\jars\asm-util-4.1.jar, C:\Users\Sergio\.ivy2\cache\commons-io\commons-io\jars\commons-io-2.4.jar),List(),9000,DefaultWatchService,List(C:\Users\Sergio\workspace\Trivial4b\web\app-2.11, C:\Users\Sergio\workspace\Trivial4b\web\app, C:\Users\Sergio\workspace\Trivial4b\web\conf, C:\Users\Sergio\workspace\Trivial4b\web\app\assets, C:\Users\Sergio\workspace\Trivial4b\web\public),C:\Users\Sergio\workspace\Trivial4b\web\target,500,root/playForkNotifyStart,root/playForkReload,300000),scala.pickling.PicklerUnpickler$DelegatingPicklerUnpickler@5d030fe8),ForkConfig(C:\Users\Sergio\workspace\Trivial4b\web,List(),List(C:\Users\Sergio\workspace\Trivial4b\web\lib\hibernate3.jar, C:\Users\Sergio\workspace\Trivial4b\web\lib\hsqldb.jar, C:\Users\Sergio\workspace\Trivial4b\web\lib\mongo-java-driver-2.13.1.jar, C:\Users\Sergio\.ivy2\cache\com.typesafe.play\twirl-api_2.11\jars\twirl-api_2.11-1.0.2.jar, C:\Users\Sergio\.ivy2\cache\org.apache.commons\commons-lang3\jars\commons-lang3-3.1.jar, C:\Users\Sergio\.ivy2\cache\org.scala-lang.modules\scala-xml_2.11\bundles\scala-xml_2.11-1.0.1.jar, C:\Users\Sergio\.ivy2\cache\com.typesafe.play\play_2.11\jars\play_2.11-2.3.8.jar, C:\Users\Sergio\.ivy2\cache\com.typesafe.play\build-link\jars\build-link-2.3.8.jar, C:\Users\Sergio\.ivy2\cache\com.typesafe.play\play-exceptions\jars\play-exceptions-2.3.8.jar, C:\Users\Sergio\.ivy2\cache\com.typesafe.play\play-iteratees_2.11\jars\play-iteratees_2.11-2.3.8.jar, C:\Users\Sergio\.ivy2\cache\org.scala-stm\scala-stm_2.11\jars\scala-stm_2.11-0.7.jar, C:\Users\Sergio\.ivy2\cache\com.typesafe\config\bundles\config-1.2.1.jar, C:\Users\Sergio\.ivy2\cache\com.typesafe.play\play-json_2.11\jars\play-json_2.11-2.3.8.jar, C:\Users\Sergio\.ivy2\cache\com.typesafe.play\play-functional_2.11\jars\play-functional_2.11-2.3.8.jar, C:\Users\Sergio\.ivy2\cache\com.typesafe.play\play-datacommons_2.11\jars\play-datacommons_2.11-2.3.8.jar, C:\Users\Sergio\.ivy2\cache\joda-time\joda-time\jars\joda-time-2.3.jar, C:\Users\Sergio\.ivy2\cache\org.joda\joda-convert\jars\joda-convert-1.6.jar, C:\Users\Sergio\.ivy2\cache\com.fasterxml.jackson.core\jackson-annotations\bundles\jackson-annotations-2.3.2.jar, C:\Users\Sergio\.ivy2\cache\com.fasterxml.jackson.core\jackson-core\bundles\jackson-core-2.3.2.jar, C:\Users\Sergio\.ivy2\cache\com.fasterxml.jackson.core\jackson-databind\bundles\jackson-databind-2.3.2.jar, C:\Users\Sergio\.ivy2\cache\org.scala-lang\scala-reflect\jars\scala-reflect-2.11.1.jar, C:\Users\Sergio\.ivy2\cache\org.scala-lang.modules\scala-parser-combinators_2.11\bundles\scala-parser-combinators_2.11-1.0.1.jar, C:\Users\Sergio\.ivy2\cache\io.netty\netty\bundles\netty-3.9.3.Final.jar, C:\Users\Sergio\.ivy2\cache\com.typesafe.netty\netty-http-pipelining\jars\netty-http-pipelining-1.1.2.jar, C:\Users\Sergio\.ivy2\cache\org.slf4j\slf4j-api\jars\slf4j-api-1.7.6.jar, C:\Users\Sergio\.ivy2\cache\org.slf4j\jul-to-slf4j\jars\jul-to-slf4j-1.7.6.jar, C:\Users\Sergio\.ivy2\cache\org.slf4j\jcl-over-slf4j\jars\jcl-over-slf4j-1.7.6.jar, C:\Users\Sergio\.ivy2\cache\ch.qos.logback\logback-core\jars\logback-core-1.1.1.jar, C:\Users\Sergio\.ivy2\cache\ch.qos.logback\logback-classic\jars\logback-classic-1.1.1.jar, C:\Users\Sergio\.ivy2\cache\commons-codec\commons-codec\jars\commons-codec-1.9.jar, C:\Users\Sergio\.ivy2\cache\xerces\xercesImpl\jars\xercesImpl-2.11.0.jar, C:\Users\Sergio\.ivy2\cache\xml-apis\xml-apis\jars\xml-apis-1.4.01.jar, C:\Users\Sergio\.ivy2\cache\javax.transaction\jta\jars\jta-1.1.jar, C:\Users\Sergio\.ivy2\cache\com.typesafe.play\play-java_2.11\jars\play-java_2.11-2.3.8.jar, C:\Users\Sergio\.ivy2\cache\org.yaml\snakeyaml\bundles\snakeyaml-1.13.jar, C:\Users\Sergio\.ivy2\cache\org.hibernate\hibernate-validator\jars\hibernate-validator-5.0.3.Final.jar, C:\Users\Sergio\.ivy2\cache\javax.validation\validation-api\jars\validation-api-1.1.0.Final.jar, C:\Users\Sergio\.ivy2\cache\com.fasterxml\classmate\bundles\classmate-1.0.0.jar, C:\Users\Sergio\.ivy2\cache\org.jboss.logging\jboss-logging\jars\jboss-logging-3.2.0.Final.jar, C:\Users\Sergio\.ivy2\cache\org.springframework\spring-context\jars\spring-context-4.0.3.RELEASE.jar, C:\Users\Sergio\.ivy2\cache\org.springframework\spring-core\jars\spring-core-4.0.3.RELEASE.jar, C:\Users\Sergio\.ivy2\cache\org.springframework\spring-beans\jars\spring-beans-4.0.3.RELEASE.jar, C:\Users\Sergio\.ivy2\cache\org.javassist\javassist\bundles\javassist-3.19.0-GA.jar, C:\Users\Sergio\.ivy2\cache\org.reflections\reflections\jars\reflections-0.9.8.jar, C:\Users\Sergio\.ivy2\cache\com.google.guava\guava\bundles\guava-16.0.1.jar, C:\Users\Sergio\.ivy2\cache\dom4j\dom4j\jars\dom4j-1.6.1.jar, C:\Users\Sergio\.ivy2\cache\com.google.code.findbugs\jsr305\jars\jsr305-2.0.3.jar, C:\Users\Sergio\.ivy2\cache\org.apache.tomcat\tomcat-servlet-api\jars\tomcat-servlet-api-8.0.5.jar, C:\Users\Sergio\.ivy2\cache\com.typesafe.play\play-java-jdbc_2.11\jars\play-java-jdbc_2.11-2.3.8.jar, C:\Users\Sergio\.ivy2\cache\com.typesafe.play\play-jdbc_2.11\jars\play-jdbc_2.11-2.3.8.jar, C:\Users\Sergio\.ivy2\cache\com.jolbox\bonecp\bundles\bonecp-0.8.0.RELEASE.jar, C:\Users\Sergio\.ivy2\cache\com.h2database\h2\jars\h2-1.3.175.jar, C:\Users\Sergio\.ivy2\cache\tyrex\tyrex\jars\tyrex-1.0.1.jar, C:\Users\Sergio\.ivy2\cache\com.typesafe.play\play-java-ebean_2.11\jars\play-java-ebean_2.11-2.3.8.jar, C:\Users\Sergio\.ivy2\cache\org.avaje.ebeanorm\avaje-ebeanorm\jars\avaje-ebeanorm-3.3.4.jar, C:\Users\Sergio\.ivy2\cache\org.avaje.ebeanorm\avaje-ebeanorm-agent\jars\avaje-ebeanorm-agent-3.2.2.jar, C:\Users\Sergio\.ivy2\cache\org.hibernate.javax.persistence\hibernate-jpa-2.0-api\jars\hibernate-jpa-2.0-api-1.0.1.Final.jar, C:\Users\Sergio\.ivy2\cache\com.typesafe.play\play-cache_2.11\jars\play-cache_2.11-2.3.8.jar, C:\Users\Sergio\.ivy2\cache\net.sf.ehcache\ehcache-core\jars\ehcache-core-2.6.8.jar, C:\Users\Sergio\.ivy2\cache\com.typesafe.play\play-java-ws_2.11\jars\play-java-ws_2.11-2.3.8.jar, C:\Users\Sergio\.ivy2\cache\com.typesafe.play\play-ws_2.11\jars\play-ws_2.11-2.3.8.jar, C:\Users\Sergio\.ivy2\cache\com.ning\async-http-client\jars\async-http-client-1.8.15.jar, C:\Users\Sergio\.ivy2\cache\oauth.signpost\signpost-core\jars\signpost-core-1.2.1.2.jar, C:\Users\Sergio\.ivy2\cache\oauth.signpost\signpost-commonshttp4\jars\signpost-commonshttp4-1.2.1.2.jar, C:\Users\Sergio\.ivy2\cache\org.apache.httpcomponents\httpcore\jars\httpcore-4.0.1.jar, C:\Users\Sergio\.ivy2\cache\org.apache.httpcomponents\httpclient\jars\httpclient-4.0.1.jar, C:\Users\Sergio\.ivy2\cache\commons-logging\commons-logging\jars\commons-logging-1.1.1.jar, C:\Users\Sergio\.ivy2\cache\com.typesafe.trace\echo-trace-play-2.3.8_2.11\jars\echo-trace-play-2.3.8_2.11-0.1.14.jar, C:\Users\Sergio\.ivy2\cache\org.scala-lang\scala-library\jars\scala-library-2.11.5.jar, C:\Users\Sergio\.ivy2\cache\com.typesafe.trace\echo-trace-akka-2.3.9_2.11\jars\echo-trace-akka-2.3.9_2.11-0.1.14.jar, C:\Users\Sergio\.ivy2\cache\com.typesafe.trace\echo-trace-scala-protobuf25-2.11\jars\echo-trace-scala-protobuf25-2.11-0.1.14.jar, C:\Users\Sergio\.ivy2\cache\com.typesafe.trace\echo-trace211-protobuf25_2.11\jars\echo-trace211-protobuf25_2.11-0.1.14.jar, C:\Users\Sergio\.ivy2\cache\com.typesafe.trace\echo-event211-protobuf25_2.11\jars\echo-event211-protobuf25_2.11-0.1.14.jar, C:\Users\Sergio\.ivy2\cache\com.typesafe.trace\echo-trace-protocol-protobuf25\jars\echo-trace-protocol-protobuf25-0.1.14.jar, C:\Users\Sergio\.ivy2\cache\com.google.protobuf\protobuf-java\bundles\protobuf-java-2.5.0.jar, C:\Users\Sergio\.ivy2\cache\org.aspectj\aspectjrt\jars\aspectjrt-1.8.4.jar, C:\Users\Sergio\.ivy2\cache\com.typesafe.akka\akka-actor_2.11\jars\akka-actor_2.11-2.3.9.jar, C:\Users\Sergio\.ivy2\cache\com.typesafe.akka\akka-remote_2.11\jars\akka-remote_2.11-2.3.9.jar, C:\Users\Sergio\.ivy2\cache\org.uncommons.maths\uncommons-maths\jars\uncommons-maths-1.2.2a.jar, C:\Users\Sergio\.ivy2\cache\com.typesafe.akka\akka-slf4j_2.11\jars\akka-slf4j_2.11-2.3.9.jar, C:\Users\Sergio\.ivy2\cache\org.fusesource\sigar\jars\sigar-1.6.4.jar, C:\Users\Sergio\.ivy2\cache\log4j\log4j\jars\log4j-1.2.15.jar, C:\Users\Sergio\.ivy2\cache\com.typesafe.trace\echo-trace-play-common\jars\echo-trace-play-common-0.1.14.jar, C:\Users\Sergio\workspace\Trivial4b\web\target\echo\conf\trace),List((public/,C:\Users\Sergio\workspace\Trivial4b\web\target\web\public\main)),List(C:\Users\Sergio\.ivy2\cache\com.typesafe.play\play-docs_2.11\jars\play-docs_2.11-2.3.8.jar, C:\Users\Sergio\.ivy2\cache\org.scala-lang\scala-library\jars\scala-library-2.11.1.jar, C:\Users\Sergio\.ivy2\cache\com.typesafe.play\play_2.11\jars\play_2.11-2.3.8.jar, C:\Users\Sergio\.ivy2\cache\com.typesafe.play\build-link\jars\build-link-2.3.8.jar, C:\Users\Sergio\.ivy2\cache\com.typesafe.play\play-exceptions\jars\play-exceptions-2.3.8.jar, C:\Users\Sergio\.ivy2\cache\org.javassist\javassist\bundles\javassist-3.18.2-GA.jar, C:\Users\Sergio\.ivy2\cache\com.typesafe.play\play-iteratees_2.11\jars\play-iteratees_2.11-2.3.8.jar, C:\Users\Sergio\.ivy2\cache\org.scala-stm\scala-stm_2.11\jars\scala-stm_2.11-0.7.jar, C:\Users\Sergio\.ivy2\cache\com.typesafe\config\bundles\config-1.2.1.jar, C:\Users\Sergio\.ivy2\cache\com.typesafe.play\play-json_2.11\jars\play-json_2.11-2.3.8.jar, C:\Users\Sergio\.ivy2\cache\com.typesafe.play\play-functional_2.11\jars\play-functional_2.11-2.3.8.jar, C:\Users\Sergio\.ivy2\cache\com.typesafe.play\play-datacommons_2.11\jars\play-datacommons_2.11-2.3.8.jar, C:\Users\Sergio\.ivy2\cache\joda-time\joda-time\jars\joda-time-2.3.jar, C:\Users\Sergio\.ivy2\cache\org.joda\joda-convert\jars\joda-convert-1.6.jar, C:\Users\Sergio\.ivy2\cache\com.fasterxml.jackson.core\jackson-annotations\bundles\jackson-annotations-2.3.2.jar, C:\Users\Sergio\.ivy2\cache\com.fasterxml.jackson.core\jackson-core\bundles\jackson-core-2.3.2.jar, C:\Users\Sergio\.ivy2\cache\com.fasterxml.jackson.core\jackson-databind\bundles\jackson-databind-2.3.2.jar, C:\Users\Sergio\.ivy2\cache\org.scala-lang\scala-reflect\jars\scala-reflect-2.11.1.jar, C:\Users\Sergio\.ivy2\cache\com.typesafe.play\twirl-api_2.11\jars\twirl-api_2.11-1.0.2.jar, C:\Users\Sergio\.ivy2\cache\org.apache.commons\commons-lang3\jars\commons-lang3-3.1.jar, C:\Users\Sergio\.ivy2\cache\org.scala-lang.modules\scala-xml_2.11\bundles\scala-xml_2.11-1.0.1.jar, C:\Users\Sergio\.ivy2\cache\org.scala-lang.modules\scala-parser-combinators_2.11\bundles\scala-parser-combinators_2.11-1.0.1.jar, C:\Users\Sergio\.ivy2\cache\io.netty\netty\bundles\netty-3.9.3.Final.jar, C:\Users\Sergio\.ivy2\cache\com.typesafe.netty\netty-http-pipelining\jars\netty-http-pipelining-1.1.2.jar, C:\Users\Sergio\.ivy2\cache\org.slf4j\slf4j-api\jars\slf4j-api-1.7.6.jar, C:\Users\Sergio\.ivy2\cache\org.slf4j\jul-to-slf4j\jars\jul-to-slf4j-1.7.6.jar, C:\Users\Sergio\.ivy2\cache\org.slf4j\jcl-over-slf4j\jars\jcl-over-slf4j-1.7.6.jar, C:\Users\Sergio\.ivy2\cache\ch.qos.logback\logback-core\jars\logback-core-1.1.1.jar, C:\Users\Sergio\.ivy2\cache\ch.qos.logback\logback-classic\jars\logback-classic-1.1.1.jar, C:\Users\Sergio\.ivy2\cache\com.typesafe.akka\akka-actor_2.11\jars\akka-actor_2.11-2.3.4.jar, C:\Users\Sergio\.ivy2\cache\com.typesafe.akka\akka-slf4j_2.11\jars\akka-slf4j_2.11-2.3.4.jar, C:\Users\Sergio\.ivy2\cache\commons-codec\commons-codec\jars\commons-codec-1.9.jar, C:\Users\Sergio\.ivy2\cache\xerces\xercesImpl\jars\xercesImpl-2.11.0.jar, C:\Users\Sergio\.ivy2\cache\xml-apis\xml-apis\jars\xml-apis-1.4.01.jar, C:\Users\Sergio\.ivy2\cache\javax.transaction\jta\jars\jta-1.1.jar, C:\Users\Sergio\.ivy2\cache\com.typesafe.play\play-doc_2.11\jars\play-doc_2.11-1.1.0.jar, C:\Users\Sergio\.ivy2\cache\org.pegdown\pegdown\jars\pegdown-1.4.0.jar, C:\Users\Sergio\.ivy2\cache\org.parboiled\parboiled-java\bundles\parboiled-java-1.1.5.jar, C:\Users\Sergio\.ivy2\cache\org.parboiled\parboiled-core\bundles\parboiled-core-1.1.5.jar, C:\Users\Sergio\.ivy2\cache\org.ow2.asm\asm\jars\asm-4.1.jar, C:\Users\Sergio\.ivy2\cache\org.ow2.asm\asm-tree\jars\asm-tree-4.1.jar, C:\Users\Sergio\.ivy2\cache\org.ow2.asm\asm-analysis\jars\asm-analysis-4.1.jar, C:\Users\Sergio\.ivy2\cache\org.ow2.asm\asm-util\jars\asm-util-4.1.jar, C:\Users\Sergio\.ivy2\cache\commons-io\commons-io\jars\commons-io-2.4.jar),List(),9000,DefaultWatchService,List(C:\Users\Sergio\workspace\Trivial4b\web\app-2.11, C:\Users\Sergio\workspace\Trivial4b\web\app, C:\Users\Sergio\workspace\Trivial4b\web\conf, C:\Users\Sergio\workspace\Trivial4b\web\app\assets, C:\Users\Sergio\workspace\Trivial4b\web\public),C:\Users\Sergio\workspace\Trivial4b\web\target,500,root/playForkNotifyStart,root/playForkReload,300000))))
Sending msg to client play-fork-run-98ffb16e-b424-4a9b-9283-e4488f2bc570: TaskStarted(140,17108,None)
Sending msg to client play-fork-run-98ffb16e-b424-4a9b-9283-e4488f2bc570: TaskFinished(140,17108,None,true,None)
Sending msg to client play-fork-run-98ffb16e-b424-4a9b-9283-e4488f2bc570: TaskStarted(140,17107,None)
Sending msg to client play-fork-run-98ffb16e-b424-4a9b-9283-e4488f2bc570: TaskFinished(140,17107,None,true,None)
Sending msg to client play-fork-run-98ffb16e-b424-4a9b-9283-e4488f2bc570: DetachedLogEvent(LogMessage(debug,cancel strategy finish enabled=false lastCommand=Some(LastCommand(CommandExecutionWork(ExecutionId(140),{file:/C:/Users/Sergio/workspace/Trivial4b/web/}root/echo:playForkConfig,Set(LiveClient(play-fork-run 98ffb16e-b424-4a9b-9283-e4488f2bc570)),sbt.server.WorkCancellationStatus$$anon$1@9ed9a1c)))))
Sending msg to client play-fork-run-98ffb16e-b424-4a9b-9283-e4488f2bc570: DetachedLogEvent(LogSuccess(Total time: 0 s, completed 21-abr-2015 12:44:10))
Sending msg to client play-fork-run-98ffb16e-b424-4a9b-9283-e4488f2bc570: DetachedLogEvent(LogMessage(debug,> server-post-command-cleanup))
Sending msg to client play-fork-run-98ffb16e-b424-4a9b-9283-e4488f2bc570: ExecutionSuccess(140)
Sending msg to client play-fork-run-98ffb16e-b424-4a9b-9283-e4488f2bc570: DetachedLogEvent(LogMessage(debug,> server-handle-next-server-request))
Sending msg to client play-fork-run-98ffb16e-b424-4a9b-9283-e4488f2bc570: BackgroundJobLogEvent(12,LogMessage(info,echo-trace-akka jar for Inspect is on the echo:run classpath com.typesafe.trace:echo-trace-akka-2.3.9_2.11:0.1.14))
Sending msg to client play-fork-run-98ffb16e-b424-4a9b-9283-e4488f2bc570: BackgroundJobLogEvent(12,LogMessage(info,echo-trace-play jar for Inspect is on the echo:run classpath com.typesafe.trace:echo-trace-play-2.3.8_2.11:0.1.14))
Sending msg to client play-fork-run-98ffb16e-b424-4a9b-9283-e4488f2bc570: BackgroundJobLogEvent(12,LogMessage(info,))
Sending msg to client play-fork-run-98ffb16e-b424-4a9b-9283-e4488f2bc570: BackgroundJobLogEvent(12,LogMessage(info,--- (Running the application, auto-reloading is enabled) ---))
Sending msg to client play-fork-run-98ffb16e-b424-4a9b-9283-e4488f2bc570: BackgroundJobLogEvent(12,LogMessage(info,))
Sending msg to client play-fork-run-98ffb16e-b424-4a9b-9283-e4488f2bc570: BackgroundJobLogEvent(12,LogMessage(info,play - Listening for HTTP on /0:0:0:0:0:0:0:0:9000))
Sending msg to client play-fork-run-98ffb16e-b424-4a9b-9283-e4488f2bc570: BackgroundJobLogEvent(12,LogMessage(info,))
Sending msg to client play-fork-run-98ffb16e-b424-4a9b-9283-e4488f2bc570: BackgroundJobLogEvent(12,LogMessage(info,(Server started, use Ctrl+D to stop and go back to the console...)))
Sending msg to client play-fork-run-98ffb16e-b424-4a9b-9283-e4488f2bc570: BackgroundJobLogEvent(12,LogMessage(info,))
Got request: ExecutionRequest(root/playForkNotifyStart http://localhost:9000)
Reading next message from client.
Sending msg to client play-fork-run-98ffb16e-b424-4a9b-9283-e4488f2bc570: (8,ExecutionRequestReceived(141))
Sending msg to client play-fork-run-98ffb16e-b424-4a9b-9283-e4488f2bc570: ExecutionWaiting(141,root/playForkNotifyStart http://localhost:9000,ClientInfo(98ffb16e-b424-4a9b-9283-e4488f2bc570,play-fork-run,Play Fork Run,1,Vector()))
Sending msg to client play-fork-run-98ffb16e-b424-4a9b-9283-e4488f2bc570: ExecutionStarting(141)
Sending msg to client play-fork-run-98ffb16e-b424-4a9b-9283-e4488f2bc570: DetachedLogEvent(LogMessage(debug,> root/playForkNotifyStart http://localhost:9000))
Sending msg to client play-fork-run-98ffb16e-b424-4a9b-9283-e4488f2bc570: DetachedLogEvent(LogMessage(debug,Evaluating tasks: *:playForkNotifyStart))
Sending msg to client play-fork-run-98ffb16e-b424-4a9b-9283-e4488f2bc570: DetachedLogEvent(LogMessage(debug,Running task... Cancel: sbt.server.ServerTaskCancellation@385842, check cycles: false))
Sending msg to client play-fork-run-98ffb16e-b424-4a9b-9283-e4488f2bc570: DetachedLogEvent(LogMessage(debug,cancel strategy start enabled=true lastCommand=Some(LastCommand(CommandExecutionWork(ExecutionId(141),root/playForkNotifyStart http://localhost:9000,Set(LiveClient(play-fork-run 98ffb16e-b424-4a9b-9283-e4488f2bc570)),sbt.server.WorkCancellationStatus$$anon$1@43408f21)))))
Sending msg to client play-fork-run-98ffb16e-b424-4a9b-9283-e4488f2bc570: TaskStarted(141,17202,Some(AttributeKey[sbt.SendEventService]("sendEventService") in Scope(Global)))
Sending msg to client play-fork-run-98ffb16e-b424-4a9b-9283-e4488f2bc570: TaskFinished(141,17202,Some(AttributeKey[sbt.SendEventService]("sendEventService") in Scope(Global)),true,None)
Sending msg to client play-fork-run-98ffb16e-b424-4a9b-9283-e4488f2bc570: TaskStarted(141,17201,Some(AttributeKey[scala.Function1[java.lang.String,void]]("playForkStarted") in Scope(Build: file:/C:/Users/Sergio/workspace/Trivial4b/web/, , Project: ProjectReference(file:/C:/Users/Sergio/workspace/Trivial4b/web/,root))))
Sending msg to client play-fork-run-98ffb16e-b424-4a9b-9283-e4488f2bc570: TaskFinished(141,17201,Some(AttributeKey[scala.Function1[java.lang.String,void]]("playForkStarted") in Scope(Build: file:/C:/Users/Sergio/workspace/Trivial4b/web/, , Project: ProjectReference(file:/C:/Users/Sergio/workspace/Trivial4b/web/,root))),true,None)
Sending msg to client play-fork-run-98ffb16e-b424-4a9b-9283-e4488f2bc570: TaskStarted(141,17200,Some(AttributeKey[void]("playForkNotifyStart") in Scope(Build: file:/C:/Users/Sergio/workspace/Trivial4b/web/, , Project: ProjectReference(file:/C:/Users/Sergio/workspace/Trivial4b/web/,root))))
Sending msg to client play-fork-run-98ffb16e-b424-4a9b-9283-e4488f2bc570: TaskEvent(17200,LazyValue(PlayServerStarted(http://localhost:9000),play.forkrun.protocol.Serializers$PlayForkrunProtocolPlayServerStartedPickler1$2$@486bc31a))
Sending msg to client play-fork-run-98ffb16e-b424-4a9b-9283-e4488f2bc570: TaskFinished(141,17200,Some(AttributeKey[void]("playForkNotifyStart") in Scope(Build: file:/C:/Users/Sergio/workspace/Trivial4b/web/, , Project: ProjectReference(file:/C:/Users/Sergio/workspace/Trivial4b/web/,root))),true,None)
Sending msg to client play-fork-run-98ffb16e-b424-4a9b-9283-e4488f2bc570: TaskStarted(141,17199,None)
Sending msg to client play-fork-run-98ffb16e-b424-4a9b-9283-e4488f2bc570: TaskFinished(141,17199,None,true,None)
Sending msg to client play-fork-run-98ffb16e-b424-4a9b-9283-e4488f2bc570: TaskStarted(141,17198,None)
Sending msg to client play-fork-run-98ffb16e-b424-4a9b-9283-e4488f2bc570: TaskFinished(141,17198,None,true,None)
Sending msg to client play-fork-run-98ffb16e-b424-4a9b-9283-e4488f2bc570: DetachedLogEvent(LogMessage(debug,cancel strategy finish enabled=false lastCommand=Some(LastCommand(CommandExecutionWork(ExecutionId(141),root/playForkNotifyStart http://localhost:9000,Set(LiveClient(play-fork-run 98ffb16e-b424-4a9b-9283-e4488f2bc570)),sbt.server.WorkCancellationStatus$$anon$1@43408f21)))))
Sending msg to client play-fork-run-98ffb16e-b424-4a9b-9283-e4488f2bc570: DetachedLogEvent(LogSuccess(Total time: 0 s, completed 21-abr-2015 12:44:11))
Sending msg to client play-fork-run-98ffb16e-b424-4a9b-9283-e4488f2bc570: DetachedLogEvent(LogMessage(debug,> server-post-command-cleanup))
Sending msg to client play-fork-run-98ffb16e-b424-4a9b-9283-e4488f2bc570: ExecutionSuccess(141)
Sending msg to client play-fork-run-98ffb16e-b424-4a9b-9283-e4488f2bc570: DetachedLogEvent(LogMessage(debug,> server-handle-next-server-request))
Sending msg to client play-fork-run-98ffb16e-b424-4a9b-9283-e4488f2bc570: BackgroundJobLogEvent(11,LogMessage(info,Forked Play process did not exit on its own, terminating it))
Sending msg to client play-fork-run-98ffb16e-b424-4a9b-9283-e4488f2bc570: BackgroundJobFinished(133,11)
Sending msg to client play-fork-run-98ffb16e-b424-4a9b-9283-e4488f2bc570: ExecutionWaiting(142,jobStop 12,ClientInfo(48865315-148b-4ec1-987b-ae96aaa4e871,activator,Activator,1,Vector()))
Sending msg to client play-fork-run-98ffb16e-b424-4a9b-9283-e4488f2bc570: ExecutionStarting(142)
Sending msg to client play-fork-run-98ffb16e-b424-4a9b-9283-e4488f2bc570: DetachedLogEvent(LogMessage(debug,> jobStop 12))
Sending msg to client play-fork-run-98ffb16e-b424-4a9b-9283-e4488f2bc570: DetachedLogEvent(LogMessage(debug,Evaluating tasks: *:jobStop))
Sending msg to client play-fork-run-98ffb16e-b424-4a9b-9283-e4488f2bc570: DetachedLogEvent(LogMessage(debug,Running task... Cancel: sbt.server.ServerTaskCancellation@a7c6fd3, check cycles: false))
Sending msg to client play-fork-run-98ffb16e-b424-4a9b-9283-e4488f2bc570: DetachedLogEvent(LogMessage(debug,cancel strategy start enabled=true lastCommand=Some(LastCommand(CommandExecutionWork(ExecutionId(142),jobStop 12,Set(LiveClient(activator 48865315-148b-4ec1-987b-ae96aaa4e871)),sbt.server.WorkCancellationStatus$$anon$1@1f706637)))))
Sending msg to client play-fork-run-98ffb16e-b424-4a9b-9283-e4488f2bc570: TaskStarted(142,17205,Some(AttributeKey[void]("jobStop") in Scope(Global)))
Sending msg to client play-fork-run-98ffb16e-b424-4a9b-9283-e4488f2bc570: TaskFinished(142,17205,Some(AttributeKey[void]("jobStop") in Scope(Global)),true,None)
Sending msg to client play-fork-run-98ffb16e-b424-4a9b-9283-e4488f2bc570: BackgroundJobLogEvent(12,LogMessage(info,Stopping Play fork run ...))
Sending msg to client play-fork-run-98ffb16e-b424-4a9b-9283-e4488f2bc570: TaskStarted(142,17204,None)
Sending msg to client play-fork-run-98ffb16e-b424-4a9b-9283-e4488f2bc570: TaskFinished(142,17204,None,true,None)
Sending msg to client play-fork-run-98ffb16e-b424-4a9b-9283-e4488f2bc570: TaskStarted(142,17203,None)
Sending msg to client play-fork-run-98ffb16e-b424-4a9b-9283-e4488f2bc570: TaskFinished(142,17203,None,true,None)
Sending msg to client play-fork-run-98ffb16e-b424-4a9b-9283-e4488f2bc570: DetachedLogEvent(LogMessage(debug,cancel strategy finish enabled=false lastCommand=Some(LastCommand(CommandExecutionWork(ExecutionId(142),jobStop 12,Set(LiveClient(activator 48865315-148b-4ec1-987b-ae96aaa4e871)),sbt.server.WorkCancellationStatus$$anon$1@1f706637)))))
Sending msg to client play-fork-run-98ffb16e-b424-4a9b-9283-e4488f2bc570: DetachedLogEvent(LogSuccess(Total time: 0 s, completed 21-abr-2015 12:45:31))
Sending msg to client play-fork-run-98ffb16e-b424-4a9b-9283-e4488f2bc570: DetachedLogEvent(LogMessage(debug,> server-post-command-cleanup))
Sending msg to client play-fork-run-98ffb16e-b424-4a9b-9283-e4488f2bc570: ExecutionSuccess(142)
Sending msg to client play-fork-run-98ffb16e-b424-4a9b-9283-e4488f2bc570: DetachedLogEvent(LogMessage(debug,> server-handle-next-server-request))
Got request: UnlistenToEvents()
Reading next message from client.
Sending msg to client play-fork-run-98ffb16e-b424-4a9b-9283-e4488f2bc570: (9,ReceivedResponse())
Got request: UnlistenToValue(AttributeKey[play.forkrun.protocol.ForkConfig]("playForkConfig") in Scope(Build: file:/C:/Users/Sergio/workspace/Trivial4b/web/, , Project: ProjectReference(file:/C:/Users/Sergio/workspace/Trivial4b/web/,root), Config: echo))
Reading next message from client.
Client play-fork-run-98ffb16e-b424-4a9b-9283-e4488f2bc570 EOF, shutting down.
Stopping client.
Client play-fork-run-98ffb16e-b424-4a9b-9283-e4488f2bc570 thread exiting.
Dropping message (10,ReceivedResponse()) to dead client play-fork-run-98ffb16e-b424-4a9b-9283-e4488f2bc570
Dropping message (0,ReceivedResponse()) to dead client play-fork-run-98ffb16e-b424-4a9b-9283-e4488f2bc570
